{"message":"#[pymethods] cannot be used on trait impl blocks","code":null,"level":"error","spans":[{"file_name":"src/aareg.rs","byte_start":5628,"byte_end":5631,"line_start":153,"line_end":153,"column_start":6,"column_end":9,"is_primary":true,"text":[{"text":"impl std::fmt::Debug for AaregError {","highlight_start":6,"highlight_end":9}],"label":null,"suggested_replacement":null,"suggestion_applicability":null,"expansion":null}],"children":[],"rendered":"\u001b[0m\u001b[1m\u001b[38;5;9merror\u001b[0m\u001b[0m\u001b[1m: #[pymethods] cannot be used on trait impl blocks\u001b[0m\n\u001b[0m   \u001b[0m\u001b[0m\u001b[1m\u001b[38;5;12m--> \u001b[0m\u001b[0msrc/aareg.rs:153:6\u001b[0m\n\u001b[0m    \u001b[0m\u001b[0m\u001b[1m\u001b[38;5;12m|\u001b[0m\n\u001b[0m\u001b[1m\u001b[38;5;12m153\u001b[0m\u001b[0m \u001b[0m\u001b[0m\u001b[1m\u001b[38;5;12m|\u001b[0m\u001b[0m \u001b[0m\u001b[0mimpl std::fmt::Debug for AaregError {\u001b[0m\n\u001b[0m    \u001b[0m\u001b[0m\u001b[1m\u001b[38;5;12m| \u001b[0m\u001b[0m     \u001b[0m\u001b[0m\u001b[1m\u001b[38;5;9m^^^\u001b[0m\n\n"}
{"message":"expected `impl`","code":null,"level":"error","spans":[{"file_name":"src/aareg.rs","byte_start":6279,"byte_end":6281,"line_start":167,"line_end":167,"column_start":1,"column_end":3,"is_primary":true,"text":[{"text":"fn aareg(options: AaregOptions) -> Result<AaregResult, AaregError> {","highlight_start":1,"highlight_end":3}],"label":null,"suggested_replacement":null,"suggestion_applicability":null,"expansion":null}],"children":[],"rendered":"\u001b[0m\u001b[1m\u001b[38;5;9merror\u001b[0m\u001b[0m\u001b[1m: expected `impl`\u001b[0m\n\u001b[0m   \u001b[0m\u001b[0m\u001b[1m\u001b[38;5;12m--> \u001b[0m\u001b[0msrc/aareg.rs:167:1\u001b[0m\n\u001b[0m    \u001b[0m\u001b[0m\u001b[1m\u001b[38;5;12m|\u001b[0m\n\u001b[0m\u001b[1m\u001b[38;5;12m167\u001b[0m\u001b[0m \u001b[0m\u001b[0m\u001b[1m\u001b[38;5;12m|\u001b[0m\u001b[0m \u001b[0m\u001b[0mfn aareg(options: AaregOptions) -> Result<AaregResult, AaregError> {\u001b[0m\n\u001b[0m    \u001b[0m\u001b[0m\u001b[1m\u001b[38;5;12m| \u001b[0m\u001b[0m\u001b[1m\u001b[38;5;9m^^\u001b[0m\n\n"}
{"message":"expected `impl`","code":null,"level":"error","spans":[{"file_name":"src/aareg.rs","byte_start":6917,"byte_end":6919,"line_start":180,"line_end":180,"column_start":1,"column_end":3,"is_primary":true,"text":[{"text":"fn parse_formula(formula: &str) -> Result<(String, Vec<String>), AaregError> {","highlight_start":1,"highlight_end":3}],"label":null,"suggested_replacement":null,"suggestion_applicability":null,"expansion":null}],"children":[],"rendered":"\u001b[0m\u001b[1m\u001b[38;5;9merror\u001b[0m\u001b[0m\u001b[1m: expected `impl`\u001b[0m\n\u001b[0m   \u001b[0m\u001b[0m\u001b[1m\u001b[38;5;12m--> \u001b[0m\u001b[0msrc/aareg.rs:180:1\u001b[0m\n\u001b[0m    \u001b[0m\u001b[0m\u001b[1m\u001b[38;5;12m|\u001b[0m\n\u001b[0m\u001b[1m\u001b[38;5;12m180\u001b[0m\u001b[0m \u001b[0m\u001b[0m\u001b[1m\u001b[38;5;12m|\u001b[0m\u001b[0m \u001b[0m\u001b[0mfn parse_formula(formula: &str) -> Result<(String, Vec<String>), AaregError> {\u001b[0m\n\u001b[0m    \u001b[0m\u001b[0m\u001b[1m\u001b[38;5;12m| \u001b[0m\u001b[0m\u001b[1m\u001b[38;5;9m^^\u001b[0m\n\n"}
{"message":"expected `impl`","code":null,"level":"error","spans":[{"file_name":"src/aareg.rs","byte_start":7324,"byte_end":7326,"line_start":194,"line_end":194,"column_start":1,"column_end":3,"is_primary":true,"text":[{"text":"fn apply_subset(","highlight_start":1,"highlight_end":3}],"label":null,"suggested_replacement":null,"suggestion_applicability":null,"expansion":null}],"children":[],"rendered":"\u001b[0m\u001b[1m\u001b[38;5;9merror\u001b[0m\u001b[0m\u001b[1m: expected `impl`\u001b[0m\n\u001b[0m   \u001b[0m\u001b[0m\u001b[1m\u001b[38;5;12m--> \u001b[0m\u001b[0msrc/aareg.rs:194:1\u001b[0m\n\u001b[0m    \u001b[0m\u001b[0m\u001b[1m\u001b[38;5;12m|\u001b[0m\n\u001b[0m\u001b[1m\u001b[38;5;12m194\u001b[0m\u001b[0m \u001b[0m\u001b[0m\u001b[1m\u001b[38;5;12m|\u001b[0m\u001b[0m \u001b[0m\u001b[0mfn apply_subset(\u001b[0m\n\u001b[0m    \u001b[0m\u001b[0m\u001b[1m\u001b[38;5;12m| \u001b[0m\u001b[0m\u001b[1m\u001b[38;5;9m^^\u001b[0m\n\n"}
{"message":"expected `impl`","code":null,"level":"error","spans":[{"file_name":"src/aareg.rs","byte_start":7638,"byte_end":7640,"line_start":208,"line_end":208,"column_start":1,"column_end":3,"is_primary":true,"text":[{"text":"fn apply_weights(","highlight_start":1,"highlight_end":3}],"label":null,"suggested_replacement":null,"suggestion_applicability":null,"expansion":null}],"children":[],"rendered":"\u001b[0m\u001b[1m\u001b[38;5;9merror\u001b[0m\u001b[0m\u001b[1m: expected `impl`\u001b[0m\n\u001b[0m   \u001b[0m\u001b[0m\u001b[1m\u001b[38;5;12m--> \u001b[0m\u001b[0msrc/aareg.rs:208:1\u001b[0m\n\u001b[0m    \u001b[0m\u001b[0m\u001b[1m\u001b[38;5;12m|\u001b[0m\n\u001b[0m\u001b[1m\u001b[38;5;12m208\u001b[0m\u001b[0m \u001b[0m\u001b[0m\u001b[1m\u001b[38;5;12m|\u001b[0m\u001b[0m \u001b[0m\u001b[0mfn apply_weights(\u001b[0m\n\u001b[0m    \u001b[0m\u001b[0m\u001b[1m\u001b[38;5;12m| \u001b[0m\u001b[0m\u001b[1m\u001b[38;5;9m^^\u001b[0m\n\n"}
{"message":"expected `impl`","code":null,"level":"error","spans":[{"file_name":"src/aareg.rs","byte_start":8170,"byte_end":8172,"line_start":228,"line_end":228,"column_start":1,"column_end":3,"is_primary":true,"text":[{"text":"fn handle_missing_data(","highlight_start":1,"highlight_end":3}],"label":null,"suggested_replacement":null,"suggestion_applicability":null,"expansion":null}],"children":[],"rendered":"\u001b[0m\u001b[1m\u001b[38;5;9merror\u001b[0m\u001b[0m\u001b[1m: expected `impl`\u001b[0m\n\u001b[0m   \u001b[0m\u001b[0m\u001b[1m\u001b[38;5;12m--> \u001b[0m\u001b[0msrc/aareg.rs:228:1\u001b[0m\n\u001b[0m    \u001b[0m\u001b[0m\u001b[1m\u001b[38;5;12m|\u001b[0m\n\u001b[0m\u001b[1m\u001b[38;5;12m228\u001b[0m\u001b[0m \u001b[0m\u001b[0m\u001b[1m\u001b[38;5;12m|\u001b[0m\u001b[0m \u001b[0m\u001b[0mfn handle_missing_data(\u001b[0m\n\u001b[0m    \u001b[0m\u001b[0m\u001b[1m\u001b[38;5;12m| \u001b[0m\u001b[0m\u001b[1m\u001b[38;5;9m^^\u001b[0m\n\n"}
{"message":"expected `impl`","code":null,"level":"error","spans":[{"file_name":"src/aareg.rs","byte_start":8807,"byte_end":8809,"line_start":251,"line_end":251,"column_start":1,"column_end":3,"is_primary":true,"text":[{"text":"fn prepare_data_for_regression(","highlight_start":1,"highlight_end":3}],"label":null,"suggested_replacement":null,"suggestion_applicability":null,"expansion":null}],"children":[],"rendered":"\u001b[0m\u001b[1m\u001b[38;5;9merror\u001b[0m\u001b[0m\u001b[1m: expected `impl`\u001b[0m\n\u001b[0m   \u001b[0m\u001b[0m\u001b[1m\u001b[38;5;12m--> \u001b[0m\u001b[0msrc/aareg.rs:251:1\u001b[0m\n\u001b[0m    \u001b[0m\u001b[0m\u001b[1m\u001b[38;5;12m|\u001b[0m\n\u001b[0m\u001b[1m\u001b[38;5;12m251\u001b[0m\u001b[0m \u001b[0m\u001b[0m\u001b[1m\u001b[38;5;12m|\u001b[0m\u001b[0m \u001b[0m\u001b[0mfn prepare_data_for_regression(\u001b[0m\n\u001b[0m    \u001b[0m\u001b[0m\u001b[1m\u001b[38;5;12m| \u001b[0m\u001b[0m\u001b[1m\u001b[38;5;9m^^\u001b[0m\n\n"}
{"message":"expected `impl`","code":null,"level":"error","spans":[{"file_name":"src/aareg.rs","byte_start":9742,"byte_end":9744,"line_start":279,"line_end":279,"column_start":1,"column_end":3,"is_primary":true,"text":[{"text":"fn perform_aalen_regression(","highlight_start":1,"highlight_end":3}],"label":null,"suggested_replacement":null,"suggestion_applicability":null,"expansion":null}],"children":[],"rendered":"\u001b[0m\u001b[1m\u001b[38;5;9merror\u001b[0m\u001b[0m\u001b[1m: expected `impl`\u001b[0m\n\u001b[0m   \u001b[0m\u001b[0m\u001b[1m\u001b[38;5;12m--> \u001b[0m\u001b[0msrc/aareg.rs:279:1\u001b[0m\n\u001b[0m    \u001b[0m\u001b[0m\u001b[1m\u001b[38;5;12m|\u001b[0m\n\u001b[0m\u001b[1m\u001b[38;5;12m279\u001b[0m\u001b[0m \u001b[0m\u001b[0m\u001b[1m\u001b[38;5;12m|\u001b[0m\u001b[0m \u001b[0m\u001b[0mfn perform_aalen_regression(\u001b[0m\n\u001b[0m    \u001b[0m\u001b[0m\u001b[1m\u001b[38;5;12m| \u001b[0m\u001b[0m\u001b[1m\u001b[38;5;9m^^\u001b[0m\n\n"}
{"message":"expected `impl`","code":null,"level":"error","spans":[{"file_name":"src/aareg.rs","byte_start":10381,"byte_end":10383,"line_start":305,"line_end":305,"column_start":1,"column_end":3,"is_primary":true,"text":[{"text":"fn post_process_results(","highlight_start":1,"highlight_end":3}],"label":null,"suggested_replacement":null,"suggestion_applicability":null,"expansion":null}],"children":[],"rendered":"\u001b[0m\u001b[1m\u001b[38;5;9merror\u001b[0m\u001b[0m\u001b[1m: expected `impl`\u001b[0m\n\u001b[0m   \u001b[0m\u001b[0m\u001b[1m\u001b[38;5;12m--> \u001b[0m\u001b[0msrc/aareg.rs:305:1\u001b[0m\n\u001b[0m    \u001b[0m\u001b[0m\u001b[1m\u001b[38;5;12m|\u001b[0m\n\u001b[0m\u001b[1m\u001b[38;5;12m305\u001b[0m\u001b[0m \u001b[0m\u001b[0m\u001b[1m\u001b[38;5;12m|\u001b[0m\u001b[0m \u001b[0m\u001b[0mfn post_process_results(\u001b[0m\n\u001b[0m    \u001b[0m\u001b[0m\u001b[1m\u001b[38;5;12m| \u001b[0m\u001b[0m\u001b[1m\u001b[38;5;9m^^\u001b[0m\n\n"}
{"message":"cannot find attribute `pyo3` in this scope","code":null,"level":"error","spans":[{"file_name":"src/aareg.rs","byte_start":5610,"byte_end":5622,"line_start":152,"line_end":152,"column_start":1,"column_end":13,"is_primary":true,"text":[{"text":"#[pymethods]","highlight_start":1,"highlight_end":13}],"label":null,"suggested_replacement":null,"suggestion_applicability":null,"expansion":{"span":{"file_name":"src/aareg.rs","byte_start":5610,"byte_end":5622,"line_start":152,"line_end":152,"column_start":1,"column_end":13,"is_primary":false,"text":[{"text":"#[pymethods]","highlight_start":1,"highlight_end":13}],"label":null,"suggested_replacement":null,"suggestion_applicability":null,"expansion":null},"macro_decl_name":"#[pymethods]","def_site_span":{"file_name":"/home/cameron/.cargo/registry/src/index.crates.io-6f17d22bba15001f/pyo3-macros-0.20.0/src/lib.rs","byte_start":5108,"byte_end":5178,"line_start":111,"line_end":111,"column_start":1,"column_end":71,"is_primary":false,"text":[{"text":"pub fn pymethods(attr: TokenStream, input: TokenStream) -> TokenStream {","highlight_start":1,"highlight_end":71}],"label":null,"suggested_replacement":null,"suggestion_applicability":null,"expansion":null}}}],"children":[{"message":"`pyo3` is imported here, but it is a crate, not an attribute","code":null,"level":"note","spans":[{"file_name":"src/aareg.rs","byte_start":58,"byte_end":76,"line_start":3,"line_end":3,"column_start":1,"column_end":19,"is_primary":true,"text":[{"text":"extern crate pyo3;","highlight_start":1,"highlight_end":19}],"label":null,"suggested_replacement":null,"suggestion_applicability":null,"expansion":null}],"children":[],"rendered":null}],"rendered":"\u001b[0m\u001b[1m\u001b[38;5;9merror\u001b[0m\u001b[0m\u001b[1m: cannot find attribute `pyo3` in this scope\u001b[0m\n\u001b[0m   \u001b[0m\u001b[0m\u001b[1m\u001b[38;5;12m--> \u001b[0m\u001b[0msrc/aareg.rs:152:1\u001b[0m\n\u001b[0m    \u001b[0m\u001b[0m\u001b[1m\u001b[38;5;12m|\u001b[0m\n\u001b[0m\u001b[1m\u001b[38;5;12m152\u001b[0m\u001b[0m \u001b[0m\u001b[0m\u001b[1m\u001b[38;5;12m|\u001b[0m\u001b[0m \u001b[0m\u001b[0m#[pymethods]\u001b[0m\n\u001b[0m    \u001b[0m\u001b[0m\u001b[1m\u001b[38;5;12m| \u001b[0m\u001b[0m\u001b[1m\u001b[38;5;9m^^^^^^^^^^^^\u001b[0m\n\u001b[0m    \u001b[0m\u001b[0m\u001b[1m\u001b[38;5;12m|\u001b[0m\n\u001b[0m\u001b[1m\u001b[38;5;10mnote\u001b[0m\u001b[0m: `pyo3` is imported here, but it is a crate, not an attribute\u001b[0m\n\u001b[0m   \u001b[0m\u001b[0m\u001b[1m\u001b[38;5;12m--> \u001b[0m\u001b[0msrc/aareg.rs:3:1\u001b[0m\n\u001b[0m    \u001b[0m\u001b[0m\u001b[1m\u001b[38;5;12m|\u001b[0m\n\u001b[0m\u001b[1m\u001b[38;5;12m3\u001b[0m\u001b[0m   \u001b[0m\u001b[0m\u001b[1m\u001b[38;5;12m|\u001b[0m\u001b[0m \u001b[0m\u001b[0mextern crate pyo3;\u001b[0m\n\u001b[0m    \u001b[0m\u001b[0m\u001b[1m\u001b[38;5;12m| \u001b[0m\u001b[0m\u001b[1m\u001b[38;5;10m^^^^^^^^^^^^^^^^^^\u001b[0m\n\u001b[0m    \u001b[0m\u001b[0m\u001b[1m\u001b[38;5;12m= \u001b[0m\u001b[0m\u001b[1mnote\u001b[0m\u001b[0m: this error originates in the attribute macro `pymethods` (in Nightly builds, run with -Z macro-backtrace for more info)\u001b[0m\n\n"}
{"message":"the trait bound `std::string::String: std::convert::From<&aareg::pyo3::PyCell<aareg::AaregOptions>>` is not satisfied","code":{"code":"E0277","explanation":"You tried to use a type which doesn't implement some trait in a place which\nexpected that trait.\n\nErroneous code example:\n\n```compile_fail,E0277\n// here we declare the Foo trait with a bar method\ntrait Foo {\n    fn bar(&self);\n}\n\n// we now declare a function which takes an object implementing the Foo trait\nfn some_func<T: Foo>(foo: T) {\n    foo.bar();\n}\n\nfn main() {\n    // we now call the method with the i32 type, which doesn't implement\n    // the Foo trait\n    some_func(5i32); // error: the trait bound `i32 : Foo` is not satisfied\n}\n```\n\nIn order to fix this error, verify that the type you're using does implement\nthe trait. Example:\n\n```\ntrait Foo {\n    fn bar(&self);\n}\n\n// we implement the trait on the i32 type\nimpl Foo for i32 {\n    fn bar(&self) {}\n}\n\nfn some_func<T: Foo>(foo: T) {\n    foo.bar(); // we can now use this method since i32 implements the\n               // Foo trait\n}\n\nfn main() {\n    some_func(5i32); // ok!\n}\n```\n\nOr in a generic context, an erroneous code example would look like:\n\n```compile_fail,E0277\nfn some_func<T>(foo: T) {\n    println!(\"{:?}\", foo); // error: the trait `core::fmt::Debug` is not\n                           //        implemented for the type `T`\n}\n\nfn main() {\n    // We now call the method with the i32 type,\n    // which *does* implement the Debug trait.\n    some_func(5i32);\n}\n```\n\nNote that the error here is in the definition of the generic function. Although\nwe only call it with a parameter that does implement `Debug`, the compiler\nstill rejects the function. It must work with all possible input types. In\norder to make this example compile, we need to restrict the generic type we're\naccepting:\n\n```\nuse std::fmt;\n\n// Restrict the input type to types that implement Debug.\nfn some_func<T: fmt::Debug>(foo: T) {\n    println!(\"{:?}\", foo);\n}\n\nfn main() {\n    // Calling the method is still fine, as i32 implements Debug.\n    some_func(5i32);\n\n    // This would fail to compile now:\n    // struct WithoutDebug;\n    // some_func(WithoutDebug);\n}\n```\n\nRust only looks at the signature of the called function, as such it must\nalready specify all requirements that will be used for every type parameter.\n"},"level":"error","spans":[{"file_name":"src/aareg.rs","byte_start":1338,"byte_end":1344,"line_start":33,"line_end":33,"column_start":21,"column_end":27,"is_primary":true,"text":[{"text":"    fn new(formula: String, data: Array2<f64>) -> AaregOptions {","highlight_start":21,"highlight_end":27}],"label":"the trait `std::convert::From<&aareg::pyo3::PyCell<aareg::AaregOptions>>` is not implemented for `std::string::String`","suggested_replacement":null,"suggestion_applicability":null,"expansion":null}],"children":[{"message":"the following other types implement trait `std::convert::From<T>`:\n  <std::string::String as std::convert::From<char>>\n  <std::string::String as std::convert::From<std::boxed::Box<str>>>\n  <std::string::String as std::convert::From<std::borrow::Cow<'a, str>>>\n  <std::string::String as std::convert::From<&str>>\n  <std::string::String as std::convert::From<&mut str>>\n  <std::string::String as std::convert::From<&std::string::String>>","code":null,"level":"help","spans":[],"children":[],"rendered":null},{"message":"required for `&aareg::pyo3::PyCell<aareg::AaregOptions>` to implement `std::convert::Into<std::string::String>`","code":null,"level":"note","spans":[],"children":[],"rendered":null},{"message":"required for `std::string::String` to implement `std::convert::TryFrom<&aareg::pyo3::PyCell<aareg::AaregOptions>>`","code":null,"level":"note","spans":[],"children":[],"rendered":null}],"rendered":"\u001b[0m\u001b[1m\u001b[38;5;9merror[E0277]\u001b[0m\u001b[0m\u001b[1m: the trait bound `std::string::String: std::convert::From<&aareg::pyo3::PyCell<aareg::AaregOptions>>` is not satisfied\u001b[0m\n\u001b[0m  \u001b[0m\u001b[0m\u001b[1m\u001b[38;5;12m--> \u001b[0m\u001b[0msrc/aareg.rs:33:21\u001b[0m\n\u001b[0m   \u001b[0m\u001b[0m\u001b[1m\u001b[38;5;12m|\u001b[0m\n\u001b[0m\u001b[1m\u001b[38;5;12m33\u001b[0m\u001b[0m \u001b[0m\u001b[0m\u001b[1m\u001b[38;5;12m|\u001b[0m\u001b[0m \u001b[0m\u001b[0m    fn new(formula: String, data: Array2<f64>) -> AaregOptions {\u001b[0m\n\u001b[0m   \u001b[0m\u001b[0m\u001b[1m\u001b[38;5;12m| \u001b[0m\u001b[0m                    \u001b[0m\u001b[0m\u001b[1m\u001b[38;5;9m^^^^^^\u001b[0m\u001b[0m \u001b[0m\u001b[0m\u001b[1m\u001b[38;5;9mthe trait `std::convert::From<&aareg::pyo3::PyCell<aareg::AaregOptions>>` is not implemented for `std::string::String`\u001b[0m\n\u001b[0m   \u001b[0m\u001b[0m\u001b[1m\u001b[38;5;12m|\u001b[0m\n\u001b[0m   \u001b[0m\u001b[0m\u001b[1m\u001b[38;5;12m= \u001b[0m\u001b[0m\u001b[1mhelp\u001b[0m\u001b[0m: the following other types implement trait `std::convert::From<T>`:\u001b[0m\n\u001b[0m             <std::string::String as std::convert::From<char>>\u001b[0m\n\u001b[0m             <std::string::String as std::convert::From<std::boxed::Box<str>>>\u001b[0m\n\u001b[0m             <std::string::String as std::convert::From<std::borrow::Cow<'a, str>>>\u001b[0m\n\u001b[0m             <std::string::String as std::convert::From<&str>>\u001b[0m\n\u001b[0m             <std::string::String as std::convert::From<&mut str>>\u001b[0m\n\u001b[0m             <std::string::String as std::convert::From<&std::string::String>>\u001b[0m\n\u001b[0m   \u001b[0m\u001b[0m\u001b[1m\u001b[38;5;12m= \u001b[0m\u001b[0m\u001b[1mnote\u001b[0m\u001b[0m: required for `&aareg::pyo3::PyCell<aareg::AaregOptions>` to implement `std::convert::Into<std::string::String>`\u001b[0m\n\u001b[0m   \u001b[0m\u001b[0m\u001b[1m\u001b[38;5;12m= \u001b[0m\u001b[0m\u001b[1mnote\u001b[0m\u001b[0m: required for `std::string::String` to implement `std::convert::TryFrom<&aareg::pyo3::PyCell<aareg::AaregOptions>>`\u001b[0m\n\n"}
{"message":"the trait bound `ndarray::ArrayBase<ndarray::OwnedRepr<f64>, ndarray::Dim<[usize; 2]>>: aareg::pyo3::PyClass` is not satisfied","code":{"code":"E0277","explanation":"You tried to use a type which doesn't implement some trait in a place which\nexpected that trait.\n\nErroneous code example:\n\n```compile_fail,E0277\n// here we declare the Foo trait with a bar method\ntrait Foo {\n    fn bar(&self);\n}\n\n// we now declare a function which takes an object implementing the Foo trait\nfn some_func<T: Foo>(foo: T) {\n    foo.bar();\n}\n\nfn main() {\n    // we now call the method with the i32 type, which doesn't implement\n    // the Foo trait\n    some_func(5i32); // error: the trait bound `i32 : Foo` is not satisfied\n}\n```\n\nIn order to fix this error, verify that the type you're using does implement\nthe trait. Example:\n\n```\ntrait Foo {\n    fn bar(&self);\n}\n\n// we implement the trait on the i32 type\nimpl Foo for i32 {\n    fn bar(&self) {}\n}\n\nfn some_func<T: Foo>(foo: T) {\n    foo.bar(); // we can now use this method since i32 implements the\n               // Foo trait\n}\n\nfn main() {\n    some_func(5i32); // ok!\n}\n```\n\nOr in a generic context, an erroneous code example would look like:\n\n```compile_fail,E0277\nfn some_func<T>(foo: T) {\n    println!(\"{:?}\", foo); // error: the trait `core::fmt::Debug` is not\n                           //        implemented for the type `T`\n}\n\nfn main() {\n    // We now call the method with the i32 type,\n    // which *does* implement the Debug trait.\n    some_func(5i32);\n}\n```\n\nNote that the error here is in the definition of the generic function. Although\nwe only call it with a parameter that does implement `Debug`, the compiler\nstill rejects the function. It must work with all possible input types. In\norder to make this example compile, we need to restrict the generic type we're\naccepting:\n\n```\nuse std::fmt;\n\n// Restrict the input type to types that implement Debug.\nfn some_func<T: fmt::Debug>(foo: T) {\n    println!(\"{:?}\", foo);\n}\n\nfn main() {\n    // Calling the method is still fine, as i32 implements Debug.\n    some_func(5i32);\n\n    // This would fail to compile now:\n    // struct WithoutDebug;\n    // some_func(WithoutDebug);\n}\n```\n\nRust only looks at the signature of the called function, as such it must\nalready specify all requirements that will be used for every type parameter.\n"},"level":"error","spans":[{"file_name":"src/aareg.rs","byte_start":1352,"byte_end":1358,"line_start":33,"line_end":33,"column_start":35,"column_end":41,"is_primary":true,"text":[{"text":"    fn new(formula: String, data: Array2<f64>) -> AaregOptions {","highlight_start":35,"highlight_end":41}],"label":"the trait `aareg::pyo3::PyClass` is not implemented for `ndarray::ArrayBase<ndarray::OwnedRepr<f64>, ndarray::Dim<[usize; 2]>>`","suggested_replacement":null,"suggestion_applicability":null,"expansion":null}],"children":[{"message":"the following other types implement trait `aareg::pyo3::PyClass`:\n  aareg::AaregOptions\n  aareg::Surv\n  aareg::AaregResult\n  aareg::ConfidenceInterval\n  aareg::FitDetails\n  aareg::Diagnostics","code":null,"level":"help","spans":[],"children":[],"rendered":null},{"message":"required for `ndarray::ArrayBase<ndarray::OwnedRepr<f64>, ndarray::Dim<[usize; 2]>>` to implement `aareg::pyo3::FromPyObject<'_>`","code":null,"level":"note","spans":[],"children":[],"rendered":null},{"message":"required for `ndarray::ArrayBase<ndarray::OwnedRepr<f64>, ndarray::Dim<[usize; 2]>>` to implement `aareg::pyo3::impl_::extract_argument::PyFunctionArgument<'_, '_>`","code":null,"level":"note","spans":[],"children":[],"rendered":null},{"message":"required by a bound in `aareg::pyo3::impl_::extract_argument::extract_argument`","code":null,"level":"note","spans":[{"file_name":"/home/cameron/.cargo/registry/src/index.crates.io-6f17d22bba15001f/pyo3-0.20.0/src/impl_/extract_argument.rs","byte_start":1978,"byte_end":1994,"line_start":66,"line_end":66,"column_start":8,"column_end":24,"is_primary":false,"text":[{"text":"pub fn extract_argument<'a, 'py, T>(","highlight_start":8,"highlight_end":24}],"label":"required by a bound in this function","suggested_replacement":null,"suggestion_applicability":null,"expansion":null},{"file_name":"/home/cameron/.cargo/registry/src/index.crates.io-6f17d22bba15001f/pyo3-0.20.0/src/impl_/extract_argument.rs","byte_start":2110,"byte_end":2137,"line_start":72,"line_end":72,"column_start":8,"column_end":35,"is_primary":true,"text":[{"text":"    T: PyFunctionArgument<'a, 'py>,","highlight_start":8,"highlight_end":35}],"label":"required by this bound in `extract_argument`","suggested_replacement":null,"suggestion_applicability":null,"expansion":null}],"children":[],"rendered":null}],"rendered":"\u001b[0m\u001b[1m\u001b[38;5;9merror[E0277]\u001b[0m\u001b[0m\u001b[1m: the trait bound `ndarray::ArrayBase<ndarray::OwnedRepr<f64>, ndarray::Dim<[usize; 2]>>: aareg::pyo3::PyClass` is not satisfied\u001b[0m\n\u001b[0m  \u001b[0m\u001b[0m\u001b[1m\u001b[38;5;12m--> \u001b[0m\u001b[0msrc/aareg.rs:33:35\u001b[0m\n\u001b[0m   \u001b[0m\u001b[0m\u001b[1m\u001b[38;5;12m|\u001b[0m\n\u001b[0m\u001b[1m\u001b[38;5;12m33\u001b[0m\u001b[0m \u001b[0m\u001b[0m\u001b[1m\u001b[38;5;12m|\u001b[0m\u001b[0m \u001b[0m\u001b[0m    fn new(formula: String, data: Array2<f64>) -> AaregOptions {\u001b[0m\n\u001b[0m   \u001b[0m\u001b[0m\u001b[1m\u001b[38;5;12m| \u001b[0m\u001b[0m                                  \u001b[0m\u001b[0m\u001b[1m\u001b[38;5;9m^^^^^^\u001b[0m\u001b[0m \u001b[0m\u001b[0m\u001b[1m\u001b[38;5;9mthe trait `aareg::pyo3::PyClass` is not implemented for `ndarray::ArrayBase<ndarray::OwnedRepr<f64>, ndarray::Dim<[usize; 2]>>`\u001b[0m\n\u001b[0m   \u001b[0m\u001b[0m\u001b[1m\u001b[38;5;12m|\u001b[0m\n\u001b[0m   \u001b[0m\u001b[0m\u001b[1m\u001b[38;5;12m= \u001b[0m\u001b[0m\u001b[1mhelp\u001b[0m\u001b[0m: the following other types implement trait `aareg::pyo3::PyClass`:\u001b[0m\n\u001b[0m             aareg::AaregOptions\u001b[0m\n\u001b[0m             aareg::Surv\u001b[0m\n\u001b[0m             aareg::AaregResult\u001b[0m\n\u001b[0m             aareg::ConfidenceInterval\u001b[0m\n\u001b[0m             aareg::FitDetails\u001b[0m\n\u001b[0m             aareg::Diagnostics\u001b[0m\n\u001b[0m   \u001b[0m\u001b[0m\u001b[1m\u001b[38;5;12m= \u001b[0m\u001b[0m\u001b[1mnote\u001b[0m\u001b[0m: required for `ndarray::ArrayBase<ndarray::OwnedRepr<f64>, ndarray::Dim<[usize; 2]>>` to implement `aareg::pyo3::FromPyObject<'_>`\u001b[0m\n\u001b[0m   \u001b[0m\u001b[0m\u001b[1m\u001b[38;5;12m= \u001b[0m\u001b[0m\u001b[1mnote\u001b[0m\u001b[0m: required for `ndarray::ArrayBase<ndarray::OwnedRepr<f64>, ndarray::Dim<[usize; 2]>>` to implement `aareg::pyo3::impl_::extract_argument::PyFunctionArgument<'_, '_>`\u001b[0m\n\u001b[0m\u001b[1m\u001b[38;5;10mnote\u001b[0m\u001b[0m: required by a bound in `aareg::pyo3::impl_::extract_argument::extract_argument`\u001b[0m\n\u001b[0m  \u001b[0m\u001b[0m\u001b[1m\u001b[38;5;12m--> \u001b[0m\u001b[0m/home/cameron/.cargo/registry/src/index.crates.io-6f17d22bba15001f/pyo3-0.20.0/src/impl_/extract_argument.rs:72:8\u001b[0m\n\u001b[0m   \u001b[0m\u001b[0m\u001b[1m\u001b[38;5;12m|\u001b[0m\n\u001b[0m\u001b[1m\u001b[38;5;12m66\u001b[0m\u001b[0m \u001b[0m\u001b[0m\u001b[1m\u001b[38;5;12m|\u001b[0m\u001b[0m \u001b[0m\u001b[0mpub fn extract_argument<'a, 'py, T>(\u001b[0m\n\u001b[0m   \u001b[0m\u001b[0m\u001b[1m\u001b[38;5;12m| \u001b[0m\u001b[0m       \u001b[0m\u001b[0m\u001b[1m\u001b[38;5;12m----------------\u001b[0m\u001b[0m \u001b[0m\u001b[0m\u001b[1m\u001b[38;5;12mrequired by a bound in this function\u001b[0m\n\u001b[0m\u001b[1m\u001b[38;5;12m...\u001b[0m\n\u001b[0m\u001b[1m\u001b[38;5;12m72\u001b[0m\u001b[0m \u001b[0m\u001b[0m\u001b[1m\u001b[38;5;12m|\u001b[0m\u001b[0m \u001b[0m\u001b[0m    T: PyFunctionArgument<'a, 'py>,\u001b[0m\n\u001b[0m   \u001b[0m\u001b[0m\u001b[1m\u001b[38;5;12m| \u001b[0m\u001b[0m       \u001b[0m\u001b[0m\u001b[1m\u001b[38;5;10m^^^^^^^^^^^^^^^^^^^^^^^^^^^\u001b[0m\u001b[0m \u001b[0m\u001b[0m\u001b[1m\u001b[38;5;10mrequired by this bound in `extract_argument`\u001b[0m\n\n"}
{"message":"the trait bound `aareg::AaregError: aareg::pyo3::PyClass` is not satisfied","code":{"code":"E0277","explanation":"You tried to use a type which doesn't implement some trait in a place which\nexpected that trait.\n\nErroneous code example:\n\n```compile_fail,E0277\n// here we declare the Foo trait with a bar method\ntrait Foo {\n    fn bar(&self);\n}\n\n// we now declare a function which takes an object implementing the Foo trait\nfn some_func<T: Foo>(foo: T) {\n    foo.bar();\n}\n\nfn main() {\n    // we now call the method with the i32 type, which doesn't implement\n    // the Foo trait\n    some_func(5i32); // error: the trait bound `i32 : Foo` is not satisfied\n}\n```\n\nIn order to fix this error, verify that the type you're using does implement\nthe trait. Example:\n\n```\ntrait Foo {\n    fn bar(&self);\n}\n\n// we implement the trait on the i32 type\nimpl Foo for i32 {\n    fn bar(&self) {}\n}\n\nfn some_func<T: Foo>(foo: T) {\n    foo.bar(); // we can now use this method since i32 implements the\n               // Foo trait\n}\n\nfn main() {\n    some_func(5i32); // ok!\n}\n```\n\nOr in a generic context, an erroneous code example would look like:\n\n```compile_fail,E0277\nfn some_func<T>(foo: T) {\n    println!(\"{:?}\", foo); // error: the trait `core::fmt::Debug` is not\n                           //        implemented for the type `T`\n}\n\nfn main() {\n    // We now call the method with the i32 type,\n    // which *does* implement the Debug trait.\n    some_func(5i32);\n}\n```\n\nNote that the error here is in the definition of the generic function. Although\nwe only call it with a parameter that does implement `Debug`, the compiler\nstill rejects the function. It must work with all possible input types. In\norder to make this example compile, we need to restrict the generic type we're\naccepting:\n\n```\nuse std::fmt;\n\n// Restrict the input type to types that implement Debug.\nfn some_func<T: fmt::Debug>(foo: T) {\n    println!(\"{:?}\", foo);\n}\n\nfn main() {\n    // Calling the method is still fine, as i32 implements Debug.\n    some_func(5i32);\n\n    // This would fail to compile now:\n    // struct WithoutDebug;\n    // some_func(WithoutDebug);\n}\n```\n\nRust only looks at the signature of the called function, as such it must\nalready specify all requirements that will be used for every type parameter.\n"},"level":"error","spans":[{"file_name":"src/aareg.rs","byte_start":11128,"byte_end":11138,"line_start":328,"line_end":328,"column_start":19,"column_end":29,"is_primary":true,"text":[{"text":"    m.add_class::<AaregError>()?;","highlight_start":19,"highlight_end":29}],"label":"the trait `aareg::pyo3::PyClass` is not implemented for `aareg::AaregError`","suggested_replacement":null,"suggestion_applicability":null,"expansion":null},{"file_name":"src/aareg.rs","byte_start":11116,"byte_end":11125,"line_start":328,"line_end":328,"column_start":7,"column_end":16,"is_primary":false,"text":[{"text":"    m.add_class::<AaregError>()?;","highlight_start":7,"highlight_end":16}],"label":"required by a bound introduced by this call","suggested_replacement":null,"suggestion_applicability":null,"expansion":null}],"children":[{"message":"the following other types implement trait `aareg::pyo3::PyClass`:\n  aareg::AaregOptions\n  aareg::Surv\n  aareg::AaregResult\n  aareg::ConfidenceInterval\n  aareg::FitDetails\n  aareg::Diagnostics","code":null,"level":"help","spans":[],"children":[],"rendered":null},{"message":"required by a bound in `aareg::pyo3::prelude::PyModule::add_class`","code":null,"level":"note","spans":[{"file_name":"/home/cameron/.cargo/registry/src/index.crates.io-6f17d22bba15001f/pyo3-0.20.0/src/types/module.rs","byte_start":9351,"byte_end":9360,"line_start":286,"line_end":286,"column_start":12,"column_end":21,"is_primary":false,"text":[{"text":"    pub fn add_class<T>(&self) -> PyResult<()>","highlight_start":12,"highlight_end":21}],"label":"required by a bound in this associated function","suggested_replacement":null,"suggestion_applicability":null,"expansion":null},{"file_name":"/home/cameron/.cargo/registry/src/index.crates.io-6f17d22bba15001f/pyo3-0.20.0/src/types/module.rs","byte_start":9408,"byte_end":9415,"line_start":288,"line_end":288,"column_start":12,"column_end":19,"is_primary":true,"text":[{"text":"        T: PyClass,","highlight_start":12,"highlight_end":19}],"label":"required by this bound in `PyModule::add_class`","suggested_replacement":null,"suggestion_applicability":null,"expansion":null}],"children":[],"rendered":null}],"rendered":"\u001b[0m\u001b[1m\u001b[38;5;9merror[E0277]\u001b[0m\u001b[0m\u001b[1m: the trait bound `aareg::AaregError: aareg::pyo3::PyClass` is not satisfied\u001b[0m\n\u001b[0m   \u001b[0m\u001b[0m\u001b[1m\u001b[38;5;12m--> \u001b[0m\u001b[0msrc/aareg.rs:328:19\u001b[0m\n\u001b[0m    \u001b[0m\u001b[0m\u001b[1m\u001b[38;5;12m|\u001b[0m\n\u001b[0m\u001b[1m\u001b[38;5;12m328\u001b[0m\u001b[0m \u001b[0m\u001b[0m\u001b[1m\u001b[38;5;12m|\u001b[0m\u001b[0m \u001b[0m\u001b[0m    m.add_class::<AaregError>()?;\u001b[0m\n\u001b[0m    \u001b[0m\u001b[0m\u001b[1m\u001b[38;5;12m| \u001b[0m\u001b[0m      \u001b[0m\u001b[0m\u001b[1m\u001b[38;5;12m---------\u001b[0m\u001b[0m   \u001b[0m\u001b[0m\u001b[1m\u001b[38;5;9m^^^^^^^^^^\u001b[0m\u001b[0m \u001b[0m\u001b[0m\u001b[1m\u001b[38;5;9mthe trait `aareg::pyo3::PyClass` is not implemented for `aareg::AaregError`\u001b[0m\n\u001b[0m    \u001b[0m\u001b[0m\u001b[1m\u001b[38;5;12m| \u001b[0m\u001b[0m      \u001b[0m\u001b[0m\u001b[1m\u001b[38;5;12m|\u001b[0m\n\u001b[0m    \u001b[0m\u001b[0m\u001b[1m\u001b[38;5;12m| \u001b[0m\u001b[0m      \u001b[0m\u001b[0m\u001b[1m\u001b[38;5;12mrequired by a bound introduced by this call\u001b[0m\n\u001b[0m    \u001b[0m\u001b[0m\u001b[1m\u001b[38;5;12m|\u001b[0m\n\u001b[0m    \u001b[0m\u001b[0m\u001b[1m\u001b[38;5;12m= \u001b[0m\u001b[0m\u001b[1mhelp\u001b[0m\u001b[0m: the following other types implement trait `aareg::pyo3::PyClass`:\u001b[0m\n\u001b[0m              aareg::AaregOptions\u001b[0m\n\u001b[0m              aareg::Surv\u001b[0m\n\u001b[0m              aareg::AaregResult\u001b[0m\n\u001b[0m              aareg::ConfidenceInterval\u001b[0m\n\u001b[0m              aareg::FitDetails\u001b[0m\n\u001b[0m              aareg::Diagnostics\u001b[0m\n\u001b[0m\u001b[1m\u001b[38;5;10mnote\u001b[0m\u001b[0m: required by a bound in `aareg::pyo3::prelude::PyModule::add_class`\u001b[0m\n\u001b[0m   \u001b[0m\u001b[0m\u001b[1m\u001b[38;5;12m--> \u001b[0m\u001b[0m/home/cameron/.cargo/registry/src/index.crates.io-6f17d22bba15001f/pyo3-0.20.0/src/types/module.rs:288:12\u001b[0m\n\u001b[0m    \u001b[0m\u001b[0m\u001b[1m\u001b[38;5;12m|\u001b[0m\n\u001b[0m\u001b[1m\u001b[38;5;12m286\u001b[0m\u001b[0m \u001b[0m\u001b[0m\u001b[1m\u001b[38;5;12m|\u001b[0m\u001b[0m \u001b[0m\u001b[0m    pub fn add_class<T>(&self) -> PyResult<()>\u001b[0m\n\u001b[0m    \u001b[0m\u001b[0m\u001b[1m\u001b[38;5;12m| \u001b[0m\u001b[0m           \u001b[0m\u001b[0m\u001b[1m\u001b[38;5;12m---------\u001b[0m\u001b[0m \u001b[0m\u001b[0m\u001b[1m\u001b[38;5;12mrequired by a bound in this associated function\u001b[0m\n\u001b[0m\u001b[1m\u001b[38;5;12m287\u001b[0m\u001b[0m \u001b[0m\u001b[0m\u001b[1m\u001b[38;5;12m|\u001b[0m\u001b[0m \u001b[0m\u001b[0m    where\u001b[0m\n\u001b[0m\u001b[1m\u001b[38;5;12m288\u001b[0m\u001b[0m \u001b[0m\u001b[0m\u001b[1m\u001b[38;5;12m|\u001b[0m\u001b[0m \u001b[0m\u001b[0m        T: PyClass,\u001b[0m\n\u001b[0m    \u001b[0m\u001b[0m\u001b[1m\u001b[38;5;12m| \u001b[0m\u001b[0m           \u001b[0m\u001b[0m\u001b[1m\u001b[38;5;10m^^^^^^^\u001b[0m\u001b[0m \u001b[0m\u001b[0m\u001b[1m\u001b[38;5;10mrequired by this bound in `PyModule::add_class`\u001b[0m\n\n"}
{"message":"this method takes 0 arguments but 1 argument was supplied","code":{"code":"E0061","explanation":"An invalid number of arguments was passed when calling a function.\n\nErroneous code example:\n\n```compile_fail,E0061\nfn f(u: i32) {}\n\nf(); // error!\n```\n\nThe number of arguments passed to a function must match the number of arguments\nspecified in the function signature.\n\nFor example, a function like:\n\n```\nfn f(a: u16, b: &str) {}\n```\n\nMust always be called with exactly two arguments, e.g., `f(2, \"test\")`.\n\nNote that Rust does not have a notion of optional function arguments or\nvariadic functions (except for its C-FFI).\n"},"level":"error","spans":[{"file_name":"src/agexact.rs","byte_start":4883,"byte_end":4896,"line_start":175,"line_end":175,"column_start":28,"column_end":41,"is_primary":false,"text":[{"text":"        if !self.cholesky2(&mut cholesky) {","highlight_start":28,"highlight_end":41}],"label":"unexpected argument of type `&mut std::vec::Vec<std::vec::Vec<f64>>`","suggested_replacement":null,"suggestion_applicability":null,"expansion":null},{"file_name":"src/agexact.rs","byte_start":4873,"byte_end":4882,"line_start":175,"line_end":175,"column_start":18,"column_end":27,"is_primary":true,"text":[{"text":"        if !self.cholesky2(&mut cholesky) {","highlight_start":18,"highlight_end":27}],"label":null,"suggested_replacement":null,"suggestion_applicability":null,"expansion":null}],"children":[{"message":"method defined here","code":null,"level":"note","spans":[{"file_name":"src/agexact.rs","byte_start":5098,"byte_end":5107,"line_start":184,"line_end":184,"column_start":8,"column_end":17,"is_primary":true,"text":[{"text":"    fn cholesky2(&mut self) -> Result<(), &'static str> {","highlight_start":8,"highlight_end":17}],"label":null,"suggested_replacement":null,"suggestion_applicability":null,"expansion":null}],"children":[],"rendered":null},{"message":"remove the extra argument","code":null,"level":"help","spans":[{"file_name":"src/agexact.rs","byte_start":4883,"byte_end":4896,"line_start":175,"line_end":175,"column_start":28,"column_end":41,"is_primary":true,"text":[{"text":"        if !self.cholesky2(&mut cholesky) {","highlight_start":28,"highlight_end":41}],"label":null,"suggested_replacement":"","suggestion_applicability":"HasPlaceholders","expansion":null}],"children":[],"rendered":null}],"rendered":"\u001b[0m\u001b[1m\u001b[38;5;9merror[E0061]\u001b[0m\u001b[0m\u001b[1m: this method takes 0 arguments but 1 argument was supplied\u001b[0m\n\u001b[0m   \u001b[0m\u001b[0m\u001b[1m\u001b[38;5;12m--> \u001b[0m\u001b[0msrc/agexact.rs:175:18\u001b[0m\n\u001b[0m    \u001b[0m\u001b[0m\u001b[1m\u001b[38;5;12m|\u001b[0m\n\u001b[0m\u001b[1m\u001b[38;5;12m175\u001b[0m\u001b[0m \u001b[0m\u001b[0m\u001b[1m\u001b[38;5;12m|\u001b[0m\u001b[0m \u001b[0m\u001b[0m        if !self.cholesky2(&mut cholesky) {\u001b[0m\n\u001b[0m    \u001b[0m\u001b[0m\u001b[1m\u001b[38;5;12m| \u001b[0m\u001b[0m                 \u001b[0m\u001b[0m\u001b[1m\u001b[38;5;9m^^^^^^^^^\u001b[0m\u001b[0m \u001b[0m\u001b[0m\u001b[1m\u001b[38;5;12m-------------\u001b[0m\n\u001b[0m    \u001b[0m\u001b[0m\u001b[1m\u001b[38;5;12m| \u001b[0m\u001b[0m                           \u001b[0m\u001b[0m\u001b[1m\u001b[38;5;12m|\u001b[0m\n\u001b[0m    \u001b[0m\u001b[0m\u001b[1m\u001b[38;5;12m| \u001b[0m\u001b[0m                           \u001b[0m\u001b[0m\u001b[1m\u001b[38;5;12munexpected argument of type `&mut std::vec::Vec<std::vec::Vec<f64>>`\u001b[0m\n\u001b[0m    \u001b[0m\u001b[0m\u001b[1m\u001b[38;5;12m| \u001b[0m\u001b[0m                           \u001b[0m\u001b[0m\u001b[1m\u001b[38;5;12mhelp: remove the extra argument\u001b[0m\n\u001b[0m    \u001b[0m\u001b[0m\u001b[1m\u001b[38;5;12m|\u001b[0m\n\u001b[0m\u001b[1m\u001b[38;5;10mnote\u001b[0m\u001b[0m: method defined here\u001b[0m\n\u001b[0m   \u001b[0m\u001b[0m\u001b[1m\u001b[38;5;12m--> \u001b[0m\u001b[0msrc/agexact.rs:184:8\u001b[0m\n\u001b[0m    \u001b[0m\u001b[0m\u001b[1m\u001b[38;5;12m|\u001b[0m\n\u001b[0m\u001b[1m\u001b[38;5;12m184\u001b[0m\u001b[0m \u001b[0m\u001b[0m\u001b[1m\u001b[38;5;12m|\u001b[0m\u001b[0m \u001b[0m\u001b[0m    fn cholesky2(&mut self) -> Result<(), &'static str> {\u001b[0m\n\u001b[0m    \u001b[0m\u001b[0m\u001b[1m\u001b[38;5;12m| \u001b[0m\u001b[0m       \u001b[0m\u001b[0m\u001b[1m\u001b[38;5;10m^^^^^^^^^\u001b[0m\n\n"}
{"message":"cannot apply unary operator `!` to type `std::result::Result<(), &'static str>`","code":{"code":"E0600","explanation":"An unary operator was used on a type which doesn't implement it.\n\nErroneous code example:\n\n```compile_fail,E0600\nenum Question {\n    Yes,\n    No,\n}\n\n!Question::Yes; // error: cannot apply unary operator `!` to type `Question`\n```\n\nIn this case, `Question` would need to implement the `std::ops::Not` trait in\norder to be able to use `!` on it. Let's implement it:\n\n```\nuse std::ops::Not;\n\nenum Question {\n    Yes,\n    No,\n}\n\n// We implement the `Not` trait on the enum.\nimpl Not for Question {\n    type Output = bool;\n\n    fn not(self) -> bool {\n        match self {\n            Question::Yes => false, // If the `Answer` is `Yes`, then it\n                                    // returns false.\n            Question::No => true, // And here we do the opposite.\n        }\n    }\n}\n\nassert_eq!(!Question::Yes, false);\nassert_eq!(!Question::No, true);\n```\n"},"level":"error","spans":[{"file_name":"src/agexact.rs","byte_start":4867,"byte_end":4897,"line_start":175,"line_end":175,"column_start":12,"column_end":42,"is_primary":true,"text":[{"text":"        if !self.cholesky2(&mut cholesky) {","highlight_start":12,"highlight_end":42}],"label":"cannot apply unary operator `!`","suggested_replacement":null,"suggestion_applicability":null,"expansion":null}],"children":[],"rendered":"\u001b[0m\u001b[1m\u001b[38;5;9merror[E0600]\u001b[0m\u001b[0m\u001b[1m: cannot apply unary operator `!` to type `std::result::Result<(), &'static str>`\u001b[0m\n\u001b[0m   \u001b[0m\u001b[0m\u001b[1m\u001b[38;5;12m--> \u001b[0m\u001b[0msrc/agexact.rs:175:12\u001b[0m\n\u001b[0m    \u001b[0m\u001b[0m\u001b[1m\u001b[38;5;12m|\u001b[0m\n\u001b[0m\u001b[1m\u001b[38;5;12m175\u001b[0m\u001b[0m \u001b[0m\u001b[0m\u001b[1m\u001b[38;5;12m|\u001b[0m\u001b[0m \u001b[0m\u001b[0m        if !self.cholesky2(&mut cholesky) {\u001b[0m\n\u001b[0m    \u001b[0m\u001b[0m\u001b[1m\u001b[38;5;12m| \u001b[0m\u001b[0m           \u001b[0m\u001b[0m\u001b[1m\u001b[38;5;9m^^^^^^^^^^^^^^^^^^^^^^^^^^^^^^\u001b[0m\u001b[0m \u001b[0m\u001b[0m\u001b[1m\u001b[38;5;9mcannot apply unary operator `!`\u001b[0m\n\n"}
{"message":"this method takes 1 argument but 2 arguments were supplied","code":{"code":"E0061","explanation":"An invalid number of arguments was passed when calling a function.\n\nErroneous code example:\n\n```compile_fail,E0061\nfn f(u: i32) {}\n\nf(); // error!\n```\n\nThe number of arguments passed to a function must match the number of arguments\nspecified in the function signature.\n\nFor example, a function like:\n\n```\nfn f(a: u16, b: &str) {}\n```\n\nMust always be called with exactly two arguments, e.g., `f(2, \"test\")`.\n\nNote that Rust does not have a notion of optional function arguments or\nvariadic functions (except for its C-FFI).\n"},"level":"error","spans":[{"file_name":"src/agexact.rs","byte_start":5043,"byte_end":5052,"line_start":179,"line_end":179,"column_start":40,"column_end":49,"is_primary":false,"text":[{"text":"        let delta_beta = self.chsolve2(&cholesky, &self.u);","highlight_start":40,"highlight_end":49}],"label":"unexpected argument of type `&std::vec::Vec<std::vec::Vec<f64>>`","suggested_replacement":null,"suggestion_applicability":null,"expansion":null},{"file_name":"src/agexact.rs","byte_start":5034,"byte_end":5042,"line_start":179,"line_end":179,"column_start":31,"column_end":39,"is_primary":true,"text":[{"text":"        let delta_beta = self.chsolve2(&cholesky, &self.u);","highlight_start":31,"highlight_end":39}],"label":null,"suggested_replacement":null,"suggestion_applicability":null,"expansion":null}],"children":[{"message":"method defined here","code":null,"level":"note","spans":[{"file_name":"src/agexact.rs","byte_start":5754,"byte_end":5763,"line_start":204,"line_end":204,"column_start":24,"column_end":33,"is_primary":false,"text":[{"text":"    fn chsolve2(&self, b: &[f64]) -> Vec<f64> {","highlight_start":24,"highlight_end":33}],"label":"","suggested_replacement":null,"suggestion_applicability":null,"expansion":null},{"file_name":"src/agexact.rs","byte_start":5738,"byte_end":5746,"line_start":204,"line_end":204,"column_start":8,"column_end":16,"is_primary":true,"text":[{"text":"    fn chsolve2(&self, b: &[f64]) -> Vec<f64> {","highlight_start":8,"highlight_end":16}],"label":null,"suggested_replacement":null,"suggestion_applicability":null,"expansion":null}],"children":[],"rendered":null},{"message":"remove the extra argument","code":null,"level":"help","spans":[{"file_name":"src/agexact.rs","byte_start":5043,"byte_end":5054,"line_start":179,"line_end":179,"column_start":40,"column_end":51,"is_primary":true,"text":[{"text":"        let delta_beta = self.chsolve2(&cholesky, &self.u);","highlight_start":40,"highlight_end":51}],"label":null,"suggested_replacement":"","suggestion_applicability":"HasPlaceholders","expansion":null}],"children":[],"rendered":null}],"rendered":"\u001b[0m\u001b[1m\u001b[38;5;9merror[E0061]\u001b[0m\u001b[0m\u001b[1m: this method takes 1 argument but 2 arguments were supplied\u001b[0m\n\u001b[0m   \u001b[0m\u001b[0m\u001b[1m\u001b[38;5;12m--> \u001b[0m\u001b[0msrc/agexact.rs:179:31\u001b[0m\n\u001b[0m    \u001b[0m\u001b[0m\u001b[1m\u001b[38;5;12m|\u001b[0m\n\u001b[0m\u001b[1m\u001b[38;5;12m179\u001b[0m\u001b[0m \u001b[0m\u001b[0m\u001b[1m\u001b[38;5;12m|\u001b[0m\u001b[0m \u001b[0m\u001b[0m        let delta_beta = self.chsolve2(&cholesky, &self.u);\u001b[0m\n\u001b[0m    \u001b[0m\u001b[0m\u001b[1m\u001b[38;5;12m| \u001b[0m\u001b[0m                              \u001b[0m\u001b[0m\u001b[1m\u001b[38;5;9m^^^^^^^^\u001b[0m\u001b[0m \u001b[0m\u001b[0m\u001b[1m\u001b[38;5;12m-----------\u001b[0m\n\u001b[0m    \u001b[0m\u001b[0m\u001b[1m\u001b[38;5;12m| \u001b[0m\u001b[0m                                       \u001b[0m\u001b[0m\u001b[1m\u001b[38;5;12m|\u001b[0m\n\u001b[0m    \u001b[0m\u001b[0m\u001b[1m\u001b[38;5;12m| \u001b[0m\u001b[0m                                       \u001b[0m\u001b[0m\u001b[1m\u001b[38;5;12munexpected argument of type `&std::vec::Vec<std::vec::Vec<f64>>`\u001b[0m\n\u001b[0m    \u001b[0m\u001b[0m\u001b[1m\u001b[38;5;12m| \u001b[0m\u001b[0m                                       \u001b[0m\u001b[0m\u001b[1m\u001b[38;5;12mhelp: remove the extra argument\u001b[0m\n\u001b[0m    \u001b[0m\u001b[0m\u001b[1m\u001b[38;5;12m|\u001b[0m\n\u001b[0m\u001b[1m\u001b[38;5;10mnote\u001b[0m\u001b[0m: method defined here\u001b[0m\n\u001b[0m   \u001b[0m\u001b[0m\u001b[1m\u001b[38;5;12m--> \u001b[0m\u001b[0msrc/agexact.rs:204:8\u001b[0m\n\u001b[0m    \u001b[0m\u001b[0m\u001b[1m\u001b[38;5;12m|\u001b[0m\n\u001b[0m\u001b[1m\u001b[38;5;12m204\u001b[0m\u001b[0m \u001b[0m\u001b[0m\u001b[1m\u001b[38;5;12m|\u001b[0m\u001b[0m \u001b[0m\u001b[0m    fn chsolve2(&self, b: &[f64]) -> Vec<f64> {\u001b[0m\n\u001b[0m    \u001b[0m\u001b[0m\u001b[1m\u001b[38;5;12m| \u001b[0m\u001b[0m       \u001b[0m\u001b[0m\u001b[1m\u001b[38;5;10m^^^^^^^^\u001b[0m\u001b[0m        \u001b[0m\u001b[0m\u001b[1m\u001b[38;5;12m---------\u001b[0m\n\n"}
{"message":"mismatched types","code":{"code":"E0308","explanation":"Expected type did not match the received type.\n\nErroneous code examples:\n\n```compile_fail,E0308\nfn plus_one(x: i32) -> i32 {\n    x + 1\n}\n\nplus_one(\"Not a number\");\n//       ^^^^^^^^^^^^^^ expected `i32`, found `&str`\n\nif \"Not a bool\" {\n// ^^^^^^^^^^^^ expected `bool`, found `&str`\n}\n\nlet x: f32 = \"Not a float\";\n//     ---   ^^^^^^^^^^^^^ expected `f32`, found `&str`\n//     |\n//     expected due to this\n```\n\nThis error occurs when an expression was used in a place where the compiler\nexpected an expression of a different type. It can occur in several cases, the\nmost common being when calling a function and passing an argument which has a\ndifferent type than the matching type in the function declaration.\n"},"level":"error","spans":[{"file_name":"src/agexact.rs","byte_start":8237,"byte_end":8251,"line_start":290,"line_end":290,"column_start":16,"column_end":30,"is_primary":true,"text":[{"text":"        if let Some(imat_inv) = self.invert_information_matrix() {","highlight_start":16,"highlight_end":30}],"label":"expected `Result<Vec<Vec<f64>>, &str>`, found `Option<_>`","suggested_replacement":null,"suggestion_applicability":null,"expansion":null},{"file_name":"src/agexact.rs","byte_start":8254,"byte_end":8286,"line_start":290,"line_end":290,"column_start":33,"column_end":65,"is_primary":false,"text":[{"text":"        if let Some(imat_inv) = self.invert_information_matrix() {","highlight_start":33,"highlight_end":65}],"label":"this expression has type `std::result::Result<std::vec::Vec<std::vec::Vec<f64>>, &str>`","suggested_replacement":null,"suggestion_applicability":null,"expansion":null}],"children":[{"message":"expected enum `std::result::Result<std::vec::Vec<std::vec::Vec<f64>>, &str>`\n   found enum `std::option::Option<_>`","code":null,"level":"note","spans":[],"children":[],"rendered":null}],"rendered":"\u001b[0m\u001b[1m\u001b[38;5;9merror[E0308]\u001b[0m\u001b[0m\u001b[1m: mismatched types\u001b[0m\n\u001b[0m   \u001b[0m\u001b[0m\u001b[1m\u001b[38;5;12m--> \u001b[0m\u001b[0msrc/agexact.rs:290:16\u001b[0m\n\u001b[0m    \u001b[0m\u001b[0m\u001b[1m\u001b[38;5;12m|\u001b[0m\n\u001b[0m\u001b[1m\u001b[38;5;12m290\u001b[0m\u001b[0m \u001b[0m\u001b[0m\u001b[1m\u001b[38;5;12m|\u001b[0m\u001b[0m \u001b[0m\u001b[0m        if let Some(imat_inv) = self.invert_information_matrix() {\u001b[0m\n\u001b[0m    \u001b[0m\u001b[0m\u001b[1m\u001b[38;5;12m| \u001b[0m\u001b[0m               \u001b[0m\u001b[0m\u001b[1m\u001b[38;5;9m^^^^^^^^^^^^^^\u001b[0m\u001b[0m   \u001b[0m\u001b[0m\u001b[1m\u001b[38;5;12m--------------------------------\u001b[0m\u001b[0m \u001b[0m\u001b[0m\u001b[1m\u001b[38;5;12mthis expression has type `std::result::Result<std::vec::Vec<std::vec::Vec<f64>>, &str>`\u001b[0m\n\u001b[0m    \u001b[0m\u001b[0m\u001b[1m\u001b[38;5;12m| \u001b[0m\u001b[0m               \u001b[0m\u001b[0m\u001b[1m\u001b[38;5;9m|\u001b[0m\n\u001b[0m    \u001b[0m\u001b[0m\u001b[1m\u001b[38;5;12m| \u001b[0m\u001b[0m               \u001b[0m\u001b[0m\u001b[1m\u001b[38;5;9mexpected `Result<Vec<Vec<f64>>, &str>`, found `Option<_>`\u001b[0m\n\u001b[0m    \u001b[0m\u001b[0m\u001b[1m\u001b[38;5;12m|\u001b[0m\n\u001b[0m    \u001b[0m\u001b[0m\u001b[1m\u001b[38;5;12m= \u001b[0m\u001b[0m\u001b[1mnote\u001b[0m\u001b[0m: expected enum `std::\u001b[0m\u001b[0m\u001b[1mresult::Result<std::vec::Vec<std::vec::Vec<f64>>, &str>\u001b[0m\u001b[0m`\u001b[0m\n\u001b[0m               found enum `std::\u001b[0m\u001b[0m\u001b[1moption::Option<_>\u001b[0m\u001b[0m`\u001b[0m\n\n"}
{"message":"the trait bound `usize: std::convert::From<&aareg::pyo3::PyCell<agexact::CoxModel>>` is not satisfied","code":{"code":"E0277","explanation":"You tried to use a type which doesn't implement some trait in a place which\nexpected that trait.\n\nErroneous code example:\n\n```compile_fail,E0277\n// here we declare the Foo trait with a bar method\ntrait Foo {\n    fn bar(&self);\n}\n\n// we now declare a function which takes an object implementing the Foo trait\nfn some_func<T: Foo>(foo: T) {\n    foo.bar();\n}\n\nfn main() {\n    // we now call the method with the i32 type, which doesn't implement\n    // the Foo trait\n    some_func(5i32); // error: the trait bound `i32 : Foo` is not satisfied\n}\n```\n\nIn order to fix this error, verify that the type you're using does implement\nthe trait. Example:\n\n```\ntrait Foo {\n    fn bar(&self);\n}\n\n// we implement the trait on the i32 type\nimpl Foo for i32 {\n    fn bar(&self) {}\n}\n\nfn some_func<T: Foo>(foo: T) {\n    foo.bar(); // we can now use this method since i32 implements the\n               // Foo trait\n}\n\nfn main() {\n    some_func(5i32); // ok!\n}\n```\n\nOr in a generic context, an erroneous code example would look like:\n\n```compile_fail,E0277\nfn some_func<T>(foo: T) {\n    println!(\"{:?}\", foo); // error: the trait `core::fmt::Debug` is not\n                           //        implemented for the type `T`\n}\n\nfn main() {\n    // We now call the method with the i32 type,\n    // which *does* implement the Debug trait.\n    some_func(5i32);\n}\n```\n\nNote that the error here is in the definition of the generic function. Although\nwe only call it with a parameter that does implement `Debug`, the compiler\nstill rejects the function. It must work with all possible input types. In\norder to make this example compile, we need to restrict the generic type we're\naccepting:\n\n```\nuse std::fmt;\n\n// Restrict the input type to types that implement Debug.\nfn some_func<T: fmt::Debug>(foo: T) {\n    println!(\"{:?}\", foo);\n}\n\nfn main() {\n    // Calling the method is still fine, as i32 implements Debug.\n    some_func(5i32);\n\n    // This would fail to compile now:\n    // struct WithoutDebug;\n    // some_func(WithoutDebug);\n}\n```\n\nRust only looks at the signature of the called function, as such it must\nalready specify all requirements that will be used for every type parameter.\n"},"level":"error","spans":[{"file_name":"src/agexact.rs","byte_start":541,"byte_end":546,"line_start":31,"line_end":31,"column_start":18,"column_end":23,"is_primary":true,"text":[{"text":"        maxiter: usize,","highlight_start":18,"highlight_end":23}],"label":"the trait `std::convert::From<&aareg::pyo3::PyCell<agexact::CoxModel>>` is not implemented for `usize`","suggested_replacement":null,"suggestion_applicability":null,"expansion":null}],"children":[{"message":"the following other types implement trait `std::convert::From<T>`:\n  <usize as std::convert::From<bool>>\n  <usize as std::convert::From<u8>>\n  <usize as std::convert::From<u16>>\n  <usize as std::convert::From<std::num::NonZeroUsize>>\n  <usize as std::convert::From<std::ptr::Alignment>>","code":null,"level":"help","spans":[],"children":[],"rendered":null},{"message":"required for `&aareg::pyo3::PyCell<agexact::CoxModel>` to implement `std::convert::Into<usize>`","code":null,"level":"note","spans":[],"children":[],"rendered":null},{"message":"required for `usize` to implement `std::convert::TryFrom<&aareg::pyo3::PyCell<agexact::CoxModel>>`","code":null,"level":"note","spans":[],"children":[],"rendered":null}],"rendered":"\u001b[0m\u001b[1m\u001b[38;5;9merror[E0277]\u001b[0m\u001b[0m\u001b[1m: the trait bound `usize: std::convert::From<&aareg::pyo3::PyCell<agexact::CoxModel>>` is not satisfied\u001b[0m\n\u001b[0m  \u001b[0m\u001b[0m\u001b[1m\u001b[38;5;12m--> \u001b[0m\u001b[0msrc/agexact.rs:31:18\u001b[0m\n\u001b[0m   \u001b[0m\u001b[0m\u001b[1m\u001b[38;5;12m|\u001b[0m\n\u001b[0m\u001b[1m\u001b[38;5;12m31\u001b[0m\u001b[0m \u001b[0m\u001b[0m\u001b[1m\u001b[38;5;12m|\u001b[0m\u001b[0m \u001b[0m\u001b[0m        maxiter: usize,\u001b[0m\n\u001b[0m   \u001b[0m\u001b[0m\u001b[1m\u001b[38;5;12m| \u001b[0m\u001b[0m                 \u001b[0m\u001b[0m\u001b[1m\u001b[38;5;9m^^^^^\u001b[0m\u001b[0m \u001b[0m\u001b[0m\u001b[1m\u001b[38;5;9mthe trait `std::convert::From<&aareg::pyo3::PyCell<agexact::CoxModel>>` is not implemented for `usize`\u001b[0m\n\u001b[0m   \u001b[0m\u001b[0m\u001b[1m\u001b[38;5;12m|\u001b[0m\n\u001b[0m   \u001b[0m\u001b[0m\u001b[1m\u001b[38;5;12m= \u001b[0m\u001b[0m\u001b[1mhelp\u001b[0m\u001b[0m: the following other types implement trait `std::convert::From<T>`:\u001b[0m\n\u001b[0m             <usize as std::convert::From<bool>>\u001b[0m\n\u001b[0m             <usize as std::convert::From<u8>>\u001b[0m\n\u001b[0m             <usize as std::convert::From<u16>>\u001b[0m\n\u001b[0m             <usize as std::convert::From<std::num::NonZeroUsize>>\u001b[0m\n\u001b[0m             <usize as std::convert::From<std::ptr::Alignment>>\u001b[0m\n\u001b[0m   \u001b[0m\u001b[0m\u001b[1m\u001b[38;5;12m= \u001b[0m\u001b[0m\u001b[1mnote\u001b[0m\u001b[0m: required for `&aareg::pyo3::PyCell<agexact::CoxModel>` to implement `std::convert::Into<usize>`\u001b[0m\n\u001b[0m   \u001b[0m\u001b[0m\u001b[1m\u001b[38;5;12m= \u001b[0m\u001b[0m\u001b[1mnote\u001b[0m\u001b[0m: required for `usize` to implement `std::convert::TryFrom<&aareg::pyo3::PyCell<agexact::CoxModel>>`\u001b[0m\n\n"}
{"message":"the trait bound `&[f64]: aareg::pyo3::PyClass` is not satisfied","code":{"code":"E0277","explanation":"You tried to use a type which doesn't implement some trait in a place which\nexpected that trait.\n\nErroneous code example:\n\n```compile_fail,E0277\n// here we declare the Foo trait with a bar method\ntrait Foo {\n    fn bar(&self);\n}\n\n// we now declare a function which takes an object implementing the Foo trait\nfn some_func<T: Foo>(foo: T) {\n    foo.bar();\n}\n\nfn main() {\n    // we now call the method with the i32 type, which doesn't implement\n    // the Foo trait\n    some_func(5i32); // error: the trait bound `i32 : Foo` is not satisfied\n}\n```\n\nIn order to fix this error, verify that the type you're using does implement\nthe trait. Example:\n\n```\ntrait Foo {\n    fn bar(&self);\n}\n\n// we implement the trait on the i32 type\nimpl Foo for i32 {\n    fn bar(&self) {}\n}\n\nfn some_func<T: Foo>(foo: T) {\n    foo.bar(); // we can now use this method since i32 implements the\n               // Foo trait\n}\n\nfn main() {\n    some_func(5i32); // ok!\n}\n```\n\nOr in a generic context, an erroneous code example would look like:\n\n```compile_fail,E0277\nfn some_func<T>(foo: T) {\n    println!(\"{:?}\", foo); // error: the trait `core::fmt::Debug` is not\n                           //        implemented for the type `T`\n}\n\nfn main() {\n    // We now call the method with the i32 type,\n    // which *does* implement the Debug trait.\n    some_func(5i32);\n}\n```\n\nNote that the error here is in the definition of the generic function. Although\nwe only call it with a parameter that does implement `Debug`, the compiler\nstill rejects the function. It must work with all possible input types. In\norder to make this example compile, we need to restrict the generic type we're\naccepting:\n\n```\nuse std::fmt;\n\n// Restrict the input type to types that implement Debug.\nfn some_func<T: fmt::Debug>(foo: T) {\n    println!(\"{:?}\", foo);\n}\n\nfn main() {\n    // Calling the method is still fine, as i32 implements Debug.\n    some_func(5i32);\n\n    // This would fail to compile now:\n    // struct WithoutDebug;\n    // some_func(WithoutDebug);\n}\n```\n\nRust only looks at the signature of the called function, as such it must\nalready specify all requirements that will be used for every type parameter.\n"},"level":"error","spans":[{"file_name":"src/agexact.rs","byte_start":2201,"byte_end":2202,"line_start":103,"line_end":103,"column_start":41,"column_end":42,"is_primary":true,"text":[{"text":"    fn has_converged(&self, delta_beta: &[f64]) -> bool {","highlight_start":41,"highlight_end":42}],"label":"the trait `aareg::pyo3::PyClass` is not implemented for `&[f64]`","suggested_replacement":null,"suggestion_applicability":null,"expansion":null}],"children":[{"message":"the trait `aareg::pyo3::PyClass` is implemented for `agexact::CoxModel`","code":null,"level":"help","spans":[],"children":[],"rendered":null},{"message":"required for `&[f64]` to implement `aareg::pyo3::FromPyObject<'_>`","code":null,"level":"note","spans":[],"children":[],"rendered":null},{"message":"required for `&[f64]` to implement `aareg::pyo3::impl_::extract_argument::PyFunctionArgument<'_, '_>`","code":null,"level":"note","spans":[],"children":[],"rendered":null},{"message":"required by a bound in `aareg::pyo3::impl_::extract_argument::extract_argument`","code":null,"level":"note","spans":[{"file_name":"/home/cameron/.cargo/registry/src/index.crates.io-6f17d22bba15001f/pyo3-0.20.0/src/impl_/extract_argument.rs","byte_start":1978,"byte_end":1994,"line_start":66,"line_end":66,"column_start":8,"column_end":24,"is_primary":false,"text":[{"text":"pub fn extract_argument<'a, 'py, T>(","highlight_start":8,"highlight_end":24}],"label":"required by a bound in this function","suggested_replacement":null,"suggestion_applicability":null,"expansion":null},{"file_name":"/home/cameron/.cargo/registry/src/index.crates.io-6f17d22bba15001f/pyo3-0.20.0/src/impl_/extract_argument.rs","byte_start":2110,"byte_end":2137,"line_start":72,"line_end":72,"column_start":8,"column_end":35,"is_primary":true,"text":[{"text":"    T: PyFunctionArgument<'a, 'py>,","highlight_start":8,"highlight_end":35}],"label":"required by this bound in `extract_argument`","suggested_replacement":null,"suggestion_applicability":null,"expansion":null}],"children":[],"rendered":null}],"rendered":"\u001b[0m\u001b[1m\u001b[38;5;9merror[E0277]\u001b[0m\u001b[0m\u001b[1m: the trait bound `&[f64]: aareg::pyo3::PyClass` is not satisfied\u001b[0m\n\u001b[0m   \u001b[0m\u001b[0m\u001b[1m\u001b[38;5;12m--> \u001b[0m\u001b[0msrc/agexact.rs:103:41\u001b[0m\n\u001b[0m    \u001b[0m\u001b[0m\u001b[1m\u001b[38;5;12m|\u001b[0m\n\u001b[0m\u001b[1m\u001b[38;5;12m103\u001b[0m\u001b[0m \u001b[0m\u001b[0m\u001b[1m\u001b[38;5;12m|\u001b[0m\u001b[0m \u001b[0m\u001b[0m    fn has_converged(&self, delta_beta: &[f64]) -> bool {\u001b[0m\n\u001b[0m    \u001b[0m\u001b[0m\u001b[1m\u001b[38;5;12m| \u001b[0m\u001b[0m                                        \u001b[0m\u001b[0m\u001b[1m\u001b[38;5;9m^\u001b[0m\u001b[0m \u001b[0m\u001b[0m\u001b[1m\u001b[38;5;9mthe trait `aareg::pyo3::PyClass` is not implemented for `&[f64]`\u001b[0m\n\u001b[0m    \u001b[0m\u001b[0m\u001b[1m\u001b[38;5;12m|\u001b[0m\n\u001b[0m    \u001b[0m\u001b[0m\u001b[1m\u001b[38;5;12m= \u001b[0m\u001b[0m\u001b[1mhelp\u001b[0m\u001b[0m: the trait `aareg::pyo3::PyClass` \u001b[0m\u001b[0m\u001b[1mis\u001b[0m\u001b[0m implemented for `\u001b[0m\u001b[0m\u001b[1magexact::CoxModel\u001b[0m\u001b[0m`\u001b[0m\n\u001b[0m    \u001b[0m\u001b[0m\u001b[1m\u001b[38;5;12m= \u001b[0m\u001b[0m\u001b[1mnote\u001b[0m\u001b[0m: required for `&[f64]` to implement `aareg::pyo3::FromPyObject<'_>`\u001b[0m\n\u001b[0m    \u001b[0m\u001b[0m\u001b[1m\u001b[38;5;12m= \u001b[0m\u001b[0m\u001b[1mnote\u001b[0m\u001b[0m: required for `&[f64]` to implement `aareg::pyo3::impl_::extract_argument::PyFunctionArgument<'_, '_>`\u001b[0m\n\u001b[0m\u001b[1m\u001b[38;5;10mnote\u001b[0m\u001b[0m: required by a bound in `aareg::pyo3::impl_::extract_argument::extract_argument`\u001b[0m\n\u001b[0m   \u001b[0m\u001b[0m\u001b[1m\u001b[38;5;12m--> \u001b[0m\u001b[0m/home/cameron/.cargo/registry/src/index.crates.io-6f17d22bba15001f/pyo3-0.20.0/src/impl_/extract_argument.rs:72:8\u001b[0m\n\u001b[0m    \u001b[0m\u001b[0m\u001b[1m\u001b[38;5;12m|\u001b[0m\n\u001b[0m\u001b[1m\u001b[38;5;12m66\u001b[0m\u001b[0m  \u001b[0m\u001b[0m\u001b[1m\u001b[38;5;12m|\u001b[0m\u001b[0m \u001b[0m\u001b[0mpub fn extract_argument<'a, 'py, T>(\u001b[0m\n\u001b[0m    \u001b[0m\u001b[0m\u001b[1m\u001b[38;5;12m| \u001b[0m\u001b[0m       \u001b[0m\u001b[0m\u001b[1m\u001b[38;5;12m----------------\u001b[0m\u001b[0m \u001b[0m\u001b[0m\u001b[1m\u001b[38;5;12mrequired by a bound in this function\u001b[0m\n\u001b[0m\u001b[1m\u001b[38;5;12m...\u001b[0m\n\u001b[0m\u001b[1m\u001b[38;5;12m72\u001b[0m\u001b[0m  \u001b[0m\u001b[0m\u001b[1m\u001b[38;5;12m|\u001b[0m\u001b[0m \u001b[0m\u001b[0m    T: PyFunctionArgument<'a, 'py>,\u001b[0m\n\u001b[0m    \u001b[0m\u001b[0m\u001b[1m\u001b[38;5;12m| \u001b[0m\u001b[0m       \u001b[0m\u001b[0m\u001b[1m\u001b[38;5;10m^^^^^^^^^^^^^^^^^^^^^^^^^^^\u001b[0m\u001b[0m \u001b[0m\u001b[0m\u001b[1m\u001b[38;5;10mrequired by this bound in `extract_argument`\u001b[0m\n\n"}
{"message":"the trait bound `aareg::pyo3::PyErr: std::convert::From<&str>` is not satisfied","code":{"code":"E0277","explanation":"You tried to use a type which doesn't implement some trait in a place which\nexpected that trait.\n\nErroneous code example:\n\n```compile_fail,E0277\n// here we declare the Foo trait with a bar method\ntrait Foo {\n    fn bar(&self);\n}\n\n// we now declare a function which takes an object implementing the Foo trait\nfn some_func<T: Foo>(foo: T) {\n    foo.bar();\n}\n\nfn main() {\n    // we now call the method with the i32 type, which doesn't implement\n    // the Foo trait\n    some_func(5i32); // error: the trait bound `i32 : Foo` is not satisfied\n}\n```\n\nIn order to fix this error, verify that the type you're using does implement\nthe trait. Example:\n\n```\ntrait Foo {\n    fn bar(&self);\n}\n\n// we implement the trait on the i32 type\nimpl Foo for i32 {\n    fn bar(&self) {}\n}\n\nfn some_func<T: Foo>(foo: T) {\n    foo.bar(); // we can now use this method since i32 implements the\n               // Foo trait\n}\n\nfn main() {\n    some_func(5i32); // ok!\n}\n```\n\nOr in a generic context, an erroneous code example would look like:\n\n```compile_fail,E0277\nfn some_func<T>(foo: T) {\n    println!(\"{:?}\", foo); // error: the trait `core::fmt::Debug` is not\n                           //        implemented for the type `T`\n}\n\nfn main() {\n    // We now call the method with the i32 type,\n    // which *does* implement the Debug trait.\n    some_func(5i32);\n}\n```\n\nNote that the error here is in the definition of the generic function. Although\nwe only call it with a parameter that does implement `Debug`, the compiler\nstill rejects the function. It must work with all possible input types. In\norder to make this example compile, we need to restrict the generic type we're\naccepting:\n\n```\nuse std::fmt;\n\n// Restrict the input type to types that implement Debug.\nfn some_func<T: fmt::Debug>(foo: T) {\n    println!(\"{:?}\", foo);\n}\n\nfn main() {\n    // Calling the method is still fine, as i32 implements Debug.\n    some_func(5i32);\n\n    // This would fail to compile now:\n    // struct WithoutDebug;\n    // some_func(WithoutDebug);\n}\n```\n\nRust only looks at the signature of the called function, as such it must\nalready specify all requirements that will be used for every type parameter.\n"},"level":"error","spans":[{"file_name":"src/agexact.rs","byte_start":479,"byte_end":491,"line_start":28,"line_end":28,"column_start":1,"column_end":13,"is_primary":true,"text":[{"text":"#[pymethods]","highlight_start":1,"highlight_end":13}],"label":"the trait `std::convert::From<&str>` is not implemented for `aareg::pyo3::PyErr`","suggested_replacement":null,"suggestion_applicability":null,"expansion":{"span":{"file_name":"src/agexact.rs","byte_start":479,"byte_end":491,"line_start":28,"line_end":28,"column_start":1,"column_end":13,"is_primary":false,"text":[{"text":"#[pymethods]","highlight_start":1,"highlight_end":13}],"label":null,"suggested_replacement":null,"suggestion_applicability":null,"expansion":null},"macro_decl_name":"#[pymethods]","def_site_span":{"file_name":"/home/cameron/.cargo/registry/src/index.crates.io-6f17d22bba15001f/pyo3-macros-0.20.0/src/lib.rs","byte_start":5108,"byte_end":5178,"line_start":111,"line_end":111,"column_start":1,"column_end":71,"is_primary":false,"text":[{"text":"pub fn pymethods(attr: TokenStream, input: TokenStream) -> TokenStream {","highlight_start":1,"highlight_end":71}],"label":null,"suggested_replacement":null,"suggestion_applicability":null,"expansion":null}}}],"children":[{"message":"the following other types implement trait `std::convert::From<T>`:\n  <aareg::pyo3::PyErr as std::convert::From<aareg::pyo3::pycell::PyBorrowError>>\n  <aareg::pyo3::PyErr as std::convert::From<aareg::pyo3::pycell::PyBorrowMutError>>\n  <aareg::pyo3::PyErr as std::convert::From<std::io::Error>>\n  <aareg::pyo3::PyErr as std::convert::From<aareg::pyo3::PyDowncastError<'a>>>\n  <aareg::pyo3::PyErr as std::convert::From<std::ffi::NulError>>\n  <aareg::pyo3::PyErr as std::convert::From<std::ffi::IntoStringError>>\n  <aareg::pyo3::PyErr as std::convert::From<std::string::FromUtf8Error>>\n  <aareg::pyo3::PyErr as std::convert::From<std::string::FromUtf16Error>>\nand 87 others","code":null,"level":"help","spans":[],"children":[],"rendered":null},{"message":"required for `&str` to implement `std::convert::Into<aareg::pyo3::PyErr>`","code":null,"level":"note","spans":[],"children":[],"rendered":null}],"rendered":"\u001b[0m\u001b[1m\u001b[38;5;9merror[E0277]\u001b[0m\u001b[0m\u001b[1m: the trait bound `aareg::pyo3::PyErr: std::convert::From<&str>` is not satisfied\u001b[0m\n\u001b[0m  \u001b[0m\u001b[0m\u001b[1m\u001b[38;5;12m--> \u001b[0m\u001b[0msrc/agexact.rs:28:1\u001b[0m\n\u001b[0m   \u001b[0m\u001b[0m\u001b[1m\u001b[38;5;12m|\u001b[0m\n\u001b[0m\u001b[1m\u001b[38;5;12m28\u001b[0m\u001b[0m \u001b[0m\u001b[0m\u001b[1m\u001b[38;5;12m|\u001b[0m\u001b[0m \u001b[0m\u001b[0m#[pymethods]\u001b[0m\n\u001b[0m   \u001b[0m\u001b[0m\u001b[1m\u001b[38;5;12m| \u001b[0m\u001b[0m\u001b[1m\u001b[38;5;9m^^^^^^^^^^^^\u001b[0m\u001b[0m \u001b[0m\u001b[0m\u001b[1m\u001b[38;5;9mthe trait `std::convert::From<&str>` is not implemented for `aareg::pyo3::PyErr`\u001b[0m\n\u001b[0m   \u001b[0m\u001b[0m\u001b[1m\u001b[38;5;12m|\u001b[0m\n\u001b[0m   \u001b[0m\u001b[0m\u001b[1m\u001b[38;5;12m= \u001b[0m\u001b[0m\u001b[1mhelp\u001b[0m\u001b[0m: the following other types implement trait `std::convert::From<T>`:\u001b[0m\n\u001b[0m             <aareg::pyo3::PyErr as std::convert::From<aareg::pyo3::pycell::PyBorrowError>>\u001b[0m\n\u001b[0m             <aareg::pyo3::PyErr as std::convert::From<aareg::pyo3::pycell::PyBorrowMutError>>\u001b[0m\n\u001b[0m             <aareg::pyo3::PyErr as std::convert::From<std::io::Error>>\u001b[0m\n\u001b[0m             <aareg::pyo3::PyErr as std::convert::From<aareg::pyo3::PyDowncastError<'a>>>\u001b[0m\n\u001b[0m             <aareg::pyo3::PyErr as std::convert::From<std::ffi::NulError>>\u001b[0m\n\u001b[0m             <aareg::pyo3::PyErr as std::convert::From<std::ffi::IntoStringError>>\u001b[0m\n\u001b[0m             <aareg::pyo3::PyErr as std::convert::From<std::string::FromUtf8Error>>\u001b[0m\n\u001b[0m             <aareg::pyo3::PyErr as std::convert::From<std::string::FromUtf16Error>>\u001b[0m\n\u001b[0m           and 87 others\u001b[0m\n\u001b[0m   \u001b[0m\u001b[0m\u001b[1m\u001b[38;5;12m= \u001b[0m\u001b[0m\u001b[1mnote\u001b[0m\u001b[0m: required for `&str` to implement `std::convert::Into<aareg::pyo3::PyErr>`\u001b[0m\n\u001b[0m   \u001b[0m\u001b[0m\u001b[1m\u001b[38;5;12m= \u001b[0m\u001b[0m\u001b[1mnote\u001b[0m\u001b[0m: this error originates in the attribute macro `pymethods` (in Nightly builds, run with -Z macro-backtrace for more info)\u001b[0m\n\n"}
{"message":"the trait bound `&[f64]: aareg::pyo3::PyClass` is not satisfied","code":{"code":"E0277","explanation":"You tried to use a type which doesn't implement some trait in a place which\nexpected that trait.\n\nErroneous code example:\n\n```compile_fail,E0277\n// here we declare the Foo trait with a bar method\ntrait Foo {\n    fn bar(&self);\n}\n\n// we now declare a function which takes an object implementing the Foo trait\nfn some_func<T: Foo>(foo: T) {\n    foo.bar();\n}\n\nfn main() {\n    // we now call the method with the i32 type, which doesn't implement\n    // the Foo trait\n    some_func(5i32); // error: the trait bound `i32 : Foo` is not satisfied\n}\n```\n\nIn order to fix this error, verify that the type you're using does implement\nthe trait. Example:\n\n```\ntrait Foo {\n    fn bar(&self);\n}\n\n// we implement the trait on the i32 type\nimpl Foo for i32 {\n    fn bar(&self) {}\n}\n\nfn some_func<T: Foo>(foo: T) {\n    foo.bar(); // we can now use this method since i32 implements the\n               // Foo trait\n}\n\nfn main() {\n    some_func(5i32); // ok!\n}\n```\n\nOr in a generic context, an erroneous code example would look like:\n\n```compile_fail,E0277\nfn some_func<T>(foo: T) {\n    println!(\"{:?}\", foo); // error: the trait `core::fmt::Debug` is not\n                           //        implemented for the type `T`\n}\n\nfn main() {\n    // We now call the method with the i32 type,\n    // which *does* implement the Debug trait.\n    some_func(5i32);\n}\n```\n\nNote that the error here is in the definition of the generic function. Although\nwe only call it with a parameter that does implement `Debug`, the compiler\nstill rejects the function. It must work with all possible input types. In\norder to make this example compile, we need to restrict the generic type we're\naccepting:\n\n```\nuse std::fmt;\n\n// Restrict the input type to types that implement Debug.\nfn some_func<T: fmt::Debug>(foo: T) {\n    println!(\"{:?}\", foo);\n}\n\nfn main() {\n    // Calling the method is still fine, as i32 implements Debug.\n    some_func(5i32);\n\n    // This would fail to compile now:\n    // struct WithoutDebug;\n    // some_func(WithoutDebug);\n}\n```\n\nRust only looks at the signature of the called function, as such it must\nalready specify all requirements that will be used for every type parameter.\n"},"level":"error","spans":[{"file_name":"src/agexact.rs","byte_start":5757,"byte_end":5758,"line_start":204,"line_end":204,"column_start":27,"column_end":28,"is_primary":true,"text":[{"text":"    fn chsolve2(&self, b: &[f64]) -> Vec<f64> {","highlight_start":27,"highlight_end":28}],"label":"the trait `aareg::pyo3::PyClass` is not implemented for `&[f64]`","suggested_replacement":null,"suggestion_applicability":null,"expansion":null}],"children":[{"message":"the trait `aareg::pyo3::PyClass` is implemented for `agexact::CoxModel`","code":null,"level":"help","spans":[],"children":[],"rendered":null},{"message":"required for `&[f64]` to implement `aareg::pyo3::FromPyObject<'_>`","code":null,"level":"note","spans":[],"children":[],"rendered":null},{"message":"required for `&[f64]` to implement `aareg::pyo3::impl_::extract_argument::PyFunctionArgument<'_, '_>`","code":null,"level":"note","spans":[],"children":[],"rendered":null},{"message":"required by a bound in `aareg::pyo3::impl_::extract_argument::extract_argument`","code":null,"level":"note","spans":[{"file_name":"/home/cameron/.cargo/registry/src/index.crates.io-6f17d22bba15001f/pyo3-0.20.0/src/impl_/extract_argument.rs","byte_start":1978,"byte_end":1994,"line_start":66,"line_end":66,"column_start":8,"column_end":24,"is_primary":false,"text":[{"text":"pub fn extract_argument<'a, 'py, T>(","highlight_start":8,"highlight_end":24}],"label":"required by a bound in this function","suggested_replacement":null,"suggestion_applicability":null,"expansion":null},{"file_name":"/home/cameron/.cargo/registry/src/index.crates.io-6f17d22bba15001f/pyo3-0.20.0/src/impl_/extract_argument.rs","byte_start":2110,"byte_end":2137,"line_start":72,"line_end":72,"column_start":8,"column_end":35,"is_primary":true,"text":[{"text":"    T: PyFunctionArgument<'a, 'py>,","highlight_start":8,"highlight_end":35}],"label":"required by this bound in `extract_argument`","suggested_replacement":null,"suggestion_applicability":null,"expansion":null}],"children":[],"rendered":null}],"rendered":"\u001b[0m\u001b[1m\u001b[38;5;9merror[E0277]\u001b[0m\u001b[0m\u001b[1m: the trait bound `&[f64]: aareg::pyo3::PyClass` is not satisfied\u001b[0m\n\u001b[0m   \u001b[0m\u001b[0m\u001b[1m\u001b[38;5;12m--> \u001b[0m\u001b[0msrc/agexact.rs:204:27\u001b[0m\n\u001b[0m    \u001b[0m\u001b[0m\u001b[1m\u001b[38;5;12m|\u001b[0m\n\u001b[0m\u001b[1m\u001b[38;5;12m204\u001b[0m\u001b[0m \u001b[0m\u001b[0m\u001b[1m\u001b[38;5;12m|\u001b[0m\u001b[0m \u001b[0m\u001b[0m    fn chsolve2(&self, b: &[f64]) -> Vec<f64> {\u001b[0m\n\u001b[0m    \u001b[0m\u001b[0m\u001b[1m\u001b[38;5;12m| \u001b[0m\u001b[0m                          \u001b[0m\u001b[0m\u001b[1m\u001b[38;5;9m^\u001b[0m\u001b[0m \u001b[0m\u001b[0m\u001b[1m\u001b[38;5;9mthe trait `aareg::pyo3::PyClass` is not implemented for `&[f64]`\u001b[0m\n\u001b[0m    \u001b[0m\u001b[0m\u001b[1m\u001b[38;5;12m|\u001b[0m\n\u001b[0m    \u001b[0m\u001b[0m\u001b[1m\u001b[38;5;12m= \u001b[0m\u001b[0m\u001b[1mhelp\u001b[0m\u001b[0m: the trait `aareg::pyo3::PyClass` \u001b[0m\u001b[0m\u001b[1mis\u001b[0m\u001b[0m implemented for `\u001b[0m\u001b[0m\u001b[1magexact::CoxModel\u001b[0m\u001b[0m`\u001b[0m\n\u001b[0m    \u001b[0m\u001b[0m\u001b[1m\u001b[38;5;12m= \u001b[0m\u001b[0m\u001b[1mnote\u001b[0m\u001b[0m: required for `&[f64]` to implement `aareg::pyo3::FromPyObject<'_>`\u001b[0m\n\u001b[0m    \u001b[0m\u001b[0m\u001b[1m\u001b[38;5;12m= \u001b[0m\u001b[0m\u001b[1mnote\u001b[0m\u001b[0m: required for `&[f64]` to implement `aareg::pyo3::impl_::extract_argument::PyFunctionArgument<'_, '_>`\u001b[0m\n\u001b[0m\u001b[1m\u001b[38;5;10mnote\u001b[0m\u001b[0m: required by a bound in `aareg::pyo3::impl_::extract_argument::extract_argument`\u001b[0m\n\u001b[0m   \u001b[0m\u001b[0m\u001b[1m\u001b[38;5;12m--> \u001b[0m\u001b[0m/home/cameron/.cargo/registry/src/index.crates.io-6f17d22bba15001f/pyo3-0.20.0/src/impl_/extract_argument.rs:72:8\u001b[0m\n\u001b[0m    \u001b[0m\u001b[0m\u001b[1m\u001b[38;5;12m|\u001b[0m\n\u001b[0m\u001b[1m\u001b[38;5;12m66\u001b[0m\u001b[0m  \u001b[0m\u001b[0m\u001b[1m\u001b[38;5;12m|\u001b[0m\u001b[0m \u001b[0m\u001b[0mpub fn extract_argument<'a, 'py, T>(\u001b[0m\n\u001b[0m    \u001b[0m\u001b[0m\u001b[1m\u001b[38;5;12m| \u001b[0m\u001b[0m       \u001b[0m\u001b[0m\u001b[1m\u001b[38;5;12m----------------\u001b[0m\u001b[0m \u001b[0m\u001b[0m\u001b[1m\u001b[38;5;12mrequired by a bound in this function\u001b[0m\n\u001b[0m\u001b[1m\u001b[38;5;12m...\u001b[0m\n\u001b[0m\u001b[1m\u001b[38;5;12m72\u001b[0m\u001b[0m  \u001b[0m\u001b[0m\u001b[1m\u001b[38;5;12m|\u001b[0m\u001b[0m \u001b[0m\u001b[0m    T: PyFunctionArgument<'a, 'py>,\u001b[0m\n\u001b[0m    \u001b[0m\u001b[0m\u001b[1m\u001b[38;5;12m| \u001b[0m\u001b[0m       \u001b[0m\u001b[0m\u001b[1m\u001b[38;5;10m^^^^^^^^^^^^^^^^^^^^^^^^^^^\u001b[0m\u001b[0m \u001b[0m\u001b[0m\u001b[1m\u001b[38;5;10mrequired by this bound in `extract_argument`\u001b[0m\n\n"}
{"message":"the trait bound `aareg::pyo3::PyErr: std::convert::From<&str>` is not satisfied","code":{"code":"E0277","explanation":"You tried to use a type which doesn't implement some trait in a place which\nexpected that trait.\n\nErroneous code example:\n\n```compile_fail,E0277\n// here we declare the Foo trait with a bar method\ntrait Foo {\n    fn bar(&self);\n}\n\n// we now declare a function which takes an object implementing the Foo trait\nfn some_func<T: Foo>(foo: T) {\n    foo.bar();\n}\n\nfn main() {\n    // we now call the method with the i32 type, which doesn't implement\n    // the Foo trait\n    some_func(5i32); // error: the trait bound `i32 : Foo` is not satisfied\n}\n```\n\nIn order to fix this error, verify that the type you're using does implement\nthe trait. Example:\n\n```\ntrait Foo {\n    fn bar(&self);\n}\n\n// we implement the trait on the i32 type\nimpl Foo for i32 {\n    fn bar(&self) {}\n}\n\nfn some_func<T: Foo>(foo: T) {\n    foo.bar(); // we can now use this method since i32 implements the\n               // Foo trait\n}\n\nfn main() {\n    some_func(5i32); // ok!\n}\n```\n\nOr in a generic context, an erroneous code example would look like:\n\n```compile_fail,E0277\nfn some_func<T>(foo: T) {\n    println!(\"{:?}\", foo); // error: the trait `core::fmt::Debug` is not\n                           //        implemented for the type `T`\n}\n\nfn main() {\n    // We now call the method with the i32 type,\n    // which *does* implement the Debug trait.\n    some_func(5i32);\n}\n```\n\nNote that the error here is in the definition of the generic function. Although\nwe only call it with a parameter that does implement `Debug`, the compiler\nstill rejects the function. It must work with all possible input types. In\norder to make this example compile, we need to restrict the generic type we're\naccepting:\n\n```\nuse std::fmt;\n\n// Restrict the input type to types that implement Debug.\nfn some_func<T: fmt::Debug>(foo: T) {\n    println!(\"{:?}\", foo);\n}\n\nfn main() {\n    // Calling the method is still fine, as i32 implements Debug.\n    some_func(5i32);\n\n    // This would fail to compile now:\n    // struct WithoutDebug;\n    // some_func(WithoutDebug);\n}\n```\n\nRust only looks at the signature of the called function, as such it must\nalready specify all requirements that will be used for every type parameter.\n"},"level":"error","spans":[{"file_name":"src/agexact.rs","byte_start":479,"byte_end":491,"line_start":28,"line_end":28,"column_start":1,"column_end":13,"is_primary":true,"text":[{"text":"#[pymethods]","highlight_start":1,"highlight_end":13}],"label":"the trait `std::convert::From<&str>` is not implemented for `aareg::pyo3::PyErr`","suggested_replacement":null,"suggestion_applicability":null,"expansion":{"span":{"file_name":"src/agexact.rs","byte_start":479,"byte_end":491,"line_start":28,"line_end":28,"column_start":1,"column_end":13,"is_primary":false,"text":[{"text":"#[pymethods]","highlight_start":1,"highlight_end":13}],"label":null,"suggested_replacement":null,"suggestion_applicability":null,"expansion":null},"macro_decl_name":"#[pymethods]","def_site_span":{"file_name":"/home/cameron/.cargo/registry/src/index.crates.io-6f17d22bba15001f/pyo3-macros-0.20.0/src/lib.rs","byte_start":5108,"byte_end":5178,"line_start":111,"line_end":111,"column_start":1,"column_end":71,"is_primary":false,"text":[{"text":"pub fn pymethods(attr: TokenStream, input: TokenStream) -> TokenStream {","highlight_start":1,"highlight_end":71}],"label":null,"suggested_replacement":null,"suggestion_applicability":null,"expansion":null}}}],"children":[{"message":"the following other types implement trait `std::convert::From<T>`:\n  <aareg::pyo3::PyErr as std::convert::From<aareg::pyo3::pycell::PyBorrowError>>\n  <aareg::pyo3::PyErr as std::convert::From<aareg::pyo3::pycell::PyBorrowMutError>>\n  <aareg::pyo3::PyErr as std::convert::From<std::io::Error>>\n  <aareg::pyo3::PyErr as std::convert::From<aareg::pyo3::PyDowncastError<'a>>>\n  <aareg::pyo3::PyErr as std::convert::From<std::ffi::NulError>>\n  <aareg::pyo3::PyErr as std::convert::From<std::ffi::IntoStringError>>\n  <aareg::pyo3::PyErr as std::convert::From<std::string::FromUtf8Error>>\n  <aareg::pyo3::PyErr as std::convert::From<std::string::FromUtf16Error>>\nand 87 others","code":null,"level":"help","spans":[],"children":[],"rendered":null},{"message":"required for `&str` to implement `std::convert::Into<aareg::pyo3::PyErr>`","code":null,"level":"note","spans":[],"children":[],"rendered":null}],"rendered":"\u001b[0m\u001b[1m\u001b[38;5;9merror[E0277]\u001b[0m\u001b[0m\u001b[1m: the trait bound `aareg::pyo3::PyErr: std::convert::From<&str>` is not satisfied\u001b[0m\n\u001b[0m  \u001b[0m\u001b[0m\u001b[1m\u001b[38;5;12m--> \u001b[0m\u001b[0msrc/agexact.rs:28:1\u001b[0m\n\u001b[0m   \u001b[0m\u001b[0m\u001b[1m\u001b[38;5;12m|\u001b[0m\n\u001b[0m\u001b[1m\u001b[38;5;12m28\u001b[0m\u001b[0m \u001b[0m\u001b[0m\u001b[1m\u001b[38;5;12m|\u001b[0m\u001b[0m \u001b[0m\u001b[0m#[pymethods]\u001b[0m\n\u001b[0m   \u001b[0m\u001b[0m\u001b[1m\u001b[38;5;12m| \u001b[0m\u001b[0m\u001b[1m\u001b[38;5;9m^^^^^^^^^^^^\u001b[0m\u001b[0m \u001b[0m\u001b[0m\u001b[1m\u001b[38;5;9mthe trait `std::convert::From<&str>` is not implemented for `aareg::pyo3::PyErr`\u001b[0m\n\u001b[0m   \u001b[0m\u001b[0m\u001b[1m\u001b[38;5;12m|\u001b[0m\n\u001b[0m   \u001b[0m\u001b[0m\u001b[1m\u001b[38;5;12m= \u001b[0m\u001b[0m\u001b[1mhelp\u001b[0m\u001b[0m: the following other types implement trait `std::convert::From<T>`:\u001b[0m\n\u001b[0m             <aareg::pyo3::PyErr as std::convert::From<aareg::pyo3::pycell::PyBorrowError>>\u001b[0m\n\u001b[0m             <aareg::pyo3::PyErr as std::convert::From<aareg::pyo3::pycell::PyBorrowMutError>>\u001b[0m\n\u001b[0m             <aareg::pyo3::PyErr as std::convert::From<std::io::Error>>\u001b[0m\n\u001b[0m             <aareg::pyo3::PyErr as std::convert::From<aareg::pyo3::PyDowncastError<'a>>>\u001b[0m\n\u001b[0m             <aareg::pyo3::PyErr as std::convert::From<std::ffi::NulError>>\u001b[0m\n\u001b[0m             <aareg::pyo3::PyErr as std::convert::From<std::ffi::IntoStringError>>\u001b[0m\n\u001b[0m             <aareg::pyo3::PyErr as std::convert::From<std::string::FromUtf8Error>>\u001b[0m\n\u001b[0m             <aareg::pyo3::PyErr as std::convert::From<std::string::FromUtf16Error>>\u001b[0m\n\u001b[0m           and 87 others\u001b[0m\n\u001b[0m   \u001b[0m\u001b[0m\u001b[1m\u001b[38;5;12m= \u001b[0m\u001b[0m\u001b[1mnote\u001b[0m\u001b[0m: required for `&str` to implement `std::convert::Into<aareg::pyo3::PyErr>`\u001b[0m\n\u001b[0m   \u001b[0m\u001b[0m\u001b[1m\u001b[38;5;12m= \u001b[0m\u001b[0m\u001b[1mnote\u001b[0m\u001b[0m: this error originates in the attribute macro `pymethods` (in Nightly builds, run with -Z macro-backtrace for more info)\u001b[0m\n\n"}
{"message":"aborting due to 22 previous errors","code":null,"level":"error","spans":[],"children":[],"rendered":"\u001b[0m\u001b[1m\u001b[38;5;9merror\u001b[0m\u001b[0m\u001b[1m: aborting due to 22 previous errors\u001b[0m\n\n"}
{"message":"Some errors have detailed explanations: E0061, E0277, E0308, E0600.","code":null,"level":"failure-note","spans":[],"children":[],"rendered":"\u001b[0m\u001b[1mSome errors have detailed explanations: E0061, E0277, E0308, E0600.\u001b[0m\n"}
{"message":"For more information about an error, try `rustc --explain E0061`.","code":null,"level":"failure-note","spans":[],"children":[],"rendered":"\u001b[0m\u001b[1mFor more information about an error, try `rustc --explain E0061`.\u001b[0m\n"}
