{"message":"a value of type `ndarray::ArrayBase<ndarray::OwnedRepr<f64>, ndarray::Dim<[usize; 2]>>` cannot be built from an iterator over elements of type `ndarray::ArrayBase<ndarray::OwnedRepr<f64>, ndarray::Dim<[usize; 1]>>`","code":{"code":"E0277","explanation":"You tried to use a type which doesn't implement some trait in a place which\nexpected that trait.\n\nErroneous code example:\n\n```compile_fail,E0277\n// here we declare the Foo trait with a bar method\ntrait Foo {\n    fn bar(&self);\n}\n\n// we now declare a function which takes an object implementing the Foo trait\nfn some_func<T: Foo>(foo: T) {\n    foo.bar();\n}\n\nfn main() {\n    // we now call the method with the i32 type, which doesn't implement\n    // the Foo trait\n    some_func(5i32); // error: the trait bound `i32 : Foo` is not satisfied\n}\n```\n\nIn order to fix this error, verify that the type you're using does implement\nthe trait. Example:\n\n```\ntrait Foo {\n    fn bar(&self);\n}\n\n// we implement the trait on the i32 type\nimpl Foo for i32 {\n    fn bar(&self) {}\n}\n\nfn some_func<T: Foo>(foo: T) {\n    foo.bar(); // we can now use this method since i32 implements the\n               // Foo trait\n}\n\nfn main() {\n    some_func(5i32); // ok!\n}\n```\n\nOr in a generic context, an erroneous code example would look like:\n\n```compile_fail,E0277\nfn some_func<T>(foo: T) {\n    println!(\"{:?}\", foo); // error: the trait `core::fmt::Debug` is not\n                           //        implemented for the type `T`\n}\n\nfn main() {\n    // We now call the method with the i32 type,\n    // which *does* implement the Debug trait.\n    some_func(5i32);\n}\n```\n\nNote that the error here is in the definition of the generic function. Although\nwe only call it with a parameter that does implement `Debug`, the compiler\nstill rejects the function. It must work with all possible input types. In\norder to make this example compile, we need to restrict the generic type we're\naccepting:\n\n```\nuse std::fmt;\n\n// Restrict the input type to types that implement Debug.\nfn some_func<T: fmt::Debug>(foo: T) {\n    println!(\"{:?}\", foo);\n}\n\nfn main() {\n    // Calling the method is still fine, as i32 implements Debug.\n    some_func(5i32);\n\n    // This would fail to compile now:\n    // struct WithoutDebug;\n    // some_func(WithoutDebug);\n}\n```\n\nRust only looks at the signature of the called function, as such it must\nalready specify all requirements that will be used for every type parameter.\n"},"level":"error","spans":[{"file_name":"src/aareg.rs","byte_start":8583,"byte_end":8594,"line_start":235,"line_end":235,"column_start":28,"column_end":39,"is_primary":true,"text":[{"text":"                .collect::<Array2<f64>>();","highlight_start":28,"highlight_end":39}],"label":"value of type `ndarray::ArrayBase<ndarray::OwnedRepr<f64>, ndarray::Dim<[usize; 2]>>` cannot be built from `std::iter::Iterator<Item=ndarray::ArrayBase<ndarray::OwnedRepr<f64>, ndarray::Dim<[usize; 1]>>>`","suggested_replacement":null,"suggestion_applicability":null,"expansion":null},{"file_name":"src/aareg.rs","byte_start":8573,"byte_end":8580,"line_start":235,"line_end":235,"column_start":18,"column_end":25,"is_primary":false,"text":[{"text":"                .collect::<Array2<f64>>();","highlight_start":18,"highlight_end":25}],"label":"required by a bound introduced by this call","suggested_replacement":null,"suggestion_applicability":null,"expansion":null}],"children":[{"message":"the trait `std::iter::FromIterator<ndarray::ArrayBase<ndarray::OwnedRepr<f64>, ndarray::Dim<[usize; 1]>>>` is not implemented for `ndarray::ArrayBase<ndarray::OwnedRepr<f64>, ndarray::Dim<[usize; 2]>>`","code":null,"level":"help","spans":[],"children":[],"rendered":null},{"message":"the trait `std::iter::FromIterator<A>` is implemented for `ndarray::ArrayBase<S, ndarray::Dim<[usize; 1]>>`","code":null,"level":"help","spans":[],"children":[],"rendered":null},{"message":"the method call chain might not have had the expected associated types","code":null,"level":"note","spans":[{"file_name":"src/aareg.rs","byte_start":8400,"byte_end":8404,"line_start":230,"line_end":230,"column_start":33,"column_end":37,"is_primary":false,"text":[{"text":"            let weighted_data = data","highlight_start":33,"highlight_end":37}],"label":"this expression has type `&ArrayBase<OwnedRepr<f64>, Dim<[usize; 2]>>`","suggested_replacement":null,"suggestion_applicability":null,"expansion":null},{"file_name":"src/aareg.rs","byte_start":8511,"byte_end":8555,"line_start":234,"line_end":234,"column_start":18,"column_end":62,"is_primary":true,"text":[{"text":"                .map(|(row, weight)| row.to_owned() * weight)","highlight_start":18,"highlight_end":62}],"label":"`Iterator::Item` changed to `ArrayBase<OwnedRepr<f64>, Dim<[usize; 1]>>` here","suggested_replacement":null,"suggestion_applicability":null,"expansion":null},{"file_name":"src/aareg.rs","byte_start":8475,"byte_end":8493,"line_start":233,"line_end":233,"column_start":18,"column_end":36,"is_primary":false,"text":[{"text":"                .zip(weights_array)","highlight_start":18,"highlight_end":36}],"label":"`Iterator::Item` changed to `(ArrayBase<ViewRepr<&f64>, Dim<[usize; 1]>>, f64)` here","suggested_replacement":null,"suggestion_applicability":null,"expansion":null},{"file_name":"src/aareg.rs","byte_start":8446,"byte_end":8457,"line_start":232,"line_end":232,"column_start":18,"column_end":29,"is_primary":false,"text":[{"text":"                .into_iter()","highlight_start":18,"highlight_end":29}],"label":"`Iterator::Item` is `ArrayBase<ViewRepr<&f64>, Dim<[usize; 1]>>` here","suggested_replacement":null,"suggestion_applicability":null,"expansion":null}],"children":[],"rendered":null},{"message":"required by a bound in `std::iter::Iterator::collect`","code":null,"level":"note","spans":[{"file_name":"/home/cameron/.rustup/toolchains/stable-x86_64-unknown-linux-gnu/lib/rustlib/src/rust/library/core/src/iter/traits/iterator.rs","byte_start":68700,"byte_end":68724,"line_start":2049,"line_end":2049,"column_start":19,"column_end":43,"is_primary":true,"text":[{"text":"    fn collect<B: FromIterator<Self::Item>>(self) -> B","highlight_start":19,"highlight_end":43}],"label":"required by this bound in `Iterator::collect`","suggested_replacement":null,"suggestion_applicability":null,"expansion":null}],"children":[],"rendered":null}],"rendered":"\u001b[0m\u001b[1m\u001b[38;5;9merror[E0277]\u001b[0m\u001b[0m\u001b[1m: a value of type `ndarray::ArrayBase<ndarray::OwnedRepr<f64>, ndarray::Dim<[usize; 2]>>` cannot be built from an iterator over elements of type `ndarray::ArrayBase<ndarray::OwnedRepr<f64>, ndarray::Dim<[usize; 1]>>`\u001b[0m\n\u001b[0m    \u001b[0m\u001b[0m\u001b[1m\u001b[38;5;12m--> \u001b[0m\u001b[0msrc/aareg.rs:235:28\u001b[0m\n\u001b[0m     \u001b[0m\u001b[0m\u001b[1m\u001b[38;5;12m|\u001b[0m\n\u001b[0m\u001b[1m\u001b[38;5;12m235\u001b[0m\u001b[0m  \u001b[0m\u001b[0m\u001b[1m\u001b[38;5;12m|\u001b[0m\u001b[0m \u001b[0m\u001b[0m                .collect::<Array2<f64>>();\u001b[0m\n\u001b[0m     \u001b[0m\u001b[0m\u001b[1m\u001b[38;5;12m| \u001b[0m\u001b[0m                 \u001b[0m\u001b[0m\u001b[1m\u001b[38;5;12m-------\u001b[0m\u001b[0m   \u001b[0m\u001b[0m\u001b[1m\u001b[38;5;9m^^^^^^^^^^^\u001b[0m\u001b[0m \u001b[0m\u001b[0m\u001b[1m\u001b[38;5;9mvalue of type `ndarray::ArrayBase<ndarray::OwnedRepr<f64>, ndarray::Dim<[usize; 2]>>` cannot be built from `std::iter::Iterator<Item=ndarray::ArrayBase<ndarray::OwnedRepr<f64>, ndarray::Dim<[usize; 1]>>>`\u001b[0m\n\u001b[0m     \u001b[0m\u001b[0m\u001b[1m\u001b[38;5;12m| \u001b[0m\u001b[0m                 \u001b[0m\u001b[0m\u001b[1m\u001b[38;5;12m|\u001b[0m\n\u001b[0m     \u001b[0m\u001b[0m\u001b[1m\u001b[38;5;12m| \u001b[0m\u001b[0m                 \u001b[0m\u001b[0m\u001b[1m\u001b[38;5;12mrequired by a bound introduced by this call\u001b[0m\n\u001b[0m     \u001b[0m\u001b[0m\u001b[1m\u001b[38;5;12m|\u001b[0m\n\u001b[0m     \u001b[0m\u001b[0m\u001b[1m\u001b[38;5;12m= \u001b[0m\u001b[0m\u001b[1mhelp\u001b[0m\u001b[0m: the trait `std::iter::FromIterator<ndarray::ArrayBase<ndarray::OwnedRepr<f64>, ndarray::Dim<[usize; 1]>>>` is not implemented for `ndarray::ArrayBase<ndarray::OwnedRepr<f64>, ndarray::Dim<[usize; 2]>>`\u001b[0m\n\u001b[0m     \u001b[0m\u001b[0m\u001b[1m\u001b[38;5;12m= \u001b[0m\u001b[0m\u001b[1mhelp\u001b[0m\u001b[0m: the trait `std::iter::FromIterator<A>` \u001b[0m\u001b[0m\u001b[1mis\u001b[0m\u001b[0m implemented for `\u001b[0m\u001b[0m\u001b[1mndarray::ArrayBase<S, ndarray::Dim<[usize; 1]>>\u001b[0m\u001b[0m`\u001b[0m\n\u001b[0m\u001b[1m\u001b[38;5;10mnote\u001b[0m\u001b[0m: the method call chain might not have had the expected associated types\u001b[0m\n\u001b[0m    \u001b[0m\u001b[0m\u001b[1m\u001b[38;5;12m--> \u001b[0m\u001b[0msrc/aareg.rs:234:18\u001b[0m\n\u001b[0m     \u001b[0m\u001b[0m\u001b[1m\u001b[38;5;12m|\u001b[0m\n\u001b[0m\u001b[1m\u001b[38;5;12m230\u001b[0m\u001b[0m  \u001b[0m\u001b[0m\u001b[1m\u001b[38;5;12m|\u001b[0m\u001b[0m \u001b[0m\u001b[0m            let weighted_data = data\u001b[0m\n\u001b[0m     \u001b[0m\u001b[0m\u001b[1m\u001b[38;5;12m| \u001b[0m\u001b[0m                                \u001b[0m\u001b[0m\u001b[1m\u001b[38;5;12m----\u001b[0m\u001b[0m \u001b[0m\u001b[0m\u001b[1m\u001b[38;5;12mthis expression has type `&ArrayBase<OwnedRepr<f64>, Dim<[usize; 2]>>`\u001b[0m\n\u001b[0m\u001b[1m\u001b[38;5;12m231\u001b[0m\u001b[0m  \u001b[0m\u001b[0m\u001b[1m\u001b[38;5;12m|\u001b[0m\u001b[0m \u001b[0m\u001b[0m                .rows()\u001b[0m\n\u001b[0m\u001b[1m\u001b[38;5;12m232\u001b[0m\u001b[0m  \u001b[0m\u001b[0m\u001b[1m\u001b[38;5;12m|\u001b[0m\u001b[0m \u001b[0m\u001b[0m                .into_iter()\u001b[0m\n\u001b[0m     \u001b[0m\u001b[0m\u001b[1m\u001b[38;5;12m| \u001b[0m\u001b[0m                 \u001b[0m\u001b[0m\u001b[1m\u001b[38;5;12m-----------\u001b[0m\u001b[0m \u001b[0m\u001b[0m\u001b[1m\u001b[38;5;12m`Iterator::Item` is `ArrayBase<ViewRepr<&f64>, Dim<[usize; 1]>>` here\u001b[0m\n\u001b[0m\u001b[1m\u001b[38;5;12m233\u001b[0m\u001b[0m  \u001b[0m\u001b[0m\u001b[1m\u001b[38;5;12m|\u001b[0m\u001b[0m \u001b[0m\u001b[0m                .zip(weights_array)\u001b[0m\n\u001b[0m     \u001b[0m\u001b[0m\u001b[1m\u001b[38;5;12m| \u001b[0m\u001b[0m                 \u001b[0m\u001b[0m\u001b[1m\u001b[38;5;12m------------------\u001b[0m\u001b[0m \u001b[0m\u001b[0m\u001b[1m\u001b[38;5;12m`Iterator::Item` changed to `(ArrayBase<ViewRepr<&f64>, Dim<[usize; 1]>>, f64)` here\u001b[0m\n\u001b[0m\u001b[1m\u001b[38;5;12m234\u001b[0m\u001b[0m  \u001b[0m\u001b[0m\u001b[1m\u001b[38;5;12m|\u001b[0m\u001b[0m \u001b[0m\u001b[0m                .map(|(row, weight)| row.to_owned() * weight)\u001b[0m\n\u001b[0m     \u001b[0m\u001b[0m\u001b[1m\u001b[38;5;12m| \u001b[0m\u001b[0m                 \u001b[0m\u001b[0m\u001b[1m\u001b[38;5;10m^^^^^^^^^^^^^^^^^^^^^^^^^^^^^^^^^^^^^^^^^^^^\u001b[0m\u001b[0m \u001b[0m\u001b[0m\u001b[1m\u001b[38;5;10m`Iterator::Item` changed to `ArrayBase<OwnedRepr<f64>, Dim<[usize; 1]>>` here\u001b[0m\n\u001b[0m\u001b[1m\u001b[38;5;10mnote\u001b[0m\u001b[0m: required by a bound in `std::iter::Iterator::collect`\u001b[0m\n\u001b[0m    \u001b[0m\u001b[0m\u001b[1m\u001b[38;5;12m--> \u001b[0m\u001b[0m/home/cameron/.rustup/toolchains/stable-x86_64-unknown-linux-gnu/lib/rustlib/src/rust/library/core/src/iter/traits/iterator.rs:2049:19\u001b[0m\n\u001b[0m     \u001b[0m\u001b[0m\u001b[1m\u001b[38;5;12m|\u001b[0m\n\u001b[0m\u001b[1m\u001b[38;5;12m2049\u001b[0m\u001b[0m \u001b[0m\u001b[0m\u001b[1m\u001b[38;5;12m|\u001b[0m\u001b[0m \u001b[0m\u001b[0m    fn collect<B: FromIterator<Self::Item>>(self) -> B\u001b[0m\n\u001b[0m     \u001b[0m\u001b[0m\u001b[1m\u001b[38;5;12m| \u001b[0m\u001b[0m                  \u001b[0m\u001b[0m\u001b[1m\u001b[38;5;10m^^^^^^^^^^^^^^^^^^^^^^^^\u001b[0m\u001b[0m \u001b[0m\u001b[0m\u001b[1m\u001b[38;5;10mrequired by this bound in `Iterator::collect`\u001b[0m\n\n"}
{"message":"the trait bound `&ndarray::ArrayBase<ndarray::OwnedRepr<f64>, ndarray::Dim<[usize; 2]>>: pyo3::PyClass` is not satisfied","code":{"code":"E0277","explanation":"You tried to use a type which doesn't implement some trait in a place which\nexpected that trait.\n\nErroneous code example:\n\n```compile_fail,E0277\n// here we declare the Foo trait with a bar method\ntrait Foo {\n    fn bar(&self);\n}\n\n// we now declare a function which takes an object implementing the Foo trait\nfn some_func<T: Foo>(foo: T) {\n    foo.bar();\n}\n\nfn main() {\n    // we now call the method with the i32 type, which doesn't implement\n    // the Foo trait\n    some_func(5i32); // error: the trait bound `i32 : Foo` is not satisfied\n}\n```\n\nIn order to fix this error, verify that the type you're using does implement\nthe trait. Example:\n\n```\ntrait Foo {\n    fn bar(&self);\n}\n\n// we implement the trait on the i32 type\nimpl Foo for i32 {\n    fn bar(&self) {}\n}\n\nfn some_func<T: Foo>(foo: T) {\n    foo.bar(); // we can now use this method since i32 implements the\n               // Foo trait\n}\n\nfn main() {\n    some_func(5i32); // ok!\n}\n```\n\nOr in a generic context, an erroneous code example would look like:\n\n```compile_fail,E0277\nfn some_func<T>(foo: T) {\n    println!(\"{:?}\", foo); // error: the trait `core::fmt::Debug` is not\n                           //        implemented for the type `T`\n}\n\nfn main() {\n    // We now call the method with the i32 type,\n    // which *does* implement the Debug trait.\n    some_func(5i32);\n}\n```\n\nNote that the error here is in the definition of the generic function. Although\nwe only call it with a parameter that does implement `Debug`, the compiler\nstill rejects the function. It must work with all possible input types. In\norder to make this example compile, we need to restrict the generic type we're\naccepting:\n\n```\nuse std::fmt;\n\n// Restrict the input type to types that implement Debug.\nfn some_func<T: fmt::Debug>(foo: T) {\n    println!(\"{:?}\", foo);\n}\n\nfn main() {\n    // Calling the method is still fine, as i32 implements Debug.\n    some_func(5i32);\n\n    // This would fail to compile now:\n    // struct WithoutDebug;\n    // some_func(WithoutDebug);\n}\n```\n\nRust only looks at the signature of the called function, as such it must\nalready specify all requirements that will be used for every type parameter.\n"},"level":"error","spans":[{"file_name":"src/aareg.rs","byte_start":7963,"byte_end":7964,"line_start":217,"line_end":217,"column_start":11,"column_end":12,"is_primary":true,"text":[{"text":"    data: &Array2<f64>,","highlight_start":11,"highlight_end":12}],"label":"the trait `pyo3::PyClass` is not implemented for `&ndarray::ArrayBase<ndarray::OwnedRepr<f64>, ndarray::Dim<[usize; 2]>>`","suggested_replacement":null,"suggestion_applicability":null,"expansion":null}],"children":[{"message":"the following other types implement trait `pyo3::PyClass`:\n  aareg::AaregOptions\n  aareg::Surv\n  aareg::AaregResult\n  aareg::ConfidenceInterval\n  aareg::FitDetails\n  aareg::Diagnostics","code":null,"level":"help","spans":[],"children":[],"rendered":null},{"message":"required for `&ndarray::ArrayBase<ndarray::OwnedRepr<f64>, ndarray::Dim<[usize; 2]>>` to implement `pyo3::FromPyObject<'_>`","code":null,"level":"note","spans":[],"children":[],"rendered":null},{"message":"required for `&ndarray::ArrayBase<ndarray::OwnedRepr<f64>, ndarray::Dim<[usize; 2]>>` to implement `pyo3::impl_::extract_argument::PyFunctionArgument<'_, '_>`","code":null,"level":"note","spans":[],"children":[],"rendered":null},{"message":"required by a bound in `pyo3::impl_::extract_argument::extract_argument`","code":null,"level":"note","spans":[{"file_name":"/home/cameron/.cargo/registry/src/index.crates.io-6f17d22bba15001f/pyo3-0.20.0/src/impl_/extract_argument.rs","byte_start":1978,"byte_end":1994,"line_start":66,"line_end":66,"column_start":8,"column_end":24,"is_primary":false,"text":[{"text":"pub fn extract_argument<'a, 'py, T>(","highlight_start":8,"highlight_end":24}],"label":"required by a bound in this function","suggested_replacement":null,"suggestion_applicability":null,"expansion":null},{"file_name":"/home/cameron/.cargo/registry/src/index.crates.io-6f17d22bba15001f/pyo3-0.20.0/src/impl_/extract_argument.rs","byte_start":2110,"byte_end":2137,"line_start":72,"line_end":72,"column_start":8,"column_end":35,"is_primary":true,"text":[{"text":"    T: PyFunctionArgument<'a, 'py>,","highlight_start":8,"highlight_end":35}],"label":"required by this bound in `extract_argument`","suggested_replacement":null,"suggestion_applicability":null,"expansion":null}],"children":[],"rendered":null}],"rendered":"\u001b[0m\u001b[1m\u001b[38;5;9merror[E0277]\u001b[0m\u001b[0m\u001b[1m: the trait bound `&ndarray::ArrayBase<ndarray::OwnedRepr<f64>, ndarray::Dim<[usize; 2]>>: pyo3::PyClass` is not satisfied\u001b[0m\n\u001b[0m   \u001b[0m\u001b[0m\u001b[1m\u001b[38;5;12m--> \u001b[0m\u001b[0msrc/aareg.rs:217:11\u001b[0m\n\u001b[0m    \u001b[0m\u001b[0m\u001b[1m\u001b[38;5;12m|\u001b[0m\n\u001b[0m\u001b[1m\u001b[38;5;12m217\u001b[0m\u001b[0m \u001b[0m\u001b[0m\u001b[1m\u001b[38;5;12m|\u001b[0m\u001b[0m \u001b[0m\u001b[0m    data: &Array2<f64>,\u001b[0m\n\u001b[0m    \u001b[0m\u001b[0m\u001b[1m\u001b[38;5;12m| \u001b[0m\u001b[0m          \u001b[0m\u001b[0m\u001b[1m\u001b[38;5;9m^\u001b[0m\u001b[0m \u001b[0m\u001b[0m\u001b[1m\u001b[38;5;9mthe trait `pyo3::PyClass` is not implemented for `&ndarray::ArrayBase<ndarray::OwnedRepr<f64>, ndarray::Dim<[usize; 2]>>`\u001b[0m\n\u001b[0m    \u001b[0m\u001b[0m\u001b[1m\u001b[38;5;12m|\u001b[0m\n\u001b[0m    \u001b[0m\u001b[0m\u001b[1m\u001b[38;5;12m= \u001b[0m\u001b[0m\u001b[1mhelp\u001b[0m\u001b[0m: the following other types implement trait `pyo3::PyClass`:\u001b[0m\n\u001b[0m              aareg::AaregOptions\u001b[0m\n\u001b[0m              aareg::Surv\u001b[0m\n\u001b[0m              aareg::AaregResult\u001b[0m\n\u001b[0m              aareg::ConfidenceInterval\u001b[0m\n\u001b[0m              aareg::FitDetails\u001b[0m\n\u001b[0m              aareg::Diagnostics\u001b[0m\n\u001b[0m    \u001b[0m\u001b[0m\u001b[1m\u001b[38;5;12m= \u001b[0m\u001b[0m\u001b[1mnote\u001b[0m\u001b[0m: required for `&ndarray::ArrayBase<ndarray::OwnedRepr<f64>, ndarray::Dim<[usize; 2]>>` to implement `pyo3::FromPyObject<'_>`\u001b[0m\n\u001b[0m    \u001b[0m\u001b[0m\u001b[1m\u001b[38;5;12m= \u001b[0m\u001b[0m\u001b[1mnote\u001b[0m\u001b[0m: required for `&ndarray::ArrayBase<ndarray::OwnedRepr<f64>, ndarray::Dim<[usize; 2]>>` to implement `pyo3::impl_::extract_argument::PyFunctionArgument<'_, '_>`\u001b[0m\n\u001b[0m\u001b[1m\u001b[38;5;10mnote\u001b[0m\u001b[0m: required by a bound in `pyo3::impl_::extract_argument::extract_argument`\u001b[0m\n\u001b[0m   \u001b[0m\u001b[0m\u001b[1m\u001b[38;5;12m--> \u001b[0m\u001b[0m/home/cameron/.cargo/registry/src/index.crates.io-6f17d22bba15001f/pyo3-0.20.0/src/impl_/extract_argument.rs:72:8\u001b[0m\n\u001b[0m    \u001b[0m\u001b[0m\u001b[1m\u001b[38;5;12m|\u001b[0m\n\u001b[0m\u001b[1m\u001b[38;5;12m66\u001b[0m\u001b[0m  \u001b[0m\u001b[0m\u001b[1m\u001b[38;5;12m|\u001b[0m\u001b[0m \u001b[0m\u001b[0mpub fn extract_argument<'a, 'py, T>(\u001b[0m\n\u001b[0m    \u001b[0m\u001b[0m\u001b[1m\u001b[38;5;12m| \u001b[0m\u001b[0m       \u001b[0m\u001b[0m\u001b[1m\u001b[38;5;12m----------------\u001b[0m\u001b[0m \u001b[0m\u001b[0m\u001b[1m\u001b[38;5;12mrequired by a bound in this function\u001b[0m\n\u001b[0m\u001b[1m\u001b[38;5;12m...\u001b[0m\n\u001b[0m\u001b[1m\u001b[38;5;12m72\u001b[0m\u001b[0m  \u001b[0m\u001b[0m\u001b[1m\u001b[38;5;12m|\u001b[0m\u001b[0m \u001b[0m\u001b[0m    T: PyFunctionArgument<'a, 'py>,\u001b[0m\n\u001b[0m    \u001b[0m\u001b[0m\u001b[1m\u001b[38;5;12m| \u001b[0m\u001b[0m       \u001b[0m\u001b[0m\u001b[1m\u001b[38;5;10m^^^^^^^^^^^^^^^^^^^^^^^^^^^\u001b[0m\u001b[0m \u001b[0m\u001b[0m\u001b[1m\u001b[38;5;10mrequired by this bound in `extract_argument`\u001b[0m\n\n"}
{"message":"the trait bound `&std::option::Option<std::vec::Vec<f64>>: pyo3::PyClass` is not satisfied","code":{"code":"E0277","explanation":"You tried to use a type which doesn't implement some trait in a place which\nexpected that trait.\n\nErroneous code example:\n\n```compile_fail,E0277\n// here we declare the Foo trait with a bar method\ntrait Foo {\n    fn bar(&self);\n}\n\n// we now declare a function which takes an object implementing the Foo trait\nfn some_func<T: Foo>(foo: T) {\n    foo.bar();\n}\n\nfn main() {\n    // we now call the method with the i32 type, which doesn't implement\n    // the Foo trait\n    some_func(5i32); // error: the trait bound `i32 : Foo` is not satisfied\n}\n```\n\nIn order to fix this error, verify that the type you're using does implement\nthe trait. Example:\n\n```\ntrait Foo {\n    fn bar(&self);\n}\n\n// we implement the trait on the i32 type\nimpl Foo for i32 {\n    fn bar(&self) {}\n}\n\nfn some_func<T: Foo>(foo: T) {\n    foo.bar(); // we can now use this method since i32 implements the\n               // Foo trait\n}\n\nfn main() {\n    some_func(5i32); // ok!\n}\n```\n\nOr in a generic context, an erroneous code example would look like:\n\n```compile_fail,E0277\nfn some_func<T>(foo: T) {\n    println!(\"{:?}\", foo); // error: the trait `core::fmt::Debug` is not\n                           //        implemented for the type `T`\n}\n\nfn main() {\n    // We now call the method with the i32 type,\n    // which *does* implement the Debug trait.\n    some_func(5i32);\n}\n```\n\nNote that the error here is in the definition of the generic function. Although\nwe only call it with a parameter that does implement `Debug`, the compiler\nstill rejects the function. It must work with all possible input types. In\norder to make this example compile, we need to restrict the generic type we're\naccepting:\n\n```\nuse std::fmt;\n\n// Restrict the input type to types that implement Debug.\nfn some_func<T: fmt::Debug>(foo: T) {\n    println!(\"{:?}\", foo);\n}\n\nfn main() {\n    // Calling the method is still fine, as i32 implements Debug.\n    some_func(5i32);\n\n    // This would fail to compile now:\n    // struct WithoutDebug;\n    // some_func(WithoutDebug);\n}\n```\n\nRust only looks at the signature of the called function, as such it must\nalready specify all requirements that will be used for every type parameter.\n"},"level":"error","spans":[{"file_name":"src/aareg.rs","byte_start":7990,"byte_end":7991,"line_start":218,"line_end":218,"column_start":14,"column_end":15,"is_primary":true,"text":[{"text":"    weights: &Option<Vec<f64>>,","highlight_start":14,"highlight_end":15}],"label":"the trait `pyo3::PyClass` is not implemented for `&std::option::Option<std::vec::Vec<f64>>`","suggested_replacement":null,"suggestion_applicability":null,"expansion":null}],"children":[{"message":"the following other types implement trait `pyo3::PyClass`:\n  aareg::AaregOptions\n  aareg::Surv\n  aareg::AaregResult\n  aareg::ConfidenceInterval\n  aareg::FitDetails\n  aareg::Diagnostics","code":null,"level":"help","spans":[],"children":[],"rendered":null},{"message":"required for `&std::option::Option<std::vec::Vec<f64>>` to implement `pyo3::FromPyObject<'_>`","code":null,"level":"note","spans":[],"children":[],"rendered":null},{"message":"required for `&std::option::Option<std::vec::Vec<f64>>` to implement `pyo3::impl_::extract_argument::PyFunctionArgument<'_, '_>`","code":null,"level":"note","spans":[],"children":[],"rendered":null},{"message":"required by a bound in `pyo3::impl_::extract_argument::extract_argument`","code":null,"level":"note","spans":[{"file_name":"/home/cameron/.cargo/registry/src/index.crates.io-6f17d22bba15001f/pyo3-0.20.0/src/impl_/extract_argument.rs","byte_start":1978,"byte_end":1994,"line_start":66,"line_end":66,"column_start":8,"column_end":24,"is_primary":false,"text":[{"text":"pub fn extract_argument<'a, 'py, T>(","highlight_start":8,"highlight_end":24}],"label":"required by a bound in this function","suggested_replacement":null,"suggestion_applicability":null,"expansion":null},{"file_name":"/home/cameron/.cargo/registry/src/index.crates.io-6f17d22bba15001f/pyo3-0.20.0/src/impl_/extract_argument.rs","byte_start":2110,"byte_end":2137,"line_start":72,"line_end":72,"column_start":8,"column_end":35,"is_primary":true,"text":[{"text":"    T: PyFunctionArgument<'a, 'py>,","highlight_start":8,"highlight_end":35}],"label":"required by this bound in `extract_argument`","suggested_replacement":null,"suggestion_applicability":null,"expansion":null}],"children":[],"rendered":null}],"rendered":"\u001b[0m\u001b[1m\u001b[38;5;9merror[E0277]\u001b[0m\u001b[0m\u001b[1m: the trait bound `&std::option::Option<std::vec::Vec<f64>>: pyo3::PyClass` is not satisfied\u001b[0m\n\u001b[0m   \u001b[0m\u001b[0m\u001b[1m\u001b[38;5;12m--> \u001b[0m\u001b[0msrc/aareg.rs:218:14\u001b[0m\n\u001b[0m    \u001b[0m\u001b[0m\u001b[1m\u001b[38;5;12m|\u001b[0m\n\u001b[0m\u001b[1m\u001b[38;5;12m218\u001b[0m\u001b[0m \u001b[0m\u001b[0m\u001b[1m\u001b[38;5;12m|\u001b[0m\u001b[0m \u001b[0m\u001b[0m    weights: &Option<Vec<f64>>,\u001b[0m\n\u001b[0m    \u001b[0m\u001b[0m\u001b[1m\u001b[38;5;12m| \u001b[0m\u001b[0m             \u001b[0m\u001b[0m\u001b[1m\u001b[38;5;9m^\u001b[0m\u001b[0m \u001b[0m\u001b[0m\u001b[1m\u001b[38;5;9mthe trait `pyo3::PyClass` is not implemented for `&std::option::Option<std::vec::Vec<f64>>`\u001b[0m\n\u001b[0m    \u001b[0m\u001b[0m\u001b[1m\u001b[38;5;12m|\u001b[0m\n\u001b[0m    \u001b[0m\u001b[0m\u001b[1m\u001b[38;5;12m= \u001b[0m\u001b[0m\u001b[1mhelp\u001b[0m\u001b[0m: the following other types implement trait `pyo3::PyClass`:\u001b[0m\n\u001b[0m              aareg::AaregOptions\u001b[0m\n\u001b[0m              aareg::Surv\u001b[0m\n\u001b[0m              aareg::AaregResult\u001b[0m\n\u001b[0m              aareg::ConfidenceInterval\u001b[0m\n\u001b[0m              aareg::FitDetails\u001b[0m\n\u001b[0m              aareg::Diagnostics\u001b[0m\n\u001b[0m    \u001b[0m\u001b[0m\u001b[1m\u001b[38;5;12m= \u001b[0m\u001b[0m\u001b[1mnote\u001b[0m\u001b[0m: required for `&std::option::Option<std::vec::Vec<f64>>` to implement `pyo3::FromPyObject<'_>`\u001b[0m\n\u001b[0m    \u001b[0m\u001b[0m\u001b[1m\u001b[38;5;12m= \u001b[0m\u001b[0m\u001b[1mnote\u001b[0m\u001b[0m: required for `&std::option::Option<std::vec::Vec<f64>>` to implement `pyo3::impl_::extract_argument::PyFunctionArgument<'_, '_>`\u001b[0m\n\u001b[0m\u001b[1m\u001b[38;5;10mnote\u001b[0m\u001b[0m: required by a bound in `pyo3::impl_::extract_argument::extract_argument`\u001b[0m\n\u001b[0m   \u001b[0m\u001b[0m\u001b[1m\u001b[38;5;12m--> \u001b[0m\u001b[0m/home/cameron/.cargo/registry/src/index.crates.io-6f17d22bba15001f/pyo3-0.20.0/src/impl_/extract_argument.rs:72:8\u001b[0m\n\u001b[0m    \u001b[0m\u001b[0m\u001b[1m\u001b[38;5;12m|\u001b[0m\n\u001b[0m\u001b[1m\u001b[38;5;12m66\u001b[0m\u001b[0m  \u001b[0m\u001b[0m\u001b[1m\u001b[38;5;12m|\u001b[0m\u001b[0m \u001b[0m\u001b[0mpub fn extract_argument<'a, 'py, T>(\u001b[0m\n\u001b[0m    \u001b[0m\u001b[0m\u001b[1m\u001b[38;5;12m| \u001b[0m\u001b[0m       \u001b[0m\u001b[0m\u001b[1m\u001b[38;5;12m----------------\u001b[0m\u001b[0m \u001b[0m\u001b[0m\u001b[1m\u001b[38;5;12mrequired by a bound in this function\u001b[0m\n\u001b[0m\u001b[1m\u001b[38;5;12m...\u001b[0m\n\u001b[0m\u001b[1m\u001b[38;5;12m72\u001b[0m\u001b[0m  \u001b[0m\u001b[0m\u001b[1m\u001b[38;5;12m|\u001b[0m\u001b[0m \u001b[0m\u001b[0m    T: PyFunctionArgument<'a, 'py>,\u001b[0m\n\u001b[0m    \u001b[0m\u001b[0m\u001b[1m\u001b[38;5;12m| \u001b[0m\u001b[0m       \u001b[0m\u001b[0m\u001b[1m\u001b[38;5;10m^^^^^^^^^^^^^^^^^^^^^^^^^^^\u001b[0m\u001b[0m \u001b[0m\u001b[0m\u001b[1m\u001b[38;5;10mrequired by this bound in `extract_argument`\u001b[0m\n\n"}
{"message":"the trait bound `std::result::Result<ndarray::ArrayBase<ndarray::OwnedRepr<f64>, ndarray::Dim<[usize; 2]>>, aareg::AaregError>: pyo3::impl_::wrap::OkWrap<_>` is not satisfied","code":{"code":"E0277","explanation":"You tried to use a type which doesn't implement some trait in a place which\nexpected that trait.\n\nErroneous code example:\n\n```compile_fail,E0277\n// here we declare the Foo trait with a bar method\ntrait Foo {\n    fn bar(&self);\n}\n\n// we now declare a function which takes an object implementing the Foo trait\nfn some_func<T: Foo>(foo: T) {\n    foo.bar();\n}\n\nfn main() {\n    // we now call the method with the i32 type, which doesn't implement\n    // the Foo trait\n    some_func(5i32); // error: the trait bound `i32 : Foo` is not satisfied\n}\n```\n\nIn order to fix this error, verify that the type you're using does implement\nthe trait. Example:\n\n```\ntrait Foo {\n    fn bar(&self);\n}\n\n// we implement the trait on the i32 type\nimpl Foo for i32 {\n    fn bar(&self) {}\n}\n\nfn some_func<T: Foo>(foo: T) {\n    foo.bar(); // we can now use this method since i32 implements the\n               // Foo trait\n}\n\nfn main() {\n    some_func(5i32); // ok!\n}\n```\n\nOr in a generic context, an erroneous code example would look like:\n\n```compile_fail,E0277\nfn some_func<T>(foo: T) {\n    println!(\"{:?}\", foo); // error: the trait `core::fmt::Debug` is not\n                           //        implemented for the type `T`\n}\n\nfn main() {\n    // We now call the method with the i32 type,\n    // which *does* implement the Debug trait.\n    some_func(5i32);\n}\n```\n\nNote that the error here is in the definition of the generic function. Although\nwe only call it with a parameter that does implement `Debug`, the compiler\nstill rejects the function. It must work with all possible input types. In\norder to make this example compile, we need to restrict the generic type we're\naccepting:\n\n```\nuse std::fmt;\n\n// Restrict the input type to types that implement Debug.\nfn some_func<T: fmt::Debug>(foo: T) {\n    println!(\"{:?}\", foo);\n}\n\nfn main() {\n    // Calling the method is still fine, as i32 implements Debug.\n    some_func(5i32);\n\n    // This would fail to compile now:\n    // struct WithoutDebug;\n    // some_func(WithoutDebug);\n}\n```\n\nRust only looks at the signature of the called function, as such it must\nalready specify all requirements that will be used for every type parameter.\n"},"level":"error","spans":[{"file_name":"src/aareg.rs","byte_start":7921,"byte_end":7934,"line_start":215,"line_end":215,"column_start":1,"column_end":14,"is_primary":true,"text":[{"text":"#[pyfunction]","highlight_start":1,"highlight_end":14}],"label":"the trait `pyo3::impl_::wrap::OkWrap<_>` is not implemented for `std::result::Result<ndarray::ArrayBase<ndarray::OwnedRepr<f64>, ndarray::Dim<[usize; 2]>>, aareg::AaregError>`","suggested_replacement":null,"suggestion_applicability":null,"expansion":{"span":{"file_name":"src/aareg.rs","byte_start":7921,"byte_end":7934,"line_start":215,"line_end":215,"column_start":1,"column_end":14,"is_primary":false,"text":[{"text":"#[pyfunction]","highlight_start":1,"highlight_end":14}],"label":null,"suggested_replacement":null,"suggestion_applicability":null,"expansion":null},"macro_decl_name":"#[pyfunction]","def_site_span":{"file_name":"/home/cameron/.cargo/registry/src/index.crates.io-6f17d22bba15001f/pyo3-macros-0.20.0/src/lib.rs","byte_start":6437,"byte_end":6508,"line_start":140,"line_end":140,"column_start":1,"column_end":72,"is_primary":false,"text":[{"text":"pub fn pyfunction(attr: TokenStream, input: TokenStream) -> TokenStream {","highlight_start":1,"highlight_end":72}],"label":null,"suggested_replacement":null,"suggestion_applicability":null,"expansion":null}}}],"children":[{"message":"the trait `pyo3::impl_::wrap::OkWrap<T>` is implemented for `std::result::Result<T, E>`","code":null,"level":"help","spans":[],"children":[],"rendered":null}],"rendered":"\u001b[0m\u001b[1m\u001b[38;5;9merror[E0277]\u001b[0m\u001b[0m\u001b[1m: the trait bound `std::result::Result<ndarray::ArrayBase<ndarray::OwnedRepr<f64>, ndarray::Dim<[usize; 2]>>, aareg::AaregError>: pyo3::impl_::wrap::OkWrap<_>` is not satisfied\u001b[0m\n\u001b[0m   \u001b[0m\u001b[0m\u001b[1m\u001b[38;5;12m--> \u001b[0m\u001b[0msrc/aareg.rs:215:1\u001b[0m\n\u001b[0m    \u001b[0m\u001b[0m\u001b[1m\u001b[38;5;12m|\u001b[0m\n\u001b[0m\u001b[1m\u001b[38;5;12m215\u001b[0m\u001b[0m \u001b[0m\u001b[0m\u001b[1m\u001b[38;5;12m|\u001b[0m\u001b[0m \u001b[0m\u001b[0m#[pyfunction]\u001b[0m\n\u001b[0m    \u001b[0m\u001b[0m\u001b[1m\u001b[38;5;12m| \u001b[0m\u001b[0m\u001b[1m\u001b[38;5;9m^^^^^^^^^^^^^\u001b[0m\u001b[0m \u001b[0m\u001b[0m\u001b[1m\u001b[38;5;9mthe trait `pyo3::impl_::wrap::OkWrap<_>` is not implemented for `std::result::Result<ndarray::ArrayBase<ndarray::OwnedRepr<f64>, ndarray::Dim<[usize; 2]>>, aareg::AaregError>`\u001b[0m\n\u001b[0m    \u001b[0m\u001b[0m\u001b[1m\u001b[38;5;12m|\u001b[0m\n\u001b[0m    \u001b[0m\u001b[0m\u001b[1m\u001b[38;5;12m= \u001b[0m\u001b[0m\u001b[1mhelp\u001b[0m\u001b[0m: the trait `pyo3::impl_::wrap::OkWrap<T>` \u001b[0m\u001b[0m\u001b[1mis\u001b[0m\u001b[0m implemented for `\u001b[0m\u001b[0m\u001b[1mstd::result::Result<T, E>\u001b[0m\u001b[0m`\u001b[0m\n\u001b[0m    \u001b[0m\u001b[0m\u001b[1m\u001b[38;5;12m= \u001b[0m\u001b[0m\u001b[1mnote\u001b[0m\u001b[0m: this error originates in the attribute macro `pyfunction` (in Nightly builds, run with -Z macro-backtrace for more info)\u001b[0m\n\n"}
{"message":"type annotations needed for `&_`","code":{"code":"E0282","explanation":"The compiler could not infer a type and asked for a type annotation.\n\nErroneous code example:\n\n```compile_fail,E0282\nlet x = \"hello\".chars().rev().collect();\n```\n\nThis error indicates that type inference did not result in one unique possible\ntype, and extra information is required. In most cases this can be provided\nby adding a type annotation. Sometimes you need to specify a generic type\nparameter manually.\n\nA common example is the `collect` method on `Iterator`. It has a generic type\nparameter with a `FromIterator` bound, which for a `char` iterator is\nimplemented by `Vec` and `String` among others. Consider the following snippet\nthat reverses the characters of a string:\n\nIn the first code example, the compiler cannot infer what the type of `x` should\nbe: `Vec<char>` and `String` are both suitable candidates. To specify which type\nto use, you can use a type annotation on `x`:\n\n```\nlet x: Vec<char> = \"hello\".chars().rev().collect();\n```\n\nIt is not necessary to annotate the full type. Once the ambiguity is resolved,\nthe compiler can infer the rest:\n\n```\nlet x: Vec<_> = \"hello\".chars().rev().collect();\n```\n\nAnother way to provide the compiler with enough information, is to specify the\ngeneric type parameter:\n\n```\nlet x = \"hello\".chars().rev().collect::<Vec<char>>();\n```\n\nAgain, you need not specify the full type if the compiler can infer it:\n\n```\nlet x = \"hello\".chars().rev().collect::<Vec<_>>();\n```\n\nApart from a method or function with a generic type parameter, this error can\noccur when a type parameter of a struct or trait cannot be inferred. In that\ncase it is not always possible to use a type annotation, because all candidates\nhave the same return type. For instance:\n\n```compile_fail,E0282\nstruct Foo<T> {\n    num: T,\n}\n\nimpl<T> Foo<T> {\n    fn bar() -> i32 {\n        0\n    }\n\n    fn baz() {\n        let number = Foo::bar();\n    }\n}\n```\n\nThis will fail because the compiler does not know which instance of `Foo` to\ncall `bar` on. Change `Foo::bar()` to `Foo::<T>::bar()` to resolve the error.\n"},"level":"error","spans":[{"file_name":"src/aareg.rs","byte_start":9235,"byte_end":9236,"line_start":258,"line_end":258,"column_start":69,"column_end":70,"is_primary":false,"text":[{"text":"            let filtered_data = data.select(ndarray::Axis(1), |&x| !x.is_nan());","highlight_start":69,"highlight_end":70}],"label":"type must be known at this point","suggested_replacement":null,"suggestion_applicability":null,"expansion":null},{"file_name":"src/aareg.rs","byte_start":9230,"byte_end":9232,"line_start":258,"line_end":258,"column_start":64,"column_end":66,"is_primary":true,"text":[{"text":"            let filtered_data = data.select(ndarray::Axis(1), |&x| !x.is_nan());","highlight_start":64,"highlight_end":66}],"label":null,"suggested_replacement":null,"suggestion_applicability":null,"expansion":null}],"children":[{"message":"consider giving this closure parameter an explicit type, where the placeholders `_` are specified","code":null,"level":"help","spans":[{"file_name":"src/aareg.rs","byte_start":9232,"byte_end":9232,"line_start":258,"line_end":258,"column_start":66,"column_end":66,"is_primary":true,"text":[{"text":"            let filtered_data = data.select(ndarray::Axis(1), |&x| !x.is_nan());","highlight_start":66,"highlight_end":66}],"label":null,"suggested_replacement":": &_","suggestion_applicability":"HasPlaceholders","expansion":null}],"children":[],"rendered":null}],"rendered":"\u001b[0m\u001b[1m\u001b[38;5;9merror[E0282]\u001b[0m\u001b[0m\u001b[1m: type annotations needed for `&_`\u001b[0m\n\u001b[0m   \u001b[0m\u001b[0m\u001b[1m\u001b[38;5;12m--> \u001b[0m\u001b[0msrc/aareg.rs:258:64\u001b[0m\n\u001b[0m    \u001b[0m\u001b[0m\u001b[1m\u001b[38;5;12m|\u001b[0m\n\u001b[0m\u001b[1m\u001b[38;5;12m258\u001b[0m\u001b[0m \u001b[0m\u001b[0m\u001b[1m\u001b[38;5;12m|\u001b[0m\u001b[0m \u001b[0m\u001b[0m            let filtered_data = data.select(ndarray::Axis(1), |&x| !x.is_nan());\u001b[0m\n\u001b[0m    \u001b[0m\u001b[0m\u001b[1m\u001b[38;5;12m| \u001b[0m\u001b[0m                                                               \u001b[0m\u001b[0m\u001b[1m\u001b[38;5;9m^^\u001b[0m\u001b[0m   \u001b[0m\u001b[0m\u001b[1m\u001b[38;5;12m-\u001b[0m\u001b[0m \u001b[0m\u001b[0m\u001b[1m\u001b[38;5;12mtype must be known at this point\u001b[0m\n\u001b[0m    \u001b[0m\u001b[0m\u001b[1m\u001b[38;5;12m|\u001b[0m\n\u001b[0m\u001b[1m\u001b[38;5;14mhelp\u001b[0m\u001b[0m: consider giving this closure parameter an explicit type, where the placeholders `_` are specified\u001b[0m\n\u001b[0m    \u001b[0m\u001b[0m\u001b[1m\u001b[38;5;12m|\u001b[0m\n\u001b[0m\u001b[1m\u001b[38;5;12m258\u001b[0m\u001b[0m \u001b[0m\u001b[0m\u001b[1m\u001b[38;5;12m| \u001b[0m\u001b[0m            let filtered_data = data.select(ndarray::Axis(1), |&x\u001b[0m\u001b[0m\u001b[38;5;10m: &_\u001b[0m\u001b[0m| !x.is_nan());\u001b[0m\n\u001b[0m    \u001b[0m\u001b[0m\u001b[1m\u001b[38;5;12m|\u001b[0m\u001b[0m                                                                  \u001b[0m\u001b[0m\u001b[38;5;10m++++\u001b[0m\n\n"}
{"message":"the trait bound `ndarray::ArrayBase<ndarray::OwnedRepr<f64>, ndarray::Dim<[usize; 2]>>: pyo3::PyClass` is not satisfied","code":{"code":"E0277","explanation":"You tried to use a type which doesn't implement some trait in a place which\nexpected that trait.\n\nErroneous code example:\n\n```compile_fail,E0277\n// here we declare the Foo trait with a bar method\ntrait Foo {\n    fn bar(&self);\n}\n\n// we now declare a function which takes an object implementing the Foo trait\nfn some_func<T: Foo>(foo: T) {\n    foo.bar();\n}\n\nfn main() {\n    // we now call the method with the i32 type, which doesn't implement\n    // the Foo trait\n    some_func(5i32); // error: the trait bound `i32 : Foo` is not satisfied\n}\n```\n\nIn order to fix this error, verify that the type you're using does implement\nthe trait. Example:\n\n```\ntrait Foo {\n    fn bar(&self);\n}\n\n// we implement the trait on the i32 type\nimpl Foo for i32 {\n    fn bar(&self) {}\n}\n\nfn some_func<T: Foo>(foo: T) {\n    foo.bar(); // we can now use this method since i32 implements the\n               // Foo trait\n}\n\nfn main() {\n    some_func(5i32); // ok!\n}\n```\n\nOr in a generic context, an erroneous code example would look like:\n\n```compile_fail,E0277\nfn some_func<T>(foo: T) {\n    println!(\"{:?}\", foo); // error: the trait `core::fmt::Debug` is not\n                           //        implemented for the type `T`\n}\n\nfn main() {\n    // We now call the method with the i32 type,\n    // which *does* implement the Debug trait.\n    some_func(5i32);\n}\n```\n\nNote that the error here is in the definition of the generic function. Although\nwe only call it with a parameter that does implement `Debug`, the compiler\nstill rejects the function. It must work with all possible input types. In\norder to make this example compile, we need to restrict the generic type we're\naccepting:\n\n```\nuse std::fmt;\n\n// Restrict the input type to types that implement Debug.\nfn some_func<T: fmt::Debug>(foo: T) {\n    println!(\"{:?}\", foo);\n}\n\nfn main() {\n    // Calling the method is still fine, as i32 implements Debug.\n    some_func(5i32);\n\n    // This would fail to compile now:\n    // struct WithoutDebug;\n    // some_func(WithoutDebug);\n}\n```\n\nRust only looks at the signature of the called function, as such it must\nalready specify all requirements that will be used for every type parameter.\n"},"level":"error","spans":[{"file_name":"src/aareg.rs","byte_start":8733,"byte_end":8739,"line_start":244,"line_end":244,"column_start":11,"column_end":17,"is_primary":true,"text":[{"text":"    data: Array2<f64>,","highlight_start":11,"highlight_end":17}],"label":"the trait `pyo3::PyClass` is not implemented for `ndarray::ArrayBase<ndarray::OwnedRepr<f64>, ndarray::Dim<[usize; 2]>>`","suggested_replacement":null,"suggestion_applicability":null,"expansion":null}],"children":[{"message":"the following other types implement trait `pyo3::PyClass`:\n  aareg::AaregOptions\n  aareg::Surv\n  aareg::AaregResult\n  aareg::ConfidenceInterval\n  aareg::FitDetails\n  aareg::Diagnostics","code":null,"level":"help","spans":[],"children":[],"rendered":null},{"message":"required for `ndarray::ArrayBase<ndarray::OwnedRepr<f64>, ndarray::Dim<[usize; 2]>>` to implement `pyo3::FromPyObject<'_>`","code":null,"level":"note","spans":[],"children":[],"rendered":null},{"message":"required for `ndarray::ArrayBase<ndarray::OwnedRepr<f64>, ndarray::Dim<[usize; 2]>>` to implement `pyo3::impl_::extract_argument::PyFunctionArgument<'_, '_>`","code":null,"level":"note","spans":[],"children":[],"rendered":null},{"message":"required by a bound in `pyo3::impl_::extract_argument::extract_argument`","code":null,"level":"note","spans":[{"file_name":"/home/cameron/.cargo/registry/src/index.crates.io-6f17d22bba15001f/pyo3-0.20.0/src/impl_/extract_argument.rs","byte_start":1978,"byte_end":1994,"line_start":66,"line_end":66,"column_start":8,"column_end":24,"is_primary":false,"text":[{"text":"pub fn extract_argument<'a, 'py, T>(","highlight_start":8,"highlight_end":24}],"label":"required by a bound in this function","suggested_replacement":null,"suggestion_applicability":null,"expansion":null},{"file_name":"/home/cameron/.cargo/registry/src/index.crates.io-6f17d22bba15001f/pyo3-0.20.0/src/impl_/extract_argument.rs","byte_start":2110,"byte_end":2137,"line_start":72,"line_end":72,"column_start":8,"column_end":35,"is_primary":true,"text":[{"text":"    T: PyFunctionArgument<'a, 'py>,","highlight_start":8,"highlight_end":35}],"label":"required by this bound in `extract_argument`","suggested_replacement":null,"suggestion_applicability":null,"expansion":null}],"children":[],"rendered":null}],"rendered":"\u001b[0m\u001b[1m\u001b[38;5;9merror[E0277]\u001b[0m\u001b[0m\u001b[1m: the trait bound `ndarray::ArrayBase<ndarray::OwnedRepr<f64>, ndarray::Dim<[usize; 2]>>: pyo3::PyClass` is not satisfied\u001b[0m\n\u001b[0m   \u001b[0m\u001b[0m\u001b[1m\u001b[38;5;12m--> \u001b[0m\u001b[0msrc/aareg.rs:244:11\u001b[0m\n\u001b[0m    \u001b[0m\u001b[0m\u001b[1m\u001b[38;5;12m|\u001b[0m\n\u001b[0m\u001b[1m\u001b[38;5;12m244\u001b[0m\u001b[0m \u001b[0m\u001b[0m\u001b[1m\u001b[38;5;12m|\u001b[0m\u001b[0m \u001b[0m\u001b[0m    data: Array2<f64>,\u001b[0m\n\u001b[0m    \u001b[0m\u001b[0m\u001b[1m\u001b[38;5;12m| \u001b[0m\u001b[0m          \u001b[0m\u001b[0m\u001b[1m\u001b[38;5;9m^^^^^^\u001b[0m\u001b[0m \u001b[0m\u001b[0m\u001b[1m\u001b[38;5;9mthe trait `pyo3::PyClass` is not implemented for `ndarray::ArrayBase<ndarray::OwnedRepr<f64>, ndarray::Dim<[usize; 2]>>`\u001b[0m\n\u001b[0m    \u001b[0m\u001b[0m\u001b[1m\u001b[38;5;12m|\u001b[0m\n\u001b[0m    \u001b[0m\u001b[0m\u001b[1m\u001b[38;5;12m= \u001b[0m\u001b[0m\u001b[1mhelp\u001b[0m\u001b[0m: the following other types implement trait `pyo3::PyClass`:\u001b[0m\n\u001b[0m              aareg::AaregOptions\u001b[0m\n\u001b[0m              aareg::Surv\u001b[0m\n\u001b[0m              aareg::AaregResult\u001b[0m\n\u001b[0m              aareg::ConfidenceInterval\u001b[0m\n\u001b[0m              aareg::FitDetails\u001b[0m\n\u001b[0m              aareg::Diagnostics\u001b[0m\n\u001b[0m    \u001b[0m\u001b[0m\u001b[1m\u001b[38;5;12m= \u001b[0m\u001b[0m\u001b[1mnote\u001b[0m\u001b[0m: required for `ndarray::ArrayBase<ndarray::OwnedRepr<f64>, ndarray::Dim<[usize; 2]>>` to implement `pyo3::FromPyObject<'_>`\u001b[0m\n\u001b[0m    \u001b[0m\u001b[0m\u001b[1m\u001b[38;5;12m= \u001b[0m\u001b[0m\u001b[1mnote\u001b[0m\u001b[0m: required for `ndarray::ArrayBase<ndarray::OwnedRepr<f64>, ndarray::Dim<[usize; 2]>>` to implement `pyo3::impl_::extract_argument::PyFunctionArgument<'_, '_>`\u001b[0m\n\u001b[0m\u001b[1m\u001b[38;5;10mnote\u001b[0m\u001b[0m: required by a bound in `pyo3::impl_::extract_argument::extract_argument`\u001b[0m\n\u001b[0m   \u001b[0m\u001b[0m\u001b[1m\u001b[38;5;12m--> \u001b[0m\u001b[0m/home/cameron/.cargo/registry/src/index.crates.io-6f17d22bba15001f/pyo3-0.20.0/src/impl_/extract_argument.rs:72:8\u001b[0m\n\u001b[0m    \u001b[0m\u001b[0m\u001b[1m\u001b[38;5;12m|\u001b[0m\n\u001b[0m\u001b[1m\u001b[38;5;12m66\u001b[0m\u001b[0m  \u001b[0m\u001b[0m\u001b[1m\u001b[38;5;12m|\u001b[0m\u001b[0m \u001b[0m\u001b[0mpub fn extract_argument<'a, 'py, T>(\u001b[0m\n\u001b[0m    \u001b[0m\u001b[0m\u001b[1m\u001b[38;5;12m| \u001b[0m\u001b[0m       \u001b[0m\u001b[0m\u001b[1m\u001b[38;5;12m----------------\u001b[0m\u001b[0m \u001b[0m\u001b[0m\u001b[1m\u001b[38;5;12mrequired by a bound in this function\u001b[0m\n\u001b[0m\u001b[1m\u001b[38;5;12m...\u001b[0m\n\u001b[0m\u001b[1m\u001b[38;5;12m72\u001b[0m\u001b[0m  \u001b[0m\u001b[0m\u001b[1m\u001b[38;5;12m|\u001b[0m\u001b[0m \u001b[0m\u001b[0m    T: PyFunctionArgument<'a, 'py>,\u001b[0m\n\u001b[0m    \u001b[0m\u001b[0m\u001b[1m\u001b[38;5;12m| \u001b[0m\u001b[0m       \u001b[0m\u001b[0m\u001b[1m\u001b[38;5;10m^^^^^^^^^^^^^^^^^^^^^^^^^^^\u001b[0m\u001b[0m \u001b[0m\u001b[0m\u001b[1m\u001b[38;5;10mrequired by this bound in `extract_argument`\u001b[0m\n\n"}
{"message":"the trait bound `aareg::NaAction: pyo3::PyClass` is not satisfied","code":{"code":"E0277","explanation":"You tried to use a type which doesn't implement some trait in a place which\nexpected that trait.\n\nErroneous code example:\n\n```compile_fail,E0277\n// here we declare the Foo trait with a bar method\ntrait Foo {\n    fn bar(&self);\n}\n\n// we now declare a function which takes an object implementing the Foo trait\nfn some_func<T: Foo>(foo: T) {\n    foo.bar();\n}\n\nfn main() {\n    // we now call the method with the i32 type, which doesn't implement\n    // the Foo trait\n    some_func(5i32); // error: the trait bound `i32 : Foo` is not satisfied\n}\n```\n\nIn order to fix this error, verify that the type you're using does implement\nthe trait. Example:\n\n```\ntrait Foo {\n    fn bar(&self);\n}\n\n// we implement the trait on the i32 type\nimpl Foo for i32 {\n    fn bar(&self) {}\n}\n\nfn some_func<T: Foo>(foo: T) {\n    foo.bar(); // we can now use this method since i32 implements the\n               // Foo trait\n}\n\nfn main() {\n    some_func(5i32); // ok!\n}\n```\n\nOr in a generic context, an erroneous code example would look like:\n\n```compile_fail,E0277\nfn some_func<T>(foo: T) {\n    println!(\"{:?}\", foo); // error: the trait `core::fmt::Debug` is not\n                           //        implemented for the type `T`\n}\n\nfn main() {\n    // We now call the method with the i32 type,\n    // which *does* implement the Debug trait.\n    some_func(5i32);\n}\n```\n\nNote that the error here is in the definition of the generic function. Although\nwe only call it with a parameter that does implement `Debug`, the compiler\nstill rejects the function. It must work with all possible input types. In\norder to make this example compile, we need to restrict the generic type we're\naccepting:\n\n```\nuse std::fmt;\n\n// Restrict the input type to types that implement Debug.\nfn some_func<T: fmt::Debug>(foo: T) {\n    println!(\"{:?}\", foo);\n}\n\nfn main() {\n    // Calling the method is still fine, as i32 implements Debug.\n    some_func(5i32);\n\n    // This would fail to compile now:\n    // struct WithoutDebug;\n    // some_func(WithoutDebug);\n}\n```\n\nRust only looks at the signature of the called function, as such it must\nalready specify all requirements that will be used for every type parameter.\n"},"level":"error","spans":[{"file_name":"src/aareg.rs","byte_start":8685,"byte_end":8698,"line_start":242,"line_end":242,"column_start":1,"column_end":14,"is_primary":true,"text":[{"text":"#[pyfunction]","highlight_start":1,"highlight_end":14}],"label":"the trait `pyo3::PyClass` is not implemented for `aareg::NaAction`","suggested_replacement":null,"suggestion_applicability":null,"expansion":null},{"file_name":"src/aareg.rs","byte_start":8761,"byte_end":8767,"line_start":245,"line_end":245,"column_start":16,"column_end":22,"is_primary":false,"text":[{"text":"    na_action: Option<NaAction>,","highlight_start":16,"highlight_end":22}],"label":"required by a bound introduced by this call","suggested_replacement":null,"suggestion_applicability":null,"expansion":null}],"children":[{"message":"the following other types implement trait `pyo3::PyClass`:\n  aareg::AaregOptions\n  aareg::Surv\n  aareg::AaregResult\n  aareg::ConfidenceInterval\n  aareg::FitDetails\n  aareg::Diagnostics","code":null,"level":"help","spans":[],"children":[],"rendered":null},{"message":"required for `aareg::NaAction` to implement `pyo3::FromPyObject<'_>`","code":null,"level":"note","spans":[],"children":[],"rendered":null},{"message":"required for `aareg::NaAction` to implement `pyo3::impl_::extract_argument::PyFunctionArgument<'_, '_>`","code":null,"level":"note","spans":[],"children":[],"rendered":null},{"message":"required by a bound in `pyo3::impl_::extract_argument::extract_optional_argument`","code":null,"level":"note","spans":[{"file_name":"/home/cameron/.cargo/registry/src/index.crates.io-6f17d22bba15001f/pyo3-0.20.0/src/impl_/extract_argument.rs","byte_start":2501,"byte_end":2526,"line_start":83,"line_end":83,"column_start":8,"column_end":33,"is_primary":false,"text":[{"text":"pub fn extract_optional_argument<'a, 'py, T>(","highlight_start":8,"highlight_end":33}],"label":"required by a bound in this function","suggested_replacement":null,"suggestion_applicability":null,"expansion":null},{"file_name":"/home/cameron/.cargo/registry/src/index.crates.io-6f17d22bba15001f/pyo3-0.20.0/src/impl_/extract_argument.rs","byte_start":2690,"byte_end":2717,"line_start":90,"line_end":90,"column_start":8,"column_end":35,"is_primary":true,"text":[{"text":"    T: PyFunctionArgument<'a, 'py>,","highlight_start":8,"highlight_end":35}],"label":"required by this bound in `extract_optional_argument`","suggested_replacement":null,"suggestion_applicability":null,"expansion":null}],"children":[],"rendered":null}],"rendered":"\u001b[0m\u001b[1m\u001b[38;5;9merror[E0277]\u001b[0m\u001b[0m\u001b[1m: the trait bound `aareg::NaAction: pyo3::PyClass` is not satisfied\u001b[0m\n\u001b[0m   \u001b[0m\u001b[0m\u001b[1m\u001b[38;5;12m--> \u001b[0m\u001b[0msrc/aareg.rs:242:1\u001b[0m\n\u001b[0m    \u001b[0m\u001b[0m\u001b[1m\u001b[38;5;12m|\u001b[0m\n\u001b[0m\u001b[1m\u001b[38;5;12m242\u001b[0m\u001b[0m \u001b[0m\u001b[0m\u001b[1m\u001b[38;5;12m|\u001b[0m\u001b[0m \u001b[0m\u001b[0m#[pyfunction]\u001b[0m\n\u001b[0m    \u001b[0m\u001b[0m\u001b[1m\u001b[38;5;12m| \u001b[0m\u001b[0m\u001b[1m\u001b[38;5;9m^^^^^^^^^^^^^\u001b[0m\u001b[0m \u001b[0m\u001b[0m\u001b[1m\u001b[38;5;9mthe trait `pyo3::PyClass` is not implemented for `aareg::NaAction`\u001b[0m\n\u001b[0m\u001b[1m\u001b[38;5;12m...\u001b[0m\n\u001b[0m\u001b[1m\u001b[38;5;12m245\u001b[0m\u001b[0m \u001b[0m\u001b[0m\u001b[1m\u001b[38;5;12m|\u001b[0m\u001b[0m \u001b[0m\u001b[0m    na_action: Option<NaAction>,\u001b[0m\n\u001b[0m    \u001b[0m\u001b[0m\u001b[1m\u001b[38;5;12m| \u001b[0m\u001b[0m               \u001b[0m\u001b[0m\u001b[1m\u001b[38;5;12m------\u001b[0m\u001b[0m \u001b[0m\u001b[0m\u001b[1m\u001b[38;5;12mrequired by a bound introduced by this call\u001b[0m\n\u001b[0m    \u001b[0m\u001b[0m\u001b[1m\u001b[38;5;12m|\u001b[0m\n\u001b[0m    \u001b[0m\u001b[0m\u001b[1m\u001b[38;5;12m= \u001b[0m\u001b[0m\u001b[1mhelp\u001b[0m\u001b[0m: the following other types implement trait `pyo3::PyClass`:\u001b[0m\n\u001b[0m              aareg::AaregOptions\u001b[0m\n\u001b[0m              aareg::Surv\u001b[0m\n\u001b[0m              aareg::AaregResult\u001b[0m\n\u001b[0m              aareg::ConfidenceInterval\u001b[0m\n\u001b[0m              aareg::FitDetails\u001b[0m\n\u001b[0m              aareg::Diagnostics\u001b[0m\n\u001b[0m    \u001b[0m\u001b[0m\u001b[1m\u001b[38;5;12m= \u001b[0m\u001b[0m\u001b[1mnote\u001b[0m\u001b[0m: required for `aareg::NaAction` to implement `pyo3::FromPyObject<'_>`\u001b[0m\n\u001b[0m    \u001b[0m\u001b[0m\u001b[1m\u001b[38;5;12m= \u001b[0m\u001b[0m\u001b[1mnote\u001b[0m\u001b[0m: required for `aareg::NaAction` to implement `pyo3::impl_::extract_argument::PyFunctionArgument<'_, '_>`\u001b[0m\n\u001b[0m\u001b[1m\u001b[38;5;10mnote\u001b[0m\u001b[0m: required by a bound in `pyo3::impl_::extract_argument::extract_optional_argument`\u001b[0m\n\u001b[0m   \u001b[0m\u001b[0m\u001b[1m\u001b[38;5;12m--> \u001b[0m\u001b[0m/home/cameron/.cargo/registry/src/index.crates.io-6f17d22bba15001f/pyo3-0.20.0/src/impl_/extract_argument.rs:90:8\u001b[0m\n\u001b[0m    \u001b[0m\u001b[0m\u001b[1m\u001b[38;5;12m|\u001b[0m\n\u001b[0m\u001b[1m\u001b[38;5;12m83\u001b[0m\u001b[0m  \u001b[0m\u001b[0m\u001b[1m\u001b[38;5;12m|\u001b[0m\u001b[0m \u001b[0m\u001b[0mpub fn extract_optional_argument<'a, 'py, T>(\u001b[0m\n\u001b[0m    \u001b[0m\u001b[0m\u001b[1m\u001b[38;5;12m| \u001b[0m\u001b[0m       \u001b[0m\u001b[0m\u001b[1m\u001b[38;5;12m-------------------------\u001b[0m\u001b[0m \u001b[0m\u001b[0m\u001b[1m\u001b[38;5;12mrequired by a bound in this function\u001b[0m\n\u001b[0m\u001b[1m\u001b[38;5;12m...\u001b[0m\n\u001b[0m\u001b[1m\u001b[38;5;12m90\u001b[0m\u001b[0m  \u001b[0m\u001b[0m\u001b[1m\u001b[38;5;12m|\u001b[0m\u001b[0m \u001b[0m\u001b[0m    T: PyFunctionArgument<'a, 'py>,\u001b[0m\n\u001b[0m    \u001b[0m\u001b[0m\u001b[1m\u001b[38;5;12m| \u001b[0m\u001b[0m       \u001b[0m\u001b[0m\u001b[1m\u001b[38;5;10m^^^^^^^^^^^^^^^^^^^^^^^^^^^\u001b[0m\u001b[0m \u001b[0m\u001b[0m\u001b[1m\u001b[38;5;10mrequired by this bound in `extract_optional_argument`\u001b[0m\n\n"}
{"message":"the trait bound `aareg::NaAction: std::clone::Clone` is not satisfied","code":{"code":"E0277","explanation":"You tried to use a type which doesn't implement some trait in a place which\nexpected that trait.\n\nErroneous code example:\n\n```compile_fail,E0277\n// here we declare the Foo trait with a bar method\ntrait Foo {\n    fn bar(&self);\n}\n\n// we now declare a function which takes an object implementing the Foo trait\nfn some_func<T: Foo>(foo: T) {\n    foo.bar();\n}\n\nfn main() {\n    // we now call the method with the i32 type, which doesn't implement\n    // the Foo trait\n    some_func(5i32); // error: the trait bound `i32 : Foo` is not satisfied\n}\n```\n\nIn order to fix this error, verify that the type you're using does implement\nthe trait. Example:\n\n```\ntrait Foo {\n    fn bar(&self);\n}\n\n// we implement the trait on the i32 type\nimpl Foo for i32 {\n    fn bar(&self) {}\n}\n\nfn some_func<T: Foo>(foo: T) {\n    foo.bar(); // we can now use this method since i32 implements the\n               // Foo trait\n}\n\nfn main() {\n    some_func(5i32); // ok!\n}\n```\n\nOr in a generic context, an erroneous code example would look like:\n\n```compile_fail,E0277\nfn some_func<T>(foo: T) {\n    println!(\"{:?}\", foo); // error: the trait `core::fmt::Debug` is not\n                           //        implemented for the type `T`\n}\n\nfn main() {\n    // We now call the method with the i32 type,\n    // which *does* implement the Debug trait.\n    some_func(5i32);\n}\n```\n\nNote that the error here is in the definition of the generic function. Although\nwe only call it with a parameter that does implement `Debug`, the compiler\nstill rejects the function. It must work with all possible input types. In\norder to make this example compile, we need to restrict the generic type we're\naccepting:\n\n```\nuse std::fmt;\n\n// Restrict the input type to types that implement Debug.\nfn some_func<T: fmt::Debug>(foo: T) {\n    println!(\"{:?}\", foo);\n}\n\nfn main() {\n    // Calling the method is still fine, as i32 implements Debug.\n    some_func(5i32);\n\n    // This would fail to compile now:\n    // struct WithoutDebug;\n    // some_func(WithoutDebug);\n}\n```\n\nRust only looks at the signature of the called function, as such it must\nalready specify all requirements that will be used for every type parameter.\n"},"level":"error","spans":[{"file_name":"src/aareg.rs","byte_start":8685,"byte_end":8698,"line_start":242,"line_end":242,"column_start":1,"column_end":14,"is_primary":true,"text":[{"text":"#[pyfunction]","highlight_start":1,"highlight_end":14}],"label":"the trait `std::clone::Clone` is not implemented for `aareg::NaAction`","suggested_replacement":null,"suggestion_applicability":null,"expansion":null},{"file_name":"src/aareg.rs","byte_start":8761,"byte_end":8767,"line_start":245,"line_end":245,"column_start":16,"column_end":22,"is_primary":false,"text":[{"text":"    na_action: Option<NaAction>,","highlight_start":16,"highlight_end":22}],"label":"required by a bound introduced by this call","suggested_replacement":null,"suggestion_applicability":null,"expansion":null}],"children":[{"message":"the following other types implement trait `pyo3::impl_::extract_argument::PyFunctionArgument<'a, 'py>`:\n  &'a aareg::AaregOptions\n  &'a mut aareg::AaregOptions\n  &'a aareg::Surv\n  &'a mut aareg::Surv\n  &'a aareg::AaregResult\n  &'a mut aareg::AaregResult\n  &'a aareg::ConfidenceInterval\n  &'a mut aareg::ConfidenceInterval\nand 4 others","code":null,"level":"help","spans":[],"children":[],"rendered":null},{"message":"required for `aareg::NaAction` to implement `pyo3::FromPyObject<'_>`","code":null,"level":"note","spans":[],"children":[],"rendered":null},{"message":"required for `aareg::NaAction` to implement `pyo3::impl_::extract_argument::PyFunctionArgument<'_, '_>`","code":null,"level":"note","spans":[],"children":[],"rendered":null},{"message":"required by a bound in `pyo3::impl_::extract_argument::extract_optional_argument`","code":null,"level":"note","spans":[{"file_name":"/home/cameron/.cargo/registry/src/index.crates.io-6f17d22bba15001f/pyo3-0.20.0/src/impl_/extract_argument.rs","byte_start":2501,"byte_end":2526,"line_start":83,"line_end":83,"column_start":8,"column_end":33,"is_primary":false,"text":[{"text":"pub fn extract_optional_argument<'a, 'py, T>(","highlight_start":8,"highlight_end":33}],"label":"required by a bound in this function","suggested_replacement":null,"suggestion_applicability":null,"expansion":null},{"file_name":"/home/cameron/.cargo/registry/src/index.crates.io-6f17d22bba15001f/pyo3-0.20.0/src/impl_/extract_argument.rs","byte_start":2690,"byte_end":2717,"line_start":90,"line_end":90,"column_start":8,"column_end":35,"is_primary":true,"text":[{"text":"    T: PyFunctionArgument<'a, 'py>,","highlight_start":8,"highlight_end":35}],"label":"required by this bound in `extract_optional_argument`","suggested_replacement":null,"suggestion_applicability":null,"expansion":null}],"children":[],"rendered":null},{"message":"consider annotating `aareg::NaAction` with `#[derive(Clone)]`","code":null,"level":"help","spans":[{"file_name":"src/aareg.rs","byte_start":194,"byte_end":194,"line_start":8,"line_end":8,"column_start":1,"column_end":1,"is_primary":true,"text":[{"text":"enum NaAction {","highlight_start":1,"highlight_end":1}],"label":null,"suggested_replacement":"#[derive(Clone)]\n","suggestion_applicability":"MaybeIncorrect","expansion":null}],"children":[],"rendered":null}],"rendered":"\u001b[0m\u001b[1m\u001b[38;5;9merror[E0277]\u001b[0m\u001b[0m\u001b[1m: the trait bound `aareg::NaAction: std::clone::Clone` is not satisfied\u001b[0m\n\u001b[0m   \u001b[0m\u001b[0m\u001b[1m\u001b[38;5;12m--> \u001b[0m\u001b[0msrc/aareg.rs:242:1\u001b[0m\n\u001b[0m    \u001b[0m\u001b[0m\u001b[1m\u001b[38;5;12m|\u001b[0m\n\u001b[0m\u001b[1m\u001b[38;5;12m242\u001b[0m\u001b[0m \u001b[0m\u001b[0m\u001b[1m\u001b[38;5;12m|\u001b[0m\u001b[0m \u001b[0m\u001b[0m#[pyfunction]\u001b[0m\n\u001b[0m    \u001b[0m\u001b[0m\u001b[1m\u001b[38;5;12m| \u001b[0m\u001b[0m\u001b[1m\u001b[38;5;9m^^^^^^^^^^^^^\u001b[0m\u001b[0m \u001b[0m\u001b[0m\u001b[1m\u001b[38;5;9mthe trait `std::clone::Clone` is not implemented for `aareg::NaAction`\u001b[0m\n\u001b[0m\u001b[1m\u001b[38;5;12m...\u001b[0m\n\u001b[0m\u001b[1m\u001b[38;5;12m245\u001b[0m\u001b[0m \u001b[0m\u001b[0m\u001b[1m\u001b[38;5;12m|\u001b[0m\u001b[0m \u001b[0m\u001b[0m    na_action: Option<NaAction>,\u001b[0m\n\u001b[0m    \u001b[0m\u001b[0m\u001b[1m\u001b[38;5;12m| \u001b[0m\u001b[0m               \u001b[0m\u001b[0m\u001b[1m\u001b[38;5;12m------\u001b[0m\u001b[0m \u001b[0m\u001b[0m\u001b[1m\u001b[38;5;12mrequired by a bound introduced by this call\u001b[0m\n\u001b[0m    \u001b[0m\u001b[0m\u001b[1m\u001b[38;5;12m|\u001b[0m\n\u001b[0m    \u001b[0m\u001b[0m\u001b[1m\u001b[38;5;12m= \u001b[0m\u001b[0m\u001b[1mhelp\u001b[0m\u001b[0m: the following other types implement trait `pyo3::impl_::extract_argument::PyFunctionArgument<'a, 'py>`:\u001b[0m\n\u001b[0m              &'a aareg::AaregOptions\u001b[0m\n\u001b[0m              &'a mut aareg::AaregOptions\u001b[0m\n\u001b[0m              &'a aareg::Surv\u001b[0m\n\u001b[0m              &'a mut aareg::Surv\u001b[0m\n\u001b[0m              &'a aareg::AaregResult\u001b[0m\n\u001b[0m              &'a mut aareg::AaregResult\u001b[0m\n\u001b[0m              &'a aareg::ConfidenceInterval\u001b[0m\n\u001b[0m              &'a mut aareg::ConfidenceInterval\u001b[0m\n\u001b[0m            and 4 others\u001b[0m\n\u001b[0m    \u001b[0m\u001b[0m\u001b[1m\u001b[38;5;12m= \u001b[0m\u001b[0m\u001b[1mnote\u001b[0m\u001b[0m: required for `aareg::NaAction` to implement `pyo3::FromPyObject<'_>`\u001b[0m\n\u001b[0m    \u001b[0m\u001b[0m\u001b[1m\u001b[38;5;12m= \u001b[0m\u001b[0m\u001b[1mnote\u001b[0m\u001b[0m: required for `aareg::NaAction` to implement `pyo3::impl_::extract_argument::PyFunctionArgument<'_, '_>`\u001b[0m\n\u001b[0m\u001b[1m\u001b[38;5;10mnote\u001b[0m\u001b[0m: required by a bound in `pyo3::impl_::extract_argument::extract_optional_argument`\u001b[0m\n\u001b[0m   \u001b[0m\u001b[0m\u001b[1m\u001b[38;5;12m--> \u001b[0m\u001b[0m/home/cameron/.cargo/registry/src/index.crates.io-6f17d22bba15001f/pyo3-0.20.0/src/impl_/extract_argument.rs:90:8\u001b[0m\n\u001b[0m    \u001b[0m\u001b[0m\u001b[1m\u001b[38;5;12m|\u001b[0m\n\u001b[0m\u001b[1m\u001b[38;5;12m83\u001b[0m\u001b[0m  \u001b[0m\u001b[0m\u001b[1m\u001b[38;5;12m|\u001b[0m\u001b[0m \u001b[0m\u001b[0mpub fn extract_optional_argument<'a, 'py, T>(\u001b[0m\n\u001b[0m    \u001b[0m\u001b[0m\u001b[1m\u001b[38;5;12m| \u001b[0m\u001b[0m       \u001b[0m\u001b[0m\u001b[1m\u001b[38;5;12m-------------------------\u001b[0m\u001b[0m \u001b[0m\u001b[0m\u001b[1m\u001b[38;5;12mrequired by a bound in this function\u001b[0m\n\u001b[0m\u001b[1m\u001b[38;5;12m...\u001b[0m\n\u001b[0m\u001b[1m\u001b[38;5;12m90\u001b[0m\u001b[0m  \u001b[0m\u001b[0m\u001b[1m\u001b[38;5;12m|\u001b[0m\u001b[0m \u001b[0m\u001b[0m    T: PyFunctionArgument<'a, 'py>,\u001b[0m\n\u001b[0m    \u001b[0m\u001b[0m\u001b[1m\u001b[38;5;12m| \u001b[0m\u001b[0m       \u001b[0m\u001b[0m\u001b[1m\u001b[38;5;10m^^^^^^^^^^^^^^^^^^^^^^^^^^^\u001b[0m\u001b[0m \u001b[0m\u001b[0m\u001b[1m\u001b[38;5;10mrequired by this bound in `extract_optional_argument`\u001b[0m\n\u001b[0m\u001b[1m\u001b[38;5;14mhelp\u001b[0m\u001b[0m: consider annotating `aareg::NaAction` with `#[derive(Clone)]`\u001b[0m\n\u001b[0m    \u001b[0m\u001b[0m\u001b[1m\u001b[38;5;12m|\u001b[0m\n\u001b[0m\u001b[1m\u001b[38;5;12m8\u001b[0m\u001b[0m   \u001b[0m\u001b[0m\u001b[38;5;10m+ #[derive(Clone)]\u001b[0m\n\u001b[0m\u001b[1m\u001b[38;5;12m9\u001b[0m\u001b[0m   \u001b[0m\u001b[0m\u001b[1m\u001b[38;5;12m| \u001b[0m\u001b[0menum NaAction {\u001b[0m\n\u001b[0m    \u001b[0m\u001b[0m\u001b[1m\u001b[38;5;12m|\u001b[0m\n\n"}
{"message":"the trait bound `std::result::Result<ndarray::ArrayBase<ndarray::OwnedRepr<f64>, ndarray::Dim<[usize; 2]>>, aareg::AaregError>: pyo3::impl_::wrap::OkWrap<_>` is not satisfied","code":{"code":"E0277","explanation":"You tried to use a type which doesn't implement some trait in a place which\nexpected that trait.\n\nErroneous code example:\n\n```compile_fail,E0277\n// here we declare the Foo trait with a bar method\ntrait Foo {\n    fn bar(&self);\n}\n\n// we now declare a function which takes an object implementing the Foo trait\nfn some_func<T: Foo>(foo: T) {\n    foo.bar();\n}\n\nfn main() {\n    // we now call the method with the i32 type, which doesn't implement\n    // the Foo trait\n    some_func(5i32); // error: the trait bound `i32 : Foo` is not satisfied\n}\n```\n\nIn order to fix this error, verify that the type you're using does implement\nthe trait. Example:\n\n```\ntrait Foo {\n    fn bar(&self);\n}\n\n// we implement the trait on the i32 type\nimpl Foo for i32 {\n    fn bar(&self) {}\n}\n\nfn some_func<T: Foo>(foo: T) {\n    foo.bar(); // we can now use this method since i32 implements the\n               // Foo trait\n}\n\nfn main() {\n    some_func(5i32); // ok!\n}\n```\n\nOr in a generic context, an erroneous code example would look like:\n\n```compile_fail,E0277\nfn some_func<T>(foo: T) {\n    println!(\"{:?}\", foo); // error: the trait `core::fmt::Debug` is not\n                           //        implemented for the type `T`\n}\n\nfn main() {\n    // We now call the method with the i32 type,\n    // which *does* implement the Debug trait.\n    some_func(5i32);\n}\n```\n\nNote that the error here is in the definition of the generic function. Although\nwe only call it with a parameter that does implement `Debug`, the compiler\nstill rejects the function. It must work with all possible input types. In\norder to make this example compile, we need to restrict the generic type we're\naccepting:\n\n```\nuse std::fmt;\n\n// Restrict the input type to types that implement Debug.\nfn some_func<T: fmt::Debug>(foo: T) {\n    println!(\"{:?}\", foo);\n}\n\nfn main() {\n    // Calling the method is still fine, as i32 implements Debug.\n    some_func(5i32);\n\n    // This would fail to compile now:\n    // struct WithoutDebug;\n    // some_func(WithoutDebug);\n}\n```\n\nRust only looks at the signature of the called function, as such it must\nalready specify all requirements that will be used for every type parameter.\n"},"level":"error","spans":[{"file_name":"src/aareg.rs","byte_start":8685,"byte_end":8698,"line_start":242,"line_end":242,"column_start":1,"column_end":14,"is_primary":true,"text":[{"text":"#[pyfunction]","highlight_start":1,"highlight_end":14}],"label":"the trait `pyo3::impl_::wrap::OkWrap<_>` is not implemented for `std::result::Result<ndarray::ArrayBase<ndarray::OwnedRepr<f64>, ndarray::Dim<[usize; 2]>>, aareg::AaregError>`","suggested_replacement":null,"suggestion_applicability":null,"expansion":{"span":{"file_name":"src/aareg.rs","byte_start":8685,"byte_end":8698,"line_start":242,"line_end":242,"column_start":1,"column_end":14,"is_primary":false,"text":[{"text":"#[pyfunction]","highlight_start":1,"highlight_end":14}],"label":null,"suggested_replacement":null,"suggestion_applicability":null,"expansion":null},"macro_decl_name":"#[pyfunction]","def_site_span":{"file_name":"/home/cameron/.cargo/registry/src/index.crates.io-6f17d22bba15001f/pyo3-macros-0.20.0/src/lib.rs","byte_start":6437,"byte_end":6508,"line_start":140,"line_end":140,"column_start":1,"column_end":72,"is_primary":false,"text":[{"text":"pub fn pyfunction(attr: TokenStream, input: TokenStream) -> TokenStream {","highlight_start":1,"highlight_end":72}],"label":null,"suggested_replacement":null,"suggestion_applicability":null,"expansion":null}}}],"children":[{"message":"the trait `pyo3::impl_::wrap::OkWrap<T>` is implemented for `std::result::Result<T, E>`","code":null,"level":"help","spans":[],"children":[],"rendered":null}],"rendered":"\u001b[0m\u001b[1m\u001b[38;5;9merror[E0277]\u001b[0m\u001b[0m\u001b[1m: the trait bound `std::result::Result<ndarray::ArrayBase<ndarray::OwnedRepr<f64>, ndarray::Dim<[usize; 2]>>, aareg::AaregError>: pyo3::impl_::wrap::OkWrap<_>` is not satisfied\u001b[0m\n\u001b[0m   \u001b[0m\u001b[0m\u001b[1m\u001b[38;5;12m--> \u001b[0m\u001b[0msrc/aareg.rs:242:1\u001b[0m\n\u001b[0m    \u001b[0m\u001b[0m\u001b[1m\u001b[38;5;12m|\u001b[0m\n\u001b[0m\u001b[1m\u001b[38;5;12m242\u001b[0m\u001b[0m \u001b[0m\u001b[0m\u001b[1m\u001b[38;5;12m|\u001b[0m\u001b[0m \u001b[0m\u001b[0m#[pyfunction]\u001b[0m\n\u001b[0m    \u001b[0m\u001b[0m\u001b[1m\u001b[38;5;12m| \u001b[0m\u001b[0m\u001b[1m\u001b[38;5;9m^^^^^^^^^^^^^\u001b[0m\u001b[0m \u001b[0m\u001b[0m\u001b[1m\u001b[38;5;9mthe trait `pyo3::impl_::wrap::OkWrap<_>` is not implemented for `std::result::Result<ndarray::ArrayBase<ndarray::OwnedRepr<f64>, ndarray::Dim<[usize; 2]>>, aareg::AaregError>`\u001b[0m\n\u001b[0m    \u001b[0m\u001b[0m\u001b[1m\u001b[38;5;12m|\u001b[0m\n\u001b[0m    \u001b[0m\u001b[0m\u001b[1m\u001b[38;5;12m= \u001b[0m\u001b[0m\u001b[1mhelp\u001b[0m\u001b[0m: the trait `pyo3::impl_::wrap::OkWrap<T>` \u001b[0m\u001b[0m\u001b[1mis\u001b[0m\u001b[0m implemented for `\u001b[0m\u001b[0m\u001b[1mstd::result::Result<T, E>\u001b[0m\u001b[0m`\u001b[0m\n\u001b[0m    \u001b[0m\u001b[0m\u001b[1m\u001b[38;5;12m= \u001b[0m\u001b[0m\u001b[1mnote\u001b[0m\u001b[0m: this error originates in the attribute macro `pyfunction` (in Nightly builds, run with -Z macro-backtrace for more info)\u001b[0m\n\n"}
{"message":"the trait bound `aareg::NaAction: pyo3::PyClass` is not satisfied","code":{"code":"E0277","explanation":"You tried to use a type which doesn't implement some trait in a place which\nexpected that trait.\n\nErroneous code example:\n\n```compile_fail,E0277\n// here we declare the Foo trait with a bar method\ntrait Foo {\n    fn bar(&self);\n}\n\n// we now declare a function which takes an object implementing the Foo trait\nfn some_func<T: Foo>(foo: T) {\n    foo.bar();\n}\n\nfn main() {\n    // we now call the method with the i32 type, which doesn't implement\n    // the Foo trait\n    some_func(5i32); // error: the trait bound `i32 : Foo` is not satisfied\n}\n```\n\nIn order to fix this error, verify that the type you're using does implement\nthe trait. Example:\n\n```\ntrait Foo {\n    fn bar(&self);\n}\n\n// we implement the trait on the i32 type\nimpl Foo for i32 {\n    fn bar(&self) {}\n}\n\nfn some_func<T: Foo>(foo: T) {\n    foo.bar(); // we can now use this method since i32 implements the\n               // Foo trait\n}\n\nfn main() {\n    some_func(5i32); // ok!\n}\n```\n\nOr in a generic context, an erroneous code example would look like:\n\n```compile_fail,E0277\nfn some_func<T>(foo: T) {\n    println!(\"{:?}\", foo); // error: the trait `core::fmt::Debug` is not\n                           //        implemented for the type `T`\n}\n\nfn main() {\n    // We now call the method with the i32 type,\n    // which *does* implement the Debug trait.\n    some_func(5i32);\n}\n```\n\nNote that the error here is in the definition of the generic function. Although\nwe only call it with a parameter that does implement `Debug`, the compiler\nstill rejects the function. It must work with all possible input types. In\norder to make this example compile, we need to restrict the generic type we're\naccepting:\n\n```\nuse std::fmt;\n\n// Restrict the input type to types that implement Debug.\nfn some_func<T: fmt::Debug>(foo: T) {\n    println!(\"{:?}\", foo);\n}\n\nfn main() {\n    // Calling the method is still fine, as i32 implements Debug.\n    some_func(5i32);\n\n    // This would fail to compile now:\n    // struct WithoutDebug;\n    // some_func(WithoutDebug);\n}\n```\n\nRust only looks at the signature of the called function, as such it must\nalready specify all requirements that will be used for every type parameter.\n"},"level":"error","spans":[{"file_name":"src/aareg.rs","byte_start":8761,"byte_end":8767,"line_start":245,"line_end":245,"column_start":16,"column_end":22,"is_primary":true,"text":[{"text":"    na_action: Option<NaAction>,","highlight_start":16,"highlight_end":22}],"label":"the trait `pyo3::PyClass` is not implemented for `aareg::NaAction`","suggested_replacement":null,"suggestion_applicability":null,"expansion":null}],"children":[{"message":"the following other types implement trait `pyo3::PyClass`:\n  aareg::AaregOptions\n  aareg::Surv\n  aareg::AaregResult\n  aareg::ConfidenceInterval\n  aareg::FitDetails\n  aareg::Diagnostics","code":null,"level":"help","spans":[],"children":[],"rendered":null},{"message":"required for `aareg::NaAction` to implement `pyo3::FromPyObject<'_>`","code":null,"level":"note","spans":[],"children":[],"rendered":null},{"message":"required for `aareg::NaAction` to implement `pyo3::impl_::extract_argument::PyFunctionArgument<'_, '_>`","code":null,"level":"note","spans":[],"children":[],"rendered":null}],"rendered":"\u001b[0m\u001b[1m\u001b[38;5;9merror[E0277]\u001b[0m\u001b[0m\u001b[1m: the trait bound `aareg::NaAction: pyo3::PyClass` is not satisfied\u001b[0m\n\u001b[0m   \u001b[0m\u001b[0m\u001b[1m\u001b[38;5;12m--> \u001b[0m\u001b[0msrc/aareg.rs:245:16\u001b[0m\n\u001b[0m    \u001b[0m\u001b[0m\u001b[1m\u001b[38;5;12m|\u001b[0m\n\u001b[0m\u001b[1m\u001b[38;5;12m245\u001b[0m\u001b[0m \u001b[0m\u001b[0m\u001b[1m\u001b[38;5;12m|\u001b[0m\u001b[0m \u001b[0m\u001b[0m    na_action: Option<NaAction>,\u001b[0m\n\u001b[0m    \u001b[0m\u001b[0m\u001b[1m\u001b[38;5;12m| \u001b[0m\u001b[0m               \u001b[0m\u001b[0m\u001b[1m\u001b[38;5;9m^^^^^^\u001b[0m\u001b[0m \u001b[0m\u001b[0m\u001b[1m\u001b[38;5;9mthe trait `pyo3::PyClass` is not implemented for `aareg::NaAction`\u001b[0m\n\u001b[0m    \u001b[0m\u001b[0m\u001b[1m\u001b[38;5;12m|\u001b[0m\n\u001b[0m    \u001b[0m\u001b[0m\u001b[1m\u001b[38;5;12m= \u001b[0m\u001b[0m\u001b[1mhelp\u001b[0m\u001b[0m: the following other types implement trait `pyo3::PyClass`:\u001b[0m\n\u001b[0m              aareg::AaregOptions\u001b[0m\n\u001b[0m              aareg::Surv\u001b[0m\n\u001b[0m              aareg::AaregResult\u001b[0m\n\u001b[0m              aareg::ConfidenceInterval\u001b[0m\n\u001b[0m              aareg::FitDetails\u001b[0m\n\u001b[0m              aareg::Diagnostics\u001b[0m\n\u001b[0m    \u001b[0m\u001b[0m\u001b[1m\u001b[38;5;12m= \u001b[0m\u001b[0m\u001b[1mnote\u001b[0m\u001b[0m: required for `aareg::NaAction` to implement `pyo3::FromPyObject<'_>`\u001b[0m\n\u001b[0m    \u001b[0m\u001b[0m\u001b[1m\u001b[38;5;12m= \u001b[0m\u001b[0m\u001b[1mnote\u001b[0m\u001b[0m: required for `aareg::NaAction` to implement `pyo3::impl_::extract_argument::PyFunctionArgument<'_, '_>`\u001b[0m\n\n"}
{"message":"the trait bound `aareg::NaAction: std::clone::Clone` is not satisfied","code":{"code":"E0277","explanation":"You tried to use a type which doesn't implement some trait in a place which\nexpected that trait.\n\nErroneous code example:\n\n```compile_fail,E0277\n// here we declare the Foo trait with a bar method\ntrait Foo {\n    fn bar(&self);\n}\n\n// we now declare a function which takes an object implementing the Foo trait\nfn some_func<T: Foo>(foo: T) {\n    foo.bar();\n}\n\nfn main() {\n    // we now call the method with the i32 type, which doesn't implement\n    // the Foo trait\n    some_func(5i32); // error: the trait bound `i32 : Foo` is not satisfied\n}\n```\n\nIn order to fix this error, verify that the type you're using does implement\nthe trait. Example:\n\n```\ntrait Foo {\n    fn bar(&self);\n}\n\n// we implement the trait on the i32 type\nimpl Foo for i32 {\n    fn bar(&self) {}\n}\n\nfn some_func<T: Foo>(foo: T) {\n    foo.bar(); // we can now use this method since i32 implements the\n               // Foo trait\n}\n\nfn main() {\n    some_func(5i32); // ok!\n}\n```\n\nOr in a generic context, an erroneous code example would look like:\n\n```compile_fail,E0277\nfn some_func<T>(foo: T) {\n    println!(\"{:?}\", foo); // error: the trait `core::fmt::Debug` is not\n                           //        implemented for the type `T`\n}\n\nfn main() {\n    // We now call the method with the i32 type,\n    // which *does* implement the Debug trait.\n    some_func(5i32);\n}\n```\n\nNote that the error here is in the definition of the generic function. Although\nwe only call it with a parameter that does implement `Debug`, the compiler\nstill rejects the function. It must work with all possible input types. In\norder to make this example compile, we need to restrict the generic type we're\naccepting:\n\n```\nuse std::fmt;\n\n// Restrict the input type to types that implement Debug.\nfn some_func<T: fmt::Debug>(foo: T) {\n    println!(\"{:?}\", foo);\n}\n\nfn main() {\n    // Calling the method is still fine, as i32 implements Debug.\n    some_func(5i32);\n\n    // This would fail to compile now:\n    // struct WithoutDebug;\n    // some_func(WithoutDebug);\n}\n```\n\nRust only looks at the signature of the called function, as such it must\nalready specify all requirements that will be used for every type parameter.\n"},"level":"error","spans":[{"file_name":"src/aareg.rs","byte_start":8761,"byte_end":8767,"line_start":245,"line_end":245,"column_start":16,"column_end":22,"is_primary":true,"text":[{"text":"    na_action: Option<NaAction>,","highlight_start":16,"highlight_end":22}],"label":"the trait `std::clone::Clone` is not implemented for `aareg::NaAction`","suggested_replacement":null,"suggestion_applicability":null,"expansion":null}],"children":[{"message":"the following other types implement trait `pyo3::impl_::extract_argument::PyFunctionArgument<'a, 'py>`:\n  &'a aareg::AaregOptions\n  &'a mut aareg::AaregOptions\n  &'a aareg::Surv\n  &'a mut aareg::Surv\n  &'a aareg::AaregResult\n  &'a mut aareg::AaregResult\n  &'a aareg::ConfidenceInterval\n  &'a mut aareg::ConfidenceInterval\nand 4 others","code":null,"level":"help","spans":[],"children":[],"rendered":null},{"message":"required for `aareg::NaAction` to implement `pyo3::FromPyObject<'_>`","code":null,"level":"note","spans":[],"children":[],"rendered":null},{"message":"required for `aareg::NaAction` to implement `pyo3::impl_::extract_argument::PyFunctionArgument<'_, '_>`","code":null,"level":"note","spans":[],"children":[],"rendered":null},{"message":"consider annotating `aareg::NaAction` with `#[derive(Clone)]`","code":null,"level":"help","spans":[{"file_name":"src/aareg.rs","byte_start":194,"byte_end":194,"line_start":8,"line_end":8,"column_start":1,"column_end":1,"is_primary":true,"text":[{"text":"enum NaAction {","highlight_start":1,"highlight_end":1}],"label":null,"suggested_replacement":"#[derive(Clone)]\n","suggestion_applicability":"MaybeIncorrect","expansion":null}],"children":[],"rendered":null}],"rendered":"\u001b[0m\u001b[1m\u001b[38;5;9merror[E0277]\u001b[0m\u001b[0m\u001b[1m: the trait bound `aareg::NaAction: std::clone::Clone` is not satisfied\u001b[0m\n\u001b[0m   \u001b[0m\u001b[0m\u001b[1m\u001b[38;5;12m--> \u001b[0m\u001b[0msrc/aareg.rs:245:16\u001b[0m\n\u001b[0m    \u001b[0m\u001b[0m\u001b[1m\u001b[38;5;12m|\u001b[0m\n\u001b[0m\u001b[1m\u001b[38;5;12m245\u001b[0m\u001b[0m \u001b[0m\u001b[0m\u001b[1m\u001b[38;5;12m|\u001b[0m\u001b[0m \u001b[0m\u001b[0m    na_action: Option<NaAction>,\u001b[0m\n\u001b[0m    \u001b[0m\u001b[0m\u001b[1m\u001b[38;5;12m| \u001b[0m\u001b[0m               \u001b[0m\u001b[0m\u001b[1m\u001b[38;5;9m^^^^^^\u001b[0m\u001b[0m \u001b[0m\u001b[0m\u001b[1m\u001b[38;5;9mthe trait `std::clone::Clone` is not implemented for `aareg::NaAction`\u001b[0m\n\u001b[0m    \u001b[0m\u001b[0m\u001b[1m\u001b[38;5;12m|\u001b[0m\n\u001b[0m    \u001b[0m\u001b[0m\u001b[1m\u001b[38;5;12m= \u001b[0m\u001b[0m\u001b[1mhelp\u001b[0m\u001b[0m: the following other types implement trait `pyo3::impl_::extract_argument::PyFunctionArgument<'a, 'py>`:\u001b[0m\n\u001b[0m              &'a aareg::AaregOptions\u001b[0m\n\u001b[0m              &'a mut aareg::AaregOptions\u001b[0m\n\u001b[0m              &'a aareg::Surv\u001b[0m\n\u001b[0m              &'a mut aareg::Surv\u001b[0m\n\u001b[0m              &'a aareg::AaregResult\u001b[0m\n\u001b[0m              &'a mut aareg::AaregResult\u001b[0m\n\u001b[0m              &'a aareg::ConfidenceInterval\u001b[0m\n\u001b[0m              &'a mut aareg::ConfidenceInterval\u001b[0m\n\u001b[0m            and 4 others\u001b[0m\n\u001b[0m    \u001b[0m\u001b[0m\u001b[1m\u001b[38;5;12m= \u001b[0m\u001b[0m\u001b[1mnote\u001b[0m\u001b[0m: required for `aareg::NaAction` to implement `pyo3::FromPyObject<'_>`\u001b[0m\n\u001b[0m    \u001b[0m\u001b[0m\u001b[1m\u001b[38;5;12m= \u001b[0m\u001b[0m\u001b[1mnote\u001b[0m\u001b[0m: required for `aareg::NaAction` to implement `pyo3::impl_::extract_argument::PyFunctionArgument<'_, '_>`\u001b[0m\n\u001b[0m\u001b[1m\u001b[38;5;14mhelp\u001b[0m\u001b[0m: consider annotating `aareg::NaAction` with `#[derive(Clone)]`\u001b[0m\n\u001b[0m    \u001b[0m\u001b[0m\u001b[1m\u001b[38;5;12m|\u001b[0m\n\u001b[0m\u001b[1m\u001b[38;5;12m8\u001b[0m\u001b[0m   \u001b[0m\u001b[0m\u001b[38;5;10m+ #[derive(Clone)]\u001b[0m\n\u001b[0m\u001b[1m\u001b[38;5;12m9\u001b[0m\u001b[0m   \u001b[0m\u001b[0m\u001b[1m\u001b[38;5;12m| \u001b[0m\u001b[0menum NaAction {\u001b[0m\n\u001b[0m    \u001b[0m\u001b[0m\u001b[1m\u001b[38;5;12m|\u001b[0m\n\n"}
{"message":"no method named `column_names` found for reference `&ndarray::ArrayBase<ndarray::OwnedRepr<f64>, ndarray::Dim<[usize; 2]>>` in the current scope","code":{"code":"E0599","explanation":"This error occurs when a method is used on a type which doesn't implement it:\n\nErroneous code example:\n\n```compile_fail,E0599\nstruct Mouth;\n\nlet x = Mouth;\nx.chocolate(); // error: no method named `chocolate` found for type `Mouth`\n               //        in the current scope\n```\n\nIn this case, you need to implement the `chocolate` method to fix the error:\n\n```\nstruct Mouth;\n\nimpl Mouth {\n    fn chocolate(&self) { // We implement the `chocolate` method here.\n        println!(\"Hmmm! I love chocolate!\");\n    }\n}\n\nlet x = Mouth;\nx.chocolate(); // ok!\n```\n"},"level":"error","spans":[{"file_name":"src/aareg.rs","byte_start":9530,"byte_end":9542,"line_start":271,"line_end":271,"column_start":37,"column_end":49,"is_primary":true,"text":[{"text":"    let response_index = match data.column_names().iter().position(|s| s == response) {","highlight_start":37,"highlight_end":49}],"label":null,"suggested_replacement":null,"suggestion_applicability":null,"expansion":null}],"children":[{"message":"there is a method with a similar name","code":null,"level":"help","spans":[{"file_name":"src/aareg.rs","byte_start":9530,"byte_end":9542,"line_start":271,"line_end":271,"column_start":37,"column_end":49,"is_primary":true,"text":[{"text":"    let response_index = match data.column_names().iter().position(|s| s == response) {","highlight_start":37,"highlight_end":49}],"label":null,"suggested_replacement":"columns","suggestion_applicability":"MaybeIncorrect","expansion":null}],"children":[],"rendered":null}],"rendered":"\u001b[0m\u001b[1m\u001b[38;5;9merror[E0599]\u001b[0m\u001b[0m\u001b[1m: no method named `column_names` found for reference `&ndarray::ArrayBase<ndarray::OwnedRepr<f64>, ndarray::Dim<[usize; 2]>>` in the current scope\u001b[0m\n\u001b[0m   \u001b[0m\u001b[0m\u001b[1m\u001b[38;5;12m--> \u001b[0m\u001b[0msrc/aareg.rs:271:37\u001b[0m\n\u001b[0m    \u001b[0m\u001b[0m\u001b[1m\u001b[38;5;12m|\u001b[0m\n\u001b[0m\u001b[1m\u001b[38;5;12m271\u001b[0m\u001b[0m \u001b[0m\u001b[0m\u001b[1m\u001b[38;5;12m|\u001b[0m\u001b[0m \u001b[0m\u001b[0m    let response_index = match data.column_names().iter().position(|s| s == response) {\u001b[0m\n\u001b[0m    \u001b[0m\u001b[0m\u001b[1m\u001b[38;5;12m| \u001b[0m\u001b[0m                                    \u001b[0m\u001b[0m\u001b[1m\u001b[38;5;9m^^^^^^^^^^^^\u001b[0m\u001b[0m \u001b[0m\u001b[0m\u001b[1m\u001b[38;5;9mhelp: there is a method with a similar name: `columns`\u001b[0m\n\n"}
{"message":"no method named `column_names` found for reference `&ndarray::ArrayBase<ndarray::OwnedRepr<f64>, ndarray::Dim<[usize; 2]>>` in the current scope","code":{"code":"E0599","explanation":"This error occurs when a method is used on a type which doesn't implement it:\n\nErroneous code example:\n\n```compile_fail,E0599\nstruct Mouth;\n\nlet x = Mouth;\nx.chocolate(); // error: no method named `chocolate` found for type `Mouth`\n               //        in the current scope\n```\n\nIn this case, you need to implement the `chocolate` method to fix the error:\n\n```\nstruct Mouth;\n\nimpl Mouth {\n    fn chocolate(&self) { // We implement the `chocolate` method here.\n        println!(\"Hmmm! I love chocolate!\");\n    }\n}\n\nlet x = Mouth;\nx.chocolate(); // ok!\n```\n"},"level":"error","spans":[{"file_name":"src/aareg.rs","byte_start":9853,"byte_end":9865,"line_start":281,"line_end":281,"column_start":29,"column_end":41,"is_primary":true,"text":[{"text":"        .map(|c| match data.column_names().iter().position(|s| s == c) {","highlight_start":29,"highlight_end":41}],"label":null,"suggested_replacement":null,"suggestion_applicability":null,"expansion":null}],"children":[{"message":"there is a method with a similar name","code":null,"level":"help","spans":[{"file_name":"src/aareg.rs","byte_start":9853,"byte_end":9865,"line_start":281,"line_end":281,"column_start":29,"column_end":41,"is_primary":true,"text":[{"text":"        .map(|c| match data.column_names().iter().position(|s| s == c) {","highlight_start":29,"highlight_end":41}],"label":null,"suggested_replacement":"columns","suggestion_applicability":"MaybeIncorrect","expansion":null}],"children":[],"rendered":null}],"rendered":"\u001b[0m\u001b[1m\u001b[38;5;9merror[E0599]\u001b[0m\u001b[0m\u001b[1m: no method named `column_names` found for reference `&ndarray::ArrayBase<ndarray::OwnedRepr<f64>, ndarray::Dim<[usize; 2]>>` in the current scope\u001b[0m\n\u001b[0m   \u001b[0m\u001b[0m\u001b[1m\u001b[38;5;12m--> \u001b[0m\u001b[0msrc/aareg.rs:281:29\u001b[0m\n\u001b[0m    \u001b[0m\u001b[0m\u001b[1m\u001b[38;5;12m|\u001b[0m\n\u001b[0m\u001b[1m\u001b[38;5;12m281\u001b[0m\u001b[0m \u001b[0m\u001b[0m\u001b[1m\u001b[38;5;12m|\u001b[0m\u001b[0m \u001b[0m\u001b[0m        .map(|c| match data.column_names().iter().position(|s| s == c) {\u001b[0m\n\u001b[0m    \u001b[0m\u001b[0m\u001b[1m\u001b[38;5;12m| \u001b[0m\u001b[0m                            \u001b[0m\u001b[0m\u001b[1m\u001b[38;5;9m^^^^^^^^^^^^\u001b[0m\u001b[0m \u001b[0m\u001b[0m\u001b[1m\u001b[38;5;9mhelp: there is a method with a similar name: `columns`\u001b[0m\n\n"}
{"message":"the trait bound `&ndarray::ArrayBase<ndarray::OwnedRepr<f64>, ndarray::Dim<[usize; 2]>>: pyo3::PyClass` is not satisfied","code":{"code":"E0277","explanation":"You tried to use a type which doesn't implement some trait in a place which\nexpected that trait.\n\nErroneous code example:\n\n```compile_fail,E0277\n// here we declare the Foo trait with a bar method\ntrait Foo {\n    fn bar(&self);\n}\n\n// we now declare a function which takes an object implementing the Foo trait\nfn some_func<T: Foo>(foo: T) {\n    foo.bar();\n}\n\nfn main() {\n    // we now call the method with the i32 type, which doesn't implement\n    // the Foo trait\n    some_func(5i32); // error: the trait bound `i32 : Foo` is not satisfied\n}\n```\n\nIn order to fix this error, verify that the type you're using does implement\nthe trait. Example:\n\n```\ntrait Foo {\n    fn bar(&self);\n}\n\n// we implement the trait on the i32 type\nimpl Foo for i32 {\n    fn bar(&self) {}\n}\n\nfn some_func<T: Foo>(foo: T) {\n    foo.bar(); // we can now use this method since i32 implements the\n               // Foo trait\n}\n\nfn main() {\n    some_func(5i32); // ok!\n}\n```\n\nOr in a generic context, an erroneous code example would look like:\n\n```compile_fail,E0277\nfn some_func<T>(foo: T) {\n    println!(\"{:?}\", foo); // error: the trait `core::fmt::Debug` is not\n                           //        implemented for the type `T`\n}\n\nfn main() {\n    // We now call the method with the i32 type,\n    // which *does* implement the Debug trait.\n    some_func(5i32);\n}\n```\n\nNote that the error here is in the definition of the generic function. Although\nwe only call it with a parameter that does implement `Debug`, the compiler\nstill rejects the function. It must work with all possible input types. In\norder to make this example compile, we need to restrict the generic type we're\naccepting:\n\n```\nuse std::fmt;\n\n// Restrict the input type to types that implement Debug.\nfn some_func<T: fmt::Debug>(foo: T) {\n    println!(\"{:?}\", foo);\n}\n\nfn main() {\n    // Calling the method is still fine, as i32 implements Debug.\n    some_func(5i32);\n\n    // This would fail to compile now:\n    // struct WithoutDebug;\n    // some_func(WithoutDebug);\n}\n```\n\nRust only looks at the signature of the called function, as such it must\nalready specify all requirements that will be used for every type parameter.\n"},"level":"error","spans":[{"file_name":"src/aareg.rs","byte_start":9379,"byte_end":9380,"line_start":267,"line_end":267,"column_start":11,"column_end":12,"is_primary":true,"text":[{"text":"    data: &Array2<f64>,","highlight_start":11,"highlight_end":12}],"label":"the trait `pyo3::PyClass` is not implemented for `&ndarray::ArrayBase<ndarray::OwnedRepr<f64>, ndarray::Dim<[usize; 2]>>`","suggested_replacement":null,"suggestion_applicability":null,"expansion":null}],"children":[{"message":"the following other types implement trait `pyo3::PyClass`:\n  aareg::AaregOptions\n  aareg::Surv\n  aareg::AaregResult\n  aareg::ConfidenceInterval\n  aareg::FitDetails\n  aareg::Diagnostics","code":null,"level":"help","spans":[],"children":[],"rendered":null},{"message":"required for `&ndarray::ArrayBase<ndarray::OwnedRepr<f64>, ndarray::Dim<[usize; 2]>>` to implement `pyo3::FromPyObject<'_>`","code":null,"level":"note","spans":[],"children":[],"rendered":null},{"message":"required for `&ndarray::ArrayBase<ndarray::OwnedRepr<f64>, ndarray::Dim<[usize; 2]>>` to implement `pyo3::impl_::extract_argument::PyFunctionArgument<'_, '_>`","code":null,"level":"note","spans":[],"children":[],"rendered":null},{"message":"required by a bound in `pyo3::impl_::extract_argument::extract_argument`","code":null,"level":"note","spans":[{"file_name":"/home/cameron/.cargo/registry/src/index.crates.io-6f17d22bba15001f/pyo3-0.20.0/src/impl_/extract_argument.rs","byte_start":1978,"byte_end":1994,"line_start":66,"line_end":66,"column_start":8,"column_end":24,"is_primary":false,"text":[{"text":"pub fn extract_argument<'a, 'py, T>(","highlight_start":8,"highlight_end":24}],"label":"required by a bound in this function","suggested_replacement":null,"suggestion_applicability":null,"expansion":null},{"file_name":"/home/cameron/.cargo/registry/src/index.crates.io-6f17d22bba15001f/pyo3-0.20.0/src/impl_/extract_argument.rs","byte_start":2110,"byte_end":2137,"line_start":72,"line_end":72,"column_start":8,"column_end":35,"is_primary":true,"text":[{"text":"    T: PyFunctionArgument<'a, 'py>,","highlight_start":8,"highlight_end":35}],"label":"required by this bound in `extract_argument`","suggested_replacement":null,"suggestion_applicability":null,"expansion":null}],"children":[],"rendered":null}],"rendered":"\u001b[0m\u001b[1m\u001b[38;5;9merror[E0277]\u001b[0m\u001b[0m\u001b[1m: the trait bound `&ndarray::ArrayBase<ndarray::OwnedRepr<f64>, ndarray::Dim<[usize; 2]>>: pyo3::PyClass` is not satisfied\u001b[0m\n\u001b[0m   \u001b[0m\u001b[0m\u001b[1m\u001b[38;5;12m--> \u001b[0m\u001b[0msrc/aareg.rs:267:11\u001b[0m\n\u001b[0m    \u001b[0m\u001b[0m\u001b[1m\u001b[38;5;12m|\u001b[0m\n\u001b[0m\u001b[1m\u001b[38;5;12m267\u001b[0m\u001b[0m \u001b[0m\u001b[0m\u001b[1m\u001b[38;5;12m|\u001b[0m\u001b[0m \u001b[0m\u001b[0m    data: &Array2<f64>,\u001b[0m\n\u001b[0m    \u001b[0m\u001b[0m\u001b[1m\u001b[38;5;12m| \u001b[0m\u001b[0m          \u001b[0m\u001b[0m\u001b[1m\u001b[38;5;9m^\u001b[0m\u001b[0m \u001b[0m\u001b[0m\u001b[1m\u001b[38;5;9mthe trait `pyo3::PyClass` is not implemented for `&ndarray::ArrayBase<ndarray::OwnedRepr<f64>, ndarray::Dim<[usize; 2]>>`\u001b[0m\n\u001b[0m    \u001b[0m\u001b[0m\u001b[1m\u001b[38;5;12m|\u001b[0m\n\u001b[0m    \u001b[0m\u001b[0m\u001b[1m\u001b[38;5;12m= \u001b[0m\u001b[0m\u001b[1mhelp\u001b[0m\u001b[0m: the following other types implement trait `pyo3::PyClass`:\u001b[0m\n\u001b[0m              aareg::AaregOptions\u001b[0m\n\u001b[0m              aareg::Surv\u001b[0m\n\u001b[0m              aareg::AaregResult\u001b[0m\n\u001b[0m              aareg::ConfidenceInterval\u001b[0m\n\u001b[0m              aareg::FitDetails\u001b[0m\n\u001b[0m              aareg::Diagnostics\u001b[0m\n\u001b[0m    \u001b[0m\u001b[0m\u001b[1m\u001b[38;5;12m= \u001b[0m\u001b[0m\u001b[1mnote\u001b[0m\u001b[0m: required for `&ndarray::ArrayBase<ndarray::OwnedRepr<f64>, ndarray::Dim<[usize; 2]>>` to implement `pyo3::FromPyObject<'_>`\u001b[0m\n\u001b[0m    \u001b[0m\u001b[0m\u001b[1m\u001b[38;5;12m= \u001b[0m\u001b[0m\u001b[1mnote\u001b[0m\u001b[0m: required for `&ndarray::ArrayBase<ndarray::OwnedRepr<f64>, ndarray::Dim<[usize; 2]>>` to implement `pyo3::impl_::extract_argument::PyFunctionArgument<'_, '_>`\u001b[0m\n\u001b[0m\u001b[1m\u001b[38;5;10mnote\u001b[0m\u001b[0m: required by a bound in `pyo3::impl_::extract_argument::extract_argument`\u001b[0m\n\u001b[0m   \u001b[0m\u001b[0m\u001b[1m\u001b[38;5;12m--> \u001b[0m\u001b[0m/home/cameron/.cargo/registry/src/index.crates.io-6f17d22bba15001f/pyo3-0.20.0/src/impl_/extract_argument.rs:72:8\u001b[0m\n\u001b[0m    \u001b[0m\u001b[0m\u001b[1m\u001b[38;5;12m|\u001b[0m\n\u001b[0m\u001b[1m\u001b[38;5;12m66\u001b[0m\u001b[0m  \u001b[0m\u001b[0m\u001b[1m\u001b[38;5;12m|\u001b[0m\u001b[0m \u001b[0m\u001b[0mpub fn extract_argument<'a, 'py, T>(\u001b[0m\n\u001b[0m    \u001b[0m\u001b[0m\u001b[1m\u001b[38;5;12m| \u001b[0m\u001b[0m       \u001b[0m\u001b[0m\u001b[1m\u001b[38;5;12m----------------\u001b[0m\u001b[0m \u001b[0m\u001b[0m\u001b[1m\u001b[38;5;12mrequired by a bound in this function\u001b[0m\n\u001b[0m\u001b[1m\u001b[38;5;12m...\u001b[0m\n\u001b[0m\u001b[1m\u001b[38;5;12m72\u001b[0m\u001b[0m  \u001b[0m\u001b[0m\u001b[1m\u001b[38;5;12m|\u001b[0m\u001b[0m \u001b[0m\u001b[0m    T: PyFunctionArgument<'a, 'py>,\u001b[0m\n\u001b[0m    \u001b[0m\u001b[0m\u001b[1m\u001b[38;5;12m| \u001b[0m\u001b[0m       \u001b[0m\u001b[0m\u001b[1m\u001b[38;5;10m^^^^^^^^^^^^^^^^^^^^^^^^^^^\u001b[0m\u001b[0m \u001b[0m\u001b[0m\u001b[1m\u001b[38;5;10mrequired by this bound in `extract_argument`\u001b[0m\n\n"}
{"message":"the trait bound `&[std::string::String]: pyo3::PyClass` is not satisfied","code":{"code":"E0277","explanation":"You tried to use a type which doesn't implement some trait in a place which\nexpected that trait.\n\nErroneous code example:\n\n```compile_fail,E0277\n// here we declare the Foo trait with a bar method\ntrait Foo {\n    fn bar(&self);\n}\n\n// we now declare a function which takes an object implementing the Foo trait\nfn some_func<T: Foo>(foo: T) {\n    foo.bar();\n}\n\nfn main() {\n    // we now call the method with the i32 type, which doesn't implement\n    // the Foo trait\n    some_func(5i32); // error: the trait bound `i32 : Foo` is not satisfied\n}\n```\n\nIn order to fix this error, verify that the type you're using does implement\nthe trait. Example:\n\n```\ntrait Foo {\n    fn bar(&self);\n}\n\n// we implement the trait on the i32 type\nimpl Foo for i32 {\n    fn bar(&self) {}\n}\n\nfn some_func<T: Foo>(foo: T) {\n    foo.bar(); // we can now use this method since i32 implements the\n               // Foo trait\n}\n\nfn main() {\n    some_func(5i32); // ok!\n}\n```\n\nOr in a generic context, an erroneous code example would look like:\n\n```compile_fail,E0277\nfn some_func<T>(foo: T) {\n    println!(\"{:?}\", foo); // error: the trait `core::fmt::Debug` is not\n                           //        implemented for the type `T`\n}\n\nfn main() {\n    // We now call the method with the i32 type,\n    // which *does* implement the Debug trait.\n    some_func(5i32);\n}\n```\n\nNote that the error here is in the definition of the generic function. Although\nwe only call it with a parameter that does implement `Debug`, the compiler\nstill rejects the function. It must work with all possible input types. In\norder to make this example compile, we need to restrict the generic type we're\naccepting:\n\n```\nuse std::fmt;\n\n// Restrict the input type to types that implement Debug.\nfn some_func<T: fmt::Debug>(foo: T) {\n    println!(\"{:?}\", foo);\n}\n\nfn main() {\n    // Calling the method is still fine, as i32 implements Debug.\n    some_func(5i32);\n\n    // This would fail to compile now:\n    // struct WithoutDebug;\n    // some_func(WithoutDebug);\n}\n```\n\nRust only looks at the signature of the called function, as such it must\nalready specify all requirements that will be used for every type parameter.\n"},"level":"error","spans":[{"file_name":"src/aareg.rs","byte_start":9429,"byte_end":9430,"line_start":269,"line_end":269,"column_start":17,"column_end":18,"is_primary":true,"text":[{"text":"    covariates: &[String],","highlight_start":17,"highlight_end":18}],"label":"the trait `pyo3::PyClass` is not implemented for `&[std::string::String]`","suggested_replacement":null,"suggestion_applicability":null,"expansion":null}],"children":[{"message":"the following other types implement trait `pyo3::PyClass`:\n  aareg::AaregOptions\n  aareg::Surv\n  aareg::AaregResult\n  aareg::ConfidenceInterval\n  aareg::FitDetails\n  aareg::Diagnostics","code":null,"level":"help","spans":[],"children":[],"rendered":null},{"message":"required for `&[std::string::String]` to implement `pyo3::FromPyObject<'_>`","code":null,"level":"note","spans":[],"children":[],"rendered":null},{"message":"required for `&[std::string::String]` to implement `pyo3::impl_::extract_argument::PyFunctionArgument<'_, '_>`","code":null,"level":"note","spans":[],"children":[],"rendered":null},{"message":"required by a bound in `pyo3::impl_::extract_argument::extract_argument`","code":null,"level":"note","spans":[{"file_name":"/home/cameron/.cargo/registry/src/index.crates.io-6f17d22bba15001f/pyo3-0.20.0/src/impl_/extract_argument.rs","byte_start":1978,"byte_end":1994,"line_start":66,"line_end":66,"column_start":8,"column_end":24,"is_primary":false,"text":[{"text":"pub fn extract_argument<'a, 'py, T>(","highlight_start":8,"highlight_end":24}],"label":"required by a bound in this function","suggested_replacement":null,"suggestion_applicability":null,"expansion":null},{"file_name":"/home/cameron/.cargo/registry/src/index.crates.io-6f17d22bba15001f/pyo3-0.20.0/src/impl_/extract_argument.rs","byte_start":2110,"byte_end":2137,"line_start":72,"line_end":72,"column_start":8,"column_end":35,"is_primary":true,"text":[{"text":"    T: PyFunctionArgument<'a, 'py>,","highlight_start":8,"highlight_end":35}],"label":"required by this bound in `extract_argument`","suggested_replacement":null,"suggestion_applicability":null,"expansion":null}],"children":[],"rendered":null}],"rendered":"\u001b[0m\u001b[1m\u001b[38;5;9merror[E0277]\u001b[0m\u001b[0m\u001b[1m: the trait bound `&[std::string::String]: pyo3::PyClass` is not satisfied\u001b[0m\n\u001b[0m   \u001b[0m\u001b[0m\u001b[1m\u001b[38;5;12m--> \u001b[0m\u001b[0msrc/aareg.rs:269:17\u001b[0m\n\u001b[0m    \u001b[0m\u001b[0m\u001b[1m\u001b[38;5;12m|\u001b[0m\n\u001b[0m\u001b[1m\u001b[38;5;12m269\u001b[0m\u001b[0m \u001b[0m\u001b[0m\u001b[1m\u001b[38;5;12m|\u001b[0m\u001b[0m \u001b[0m\u001b[0m    covariates: &[String],\u001b[0m\n\u001b[0m    \u001b[0m\u001b[0m\u001b[1m\u001b[38;5;12m| \u001b[0m\u001b[0m                \u001b[0m\u001b[0m\u001b[1m\u001b[38;5;9m^\u001b[0m\u001b[0m \u001b[0m\u001b[0m\u001b[1m\u001b[38;5;9mthe trait `pyo3::PyClass` is not implemented for `&[std::string::String]`\u001b[0m\n\u001b[0m    \u001b[0m\u001b[0m\u001b[1m\u001b[38;5;12m|\u001b[0m\n\u001b[0m    \u001b[0m\u001b[0m\u001b[1m\u001b[38;5;12m= \u001b[0m\u001b[0m\u001b[1mhelp\u001b[0m\u001b[0m: the following other types implement trait `pyo3::PyClass`:\u001b[0m\n\u001b[0m              aareg::AaregOptions\u001b[0m\n\u001b[0m              aareg::Surv\u001b[0m\n\u001b[0m              aareg::AaregResult\u001b[0m\n\u001b[0m              aareg::ConfidenceInterval\u001b[0m\n\u001b[0m              aareg::FitDetails\u001b[0m\n\u001b[0m              aareg::Diagnostics\u001b[0m\n\u001b[0m    \u001b[0m\u001b[0m\u001b[1m\u001b[38;5;12m= \u001b[0m\u001b[0m\u001b[1mnote\u001b[0m\u001b[0m: required for `&[std::string::String]` to implement `pyo3::FromPyObject<'_>`\u001b[0m\n\u001b[0m    \u001b[0m\u001b[0m\u001b[1m\u001b[38;5;12m= \u001b[0m\u001b[0m\u001b[1mnote\u001b[0m\u001b[0m: required for `&[std::string::String]` to implement `pyo3::impl_::extract_argument::PyFunctionArgument<'_, '_>`\u001b[0m\n\u001b[0m\u001b[1m\u001b[38;5;10mnote\u001b[0m\u001b[0m: required by a bound in `pyo3::impl_::extract_argument::extract_argument`\u001b[0m\n\u001b[0m   \u001b[0m\u001b[0m\u001b[1m\u001b[38;5;12m--> \u001b[0m\u001b[0m/home/cameron/.cargo/registry/src/index.crates.io-6f17d22bba15001f/pyo3-0.20.0/src/impl_/extract_argument.rs:72:8\u001b[0m\n\u001b[0m    \u001b[0m\u001b[0m\u001b[1m\u001b[38;5;12m|\u001b[0m\n\u001b[0m\u001b[1m\u001b[38;5;12m66\u001b[0m\u001b[0m  \u001b[0m\u001b[0m\u001b[1m\u001b[38;5;12m|\u001b[0m\u001b[0m \u001b[0m\u001b[0mpub fn extract_argument<'a, 'py, T>(\u001b[0m\n\u001b[0m    \u001b[0m\u001b[0m\u001b[1m\u001b[38;5;12m| \u001b[0m\u001b[0m       \u001b[0m\u001b[0m\u001b[1m\u001b[38;5;12m----------------\u001b[0m\u001b[0m \u001b[0m\u001b[0m\u001b[1m\u001b[38;5;12mrequired by a bound in this function\u001b[0m\n\u001b[0m\u001b[1m\u001b[38;5;12m...\u001b[0m\n\u001b[0m\u001b[1m\u001b[38;5;12m72\u001b[0m\u001b[0m  \u001b[0m\u001b[0m\u001b[1m\u001b[38;5;12m|\u001b[0m\u001b[0m \u001b[0m\u001b[0m    T: PyFunctionArgument<'a, 'py>,\u001b[0m\n\u001b[0m    \u001b[0m\u001b[0m\u001b[1m\u001b[38;5;12m| \u001b[0m\u001b[0m       \u001b[0m\u001b[0m\u001b[1m\u001b[38;5;10m^^^^^^^^^^^^^^^^^^^^^^^^^^^\u001b[0m\u001b[0m \u001b[0m\u001b[0m\u001b[1m\u001b[38;5;10mrequired by this bound in `extract_argument`\u001b[0m\n\n"}
{"message":"the trait bound `std::result::Result<(ndarray::ArrayBase<ndarray::OwnedRepr<f64>, ndarray::Dim<[usize; 2]>>, ndarray::ArrayBase<ndarray::OwnedRepr<f64>, ndarray::Dim<[usize; 2]>>), aareg::AaregError>: pyo3::impl_::wrap::OkWrap<_>` is not satisfied","code":{"code":"E0277","explanation":"You tried to use a type which doesn't implement some trait in a place which\nexpected that trait.\n\nErroneous code example:\n\n```compile_fail,E0277\n// here we declare the Foo trait with a bar method\ntrait Foo {\n    fn bar(&self);\n}\n\n// we now declare a function which takes an object implementing the Foo trait\nfn some_func<T: Foo>(foo: T) {\n    foo.bar();\n}\n\nfn main() {\n    // we now call the method with the i32 type, which doesn't implement\n    // the Foo trait\n    some_func(5i32); // error: the trait bound `i32 : Foo` is not satisfied\n}\n```\n\nIn order to fix this error, verify that the type you're using does implement\nthe trait. Example:\n\n```\ntrait Foo {\n    fn bar(&self);\n}\n\n// we implement the trait on the i32 type\nimpl Foo for i32 {\n    fn bar(&self) {}\n}\n\nfn some_func<T: Foo>(foo: T) {\n    foo.bar(); // we can now use this method since i32 implements the\n               // Foo trait\n}\n\nfn main() {\n    some_func(5i32); // ok!\n}\n```\n\nOr in a generic context, an erroneous code example would look like:\n\n```compile_fail,E0277\nfn some_func<T>(foo: T) {\n    println!(\"{:?}\", foo); // error: the trait `core::fmt::Debug` is not\n                           //        implemented for the type `T`\n}\n\nfn main() {\n    // We now call the method with the i32 type,\n    // which *does* implement the Debug trait.\n    some_func(5i32);\n}\n```\n\nNote that the error here is in the definition of the generic function. Although\nwe only call it with a parameter that does implement `Debug`, the compiler\nstill rejects the function. It must work with all possible input types. In\norder to make this example compile, we need to restrict the generic type we're\naccepting:\n\n```\nuse std::fmt;\n\n// Restrict the input type to types that implement Debug.\nfn some_func<T: fmt::Debug>(foo: T) {\n    println!(\"{:?}\", foo);\n}\n\nfn main() {\n    // Calling the method is still fine, as i32 implements Debug.\n    some_func(5i32);\n\n    // This would fail to compile now:\n    // struct WithoutDebug;\n    // some_func(WithoutDebug);\n}\n```\n\nRust only looks at the signature of the called function, as such it must\nalready specify all requirements that will be used for every type parameter.\n"},"level":"error","spans":[{"file_name":"src/aareg.rs","byte_start":9323,"byte_end":9336,"line_start":265,"line_end":265,"column_start":1,"column_end":14,"is_primary":true,"text":[{"text":"#[pyfunction]","highlight_start":1,"highlight_end":14}],"label":"the trait `pyo3::impl_::wrap::OkWrap<_>` is not implemented for `std::result::Result<(ndarray::ArrayBase<ndarray::OwnedRepr<f64>, ndarray::Dim<[usize; 2]>>, ndarray::ArrayBase<ndarray::OwnedRepr<f64>, ndarray::Dim<[usize; 2]>>), aareg::AaregError>`","suggested_replacement":null,"suggestion_applicability":null,"expansion":{"span":{"file_name":"src/aareg.rs","byte_start":9323,"byte_end":9336,"line_start":265,"line_end":265,"column_start":1,"column_end":14,"is_primary":false,"text":[{"text":"#[pyfunction]","highlight_start":1,"highlight_end":14}],"label":null,"suggested_replacement":null,"suggestion_applicability":null,"expansion":null},"macro_decl_name":"#[pyfunction]","def_site_span":{"file_name":"/home/cameron/.cargo/registry/src/index.crates.io-6f17d22bba15001f/pyo3-macros-0.20.0/src/lib.rs","byte_start":6437,"byte_end":6508,"line_start":140,"line_end":140,"column_start":1,"column_end":72,"is_primary":false,"text":[{"text":"pub fn pyfunction(attr: TokenStream, input: TokenStream) -> TokenStream {","highlight_start":1,"highlight_end":72}],"label":null,"suggested_replacement":null,"suggestion_applicability":null,"expansion":null}}}],"children":[{"message":"the trait `pyo3::impl_::wrap::OkWrap<T>` is implemented for `std::result::Result<T, E>`","code":null,"level":"help","spans":[],"children":[],"rendered":null}],"rendered":"\u001b[0m\u001b[1m\u001b[38;5;9merror[E0277]\u001b[0m\u001b[0m\u001b[1m: the trait bound `std::result::Result<(ndarray::ArrayBase<ndarray::OwnedRepr<f64>, ndarray::Dim<[usize; 2]>>, ndarray::ArrayBase<ndarray::OwnedRepr<f64>, ndarray::Dim<[usize; 2]>>), aareg::AaregError>: pyo3::impl_::wrap::OkWrap<_>` is not satisfied\u001b[0m\n\u001b[0m   \u001b[0m\u001b[0m\u001b[1m\u001b[38;5;12m--> \u001b[0m\u001b[0msrc/aareg.rs:265:1\u001b[0m\n\u001b[0m    \u001b[0m\u001b[0m\u001b[1m\u001b[38;5;12m|\u001b[0m\n\u001b[0m\u001b[1m\u001b[38;5;12m265\u001b[0m\u001b[0m \u001b[0m\u001b[0m\u001b[1m\u001b[38;5;12m|\u001b[0m\u001b[0m \u001b[0m\u001b[0m#[pyfunction]\u001b[0m\n\u001b[0m    \u001b[0m\u001b[0m\u001b[1m\u001b[38;5;12m| \u001b[0m\u001b[0m\u001b[1m\u001b[38;5;9m^^^^^^^^^^^^^\u001b[0m\u001b[0m \u001b[0m\u001b[0m\u001b[1m\u001b[38;5;9mthe trait `pyo3::impl_::wrap::OkWrap<_>` is not implemented for `std::result::Result<(ndarray::ArrayBase<ndarray::OwnedRepr<f64>, ndarray::Dim<[usize; 2]>>, ndarray::ArrayBase<ndarray::OwnedRepr<f64>, ndarray::Dim<[usize; 2]>>), aareg::AaregError>`\u001b[0m\n\u001b[0m    \u001b[0m\u001b[0m\u001b[1m\u001b[38;5;12m|\u001b[0m\n\u001b[0m    \u001b[0m\u001b[0m\u001b[1m\u001b[38;5;12m= \u001b[0m\u001b[0m\u001b[1mhelp\u001b[0m\u001b[0m: the trait `pyo3::impl_::wrap::OkWrap<T>` \u001b[0m\u001b[0m\u001b[1mis\u001b[0m\u001b[0m implemented for `\u001b[0m\u001b[0m\u001b[1mstd::result::Result<T, E>\u001b[0m\u001b[0m`\u001b[0m\n\u001b[0m    \u001b[0m\u001b[0m\u001b[1m\u001b[38;5;12m= \u001b[0m\u001b[0m\u001b[1mnote\u001b[0m\u001b[0m: this error originates in the attribute macro `pyfunction` (in Nightly builds, run with -Z macro-backtrace for more info)\u001b[0m\n\n"}
{"message":"the trait bound `&ndarray::ArrayBase<ndarray::OwnedRepr<f64>, ndarray::Dim<[usize; 2]>>: pyo3::PyClass` is not satisfied","code":{"code":"E0277","explanation":"You tried to use a type which doesn't implement some trait in a place which\nexpected that trait.\n\nErroneous code example:\n\n```compile_fail,E0277\n// here we declare the Foo trait with a bar method\ntrait Foo {\n    fn bar(&self);\n}\n\n// we now declare a function which takes an object implementing the Foo trait\nfn some_func<T: Foo>(foo: T) {\n    foo.bar();\n}\n\nfn main() {\n    // we now call the method with the i32 type, which doesn't implement\n    // the Foo trait\n    some_func(5i32); // error: the trait bound `i32 : Foo` is not satisfied\n}\n```\n\nIn order to fix this error, verify that the type you're using does implement\nthe trait. Example:\n\n```\ntrait Foo {\n    fn bar(&self);\n}\n\n// we implement the trait on the i32 type\nimpl Foo for i32 {\n    fn bar(&self) {}\n}\n\nfn some_func<T: Foo>(foo: T) {\n    foo.bar(); // we can now use this method since i32 implements the\n               // Foo trait\n}\n\nfn main() {\n    some_func(5i32); // ok!\n}\n```\n\nOr in a generic context, an erroneous code example would look like:\n\n```compile_fail,E0277\nfn some_func<T>(foo: T) {\n    println!(\"{:?}\", foo); // error: the trait `core::fmt::Debug` is not\n                           //        implemented for the type `T`\n}\n\nfn main() {\n    // We now call the method with the i32 type,\n    // which *does* implement the Debug trait.\n    some_func(5i32);\n}\n```\n\nNote that the error here is in the definition of the generic function. Although\nwe only call it with a parameter that does implement `Debug`, the compiler\nstill rejects the function. It must work with all possible input types. In\norder to make this example compile, we need to restrict the generic type we're\naccepting:\n\n```\nuse std::fmt;\n\n// Restrict the input type to types that implement Debug.\nfn some_func<T: fmt::Debug>(foo: T) {\n    println!(\"{:?}\", foo);\n}\n\nfn main() {\n    // Calling the method is still fine, as i32 implements Debug.\n    some_func(5i32);\n\n    // This would fail to compile now:\n    // struct WithoutDebug;\n    // some_func(WithoutDebug);\n}\n```\n\nRust only looks at the signature of the called function, as such it must\nalready specify all requirements that will be used for every type parameter.\n"},"level":"error","spans":[{"file_name":"src/aareg.rs","byte_start":10309,"byte_end":10310,"line_start":295,"line_end":295,"column_start":8,"column_end":9,"is_primary":true,"text":[{"text":"    y: &Array2<f64>,","highlight_start":8,"highlight_end":9}],"label":"the trait `pyo3::PyClass` is not implemented for `&ndarray::ArrayBase<ndarray::OwnedRepr<f64>, ndarray::Dim<[usize; 2]>>`","suggested_replacement":null,"suggestion_applicability":null,"expansion":null}],"children":[{"message":"the following other types implement trait `pyo3::PyClass`:\n  aareg::AaregOptions\n  aareg::Surv\n  aareg::AaregResult\n  aareg::ConfidenceInterval\n  aareg::FitDetails\n  aareg::Diagnostics","code":null,"level":"help","spans":[],"children":[],"rendered":null},{"message":"required for `&ndarray::ArrayBase<ndarray::OwnedRepr<f64>, ndarray::Dim<[usize; 2]>>` to implement `pyo3::FromPyObject<'_>`","code":null,"level":"note","spans":[],"children":[],"rendered":null},{"message":"required for `&ndarray::ArrayBase<ndarray::OwnedRepr<f64>, ndarray::Dim<[usize; 2]>>` to implement `pyo3::impl_::extract_argument::PyFunctionArgument<'_, '_>`","code":null,"level":"note","spans":[],"children":[],"rendered":null},{"message":"required by a bound in `pyo3::impl_::extract_argument::extract_argument`","code":null,"level":"note","spans":[{"file_name":"/home/cameron/.cargo/registry/src/index.crates.io-6f17d22bba15001f/pyo3-0.20.0/src/impl_/extract_argument.rs","byte_start":1978,"byte_end":1994,"line_start":66,"line_end":66,"column_start":8,"column_end":24,"is_primary":false,"text":[{"text":"pub fn extract_argument<'a, 'py, T>(","highlight_start":8,"highlight_end":24}],"label":"required by a bound in this function","suggested_replacement":null,"suggestion_applicability":null,"expansion":null},{"file_name":"/home/cameron/.cargo/registry/src/index.crates.io-6f17d22bba15001f/pyo3-0.20.0/src/impl_/extract_argument.rs","byte_start":2110,"byte_end":2137,"line_start":72,"line_end":72,"column_start":8,"column_end":35,"is_primary":true,"text":[{"text":"    T: PyFunctionArgument<'a, 'py>,","highlight_start":8,"highlight_end":35}],"label":"required by this bound in `extract_argument`","suggested_replacement":null,"suggestion_applicability":null,"expansion":null}],"children":[],"rendered":null}],"rendered":"\u001b[0m\u001b[1m\u001b[38;5;9merror[E0277]\u001b[0m\u001b[0m\u001b[1m: the trait bound `&ndarray::ArrayBase<ndarray::OwnedRepr<f64>, ndarray::Dim<[usize; 2]>>: pyo3::PyClass` is not satisfied\u001b[0m\n\u001b[0m   \u001b[0m\u001b[0m\u001b[1m\u001b[38;5;12m--> \u001b[0m\u001b[0msrc/aareg.rs:295:8\u001b[0m\n\u001b[0m    \u001b[0m\u001b[0m\u001b[1m\u001b[38;5;12m|\u001b[0m\n\u001b[0m\u001b[1m\u001b[38;5;12m295\u001b[0m\u001b[0m \u001b[0m\u001b[0m\u001b[1m\u001b[38;5;12m|\u001b[0m\u001b[0m \u001b[0m\u001b[0m    y: &Array2<f64>,\u001b[0m\n\u001b[0m    \u001b[0m\u001b[0m\u001b[1m\u001b[38;5;12m| \u001b[0m\u001b[0m       \u001b[0m\u001b[0m\u001b[1m\u001b[38;5;9m^\u001b[0m\u001b[0m \u001b[0m\u001b[0m\u001b[1m\u001b[38;5;9mthe trait `pyo3::PyClass` is not implemented for `&ndarray::ArrayBase<ndarray::OwnedRepr<f64>, ndarray::Dim<[usize; 2]>>`\u001b[0m\n\u001b[0m    \u001b[0m\u001b[0m\u001b[1m\u001b[38;5;12m|\u001b[0m\n\u001b[0m    \u001b[0m\u001b[0m\u001b[1m\u001b[38;5;12m= \u001b[0m\u001b[0m\u001b[1mhelp\u001b[0m\u001b[0m: the following other types implement trait `pyo3::PyClass`:\u001b[0m\n\u001b[0m              aareg::AaregOptions\u001b[0m\n\u001b[0m              aareg::Surv\u001b[0m\n\u001b[0m              aareg::AaregResult\u001b[0m\n\u001b[0m              aareg::ConfidenceInterval\u001b[0m\n\u001b[0m              aareg::FitDetails\u001b[0m\n\u001b[0m              aareg::Diagnostics\u001b[0m\n\u001b[0m    \u001b[0m\u001b[0m\u001b[1m\u001b[38;5;12m= \u001b[0m\u001b[0m\u001b[1mnote\u001b[0m\u001b[0m: required for `&ndarray::ArrayBase<ndarray::OwnedRepr<f64>, ndarray::Dim<[usize; 2]>>` to implement `pyo3::FromPyObject<'_>`\u001b[0m\n\u001b[0m    \u001b[0m\u001b[0m\u001b[1m\u001b[38;5;12m= \u001b[0m\u001b[0m\u001b[1mnote\u001b[0m\u001b[0m: required for `&ndarray::ArrayBase<ndarray::OwnedRepr<f64>, ndarray::Dim<[usize; 2]>>` to implement `pyo3::impl_::extract_argument::PyFunctionArgument<'_, '_>`\u001b[0m\n\u001b[0m\u001b[1m\u001b[38;5;10mnote\u001b[0m\u001b[0m: required by a bound in `pyo3::impl_::extract_argument::extract_argument`\u001b[0m\n\u001b[0m   \u001b[0m\u001b[0m\u001b[1m\u001b[38;5;12m--> \u001b[0m\u001b[0m/home/cameron/.cargo/registry/src/index.crates.io-6f17d22bba15001f/pyo3-0.20.0/src/impl_/extract_argument.rs:72:8\u001b[0m\n\u001b[0m    \u001b[0m\u001b[0m\u001b[1m\u001b[38;5;12m|\u001b[0m\n\u001b[0m\u001b[1m\u001b[38;5;12m66\u001b[0m\u001b[0m  \u001b[0m\u001b[0m\u001b[1m\u001b[38;5;12m|\u001b[0m\u001b[0m \u001b[0m\u001b[0mpub fn extract_argument<'a, 'py, T>(\u001b[0m\n\u001b[0m    \u001b[0m\u001b[0m\u001b[1m\u001b[38;5;12m| \u001b[0m\u001b[0m       \u001b[0m\u001b[0m\u001b[1m\u001b[38;5;12m----------------\u001b[0m\u001b[0m \u001b[0m\u001b[0m\u001b[1m\u001b[38;5;12mrequired by a bound in this function\u001b[0m\n\u001b[0m\u001b[1m\u001b[38;5;12m...\u001b[0m\n\u001b[0m\u001b[1m\u001b[38;5;12m72\u001b[0m\u001b[0m  \u001b[0m\u001b[0m\u001b[1m\u001b[38;5;12m|\u001b[0m\u001b[0m \u001b[0m\u001b[0m    T: PyFunctionArgument<'a, 'py>,\u001b[0m\n\u001b[0m    \u001b[0m\u001b[0m\u001b[1m\u001b[38;5;12m| \u001b[0m\u001b[0m       \u001b[0m\u001b[0m\u001b[1m\u001b[38;5;10m^^^^^^^^^^^^^^^^^^^^^^^^^^^\u001b[0m\u001b[0m \u001b[0m\u001b[0m\u001b[1m\u001b[38;5;10mrequired by this bound in `extract_argument`\u001b[0m\n\n"}
{"message":"the trait bound `&ndarray::ArrayBase<ndarray::OwnedRepr<f64>, ndarray::Dim<[usize; 2]>>: pyo3::PyClass` is not satisfied","code":{"code":"E0277","explanation":"You tried to use a type which doesn't implement some trait in a place which\nexpected that trait.\n\nErroneous code example:\n\n```compile_fail,E0277\n// here we declare the Foo trait with a bar method\ntrait Foo {\n    fn bar(&self);\n}\n\n// we now declare a function which takes an object implementing the Foo trait\nfn some_func<T: Foo>(foo: T) {\n    foo.bar();\n}\n\nfn main() {\n    // we now call the method with the i32 type, which doesn't implement\n    // the Foo trait\n    some_func(5i32); // error: the trait bound `i32 : Foo` is not satisfied\n}\n```\n\nIn order to fix this error, verify that the type you're using does implement\nthe trait. Example:\n\n```\ntrait Foo {\n    fn bar(&self);\n}\n\n// we implement the trait on the i32 type\nimpl Foo for i32 {\n    fn bar(&self) {}\n}\n\nfn some_func<T: Foo>(foo: T) {\n    foo.bar(); // we can now use this method since i32 implements the\n               // Foo trait\n}\n\nfn main() {\n    some_func(5i32); // ok!\n}\n```\n\nOr in a generic context, an erroneous code example would look like:\n\n```compile_fail,E0277\nfn some_func<T>(foo: T) {\n    println!(\"{:?}\", foo); // error: the trait `core::fmt::Debug` is not\n                           //        implemented for the type `T`\n}\n\nfn main() {\n    // We now call the method with the i32 type,\n    // which *does* implement the Debug trait.\n    some_func(5i32);\n}\n```\n\nNote that the error here is in the definition of the generic function. Although\nwe only call it with a parameter that does implement `Debug`, the compiler\nstill rejects the function. It must work with all possible input types. In\norder to make this example compile, we need to restrict the generic type we're\naccepting:\n\n```\nuse std::fmt;\n\n// Restrict the input type to types that implement Debug.\nfn some_func<T: fmt::Debug>(foo: T) {\n    println!(\"{:?}\", foo);\n}\n\nfn main() {\n    // Calling the method is still fine, as i32 implements Debug.\n    some_func(5i32);\n\n    // This would fail to compile now:\n    // struct WithoutDebug;\n    // some_func(WithoutDebug);\n}\n```\n\nRust only looks at the signature of the called function, as such it must\nalready specify all requirements that will be used for every type parameter.\n"},"level":"error","spans":[{"file_name":"src/aareg.rs","byte_start":10330,"byte_end":10331,"line_start":296,"line_end":296,"column_start":8,"column_end":9,"is_primary":true,"text":[{"text":"    x: &Array2<f64>,","highlight_start":8,"highlight_end":9}],"label":"the trait `pyo3::PyClass` is not implemented for `&ndarray::ArrayBase<ndarray::OwnedRepr<f64>, ndarray::Dim<[usize; 2]>>`","suggested_replacement":null,"suggestion_applicability":null,"expansion":null}],"children":[{"message":"the following other types implement trait `pyo3::PyClass`:\n  aareg::AaregOptions\n  aareg::Surv\n  aareg::AaregResult\n  aareg::ConfidenceInterval\n  aareg::FitDetails\n  aareg::Diagnostics","code":null,"level":"help","spans":[],"children":[],"rendered":null},{"message":"required for `&ndarray::ArrayBase<ndarray::OwnedRepr<f64>, ndarray::Dim<[usize; 2]>>` to implement `pyo3::FromPyObject<'_>`","code":null,"level":"note","spans":[],"children":[],"rendered":null},{"message":"required for `&ndarray::ArrayBase<ndarray::OwnedRepr<f64>, ndarray::Dim<[usize; 2]>>` to implement `pyo3::impl_::extract_argument::PyFunctionArgument<'_, '_>`","code":null,"level":"note","spans":[],"children":[],"rendered":null},{"message":"required by a bound in `pyo3::impl_::extract_argument::extract_argument`","code":null,"level":"note","spans":[{"file_name":"/home/cameron/.cargo/registry/src/index.crates.io-6f17d22bba15001f/pyo3-0.20.0/src/impl_/extract_argument.rs","byte_start":1978,"byte_end":1994,"line_start":66,"line_end":66,"column_start":8,"column_end":24,"is_primary":false,"text":[{"text":"pub fn extract_argument<'a, 'py, T>(","highlight_start":8,"highlight_end":24}],"label":"required by a bound in this function","suggested_replacement":null,"suggestion_applicability":null,"expansion":null},{"file_name":"/home/cameron/.cargo/registry/src/index.crates.io-6f17d22bba15001f/pyo3-0.20.0/src/impl_/extract_argument.rs","byte_start":2110,"byte_end":2137,"line_start":72,"line_end":72,"column_start":8,"column_end":35,"is_primary":true,"text":[{"text":"    T: PyFunctionArgument<'a, 'py>,","highlight_start":8,"highlight_end":35}],"label":"required by this bound in `extract_argument`","suggested_replacement":null,"suggestion_applicability":null,"expansion":null}],"children":[],"rendered":null}],"rendered":"\u001b[0m\u001b[1m\u001b[38;5;9merror[E0277]\u001b[0m\u001b[0m\u001b[1m: the trait bound `&ndarray::ArrayBase<ndarray::OwnedRepr<f64>, ndarray::Dim<[usize; 2]>>: pyo3::PyClass` is not satisfied\u001b[0m\n\u001b[0m   \u001b[0m\u001b[0m\u001b[1m\u001b[38;5;12m--> \u001b[0m\u001b[0msrc/aareg.rs:296:8\u001b[0m\n\u001b[0m    \u001b[0m\u001b[0m\u001b[1m\u001b[38;5;12m|\u001b[0m\n\u001b[0m\u001b[1m\u001b[38;5;12m296\u001b[0m\u001b[0m \u001b[0m\u001b[0m\u001b[1m\u001b[38;5;12m|\u001b[0m\u001b[0m \u001b[0m\u001b[0m    x: &Array2<f64>,\u001b[0m\n\u001b[0m    \u001b[0m\u001b[0m\u001b[1m\u001b[38;5;12m| \u001b[0m\u001b[0m       \u001b[0m\u001b[0m\u001b[1m\u001b[38;5;9m^\u001b[0m\u001b[0m \u001b[0m\u001b[0m\u001b[1m\u001b[38;5;9mthe trait `pyo3::PyClass` is not implemented for `&ndarray::ArrayBase<ndarray::OwnedRepr<f64>, ndarray::Dim<[usize; 2]>>`\u001b[0m\n\u001b[0m    \u001b[0m\u001b[0m\u001b[1m\u001b[38;5;12m|\u001b[0m\n\u001b[0m    \u001b[0m\u001b[0m\u001b[1m\u001b[38;5;12m= \u001b[0m\u001b[0m\u001b[1mhelp\u001b[0m\u001b[0m: the following other types implement trait `pyo3::PyClass`:\u001b[0m\n\u001b[0m              aareg::AaregOptions\u001b[0m\n\u001b[0m              aareg::Surv\u001b[0m\n\u001b[0m              aareg::AaregResult\u001b[0m\n\u001b[0m              aareg::ConfidenceInterval\u001b[0m\n\u001b[0m              aareg::FitDetails\u001b[0m\n\u001b[0m              aareg::Diagnostics\u001b[0m\n\u001b[0m    \u001b[0m\u001b[0m\u001b[1m\u001b[38;5;12m= \u001b[0m\u001b[0m\u001b[1mnote\u001b[0m\u001b[0m: required for `&ndarray::ArrayBase<ndarray::OwnedRepr<f64>, ndarray::Dim<[usize; 2]>>` to implement `pyo3::FromPyObject<'_>`\u001b[0m\n\u001b[0m    \u001b[0m\u001b[0m\u001b[1m\u001b[38;5;12m= \u001b[0m\u001b[0m\u001b[1mnote\u001b[0m\u001b[0m: required for `&ndarray::ArrayBase<ndarray::OwnedRepr<f64>, ndarray::Dim<[usize; 2]>>` to implement `pyo3::impl_::extract_argument::PyFunctionArgument<'_, '_>`\u001b[0m\n\u001b[0m\u001b[1m\u001b[38;5;10mnote\u001b[0m\u001b[0m: required by a bound in `pyo3::impl_::extract_argument::extract_argument`\u001b[0m\n\u001b[0m   \u001b[0m\u001b[0m\u001b[1m\u001b[38;5;12m--> \u001b[0m\u001b[0m/home/cameron/.cargo/registry/src/index.crates.io-6f17d22bba15001f/pyo3-0.20.0/src/impl_/extract_argument.rs:72:8\u001b[0m\n\u001b[0m    \u001b[0m\u001b[0m\u001b[1m\u001b[38;5;12m|\u001b[0m\n\u001b[0m\u001b[1m\u001b[38;5;12m66\u001b[0m\u001b[0m  \u001b[0m\u001b[0m\u001b[1m\u001b[38;5;12m|\u001b[0m\u001b[0m \u001b[0m\u001b[0mpub fn extract_argument<'a, 'py, T>(\u001b[0m\n\u001b[0m    \u001b[0m\u001b[0m\u001b[1m\u001b[38;5;12m| \u001b[0m\u001b[0m       \u001b[0m\u001b[0m\u001b[1m\u001b[38;5;12m----------------\u001b[0m\u001b[0m \u001b[0m\u001b[0m\u001b[1m\u001b[38;5;12mrequired by a bound in this function\u001b[0m\n\u001b[0m\u001b[1m\u001b[38;5;12m...\u001b[0m\n\u001b[0m\u001b[1m\u001b[38;5;12m72\u001b[0m\u001b[0m  \u001b[0m\u001b[0m\u001b[1m\u001b[38;5;12m|\u001b[0m\u001b[0m \u001b[0m\u001b[0m    T: PyFunctionArgument<'a, 'py>,\u001b[0m\n\u001b[0m    \u001b[0m\u001b[0m\u001b[1m\u001b[38;5;12m| \u001b[0m\u001b[0m       \u001b[0m\u001b[0m\u001b[1m\u001b[38;5;10m^^^^^^^^^^^^^^^^^^^^^^^^^^^\u001b[0m\u001b[0m \u001b[0m\u001b[0m\u001b[1m\u001b[38;5;10mrequired by this bound in `extract_argument`\u001b[0m\n\n"}
{"message":"cannot find function `calculate_dfbetas` in this scope","code":{"code":"E0425","explanation":"An unresolved name was used.\n\nErroneous code examples:\n\n```compile_fail,E0425\nsomething_that_doesnt_exist::foo;\n// error: unresolved name `something_that_doesnt_exist::foo`\n\n// or:\n\ntrait Foo {\n    fn bar() {\n        Self; // error: unresolved name `Self`\n    }\n}\n\n// or:\n\nlet x = unknown_variable;  // error: unresolved name `unknown_variable`\n```\n\nPlease verify that the name wasn't misspelled and ensure that the\nidentifier being referred to is valid for the given situation. Example:\n\n```\nenum something_that_does_exist {\n    Foo,\n}\n```\n\nOr:\n\n```\nmod something_that_does_exist {\n    pub static foo : i32 = 0i32;\n}\n\nsomething_that_does_exist::foo; // ok!\n```\n\nOr:\n\n```\nlet unknown_variable = 12u32;\nlet x = unknown_variable; // ok!\n```\n\nIf the item is not defined in the current module, it must be imported using a\n`use` statement, like so:\n\n```\n# mod foo { pub fn bar() {} }\n# fn main() {\nuse foo::bar;\nbar();\n# }\n```\n\nIf the item you are importing is not defined in some super-module of the\ncurrent module, then it must also be declared as public (e.g., `pub fn`).\n"},"level":"error","spans":[{"file_name":"src/aareg.rs","byte_start":11137,"byte_end":11154,"line_start":326,"line_end":326,"column_start":23,"column_end":40,"is_primary":true,"text":[{"text":"        let dfbetas = calculate_dfbetas(&regression_result);","highlight_start":23,"highlight_end":40}],"label":"not found in this scope","suggested_replacement":null,"suggestion_applicability":null,"expansion":null}],"children":[],"rendered":"\u001b[0m\u001b[1m\u001b[38;5;9merror[E0425]\u001b[0m\u001b[0m\u001b[1m: cannot find function `calculate_dfbetas` in this scope\u001b[0m\n\u001b[0m   \u001b[0m\u001b[0m\u001b[1m\u001b[38;5;12m--> \u001b[0m\u001b[0msrc/aareg.rs:326:23\u001b[0m\n\u001b[0m    \u001b[0m\u001b[0m\u001b[1m\u001b[38;5;12m|\u001b[0m\n\u001b[0m\u001b[1m\u001b[38;5;12m326\u001b[0m\u001b[0m \u001b[0m\u001b[0m\u001b[1m\u001b[38;5;12m|\u001b[0m\u001b[0m \u001b[0m\u001b[0m        let dfbetas = calculate_dfbetas(&regression_result);\u001b[0m\n\u001b[0m    \u001b[0m\u001b[0m\u001b[1m\u001b[38;5;12m| \u001b[0m\u001b[0m                      \u001b[0m\u001b[0m\u001b[1m\u001b[38;5;9m^^^^^^^^^^^^^^^^^\u001b[0m\u001b[0m \u001b[0m\u001b[0m\u001b[1m\u001b[38;5;9mnot found in this scope\u001b[0m\n\n"}
{"message":"the trait bound `aareg::AaregResult: std::clone::Clone` is not satisfied","code":{"code":"E0277","explanation":"You tried to use a type which doesn't implement some trait in a place which\nexpected that trait.\n\nErroneous code example:\n\n```compile_fail,E0277\n// here we declare the Foo trait with a bar method\ntrait Foo {\n    fn bar(&self);\n}\n\n// we now declare a function which takes an object implementing the Foo trait\nfn some_func<T: Foo>(foo: T) {\n    foo.bar();\n}\n\nfn main() {\n    // we now call the method with the i32 type, which doesn't implement\n    // the Foo trait\n    some_func(5i32); // error: the trait bound `i32 : Foo` is not satisfied\n}\n```\n\nIn order to fix this error, verify that the type you're using does implement\nthe trait. Example:\n\n```\ntrait Foo {\n    fn bar(&self);\n}\n\n// we implement the trait on the i32 type\nimpl Foo for i32 {\n    fn bar(&self) {}\n}\n\nfn some_func<T: Foo>(foo: T) {\n    foo.bar(); // we can now use this method since i32 implements the\n               // Foo trait\n}\n\nfn main() {\n    some_func(5i32); // ok!\n}\n```\n\nOr in a generic context, an erroneous code example would look like:\n\n```compile_fail,E0277\nfn some_func<T>(foo: T) {\n    println!(\"{:?}\", foo); // error: the trait `core::fmt::Debug` is not\n                           //        implemented for the type `T`\n}\n\nfn main() {\n    // We now call the method with the i32 type,\n    // which *does* implement the Debug trait.\n    some_func(5i32);\n}\n```\n\nNote that the error here is in the definition of the generic function. Although\nwe only call it with a parameter that does implement `Debug`, the compiler\nstill rejects the function. It must work with all possible input types. In\norder to make this example compile, we need to restrict the generic type we're\naccepting:\n\n```\nuse std::fmt;\n\n// Restrict the input type to types that implement Debug.\nfn some_func<T: fmt::Debug>(foo: T) {\n    println!(\"{:?}\", foo);\n}\n\nfn main() {\n    // Calling the method is still fine, as i32 implements Debug.\n    some_func(5i32);\n\n    // This would fail to compile now:\n    // struct WithoutDebug;\n    // some_func(WithoutDebug);\n}\n```\n\nRust only looks at the signature of the called function, as such it must\nalready specify all requirements that will be used for every type parameter.\n"},"level":"error","spans":[{"file_name":"src/aareg.rs","byte_start":10961,"byte_end":10972,"line_start":321,"line_end":321,"column_start":24,"column_end":35,"is_primary":true,"text":[{"text":"    regression_result: AaregResult,","highlight_start":24,"highlight_end":35}],"label":"the trait `std::clone::Clone` is not implemented for `aareg::AaregResult`","suggested_replacement":null,"suggestion_applicability":null,"expansion":null}],"children":[{"message":"the following other types implement trait `pyo3::impl_::extract_argument::PyFunctionArgument<'a, 'py>`:\n  &'a aareg::AaregResult\n  &'a mut aareg::AaregResult","code":null,"level":"help","spans":[],"children":[],"rendered":null},{"message":"required for `aareg::AaregResult` to implement `pyo3::FromPyObject<'_>`","code":null,"level":"note","spans":[],"children":[],"rendered":null},{"message":"required for `aareg::AaregResult` to implement `pyo3::impl_::extract_argument::PyFunctionArgument<'_, '_>`","code":null,"level":"note","spans":[],"children":[],"rendered":null},{"message":"required by a bound in `pyo3::impl_::extract_argument::extract_argument`","code":null,"level":"note","spans":[{"file_name":"/home/cameron/.cargo/registry/src/index.crates.io-6f17d22bba15001f/pyo3-0.20.0/src/impl_/extract_argument.rs","byte_start":1978,"byte_end":1994,"line_start":66,"line_end":66,"column_start":8,"column_end":24,"is_primary":false,"text":[{"text":"pub fn extract_argument<'a, 'py, T>(","highlight_start":8,"highlight_end":24}],"label":"required by a bound in this function","suggested_replacement":null,"suggestion_applicability":null,"expansion":null},{"file_name":"/home/cameron/.cargo/registry/src/index.crates.io-6f17d22bba15001f/pyo3-0.20.0/src/impl_/extract_argument.rs","byte_start":2110,"byte_end":2137,"line_start":72,"line_end":72,"column_start":8,"column_end":35,"is_primary":true,"text":[{"text":"    T: PyFunctionArgument<'a, 'py>,","highlight_start":8,"highlight_end":35}],"label":"required by this bound in `extract_argument`","suggested_replacement":null,"suggestion_applicability":null,"expansion":null}],"children":[],"rendered":null}],"rendered":"\u001b[0m\u001b[1m\u001b[38;5;9merror[E0277]\u001b[0m\u001b[0m\u001b[1m: the trait bound `aareg::AaregResult: std::clone::Clone` is not satisfied\u001b[0m\n\u001b[0m   \u001b[0m\u001b[0m\u001b[1m\u001b[38;5;12m--> \u001b[0m\u001b[0msrc/aareg.rs:321:24\u001b[0m\n\u001b[0m    \u001b[0m\u001b[0m\u001b[1m\u001b[38;5;12m|\u001b[0m\n\u001b[0m\u001b[1m\u001b[38;5;12m321\u001b[0m\u001b[0m \u001b[0m\u001b[0m\u001b[1m\u001b[38;5;12m|\u001b[0m\u001b[0m \u001b[0m\u001b[0m    regression_result: AaregResult,\u001b[0m\n\u001b[0m    \u001b[0m\u001b[0m\u001b[1m\u001b[38;5;12m| \u001b[0m\u001b[0m                       \u001b[0m\u001b[0m\u001b[1m\u001b[38;5;9m^^^^^^^^^^^\u001b[0m\u001b[0m \u001b[0m\u001b[0m\u001b[1m\u001b[38;5;9mthe trait `std::clone::Clone` is not implemented for `aareg::AaregResult`\u001b[0m\n\u001b[0m    \u001b[0m\u001b[0m\u001b[1m\u001b[38;5;12m|\u001b[0m\n\u001b[0m    \u001b[0m\u001b[0m\u001b[1m\u001b[38;5;12m= \u001b[0m\u001b[0m\u001b[1mhelp\u001b[0m\u001b[0m: the following other types implement trait `pyo3::impl_::extract_argument::PyFunctionArgument<'a, 'py>`:\u001b[0m\n\u001b[0m              &'a aareg::AaregResult\u001b[0m\n\u001b[0m              &'a mut aareg::AaregResult\u001b[0m\n\u001b[0m    \u001b[0m\u001b[0m\u001b[1m\u001b[38;5;12m= \u001b[0m\u001b[0m\u001b[1mnote\u001b[0m\u001b[0m: required for `aareg::AaregResult` to implement `pyo3::FromPyObject<'_>`\u001b[0m\n\u001b[0m    \u001b[0m\u001b[0m\u001b[1m\u001b[38;5;12m= \u001b[0m\u001b[0m\u001b[1mnote\u001b[0m\u001b[0m: required for `aareg::AaregResult` to implement `pyo3::impl_::extract_argument::PyFunctionArgument<'_, '_>`\u001b[0m\n\u001b[0m\u001b[1m\u001b[38;5;10mnote\u001b[0m\u001b[0m: required by a bound in `pyo3::impl_::extract_argument::extract_argument`\u001b[0m\n\u001b[0m   \u001b[0m\u001b[0m\u001b[1m\u001b[38;5;12m--> \u001b[0m\u001b[0m/home/cameron/.cargo/registry/src/index.crates.io-6f17d22bba15001f/pyo3-0.20.0/src/impl_/extract_argument.rs:72:8\u001b[0m\n\u001b[0m    \u001b[0m\u001b[0m\u001b[1m\u001b[38;5;12m|\u001b[0m\n\u001b[0m\u001b[1m\u001b[38;5;12m66\u001b[0m\u001b[0m  \u001b[0m\u001b[0m\u001b[1m\u001b[38;5;12m|\u001b[0m\u001b[0m \u001b[0m\u001b[0mpub fn extract_argument<'a, 'py, T>(\u001b[0m\n\u001b[0m    \u001b[0m\u001b[0m\u001b[1m\u001b[38;5;12m| \u001b[0m\u001b[0m       \u001b[0m\u001b[0m\u001b[1m\u001b[38;5;12m----------------\u001b[0m\u001b[0m \u001b[0m\u001b[0m\u001b[1m\u001b[38;5;12mrequired by a bound in this function\u001b[0m\n\u001b[0m\u001b[1m\u001b[38;5;12m...\u001b[0m\n\u001b[0m\u001b[1m\u001b[38;5;12m72\u001b[0m\u001b[0m  \u001b[0m\u001b[0m\u001b[1m\u001b[38;5;12m|\u001b[0m\u001b[0m \u001b[0m\u001b[0m    T: PyFunctionArgument<'a, 'py>,\u001b[0m\n\u001b[0m    \u001b[0m\u001b[0m\u001b[1m\u001b[38;5;12m| \u001b[0m\u001b[0m       \u001b[0m\u001b[0m\u001b[1m\u001b[38;5;10m^^^^^^^^^^^^^^^^^^^^^^^^^^^\u001b[0m\u001b[0m \u001b[0m\u001b[0m\u001b[1m\u001b[38;5;10mrequired by this bound in `extract_argument`\u001b[0m\n\n"}
{"message":"the trait bound `aareg::AaregError: pyo3::PyClass` is not satisfied","code":{"code":"E0277","explanation":"You tried to use a type which doesn't implement some trait in a place which\nexpected that trait.\n\nErroneous code example:\n\n```compile_fail,E0277\n// here we declare the Foo trait with a bar method\ntrait Foo {\n    fn bar(&self);\n}\n\n// we now declare a function which takes an object implementing the Foo trait\nfn some_func<T: Foo>(foo: T) {\n    foo.bar();\n}\n\nfn main() {\n    // we now call the method with the i32 type, which doesn't implement\n    // the Foo trait\n    some_func(5i32); // error: the trait bound `i32 : Foo` is not satisfied\n}\n```\n\nIn order to fix this error, verify that the type you're using does implement\nthe trait. Example:\n\n```\ntrait Foo {\n    fn bar(&self);\n}\n\n// we implement the trait on the i32 type\nimpl Foo for i32 {\n    fn bar(&self) {}\n}\n\nfn some_func<T: Foo>(foo: T) {\n    foo.bar(); // we can now use this method since i32 implements the\n               // Foo trait\n}\n\nfn main() {\n    some_func(5i32); // ok!\n}\n```\n\nOr in a generic context, an erroneous code example would look like:\n\n```compile_fail,E0277\nfn some_func<T>(foo: T) {\n    println!(\"{:?}\", foo); // error: the trait `core::fmt::Debug` is not\n                           //        implemented for the type `T`\n}\n\nfn main() {\n    // We now call the method with the i32 type,\n    // which *does* implement the Debug trait.\n    some_func(5i32);\n}\n```\n\nNote that the error here is in the definition of the generic function. Although\nwe only call it with a parameter that does implement `Debug`, the compiler\nstill rejects the function. It must work with all possible input types. In\norder to make this example compile, we need to restrict the generic type we're\naccepting:\n\n```\nuse std::fmt;\n\n// Restrict the input type to types that implement Debug.\nfn some_func<T: fmt::Debug>(foo: T) {\n    println!(\"{:?}\", foo);\n}\n\nfn main() {\n    // Calling the method is still fine, as i32 implements Debug.\n    some_func(5i32);\n\n    // This would fail to compile now:\n    // struct WithoutDebug;\n    // some_func(WithoutDebug);\n}\n```\n\nRust only looks at the signature of the called function, as such it must\nalready specify all requirements that will be used for every type parameter.\n"},"level":"error","spans":[{"file_name":"src/aareg.rs","byte_start":11660,"byte_end":11670,"line_start":343,"line_end":343,"column_start":19,"column_end":29,"is_primary":true,"text":[{"text":"    m.add_class::<AaregError>()?;","highlight_start":19,"highlight_end":29}],"label":"the trait `pyo3::PyClass` is not implemented for `aareg::AaregError`","suggested_replacement":null,"suggestion_applicability":null,"expansion":null},{"file_name":"src/aareg.rs","byte_start":11648,"byte_end":11657,"line_start":343,"line_end":343,"column_start":7,"column_end":16,"is_primary":false,"text":[{"text":"    m.add_class::<AaregError>()?;","highlight_start":7,"highlight_end":16}],"label":"required by a bound introduced by this call","suggested_replacement":null,"suggestion_applicability":null,"expansion":null}],"children":[{"message":"the following other types implement trait `pyo3::PyClass`:\n  aareg::AaregOptions\n  aareg::Surv\n  aareg::AaregResult\n  aareg::ConfidenceInterval\n  aareg::FitDetails\n  aareg::Diagnostics","code":null,"level":"help","spans":[],"children":[],"rendered":null},{"message":"required by a bound in `pyo3::prelude::PyModule::add_class`","code":null,"level":"note","spans":[{"file_name":"/home/cameron/.cargo/registry/src/index.crates.io-6f17d22bba15001f/pyo3-0.20.0/src/types/module.rs","byte_start":9351,"byte_end":9360,"line_start":286,"line_end":286,"column_start":12,"column_end":21,"is_primary":false,"text":[{"text":"    pub fn add_class<T>(&self) -> PyResult<()>","highlight_start":12,"highlight_end":21}],"label":"required by a bound in this associated function","suggested_replacement":null,"suggestion_applicability":null,"expansion":null},{"file_name":"/home/cameron/.cargo/registry/src/index.crates.io-6f17d22bba15001f/pyo3-0.20.0/src/types/module.rs","byte_start":9408,"byte_end":9415,"line_start":288,"line_end":288,"column_start":12,"column_end":19,"is_primary":true,"text":[{"text":"        T: PyClass,","highlight_start":12,"highlight_end":19}],"label":"required by this bound in `PyModule::add_class`","suggested_replacement":null,"suggestion_applicability":null,"expansion":null}],"children":[],"rendered":null}],"rendered":"\u001b[0m\u001b[1m\u001b[38;5;9merror[E0277]\u001b[0m\u001b[0m\u001b[1m: the trait bound `aareg::AaregError: pyo3::PyClass` is not satisfied\u001b[0m\n\u001b[0m   \u001b[0m\u001b[0m\u001b[1m\u001b[38;5;12m--> \u001b[0m\u001b[0msrc/aareg.rs:343:19\u001b[0m\n\u001b[0m    \u001b[0m\u001b[0m\u001b[1m\u001b[38;5;12m|\u001b[0m\n\u001b[0m\u001b[1m\u001b[38;5;12m343\u001b[0m\u001b[0m \u001b[0m\u001b[0m\u001b[1m\u001b[38;5;12m|\u001b[0m\u001b[0m \u001b[0m\u001b[0m    m.add_class::<AaregError>()?;\u001b[0m\n\u001b[0m    \u001b[0m\u001b[0m\u001b[1m\u001b[38;5;12m| \u001b[0m\u001b[0m      \u001b[0m\u001b[0m\u001b[1m\u001b[38;5;12m---------\u001b[0m\u001b[0m   \u001b[0m\u001b[0m\u001b[1m\u001b[38;5;9m^^^^^^^^^^\u001b[0m\u001b[0m \u001b[0m\u001b[0m\u001b[1m\u001b[38;5;9mthe trait `pyo3::PyClass` is not implemented for `aareg::AaregError`\u001b[0m\n\u001b[0m    \u001b[0m\u001b[0m\u001b[1m\u001b[38;5;12m| \u001b[0m\u001b[0m      \u001b[0m\u001b[0m\u001b[1m\u001b[38;5;12m|\u001b[0m\n\u001b[0m    \u001b[0m\u001b[0m\u001b[1m\u001b[38;5;12m| \u001b[0m\u001b[0m      \u001b[0m\u001b[0m\u001b[1m\u001b[38;5;12mrequired by a bound introduced by this call\u001b[0m\n\u001b[0m    \u001b[0m\u001b[0m\u001b[1m\u001b[38;5;12m|\u001b[0m\n\u001b[0m    \u001b[0m\u001b[0m\u001b[1m\u001b[38;5;12m= \u001b[0m\u001b[0m\u001b[1mhelp\u001b[0m\u001b[0m: the following other types implement trait `pyo3::PyClass`:\u001b[0m\n\u001b[0m              aareg::AaregOptions\u001b[0m\n\u001b[0m              aareg::Surv\u001b[0m\n\u001b[0m              aareg::AaregResult\u001b[0m\n\u001b[0m              aareg::ConfidenceInterval\u001b[0m\n\u001b[0m              aareg::FitDetails\u001b[0m\n\u001b[0m              aareg::Diagnostics\u001b[0m\n\u001b[0m\u001b[1m\u001b[38;5;10mnote\u001b[0m\u001b[0m: required by a bound in `pyo3::prelude::PyModule::add_class`\u001b[0m\n\u001b[0m   \u001b[0m\u001b[0m\u001b[1m\u001b[38;5;12m--> \u001b[0m\u001b[0m/home/cameron/.cargo/registry/src/index.crates.io-6f17d22bba15001f/pyo3-0.20.0/src/types/module.rs:288:12\u001b[0m\n\u001b[0m    \u001b[0m\u001b[0m\u001b[1m\u001b[38;5;12m|\u001b[0m\n\u001b[0m\u001b[1m\u001b[38;5;12m286\u001b[0m\u001b[0m \u001b[0m\u001b[0m\u001b[1m\u001b[38;5;12m|\u001b[0m\u001b[0m \u001b[0m\u001b[0m    pub fn add_class<T>(&self) -> PyResult<()>\u001b[0m\n\u001b[0m    \u001b[0m\u001b[0m\u001b[1m\u001b[38;5;12m| \u001b[0m\u001b[0m           \u001b[0m\u001b[0m\u001b[1m\u001b[38;5;12m---------\u001b[0m\u001b[0m \u001b[0m\u001b[0m\u001b[1m\u001b[38;5;12mrequired by a bound in this associated function\u001b[0m\n\u001b[0m\u001b[1m\u001b[38;5;12m287\u001b[0m\u001b[0m \u001b[0m\u001b[0m\u001b[1m\u001b[38;5;12m|\u001b[0m\u001b[0m \u001b[0m\u001b[0m    where\u001b[0m\n\u001b[0m\u001b[1m\u001b[38;5;12m288\u001b[0m\u001b[0m \u001b[0m\u001b[0m\u001b[1m\u001b[38;5;12m|\u001b[0m\u001b[0m \u001b[0m\u001b[0m        T: PyClass,\u001b[0m\n\u001b[0m    \u001b[0m\u001b[0m\u001b[1m\u001b[38;5;12m| \u001b[0m\u001b[0m           \u001b[0m\u001b[0m\u001b[1m\u001b[38;5;10m^^^^^^^\u001b[0m\u001b[0m \u001b[0m\u001b[0m\u001b[1m\u001b[38;5;10mrequired by this bound in `PyModule::add_class`\u001b[0m\n\n"}
{"message":"this method takes 0 arguments but 1 argument was supplied","code":{"code":"E0061","explanation":"An invalid number of arguments was passed when calling a function.\n\nErroneous code example:\n\n```compile_fail,E0061\nfn f(u: i32) {}\n\nf(); // error!\n```\n\nThe number of arguments passed to a function must match the number of arguments\nspecified in the function signature.\n\nFor example, a function like:\n\n```\nfn f(a: u16, b: &str) {}\n```\n\nMust always be called with exactly two arguments, e.g., `f(2, \"test\")`.\n\nNote that Rust does not have a notion of optional function arguments or\nvariadic functions (except for its C-FFI).\n"},"level":"error","spans":[{"file_name":"src/agexact.rs","byte_start":4870,"byte_end":4883,"line_start":174,"line_end":174,"column_start":28,"column_end":41,"is_primary":false,"text":[{"text":"        if !self.cholesky2(&mut cholesky) {","highlight_start":28,"highlight_end":41}],"label":"unexpected argument of type `&mut std::vec::Vec<std::vec::Vec<f64>>`","suggested_replacement":null,"suggestion_applicability":null,"expansion":null},{"file_name":"src/agexact.rs","byte_start":4860,"byte_end":4869,"line_start":174,"line_end":174,"column_start":18,"column_end":27,"is_primary":true,"text":[{"text":"        if !self.cholesky2(&mut cholesky) {","highlight_start":18,"highlight_end":27}],"label":null,"suggested_replacement":null,"suggestion_applicability":null,"expansion":null}],"children":[{"message":"method defined here","code":null,"level":"note","spans":[{"file_name":"src/agexact.rs","byte_start":5085,"byte_end":5094,"line_start":183,"line_end":183,"column_start":8,"column_end":17,"is_primary":true,"text":[{"text":"    fn cholesky2(&mut self) -> Result<(), &'static str> {","highlight_start":8,"highlight_end":17}],"label":null,"suggested_replacement":null,"suggestion_applicability":null,"expansion":null}],"children":[],"rendered":null},{"message":"remove the extra argument","code":null,"level":"help","spans":[{"file_name":"src/agexact.rs","byte_start":4870,"byte_end":4883,"line_start":174,"line_end":174,"column_start":28,"column_end":41,"is_primary":true,"text":[{"text":"        if !self.cholesky2(&mut cholesky) {","highlight_start":28,"highlight_end":41}],"label":null,"suggested_replacement":"","suggestion_applicability":"HasPlaceholders","expansion":null}],"children":[],"rendered":null}],"rendered":"\u001b[0m\u001b[1m\u001b[38;5;9merror[E0061]\u001b[0m\u001b[0m\u001b[1m: this method takes 0 arguments but 1 argument was supplied\u001b[0m\n\u001b[0m   \u001b[0m\u001b[0m\u001b[1m\u001b[38;5;12m--> \u001b[0m\u001b[0msrc/agexact.rs:174:18\u001b[0m\n\u001b[0m    \u001b[0m\u001b[0m\u001b[1m\u001b[38;5;12m|\u001b[0m\n\u001b[0m\u001b[1m\u001b[38;5;12m174\u001b[0m\u001b[0m \u001b[0m\u001b[0m\u001b[1m\u001b[38;5;12m|\u001b[0m\u001b[0m \u001b[0m\u001b[0m        if !self.cholesky2(&mut cholesky) {\u001b[0m\n\u001b[0m    \u001b[0m\u001b[0m\u001b[1m\u001b[38;5;12m| \u001b[0m\u001b[0m                 \u001b[0m\u001b[0m\u001b[1m\u001b[38;5;9m^^^^^^^^^\u001b[0m\u001b[0m \u001b[0m\u001b[0m\u001b[1m\u001b[38;5;12m-------------\u001b[0m\n\u001b[0m    \u001b[0m\u001b[0m\u001b[1m\u001b[38;5;12m| \u001b[0m\u001b[0m                           \u001b[0m\u001b[0m\u001b[1m\u001b[38;5;12m|\u001b[0m\n\u001b[0m    \u001b[0m\u001b[0m\u001b[1m\u001b[38;5;12m| \u001b[0m\u001b[0m                           \u001b[0m\u001b[0m\u001b[1m\u001b[38;5;12munexpected argument of type `&mut std::vec::Vec<std::vec::Vec<f64>>`\u001b[0m\n\u001b[0m    \u001b[0m\u001b[0m\u001b[1m\u001b[38;5;12m| \u001b[0m\u001b[0m                           \u001b[0m\u001b[0m\u001b[1m\u001b[38;5;12mhelp: remove the extra argument\u001b[0m\n\u001b[0m    \u001b[0m\u001b[0m\u001b[1m\u001b[38;5;12m|\u001b[0m\n\u001b[0m\u001b[1m\u001b[38;5;10mnote\u001b[0m\u001b[0m: method defined here\u001b[0m\n\u001b[0m   \u001b[0m\u001b[0m\u001b[1m\u001b[38;5;12m--> \u001b[0m\u001b[0msrc/agexact.rs:183:8\u001b[0m\n\u001b[0m    \u001b[0m\u001b[0m\u001b[1m\u001b[38;5;12m|\u001b[0m\n\u001b[0m\u001b[1m\u001b[38;5;12m183\u001b[0m\u001b[0m \u001b[0m\u001b[0m\u001b[1m\u001b[38;5;12m|\u001b[0m\u001b[0m \u001b[0m\u001b[0m    fn cholesky2(&mut self) -> Result<(), &'static str> {\u001b[0m\n\u001b[0m    \u001b[0m\u001b[0m\u001b[1m\u001b[38;5;12m| \u001b[0m\u001b[0m       \u001b[0m\u001b[0m\u001b[1m\u001b[38;5;10m^^^^^^^^^\u001b[0m\n\n"}
{"message":"cannot apply unary operator `!` to type `std::result::Result<(), &'static str>`","code":{"code":"E0600","explanation":"An unary operator was used on a type which doesn't implement it.\n\nErroneous code example:\n\n```compile_fail,E0600\nenum Question {\n    Yes,\n    No,\n}\n\n!Question::Yes; // error: cannot apply unary operator `!` to type `Question`\n```\n\nIn this case, `Question` would need to implement the `std::ops::Not` trait in\norder to be able to use `!` on it. Let's implement it:\n\n```\nuse std::ops::Not;\n\nenum Question {\n    Yes,\n    No,\n}\n\n// We implement the `Not` trait on the enum.\nimpl Not for Question {\n    type Output = bool;\n\n    fn not(self) -> bool {\n        match self {\n            Question::Yes => false, // If the `Answer` is `Yes`, then it\n                                    // returns false.\n            Question::No => true, // And here we do the opposite.\n        }\n    }\n}\n\nassert_eq!(!Question::Yes, false);\nassert_eq!(!Question::No, true);\n```\n"},"level":"error","spans":[{"file_name":"src/agexact.rs","byte_start":4854,"byte_end":4884,"line_start":174,"line_end":174,"column_start":12,"column_end":42,"is_primary":true,"text":[{"text":"        if !self.cholesky2(&mut cholesky) {","highlight_start":12,"highlight_end":42}],"label":"cannot apply unary operator `!`","suggested_replacement":null,"suggestion_applicability":null,"expansion":null}],"children":[],"rendered":"\u001b[0m\u001b[1m\u001b[38;5;9merror[E0600]\u001b[0m\u001b[0m\u001b[1m: cannot apply unary operator `!` to type `std::result::Result<(), &'static str>`\u001b[0m\n\u001b[0m   \u001b[0m\u001b[0m\u001b[1m\u001b[38;5;12m--> \u001b[0m\u001b[0msrc/agexact.rs:174:12\u001b[0m\n\u001b[0m    \u001b[0m\u001b[0m\u001b[1m\u001b[38;5;12m|\u001b[0m\n\u001b[0m\u001b[1m\u001b[38;5;12m174\u001b[0m\u001b[0m \u001b[0m\u001b[0m\u001b[1m\u001b[38;5;12m|\u001b[0m\u001b[0m \u001b[0m\u001b[0m        if !self.cholesky2(&mut cholesky) {\u001b[0m\n\u001b[0m    \u001b[0m\u001b[0m\u001b[1m\u001b[38;5;12m| \u001b[0m\u001b[0m           \u001b[0m\u001b[0m\u001b[1m\u001b[38;5;9m^^^^^^^^^^^^^^^^^^^^^^^^^^^^^^\u001b[0m\u001b[0m \u001b[0m\u001b[0m\u001b[1m\u001b[38;5;9mcannot apply unary operator `!`\u001b[0m\n\n"}
{"message":"this method takes 1 argument but 2 arguments were supplied","code":{"code":"E0061","explanation":"An invalid number of arguments was passed when calling a function.\n\nErroneous code example:\n\n```compile_fail,E0061\nfn f(u: i32) {}\n\nf(); // error!\n```\n\nThe number of arguments passed to a function must match the number of arguments\nspecified in the function signature.\n\nFor example, a function like:\n\n```\nfn f(a: u16, b: &str) {}\n```\n\nMust always be called with exactly two arguments, e.g., `f(2, \"test\")`.\n\nNote that Rust does not have a notion of optional function arguments or\nvariadic functions (except for its C-FFI).\n"},"level":"error","spans":[{"file_name":"src/agexact.rs","byte_start":5030,"byte_end":5039,"line_start":178,"line_end":178,"column_start":40,"column_end":49,"is_primary":false,"text":[{"text":"        let delta_beta = self.chsolve2(&cholesky, &self.u);","highlight_start":40,"highlight_end":49}],"label":"unexpected argument of type `&std::vec::Vec<std::vec::Vec<f64>>`","suggested_replacement":null,"suggestion_applicability":null,"expansion":null},{"file_name":"src/agexact.rs","byte_start":5021,"byte_end":5029,"line_start":178,"line_end":178,"column_start":31,"column_end":39,"is_primary":true,"text":[{"text":"        let delta_beta = self.chsolve2(&cholesky, &self.u);","highlight_start":31,"highlight_end":39}],"label":null,"suggested_replacement":null,"suggestion_applicability":null,"expansion":null}],"children":[{"message":"method defined here","code":null,"level":"note","spans":[{"file_name":"src/agexact.rs","byte_start":5741,"byte_end":5750,"line_start":203,"line_end":203,"column_start":24,"column_end":33,"is_primary":false,"text":[{"text":"    fn chsolve2(&self, b: &[f64]) -> Vec<f64> {","highlight_start":24,"highlight_end":33}],"label":"","suggested_replacement":null,"suggestion_applicability":null,"expansion":null},{"file_name":"src/agexact.rs","byte_start":5725,"byte_end":5733,"line_start":203,"line_end":203,"column_start":8,"column_end":16,"is_primary":true,"text":[{"text":"    fn chsolve2(&self, b: &[f64]) -> Vec<f64> {","highlight_start":8,"highlight_end":16}],"label":null,"suggested_replacement":null,"suggestion_applicability":null,"expansion":null}],"children":[],"rendered":null},{"message":"remove the extra argument","code":null,"level":"help","spans":[{"file_name":"src/agexact.rs","byte_start":5030,"byte_end":5041,"line_start":178,"line_end":178,"column_start":40,"column_end":51,"is_primary":true,"text":[{"text":"        let delta_beta = self.chsolve2(&cholesky, &self.u);","highlight_start":40,"highlight_end":51}],"label":null,"suggested_replacement":"","suggestion_applicability":"HasPlaceholders","expansion":null}],"children":[],"rendered":null}],"rendered":"\u001b[0m\u001b[1m\u001b[38;5;9merror[E0061]\u001b[0m\u001b[0m\u001b[1m: this method takes 1 argument but 2 arguments were supplied\u001b[0m\n\u001b[0m   \u001b[0m\u001b[0m\u001b[1m\u001b[38;5;12m--> \u001b[0m\u001b[0msrc/agexact.rs:178:31\u001b[0m\n\u001b[0m    \u001b[0m\u001b[0m\u001b[1m\u001b[38;5;12m|\u001b[0m\n\u001b[0m\u001b[1m\u001b[38;5;12m178\u001b[0m\u001b[0m \u001b[0m\u001b[0m\u001b[1m\u001b[38;5;12m|\u001b[0m\u001b[0m \u001b[0m\u001b[0m        let delta_beta = self.chsolve2(&cholesky, &self.u);\u001b[0m\n\u001b[0m    \u001b[0m\u001b[0m\u001b[1m\u001b[38;5;12m| \u001b[0m\u001b[0m                              \u001b[0m\u001b[0m\u001b[1m\u001b[38;5;9m^^^^^^^^\u001b[0m\u001b[0m \u001b[0m\u001b[0m\u001b[1m\u001b[38;5;12m-----------\u001b[0m\n\u001b[0m    \u001b[0m\u001b[0m\u001b[1m\u001b[38;5;12m| \u001b[0m\u001b[0m                                       \u001b[0m\u001b[0m\u001b[1m\u001b[38;5;12m|\u001b[0m\n\u001b[0m    \u001b[0m\u001b[0m\u001b[1m\u001b[38;5;12m| \u001b[0m\u001b[0m                                       \u001b[0m\u001b[0m\u001b[1m\u001b[38;5;12munexpected argument of type `&std::vec::Vec<std::vec::Vec<f64>>`\u001b[0m\n\u001b[0m    \u001b[0m\u001b[0m\u001b[1m\u001b[38;5;12m| \u001b[0m\u001b[0m                                       \u001b[0m\u001b[0m\u001b[1m\u001b[38;5;12mhelp: remove the extra argument\u001b[0m\n\u001b[0m    \u001b[0m\u001b[0m\u001b[1m\u001b[38;5;12m|\u001b[0m\n\u001b[0m\u001b[1m\u001b[38;5;10mnote\u001b[0m\u001b[0m: method defined here\u001b[0m\n\u001b[0m   \u001b[0m\u001b[0m\u001b[1m\u001b[38;5;12m--> \u001b[0m\u001b[0msrc/agexact.rs:203:8\u001b[0m\n\u001b[0m    \u001b[0m\u001b[0m\u001b[1m\u001b[38;5;12m|\u001b[0m\n\u001b[0m\u001b[1m\u001b[38;5;12m203\u001b[0m\u001b[0m \u001b[0m\u001b[0m\u001b[1m\u001b[38;5;12m|\u001b[0m\u001b[0m \u001b[0m\u001b[0m    fn chsolve2(&self, b: &[f64]) -> Vec<f64> {\u001b[0m\n\u001b[0m    \u001b[0m\u001b[0m\u001b[1m\u001b[38;5;12m| \u001b[0m\u001b[0m       \u001b[0m\u001b[0m\u001b[1m\u001b[38;5;10m^^^^^^^^\u001b[0m\u001b[0m        \u001b[0m\u001b[0m\u001b[1m\u001b[38;5;12m---------\u001b[0m\n\n"}
{"message":"mismatched types","code":{"code":"E0308","explanation":"Expected type did not match the received type.\n\nErroneous code examples:\n\n```compile_fail,E0308\nfn plus_one(x: i32) -> i32 {\n    x + 1\n}\n\nplus_one(\"Not a number\");\n//       ^^^^^^^^^^^^^^ expected `i32`, found `&str`\n\nif \"Not a bool\" {\n// ^^^^^^^^^^^^ expected `bool`, found `&str`\n}\n\nlet x: f32 = \"Not a float\";\n//     ---   ^^^^^^^^^^^^^ expected `f32`, found `&str`\n//     |\n//     expected due to this\n```\n\nThis error occurs when an expression was used in a place where the compiler\nexpected an expression of a different type. It can occur in several cases, the\nmost common being when calling a function and passing an argument which has a\ndifferent type than the matching type in the function declaration.\n"},"level":"error","spans":[{"file_name":"src/agexact.rs","byte_start":8224,"byte_end":8238,"line_start":289,"line_end":289,"column_start":16,"column_end":30,"is_primary":true,"text":[{"text":"        if let Some(imat_inv) = self.invert_information_matrix() {","highlight_start":16,"highlight_end":30}],"label":"expected `Result<Vec<Vec<f64>>, &str>`, found `Option<_>`","suggested_replacement":null,"suggestion_applicability":null,"expansion":null},{"file_name":"src/agexact.rs","byte_start":8241,"byte_end":8273,"line_start":289,"line_end":289,"column_start":33,"column_end":65,"is_primary":false,"text":[{"text":"        if let Some(imat_inv) = self.invert_information_matrix() {","highlight_start":33,"highlight_end":65}],"label":"this expression has type `std::result::Result<std::vec::Vec<std::vec::Vec<f64>>, &str>`","suggested_replacement":null,"suggestion_applicability":null,"expansion":null}],"children":[{"message":"expected enum `std::result::Result<std::vec::Vec<std::vec::Vec<f64>>, &str>`\n   found enum `std::option::Option<_>`","code":null,"level":"note","spans":[],"children":[],"rendered":null}],"rendered":"\u001b[0m\u001b[1m\u001b[38;5;9merror[E0308]\u001b[0m\u001b[0m\u001b[1m: mismatched types\u001b[0m\n\u001b[0m   \u001b[0m\u001b[0m\u001b[1m\u001b[38;5;12m--> \u001b[0m\u001b[0msrc/agexact.rs:289:16\u001b[0m\n\u001b[0m    \u001b[0m\u001b[0m\u001b[1m\u001b[38;5;12m|\u001b[0m\n\u001b[0m\u001b[1m\u001b[38;5;12m289\u001b[0m\u001b[0m \u001b[0m\u001b[0m\u001b[1m\u001b[38;5;12m|\u001b[0m\u001b[0m \u001b[0m\u001b[0m        if let Some(imat_inv) = self.invert_information_matrix() {\u001b[0m\n\u001b[0m    \u001b[0m\u001b[0m\u001b[1m\u001b[38;5;12m| \u001b[0m\u001b[0m               \u001b[0m\u001b[0m\u001b[1m\u001b[38;5;9m^^^^^^^^^^^^^^\u001b[0m\u001b[0m   \u001b[0m\u001b[0m\u001b[1m\u001b[38;5;12m--------------------------------\u001b[0m\u001b[0m \u001b[0m\u001b[0m\u001b[1m\u001b[38;5;12mthis expression has type `std::result::Result<std::vec::Vec<std::vec::Vec<f64>>, &str>`\u001b[0m\n\u001b[0m    \u001b[0m\u001b[0m\u001b[1m\u001b[38;5;12m| \u001b[0m\u001b[0m               \u001b[0m\u001b[0m\u001b[1m\u001b[38;5;9m|\u001b[0m\n\u001b[0m    \u001b[0m\u001b[0m\u001b[1m\u001b[38;5;12m| \u001b[0m\u001b[0m               \u001b[0m\u001b[0m\u001b[1m\u001b[38;5;9mexpected `Result<Vec<Vec<f64>>, &str>`, found `Option<_>`\u001b[0m\n\u001b[0m    \u001b[0m\u001b[0m\u001b[1m\u001b[38;5;12m|\u001b[0m\n\u001b[0m    \u001b[0m\u001b[0m\u001b[1m\u001b[38;5;12m= \u001b[0m\u001b[0m\u001b[1mnote\u001b[0m\u001b[0m: expected enum `std::\u001b[0m\u001b[0m\u001b[1mresult::Result<std::vec::Vec<std::vec::Vec<f64>>, &str>\u001b[0m\u001b[0m`\u001b[0m\n\u001b[0m               found enum `std::\u001b[0m\u001b[0m\u001b[1moption::Option<_>\u001b[0m\u001b[0m`\u001b[0m\n\n"}
{"message":"aborting due to 25 previous errors","code":null,"level":"error","spans":[],"children":[],"rendered":"\u001b[0m\u001b[1m\u001b[38;5;9merror\u001b[0m\u001b[0m\u001b[1m: aborting due to 25 previous errors\u001b[0m\n\n"}
{"message":"Some errors have detailed explanations: E0061, E0277, E0282, E0308, E0425, E0599, E0600.","code":null,"level":"failure-note","spans":[],"children":[],"rendered":"\u001b[0m\u001b[1mSome errors have detailed explanations: E0061, E0277, E0282, E0308, E0425, E0599, E0600.\u001b[0m\n"}
{"message":"For more information about an error, try `rustc --explain E0061`.","code":null,"level":"failure-note","spans":[],"children":[],"rendered":"\u001b[0m\u001b[1mFor more information about an error, try `rustc --explain E0061`.\u001b[0m\n"}
