{"message":"mismatched types","code":{"code":"E0308","explanation":"Expected type did not match the received type.\n\nErroneous code examples:\n\n```compile_fail,E0308\nfn plus_one(x: i32) -> i32 {\n    x + 1\n}\n\nplus_one(\"Not a number\");\n//       ^^^^^^^^^^^^^^ expected `i32`, found `&str`\n\nif \"Not a bool\" {\n// ^^^^^^^^^^^^ expected `bool`, found `&str`\n}\n\nlet x: f32 = \"Not a float\";\n//     ---   ^^^^^^^^^^^^^ expected `f32`, found `&str`\n//     |\n//     expected due to this\n```\n\nThis error occurs when an expression was used in a place where the compiler\nexpected an expression of a different type. It can occur in several cases, the\nmost common being when calling a function and passing an argument which has a\ndifferent type than the matching type in the function declaration.\n"},"level":"error","spans":[{"file_name":"src/aareg.rs","byte_start":6857,"byte_end":6869,"line_start":180,"line_end":180,"column_start":65,"column_end":77,"is_primary":true,"text":[{"text":"    let weighted_data = Python::with_gil(|py| apply_weights(py, &subset_data, options.weights))?;","highlight_start":65,"highlight_end":77}],"label":"expected `&PyAny`, found `&ArrayBase<OwnedRepr<f64>, ...>`","suggested_replacement":null,"suggestion_applicability":null,"expansion":null},{"file_name":"src/aareg.rs","byte_start":6839,"byte_end":6852,"line_start":180,"line_end":180,"column_start":47,"column_end":60,"is_primary":false,"text":[{"text":"    let weighted_data = Python::with_gil(|py| apply_weights(py, &subset_data, options.weights))?;","highlight_start":47,"highlight_end":60}],"label":"arguments to this function are incorrect","suggested_replacement":null,"suggestion_applicability":null,"expansion":null}],"children":[{"message":"expected reference `&pyo3::PyAny`\n   found reference `&ndarray::ArrayBase<ndarray::OwnedRepr<f64>, ndarray::Dim<[usize; 2]>>`","code":null,"level":"note","spans":[],"children":[],"rendered":null},{"message":"function defined here","code":null,"level":"note","spans":[{"file_name":"src/aareg.rs","byte_start":8025,"byte_end":8037,"line_start":220,"line_end":220,"column_start":5,"column_end":17,"is_primary":false,"text":[{"text":"    data: &PyAny, // Use PyAny for accepting Python objects","highlight_start":5,"highlight_end":17}],"label":"","suggested_replacement":null,"suggestion_applicability":null,"expansion":null},{"file_name":"src/aareg.rs","byte_start":7966,"byte_end":7979,"line_start":218,"line_end":218,"column_start":4,"column_end":17,"is_primary":true,"text":[{"text":"fn apply_weights(","highlight_start":4,"highlight_end":17}],"label":null,"suggested_replacement":null,"suggestion_applicability":null,"expansion":null}],"children":[],"rendered":null}],"rendered":"\u001b[0m\u001b[1m\u001b[38;5;9merror[E0308]\u001b[0m\u001b[0m\u001b[1m: mismatched types\u001b[0m\n\u001b[0m   \u001b[0m\u001b[0m\u001b[1m\u001b[38;5;12m--> \u001b[0m\u001b[0msrc/aareg.rs:180:65\u001b[0m\n\u001b[0m    \u001b[0m\u001b[0m\u001b[1m\u001b[38;5;12m|\u001b[0m\n\u001b[0m\u001b[1m\u001b[38;5;12m180\u001b[0m\u001b[0m \u001b[0m\u001b[0m\u001b[1m\u001b[38;5;12m|\u001b[0m\u001b[0m \u001b[0m\u001b[0m    let weighted_data = Python::with_gil(|py| apply_weights(py, &subset_data, options.weights))?;\u001b[0m\n\u001b[0m    \u001b[0m\u001b[0m\u001b[1m\u001b[38;5;12m| \u001b[0m\u001b[0m                                              \u001b[0m\u001b[0m\u001b[1m\u001b[38;5;12m-------------\u001b[0m\u001b[0m     \u001b[0m\u001b[0m\u001b[1m\u001b[38;5;9m^^^^^^^^^^^^\u001b[0m\u001b[0m \u001b[0m\u001b[0m\u001b[1m\u001b[38;5;9mexpected `&PyAny`, found `&ArrayBase<OwnedRepr<f64>, ...>`\u001b[0m\n\u001b[0m    \u001b[0m\u001b[0m\u001b[1m\u001b[38;5;12m| \u001b[0m\u001b[0m                                              \u001b[0m\u001b[0m\u001b[1m\u001b[38;5;12m|\u001b[0m\n\u001b[0m    \u001b[0m\u001b[0m\u001b[1m\u001b[38;5;12m| \u001b[0m\u001b[0m                                              \u001b[0m\u001b[0m\u001b[1m\u001b[38;5;12marguments to this function are incorrect\u001b[0m\n\u001b[0m    \u001b[0m\u001b[0m\u001b[1m\u001b[38;5;12m|\u001b[0m\n\u001b[0m    \u001b[0m\u001b[0m\u001b[1m\u001b[38;5;12m= \u001b[0m\u001b[0m\u001b[1mnote\u001b[0m\u001b[0m: expected reference `\u001b[0m\u001b[0m\u001b[1m&pyo3::PyAny\u001b[0m\u001b[0m`\u001b[0m\n\u001b[0m               found reference `\u001b[0m\u001b[0m\u001b[1m&ndarray::ArrayBase<ndarray::OwnedRepr<f64>, ndarray::Dim<[usize; 2]>>\u001b[0m\u001b[0m`\u001b[0m\n\u001b[0m\u001b[1m\u001b[38;5;10mnote\u001b[0m\u001b[0m: function defined here\u001b[0m\n\u001b[0m   \u001b[0m\u001b[0m\u001b[1m\u001b[38;5;12m--> \u001b[0m\u001b[0msrc/aareg.rs:218:4\u001b[0m\n\u001b[0m    \u001b[0m\u001b[0m\u001b[1m\u001b[38;5;12m|\u001b[0m\n\u001b[0m\u001b[1m\u001b[38;5;12m218\u001b[0m\u001b[0m \u001b[0m\u001b[0m\u001b[1m\u001b[38;5;12m|\u001b[0m\u001b[0m \u001b[0m\u001b[0mfn apply_weights(\u001b[0m\n\u001b[0m    \u001b[0m\u001b[0m\u001b[1m\u001b[38;5;12m| \u001b[0m\u001b[0m   \u001b[0m\u001b[0m\u001b[1m\u001b[38;5;10m^^^^^^^^^^^^^\u001b[0m\n\u001b[0m\u001b[1m\u001b[38;5;12m219\u001b[0m\u001b[0m \u001b[0m\u001b[0m\u001b[1m\u001b[38;5;12m|\u001b[0m\u001b[0m \u001b[0m\u001b[0m    py: Python,   // Add Python context\u001b[0m\n\u001b[0m\u001b[1m\u001b[38;5;12m220\u001b[0m\u001b[0m \u001b[0m\u001b[0m\u001b[1m\u001b[38;5;12m|\u001b[0m\u001b[0m \u001b[0m\u001b[0m    data: &PyAny, // Use PyAny for accepting Python objects\u001b[0m\n\u001b[0m    \u001b[0m\u001b[0m\u001b[1m\u001b[38;5;12m| \u001b[0m\u001b[0m    \u001b[0m\u001b[0m\u001b[1m\u001b[38;5;12m------------\u001b[0m\n\n"}
{"message":"`?` couldn't convert the error to `aareg::AaregError`","code":{"code":"E0277","explanation":"You tried to use a type which doesn't implement some trait in a place which\nexpected that trait.\n\nErroneous code example:\n\n```compile_fail,E0277\n// here we declare the Foo trait with a bar method\ntrait Foo {\n    fn bar(&self);\n}\n\n// we now declare a function which takes an object implementing the Foo trait\nfn some_func<T: Foo>(foo: T) {\n    foo.bar();\n}\n\nfn main() {\n    // we now call the method with the i32 type, which doesn't implement\n    // the Foo trait\n    some_func(5i32); // error: the trait bound `i32 : Foo` is not satisfied\n}\n```\n\nIn order to fix this error, verify that the type you're using does implement\nthe trait. Example:\n\n```\ntrait Foo {\n    fn bar(&self);\n}\n\n// we implement the trait on the i32 type\nimpl Foo for i32 {\n    fn bar(&self) {}\n}\n\nfn some_func<T: Foo>(foo: T) {\n    foo.bar(); // we can now use this method since i32 implements the\n               // Foo trait\n}\n\nfn main() {\n    some_func(5i32); // ok!\n}\n```\n\nOr in a generic context, an erroneous code example would look like:\n\n```compile_fail,E0277\nfn some_func<T>(foo: T) {\n    println!(\"{:?}\", foo); // error: the trait `core::fmt::Debug` is not\n                           //        implemented for the type `T`\n}\n\nfn main() {\n    // We now call the method with the i32 type,\n    // which *does* implement the Debug trait.\n    some_func(5i32);\n}\n```\n\nNote that the error here is in the definition of the generic function. Although\nwe only call it with a parameter that does implement `Debug`, the compiler\nstill rejects the function. It must work with all possible input types. In\norder to make this example compile, we need to restrict the generic type we're\naccepting:\n\n```\nuse std::fmt;\n\n// Restrict the input type to types that implement Debug.\nfn some_func<T: fmt::Debug>(foo: T) {\n    println!(\"{:?}\", foo);\n}\n\nfn main() {\n    // Calling the method is still fine, as i32 implements Debug.\n    some_func(5i32);\n\n    // This would fail to compile now:\n    // struct WithoutDebug;\n    // some_func(WithoutDebug);\n}\n```\n\nRust only looks at the signature of the called function, as such it must\nalready specify all requirements that will be used for every type parameter.\n"},"level":"error","spans":[{"file_name":"src/aareg.rs","byte_start":6622,"byte_end":6653,"line_start":176,"line_end":176,"column_start":37,"column_end":68,"is_primary":false,"text":[{"text":"fn aareg(options: &AaregOptions) -> Result<AaregResult, AaregError> {","highlight_start":37,"highlight_end":68}],"label":"expected `aareg::AaregError` because of this","suggested_replacement":null,"suggestion_applicability":null,"expansion":null},{"file_name":"src/aareg.rs","byte_start":6888,"byte_end":6889,"line_start":180,"line_end":180,"column_start":96,"column_end":97,"is_primary":true,"text":[{"text":"    let weighted_data = Python::with_gil(|py| apply_weights(py, &subset_data, options.weights))?;","highlight_start":96,"highlight_end":97}],"label":"the trait `std::convert::From<pyo3::PyErr>` is not implemented for `aareg::AaregError`","suggested_replacement":null,"suggestion_applicability":null,"expansion":{"span":{"file_name":"src/aareg.rs","byte_start":6888,"byte_end":6889,"line_start":180,"line_end":180,"column_start":96,"column_end":97,"is_primary":false,"text":[{"text":"    let weighted_data = Python::with_gil(|py| apply_weights(py, &subset_data, options.weights))?;","highlight_start":96,"highlight_end":97}],"label":null,"suggested_replacement":null,"suggestion_applicability":null,"expansion":null},"macro_decl_name":"desugaring of operator `?`","def_site_span":{"file_name":"src/lib.rs","byte_start":0,"byte_end":0,"line_start":1,"line_end":1,"column_start":1,"column_end":1,"is_primary":false,"text":[],"label":null,"suggested_replacement":null,"suggestion_applicability":null,"expansion":null}}}],"children":[{"message":"the question mark operation (`?`) implicitly performs a conversion on the error value using the `From` trait","code":null,"level":"note","spans":[],"children":[],"rendered":null},{"message":"the following other types implement trait `std::ops::FromResidual<R>`:\n  <std::result::Result<T, F> as std::ops::FromResidual<std::ops::Yeet<E>>>\n  <std::result::Result<T, F> as std::ops::FromResidual<std::result::Result<std::convert::Infallible, E>>>","code":null,"level":"help","spans":[],"children":[],"rendered":null},{"message":"required for `std::result::Result<aareg::AaregResult, aareg::AaregError>` to implement `std::ops::FromResidual<std::result::Result<std::convert::Infallible, pyo3::PyErr>>`","code":null,"level":"note","spans":[],"children":[],"rendered":null}],"rendered":"\u001b[0m\u001b[1m\u001b[38;5;9merror[E0277]\u001b[0m\u001b[0m\u001b[1m: `?` couldn't convert the error to `aareg::AaregError`\u001b[0m\n\u001b[0m   \u001b[0m\u001b[0m\u001b[1m\u001b[38;5;12m--> \u001b[0m\u001b[0msrc/aareg.rs:180:96\u001b[0m\n\u001b[0m    \u001b[0m\u001b[0m\u001b[1m\u001b[38;5;12m|\u001b[0m\n\u001b[0m\u001b[1m\u001b[38;5;12m176\u001b[0m\u001b[0m \u001b[0m\u001b[0m\u001b[1m\u001b[38;5;12m|\u001b[0m\u001b[0m \u001b[0m\u001b[0mfn aareg(options: &AaregOptions) -> Result<AaregResult, AaregError> {\u001b[0m\n\u001b[0m    \u001b[0m\u001b[0m\u001b[1m\u001b[38;5;12m| \u001b[0m\u001b[0m                                    \u001b[0m\u001b[0m\u001b[1m\u001b[38;5;12m-------------------------------\u001b[0m\u001b[0m \u001b[0m\u001b[0m\u001b[1m\u001b[38;5;12mexpected `aareg::AaregError` because of this\u001b[0m\n\u001b[0m\u001b[1m\u001b[38;5;12m...\u001b[0m\n\u001b[0m\u001b[1m\u001b[38;5;12m180\u001b[0m\u001b[0m \u001b[0m\u001b[0m\u001b[1m\u001b[38;5;12m|\u001b[0m\u001b[0m \u001b[0m\u001b[0m    let weighted_data = Python::with_gil(|py| apply_weights(py, &subset_data, options.weights))?;\u001b[0m\n\u001b[0m    \u001b[0m\u001b[0m\u001b[1m\u001b[38;5;12m| \u001b[0m\u001b[0m                                                                                               \u001b[0m\u001b[0m\u001b[1m\u001b[38;5;9m^\u001b[0m\u001b[0m \u001b[0m\u001b[0m\u001b[1m\u001b[38;5;9mthe trait `std::convert::From<pyo3::PyErr>` is not implemented for `aareg::AaregError`\u001b[0m\n\u001b[0m    \u001b[0m\u001b[0m\u001b[1m\u001b[38;5;12m|\u001b[0m\n\u001b[0m    \u001b[0m\u001b[0m\u001b[1m\u001b[38;5;12m= \u001b[0m\u001b[0m\u001b[1mnote\u001b[0m\u001b[0m: the question mark operation (`?`) implicitly performs a conversion on the error value using the `From` trait\u001b[0m\n\u001b[0m    \u001b[0m\u001b[0m\u001b[1m\u001b[38;5;12m= \u001b[0m\u001b[0m\u001b[1mhelp\u001b[0m\u001b[0m: the following other types implement trait `std::ops::FromResidual<R>`:\u001b[0m\n\u001b[0m              <std::result::Result<T, F> as std::ops::FromResidual<std::ops::Yeet<E>>>\u001b[0m\n\u001b[0m              <std::result::Result<T, F> as std::ops::FromResidual<std::result::Result<std::convert::Infallible, E>>>\u001b[0m\n\u001b[0m    \u001b[0m\u001b[0m\u001b[1m\u001b[38;5;12m= \u001b[0m\u001b[0m\u001b[1mnote\u001b[0m\u001b[0m: required for `std::result::Result<aareg::AaregResult, aareg::AaregError>` to implement `std::ops::FromResidual<std::result::Result<std::convert::Infallible, pyo3::PyErr>>`\u001b[0m\n\n"}
{"message":"mismatched types","code":{"code":"E0308","explanation":"Expected type did not match the received type.\n\nErroneous code examples:\n\n```compile_fail,E0308\nfn plus_one(x: i32) -> i32 {\n    x + 1\n}\n\nplus_one(\"Not a number\");\n//       ^^^^^^^^^^^^^^ expected `i32`, found `&str`\n\nif \"Not a bool\" {\n// ^^^^^^^^^^^^ expected `bool`, found `&str`\n}\n\nlet x: f32 = \"Not a float\";\n//     ---   ^^^^^^^^^^^^^ expected `f32`, found `&str`\n//     |\n//     expected due to this\n```\n\nThis error occurs when an expression was used in a place where the compiler\nexpected an expression of a different type. It can occur in several cases, the\nmost common being when calling a function and passing an argument which has a\ndifferent type than the matching type in the function declaration.\n"},"level":"error","spans":[{"file_name":"src/aareg.rs","byte_start":6936,"byte_end":6949,"line_start":182,"line_end":182,"column_start":45,"column_end":58,"is_primary":true,"text":[{"text":"    let filtered_data = handle_missing_data(weighted_data, options.na_action)?;","highlight_start":45,"highlight_end":58}],"label":"expected `ArrayBase<OwnedRepr<f64>, Dim<...>>`, found `Py<PyAny>`","suggested_replacement":null,"suggestion_applicability":null,"expansion":null},{"file_name":"src/aareg.rs","byte_start":6916,"byte_end":6935,"line_start":182,"line_end":182,"column_start":25,"column_end":44,"is_primary":false,"text":[{"text":"    let filtered_data = handle_missing_data(weighted_data, options.na_action)?;","highlight_start":25,"highlight_end":44}],"label":"arguments to this function are incorrect","suggested_replacement":null,"suggestion_applicability":null,"expansion":null}],"children":[{"message":"expected struct `ndarray::ArrayBase<ndarray::OwnedRepr<f64>, ndarray::Dim<[usize; 2]>>`\n   found struct `pyo3::Py<pyo3::PyAny>`","code":null,"level":"note","spans":[],"children":[],"rendered":null},{"message":"function defined here","code":null,"level":"note","spans":[{"file_name":"src/aareg.rs","byte_start":9027,"byte_end":9044,"line_start":251,"line_end":251,"column_start":5,"column_end":22,"is_primary":false,"text":[{"text":"    data: Array2<f64>,","highlight_start":5,"highlight_end":22}],"label":"","suggested_replacement":null,"suggestion_applicability":null,"expansion":null},{"file_name":"src/aareg.rs","byte_start":9002,"byte_end":9021,"line_start":250,"line_end":250,"column_start":4,"column_end":23,"is_primary":true,"text":[{"text":"fn handle_missing_data(","highlight_start":4,"highlight_end":23}],"label":null,"suggested_replacement":null,"suggestion_applicability":null,"expansion":null}],"children":[],"rendered":null}],"rendered":"\u001b[0m\u001b[1m\u001b[38;5;9merror[E0308]\u001b[0m\u001b[0m\u001b[1m: mismatched types\u001b[0m\n\u001b[0m   \u001b[0m\u001b[0m\u001b[1m\u001b[38;5;12m--> \u001b[0m\u001b[0msrc/aareg.rs:182:45\u001b[0m\n\u001b[0m    \u001b[0m\u001b[0m\u001b[1m\u001b[38;5;12m|\u001b[0m\n\u001b[0m\u001b[1m\u001b[38;5;12m182\u001b[0m\u001b[0m \u001b[0m\u001b[0m\u001b[1m\u001b[38;5;12m|\u001b[0m\u001b[0m \u001b[0m\u001b[0m    let filtered_data = handle_missing_data(weighted_data, options.na_action)?;\u001b[0m\n\u001b[0m    \u001b[0m\u001b[0m\u001b[1m\u001b[38;5;12m| \u001b[0m\u001b[0m                        \u001b[0m\u001b[0m\u001b[1m\u001b[38;5;12m-------------------\u001b[0m\u001b[0m \u001b[0m\u001b[0m\u001b[1m\u001b[38;5;9m^^^^^^^^^^^^^\u001b[0m\u001b[0m \u001b[0m\u001b[0m\u001b[1m\u001b[38;5;9mexpected `ArrayBase<OwnedRepr<f64>, Dim<...>>`, found `Py<PyAny>`\u001b[0m\n\u001b[0m    \u001b[0m\u001b[0m\u001b[1m\u001b[38;5;12m| \u001b[0m\u001b[0m                        \u001b[0m\u001b[0m\u001b[1m\u001b[38;5;12m|\u001b[0m\n\u001b[0m    \u001b[0m\u001b[0m\u001b[1m\u001b[38;5;12m| \u001b[0m\u001b[0m                        \u001b[0m\u001b[0m\u001b[1m\u001b[38;5;12marguments to this function are incorrect\u001b[0m\n\u001b[0m    \u001b[0m\u001b[0m\u001b[1m\u001b[38;5;12m|\u001b[0m\n\u001b[0m    \u001b[0m\u001b[0m\u001b[1m\u001b[38;5;12m= \u001b[0m\u001b[0m\u001b[1mnote\u001b[0m\u001b[0m: expected struct `\u001b[0m\u001b[0m\u001b[1mndarray::ArrayBase<ndarray::OwnedRepr<f64>, ndarray::Dim<[usize; 2]>>\u001b[0m\u001b[0m`\u001b[0m\n\u001b[0m               found struct `\u001b[0m\u001b[0m\u001b[1mpyo3::Py<pyo3::PyAny>\u001b[0m\u001b[0m`\u001b[0m\n\u001b[0m\u001b[1m\u001b[38;5;10mnote\u001b[0m\u001b[0m: function defined here\u001b[0m\n\u001b[0m   \u001b[0m\u001b[0m\u001b[1m\u001b[38;5;12m--> \u001b[0m\u001b[0msrc/aareg.rs:250:4\u001b[0m\n\u001b[0m    \u001b[0m\u001b[0m\u001b[1m\u001b[38;5;12m|\u001b[0m\n\u001b[0m\u001b[1m\u001b[38;5;12m250\u001b[0m\u001b[0m \u001b[0m\u001b[0m\u001b[1m\u001b[38;5;12m|\u001b[0m\u001b[0m \u001b[0m\u001b[0mfn handle_missing_data(\u001b[0m\n\u001b[0m    \u001b[0m\u001b[0m\u001b[1m\u001b[38;5;12m| \u001b[0m\u001b[0m   \u001b[0m\u001b[0m\u001b[1m\u001b[38;5;10m^^^^^^^^^^^^^^^^^^^\u001b[0m\n\u001b[0m\u001b[1m\u001b[38;5;12m251\u001b[0m\u001b[0m \u001b[0m\u001b[0m\u001b[1m\u001b[38;5;12m|\u001b[0m\u001b[0m \u001b[0m\u001b[0m    data: Array2<f64>,\u001b[0m\n\u001b[0m    \u001b[0m\u001b[0m\u001b[1m\u001b[38;5;12m| \u001b[0m\u001b[0m    \u001b[0m\u001b[0m\u001b[1m\u001b[38;5;12m-----------------\u001b[0m\n\n"}
{"message":"the trait bound `ndarray::ArrayBase<ndarray::OwnedRepr<f64>, ndarray::Dim<[usize; 2]>>: pyo3::PyClass` is not satisfied","code":{"code":"E0277","explanation":"You tried to use a type which doesn't implement some trait in a place which\nexpected that trait.\n\nErroneous code example:\n\n```compile_fail,E0277\n// here we declare the Foo trait with a bar method\ntrait Foo {\n    fn bar(&self);\n}\n\n// we now declare a function which takes an object implementing the Foo trait\nfn some_func<T: Foo>(foo: T) {\n    foo.bar();\n}\n\nfn main() {\n    // we now call the method with the i32 type, which doesn't implement\n    // the Foo trait\n    some_func(5i32); // error: the trait bound `i32 : Foo` is not satisfied\n}\n```\n\nIn order to fix this error, verify that the type you're using does implement\nthe trait. Example:\n\n```\ntrait Foo {\n    fn bar(&self);\n}\n\n// we implement the trait on the i32 type\nimpl Foo for i32 {\n    fn bar(&self) {}\n}\n\nfn some_func<T: Foo>(foo: T) {\n    foo.bar(); // we can now use this method since i32 implements the\n               // Foo trait\n}\n\nfn main() {\n    some_func(5i32); // ok!\n}\n```\n\nOr in a generic context, an erroneous code example would look like:\n\n```compile_fail,E0277\nfn some_func<T>(foo: T) {\n    println!(\"{:?}\", foo); // error: the trait `core::fmt::Debug` is not\n                           //        implemented for the type `T`\n}\n\nfn main() {\n    // We now call the method with the i32 type,\n    // which *does* implement the Debug trait.\n    some_func(5i32);\n}\n```\n\nNote that the error here is in the definition of the generic function. Although\nwe only call it with a parameter that does implement `Debug`, the compiler\nstill rejects the function. It must work with all possible input types. In\norder to make this example compile, we need to restrict the generic type we're\naccepting:\n\n```\nuse std::fmt;\n\n// Restrict the input type to types that implement Debug.\nfn some_func<T: fmt::Debug>(foo: T) {\n    println!(\"{:?}\", foo);\n}\n\nfn main() {\n    // Calling the method is still fine, as i32 implements Debug.\n    some_func(5i32);\n\n    // This would fail to compile now:\n    // struct WithoutDebug;\n    // some_func(WithoutDebug);\n}\n```\n\nRust only looks at the signature of the called function, as such it must\nalready specify all requirements that will be used for every type parameter.\n"},"level":"error","spans":[{"file_name":"src/aareg.rs","byte_start":8177,"byte_end":8184,"line_start":223,"line_end":223,"column_start":40,"column_end":47,"is_primary":true,"text":[{"text":"    let data_array: Array2<f64> = data.extract()?; // Convert Python object to Rust ndarray","highlight_start":40,"highlight_end":47}],"label":"the trait `pyo3::PyClass` is not implemented for `ndarray::ArrayBase<ndarray::OwnedRepr<f64>, ndarray::Dim<[usize; 2]>>`","suggested_replacement":null,"suggestion_applicability":null,"expansion":null}],"children":[{"message":"the following other types implement trait `pyo3::PyClass`:\n  aareg::AaregOptions\n  aareg::Surv\n  aareg::AaregResult\n  aareg::ConfidenceInterval\n  aareg::FitDetails\n  aareg::Diagnostics","code":null,"level":"help","spans":[],"children":[],"rendered":null},{"message":"required for `ndarray::ArrayBase<ndarray::OwnedRepr<f64>, ndarray::Dim<[usize; 2]>>` to implement `pyo3::FromPyObject<'_>`","code":null,"level":"note","spans":[],"children":[],"rendered":null},{"message":"required by a bound in `pyo3::PyAny::extract`","code":null,"level":"note","spans":[{"file_name":"/home/cameron/.cargo/registry/src/index.crates.io-6f17d22bba15001f/pyo3-0.20.0/src/types/any.rs","byte_start":31853,"byte_end":31860,"line_start":949,"line_end":949,"column_start":12,"column_end":19,"is_primary":false,"text":[{"text":"    pub fn extract<'a, D>(&'a self) -> PyResult<D>","highlight_start":12,"highlight_end":19}],"label":"required by a bound in this associated function","suggested_replacement":null,"suggestion_applicability":null,"expansion":null},{"file_name":"/home/cameron/.cargo/registry/src/index.crates.io-6f17d22bba15001f/pyo3-0.20.0/src/types/any.rs","byte_start":31914,"byte_end":31930,"line_start":951,"line_end":951,"column_start":12,"column_end":28,"is_primary":true,"text":[{"text":"        D: FromPyObject<'a>,","highlight_start":12,"highlight_end":28}],"label":"required by this bound in `PyAny::extract`","suggested_replacement":null,"suggestion_applicability":null,"expansion":null}],"children":[],"rendered":null}],"rendered":"\u001b[0m\u001b[1m\u001b[38;5;9merror[E0277]\u001b[0m\u001b[0m\u001b[1m: the trait bound `ndarray::ArrayBase<ndarray::OwnedRepr<f64>, ndarray::Dim<[usize; 2]>>: pyo3::PyClass` is not satisfied\u001b[0m\n\u001b[0m   \u001b[0m\u001b[0m\u001b[1m\u001b[38;5;12m--> \u001b[0m\u001b[0msrc/aareg.rs:223:40\u001b[0m\n\u001b[0m    \u001b[0m\u001b[0m\u001b[1m\u001b[38;5;12m|\u001b[0m\n\u001b[0m\u001b[1m\u001b[38;5;12m223\u001b[0m\u001b[0m \u001b[0m\u001b[0m\u001b[1m\u001b[38;5;12m|\u001b[0m\u001b[0m \u001b[0m\u001b[0m    let data_array: Array2<f64> = data.extract()?; // Convert Python object to Rust ndarray\u001b[0m\n\u001b[0m    \u001b[0m\u001b[0m\u001b[1m\u001b[38;5;12m| \u001b[0m\u001b[0m                                       \u001b[0m\u001b[0m\u001b[1m\u001b[38;5;9m^^^^^^^\u001b[0m\u001b[0m \u001b[0m\u001b[0m\u001b[1m\u001b[38;5;9mthe trait `pyo3::PyClass` is not implemented for `ndarray::ArrayBase<ndarray::OwnedRepr<f64>, ndarray::Dim<[usize; 2]>>`\u001b[0m\n\u001b[0m    \u001b[0m\u001b[0m\u001b[1m\u001b[38;5;12m|\u001b[0m\n\u001b[0m    \u001b[0m\u001b[0m\u001b[1m\u001b[38;5;12m= \u001b[0m\u001b[0m\u001b[1mhelp\u001b[0m\u001b[0m: the following other types implement trait `pyo3::PyClass`:\u001b[0m\n\u001b[0m              aareg::AaregOptions\u001b[0m\n\u001b[0m              aareg::Surv\u001b[0m\n\u001b[0m              aareg::AaregResult\u001b[0m\n\u001b[0m              aareg::ConfidenceInterval\u001b[0m\n\u001b[0m              aareg::FitDetails\u001b[0m\n\u001b[0m              aareg::Diagnostics\u001b[0m\n\u001b[0m    \u001b[0m\u001b[0m\u001b[1m\u001b[38;5;12m= \u001b[0m\u001b[0m\u001b[1mnote\u001b[0m\u001b[0m: required for `ndarray::ArrayBase<ndarray::OwnedRepr<f64>, ndarray::Dim<[usize; 2]>>` to implement `pyo3::FromPyObject<'_>`\u001b[0m\n\u001b[0m\u001b[1m\u001b[38;5;10mnote\u001b[0m\u001b[0m: required by a bound in `pyo3::PyAny::extract`\u001b[0m\n\u001b[0m   \u001b[0m\u001b[0m\u001b[1m\u001b[38;5;12m--> \u001b[0m\u001b[0m/home/cameron/.cargo/registry/src/index.crates.io-6f17d22bba15001f/pyo3-0.20.0/src/types/any.rs:951:12\u001b[0m\n\u001b[0m    \u001b[0m\u001b[0m\u001b[1m\u001b[38;5;12m|\u001b[0m\n\u001b[0m\u001b[1m\u001b[38;5;12m949\u001b[0m\u001b[0m \u001b[0m\u001b[0m\u001b[1m\u001b[38;5;12m|\u001b[0m\u001b[0m \u001b[0m\u001b[0m    pub fn extract<'a, D>(&'a self) -> PyResult<D>\u001b[0m\n\u001b[0m    \u001b[0m\u001b[0m\u001b[1m\u001b[38;5;12m| \u001b[0m\u001b[0m           \u001b[0m\u001b[0m\u001b[1m\u001b[38;5;12m-------\u001b[0m\u001b[0m \u001b[0m\u001b[0m\u001b[1m\u001b[38;5;12mrequired by a bound in this associated function\u001b[0m\n\u001b[0m\u001b[1m\u001b[38;5;12m950\u001b[0m\u001b[0m \u001b[0m\u001b[0m\u001b[1m\u001b[38;5;12m|\u001b[0m\u001b[0m \u001b[0m\u001b[0m    where\u001b[0m\n\u001b[0m\u001b[1m\u001b[38;5;12m951\u001b[0m\u001b[0m \u001b[0m\u001b[0m\u001b[1m\u001b[38;5;12m|\u001b[0m\u001b[0m \u001b[0m\u001b[0m        D: FromPyObject<'a>,\u001b[0m\n\u001b[0m    \u001b[0m\u001b[0m\u001b[1m\u001b[38;5;12m| \u001b[0m\u001b[0m           \u001b[0m\u001b[0m\u001b[1m\u001b[38;5;10m^^^^^^^^^^^^^^^^\u001b[0m\u001b[0m \u001b[0m\u001b[0m\u001b[1m\u001b[38;5;10mrequired by this bound in `PyAny::extract`\u001b[0m\n\n"}
{"message":"no method named `to_pyobject` found for struct `ndarray::ArrayBase` in the current scope","code":{"code":"E0599","explanation":"This error occurs when a method is used on a type which doesn't implement it:\n\nErroneous code example:\n\n```compile_fail,E0599\nstruct Mouth;\n\nlet x = Mouth;\nx.chocolate(); // error: no method named `chocolate` found for type `Mouth`\n               //        in the current scope\n```\n\nIn this case, you need to implement the `chocolate` method to fix the error:\n\n```\nstruct Mouth;\n\nimpl Mouth {\n    fn chocolate(&self) { // We implement the `chocolate` method here.\n        println!(\"Hmmm! I love chocolate!\");\n    }\n}\n\nlet x = Mouth;\nx.chocolate(); // ok!\n```\n"},"level":"error","spans":[{"file_name":"src/aareg.rs","byte_start":8911,"byte_end":8922,"line_start":246,"line_end":246,"column_start":21,"column_end":32,"is_primary":true,"text":[{"text":"    Ok(result_array.to_pyobject(py)) // Convert the result ndarray back to a Python object","highlight_start":21,"highlight_end":32}],"label":"method not found in `ArrayBase<OwnedRepr<f64>, Dim<[usize; 2]>>`","suggested_replacement":null,"suggestion_applicability":null,"expansion":null}],"children":[],"rendered":"\u001b[0m\u001b[1m\u001b[38;5;9merror[E0599]\u001b[0m\u001b[0m\u001b[1m: no method named `to_pyobject` found for struct `ndarray::ArrayBase` in the current scope\u001b[0m\n\u001b[0m   \u001b[0m\u001b[0m\u001b[1m\u001b[38;5;12m--> \u001b[0m\u001b[0msrc/aareg.rs:246:21\u001b[0m\n\u001b[0m    \u001b[0m\u001b[0m\u001b[1m\u001b[38;5;12m|\u001b[0m\n\u001b[0m\u001b[1m\u001b[38;5;12m246\u001b[0m\u001b[0m \u001b[0m\u001b[0m\u001b[1m\u001b[38;5;12m|\u001b[0m\u001b[0m \u001b[0m\u001b[0m    Ok(result_array.to_pyobject(py)) // Convert the result ndarray back to a Python object\u001b[0m\n\u001b[0m    \u001b[0m\u001b[0m\u001b[1m\u001b[38;5;12m| \u001b[0m\u001b[0m                    \u001b[0m\u001b[0m\u001b[1m\u001b[38;5;9m^^^^^^^^^^^\u001b[0m\u001b[0m \u001b[0m\u001b[0m\u001b[1m\u001b[38;5;9mmethod not found in `ArrayBase<OwnedRepr<f64>, Dim<[usize; 2]>>`\u001b[0m\n\n"}
{"message":"type annotations needed for `&_`","code":{"code":"E0282","explanation":"The compiler could not infer a type and asked for a type annotation.\n\nErroneous code example:\n\n```compile_fail,E0282\nlet x = Vec::new();\n```\n\nThis error indicates that type inference did not result in one unique possible\ntype, and extra information is required. In most cases this can be provided\nby adding a type annotation. Sometimes you need to specify a generic type\nparameter manually.\n\nIn the example above, type `Vec` has a type parameter `T`. When calling\n`Vec::new`, barring any other later usage of the variable `x` that allows the\ncompiler to infer what type `T` is, the compiler needs to be told what it is.\n\nThe type can be specified on the variable:\n\n```\nlet x: Vec<i32> = Vec::new();\n```\n\nThe type can also be specified in the path of the expression:\n\n```\nlet x = Vec::<i32>::new();\n```\n\nIn cases with more complex types, it is not necessary to annotate the full\ntype. Once the ambiguity is resolved, the compiler can infer the rest:\n\n```\nlet x: Vec<_> = \"hello\".chars().rev().collect();\n```\n\nAnother way to provide the compiler with enough information, is to specify the\ngeneric type parameter:\n\n```\nlet x = \"hello\".chars().rev().collect::<Vec<char>>();\n```\n\nAgain, you need not specify the full type if the compiler can infer it:\n\n```\nlet x = \"hello\".chars().rev().collect::<Vec<_>>();\n```\n\nApart from a method or function with a generic type parameter, this error can\noccur when a type parameter of a struct or trait cannot be inferred. In that\ncase it is not always possible to use a type annotation, because all candidates\nhave the same return type. For instance:\n\n```compile_fail,E0282\nstruct Foo<T> {\n    num: T,\n}\n\nimpl<T> Foo<T> {\n    fn bar() -> i32 {\n        0\n    }\n\n    fn baz() {\n        let number = Foo::bar();\n    }\n}\n```\n\nThis will fail because the compiler does not know which instance of `Foo` to\ncall `bar` on. Change `Foo::bar()` to `Foo::<T>::bar()` to resolve the error.\n"},"level":"error","spans":[{"file_name":"src/aareg.rs","byte_start":9535,"byte_end":9536,"line_start":265,"line_end":265,"column_start":69,"column_end":70,"is_primary":false,"text":[{"text":"            let filtered_data = data.select(ndarray::Axis(1), |&x| !x.is_nan());","highlight_start":69,"highlight_end":70}],"label":"type must be known at this point","suggested_replacement":null,"suggestion_applicability":null,"expansion":null},{"file_name":"src/aareg.rs","byte_start":9530,"byte_end":9532,"line_start":265,"line_end":265,"column_start":64,"column_end":66,"is_primary":true,"text":[{"text":"            let filtered_data = data.select(ndarray::Axis(1), |&x| !x.is_nan());","highlight_start":64,"highlight_end":66}],"label":null,"suggested_replacement":null,"suggestion_applicability":null,"expansion":null}],"children":[{"message":"consider giving this closure parameter an explicit type, where the placeholders `_` are specified","code":null,"level":"help","spans":[{"file_name":"src/aareg.rs","byte_start":9532,"byte_end":9532,"line_start":265,"line_end":265,"column_start":66,"column_end":66,"is_primary":true,"text":[{"text":"            let filtered_data = data.select(ndarray::Axis(1), |&x| !x.is_nan());","highlight_start":66,"highlight_end":66}],"label":null,"suggested_replacement":": &_","suggestion_applicability":"HasPlaceholders","expansion":null}],"children":[],"rendered":null}],"rendered":"\u001b[0m\u001b[1m\u001b[38;5;9merror[E0282]\u001b[0m\u001b[0m\u001b[1m: type annotations needed for `&_`\u001b[0m\n\u001b[0m   \u001b[0m\u001b[0m\u001b[1m\u001b[38;5;12m--> \u001b[0m\u001b[0msrc/aareg.rs:265:64\u001b[0m\n\u001b[0m    \u001b[0m\u001b[0m\u001b[1m\u001b[38;5;12m|\u001b[0m\n\u001b[0m\u001b[1m\u001b[38;5;12m265\u001b[0m\u001b[0m \u001b[0m\u001b[0m\u001b[1m\u001b[38;5;12m|\u001b[0m\u001b[0m \u001b[0m\u001b[0m            let filtered_data = data.select(ndarray::Axis(1), |&x| !x.is_nan());\u001b[0m\n\u001b[0m    \u001b[0m\u001b[0m\u001b[1m\u001b[38;5;12m| \u001b[0m\u001b[0m                                                               \u001b[0m\u001b[0m\u001b[1m\u001b[38;5;9m^^\u001b[0m\u001b[0m   \u001b[0m\u001b[0m\u001b[1m\u001b[38;5;12m-\u001b[0m\u001b[0m \u001b[0m\u001b[0m\u001b[1m\u001b[38;5;12mtype must be known at this point\u001b[0m\n\u001b[0m    \u001b[0m\u001b[0m\u001b[1m\u001b[38;5;12m|\u001b[0m\n\u001b[0m\u001b[1m\u001b[38;5;14mhelp\u001b[0m\u001b[0m: consider giving this closure parameter an explicit type, where the placeholders `_` are specified\u001b[0m\n\u001b[0m    \u001b[0m\u001b[0m\u001b[1m\u001b[38;5;12m|\u001b[0m\n\u001b[0m\u001b[1m\u001b[38;5;12m265\u001b[0m\u001b[0m \u001b[0m\u001b[0m\u001b[1m\u001b[38;5;12m| \u001b[0m\u001b[0m            let filtered_data = data.select(ndarray::Axis(1), |&x\u001b[0m\u001b[0m\u001b[38;5;10m: &_\u001b[0m\u001b[0m| !x.is_nan());\u001b[0m\n\u001b[0m    \u001b[0m\u001b[0m\u001b[1m\u001b[38;5;12m|\u001b[0m\u001b[0m                                                                  \u001b[0m\u001b[0m\u001b[38;5;10m++++\u001b[0m\n\n"}
{"message":"the trait bound `ndarray::ArrayBase<ndarray::OwnedRepr<f64>, ndarray::Dim<[usize; 2]>>: pyo3::PyClass` is not satisfied","code":{"code":"E0277","explanation":"You tried to use a type which doesn't implement some trait in a place which\nexpected that trait.\n\nErroneous code example:\n\n```compile_fail,E0277\n// here we declare the Foo trait with a bar method\ntrait Foo {\n    fn bar(&self);\n}\n\n// we now declare a function which takes an object implementing the Foo trait\nfn some_func<T: Foo>(foo: T) {\n    foo.bar();\n}\n\nfn main() {\n    // we now call the method with the i32 type, which doesn't implement\n    // the Foo trait\n    some_func(5i32); // error: the trait bound `i32 : Foo` is not satisfied\n}\n```\n\nIn order to fix this error, verify that the type you're using does implement\nthe trait. Example:\n\n```\ntrait Foo {\n    fn bar(&self);\n}\n\n// we implement the trait on the i32 type\nimpl Foo for i32 {\n    fn bar(&self) {}\n}\n\nfn some_func<T: Foo>(foo: T) {\n    foo.bar(); // we can now use this method since i32 implements the\n               // Foo trait\n}\n\nfn main() {\n    some_func(5i32); // ok!\n}\n```\n\nOr in a generic context, an erroneous code example would look like:\n\n```compile_fail,E0277\nfn some_func<T>(foo: T) {\n    println!(\"{:?}\", foo); // error: the trait `core::fmt::Debug` is not\n                           //        implemented for the type `T`\n}\n\nfn main() {\n    // We now call the method with the i32 type,\n    // which *does* implement the Debug trait.\n    some_func(5i32);\n}\n```\n\nNote that the error here is in the definition of the generic function. Although\nwe only call it with a parameter that does implement `Debug`, the compiler\nstill rejects the function. It must work with all possible input types. In\norder to make this example compile, we need to restrict the generic type we're\naccepting:\n\n```\nuse std::fmt;\n\n// Restrict the input type to types that implement Debug.\nfn some_func<T: fmt::Debug>(foo: T) {\n    println!(\"{:?}\", foo);\n}\n\nfn main() {\n    // Calling the method is still fine, as i32 implements Debug.\n    some_func(5i32);\n\n    // This would fail to compile now:\n    // struct WithoutDebug;\n    // some_func(WithoutDebug);\n}\n```\n\nRust only looks at the signature of the called function, as such it must\nalready specify all requirements that will be used for every type parameter.\n"},"level":"error","spans":[{"file_name":"src/aareg.rs","byte_start":9033,"byte_end":9039,"line_start":251,"line_end":251,"column_start":11,"column_end":17,"is_primary":true,"text":[{"text":"    data: Array2<f64>,","highlight_start":11,"highlight_end":17}],"label":"the trait `pyo3::PyClass` is not implemented for `ndarray::ArrayBase<ndarray::OwnedRepr<f64>, ndarray::Dim<[usize; 2]>>`","suggested_replacement":null,"suggestion_applicability":null,"expansion":null}],"children":[{"message":"the following other types implement trait `pyo3::PyClass`:\n  aareg::AaregOptions\n  aareg::Surv\n  aareg::AaregResult\n  aareg::ConfidenceInterval\n  aareg::FitDetails\n  aareg::Diagnostics","code":null,"level":"help","spans":[],"children":[],"rendered":null},{"message":"required for `ndarray::ArrayBase<ndarray::OwnedRepr<f64>, ndarray::Dim<[usize; 2]>>` to implement `pyo3::FromPyObject<'_>`","code":null,"level":"note","spans":[],"children":[],"rendered":null},{"message":"required for `ndarray::ArrayBase<ndarray::OwnedRepr<f64>, ndarray::Dim<[usize; 2]>>` to implement `pyo3::impl_::extract_argument::PyFunctionArgument<'_, '_>`","code":null,"level":"note","spans":[],"children":[],"rendered":null},{"message":"required by a bound in `pyo3::impl_::extract_argument::extract_argument`","code":null,"level":"note","spans":[{"file_name":"/home/cameron/.cargo/registry/src/index.crates.io-6f17d22bba15001f/pyo3-0.20.0/src/impl_/extract_argument.rs","byte_start":1978,"byte_end":1994,"line_start":66,"line_end":66,"column_start":8,"column_end":24,"is_primary":false,"text":[{"text":"pub fn extract_argument<'a, 'py, T>(","highlight_start":8,"highlight_end":24}],"label":"required by a bound in this function","suggested_replacement":null,"suggestion_applicability":null,"expansion":null},{"file_name":"/home/cameron/.cargo/registry/src/index.crates.io-6f17d22bba15001f/pyo3-0.20.0/src/impl_/extract_argument.rs","byte_start":2110,"byte_end":2137,"line_start":72,"line_end":72,"column_start":8,"column_end":35,"is_primary":true,"text":[{"text":"    T: PyFunctionArgument<'a, 'py>,","highlight_start":8,"highlight_end":35}],"label":"required by this bound in `extract_argument`","suggested_replacement":null,"suggestion_applicability":null,"expansion":null}],"children":[],"rendered":null}],"rendered":"\u001b[0m\u001b[1m\u001b[38;5;9merror[E0277]\u001b[0m\u001b[0m\u001b[1m: the trait bound `ndarray::ArrayBase<ndarray::OwnedRepr<f64>, ndarray::Dim<[usize; 2]>>: pyo3::PyClass` is not satisfied\u001b[0m\n\u001b[0m   \u001b[0m\u001b[0m\u001b[1m\u001b[38;5;12m--> \u001b[0m\u001b[0msrc/aareg.rs:251:11\u001b[0m\n\u001b[0m    \u001b[0m\u001b[0m\u001b[1m\u001b[38;5;12m|\u001b[0m\n\u001b[0m\u001b[1m\u001b[38;5;12m251\u001b[0m\u001b[0m \u001b[0m\u001b[0m\u001b[1m\u001b[38;5;12m|\u001b[0m\u001b[0m \u001b[0m\u001b[0m    data: Array2<f64>,\u001b[0m\n\u001b[0m    \u001b[0m\u001b[0m\u001b[1m\u001b[38;5;12m| \u001b[0m\u001b[0m          \u001b[0m\u001b[0m\u001b[1m\u001b[38;5;9m^^^^^^\u001b[0m\u001b[0m \u001b[0m\u001b[0m\u001b[1m\u001b[38;5;9mthe trait `pyo3::PyClass` is not implemented for `ndarray::ArrayBase<ndarray::OwnedRepr<f64>, ndarray::Dim<[usize; 2]>>`\u001b[0m\n\u001b[0m    \u001b[0m\u001b[0m\u001b[1m\u001b[38;5;12m|\u001b[0m\n\u001b[0m    \u001b[0m\u001b[0m\u001b[1m\u001b[38;5;12m= \u001b[0m\u001b[0m\u001b[1mhelp\u001b[0m\u001b[0m: the following other types implement trait `pyo3::PyClass`:\u001b[0m\n\u001b[0m              aareg::AaregOptions\u001b[0m\n\u001b[0m              aareg::Surv\u001b[0m\n\u001b[0m              aareg::AaregResult\u001b[0m\n\u001b[0m              aareg::ConfidenceInterval\u001b[0m\n\u001b[0m              aareg::FitDetails\u001b[0m\n\u001b[0m              aareg::Diagnostics\u001b[0m\n\u001b[0m    \u001b[0m\u001b[0m\u001b[1m\u001b[38;5;12m= \u001b[0m\u001b[0m\u001b[1mnote\u001b[0m\u001b[0m: required for `ndarray::ArrayBase<ndarray::OwnedRepr<f64>, ndarray::Dim<[usize; 2]>>` to implement `pyo3::FromPyObject<'_>`\u001b[0m\n\u001b[0m    \u001b[0m\u001b[0m\u001b[1m\u001b[38;5;12m= \u001b[0m\u001b[0m\u001b[1mnote\u001b[0m\u001b[0m: required for `ndarray::ArrayBase<ndarray::OwnedRepr<f64>, ndarray::Dim<[usize; 2]>>` to implement `pyo3::impl_::extract_argument::PyFunctionArgument<'_, '_>`\u001b[0m\n\u001b[0m\u001b[1m\u001b[38;5;10mnote\u001b[0m\u001b[0m: required by a bound in `pyo3::impl_::extract_argument::extract_argument`\u001b[0m\n\u001b[0m   \u001b[0m\u001b[0m\u001b[1m\u001b[38;5;12m--> \u001b[0m\u001b[0m/home/cameron/.cargo/registry/src/index.crates.io-6f17d22bba15001f/pyo3-0.20.0/src/impl_/extract_argument.rs:72:8\u001b[0m\n\u001b[0m    \u001b[0m\u001b[0m\u001b[1m\u001b[38;5;12m|\u001b[0m\n\u001b[0m\u001b[1m\u001b[38;5;12m66\u001b[0m\u001b[0m  \u001b[0m\u001b[0m\u001b[1m\u001b[38;5;12m|\u001b[0m\u001b[0m \u001b[0m\u001b[0mpub fn extract_argument<'a, 'py, T>(\u001b[0m\n\u001b[0m    \u001b[0m\u001b[0m\u001b[1m\u001b[38;5;12m| \u001b[0m\u001b[0m       \u001b[0m\u001b[0m\u001b[1m\u001b[38;5;12m----------------\u001b[0m\u001b[0m \u001b[0m\u001b[0m\u001b[1m\u001b[38;5;12mrequired by a bound in this function\u001b[0m\n\u001b[0m\u001b[1m\u001b[38;5;12m...\u001b[0m\n\u001b[0m\u001b[1m\u001b[38;5;12m72\u001b[0m\u001b[0m  \u001b[0m\u001b[0m\u001b[1m\u001b[38;5;12m|\u001b[0m\u001b[0m \u001b[0m\u001b[0m    T: PyFunctionArgument<'a, 'py>,\u001b[0m\n\u001b[0m    \u001b[0m\u001b[0m\u001b[1m\u001b[38;5;12m| \u001b[0m\u001b[0m       \u001b[0m\u001b[0m\u001b[1m\u001b[38;5;10m^^^^^^^^^^^^^^^^^^^^^^^^^^^\u001b[0m\u001b[0m \u001b[0m\u001b[0m\u001b[1m\u001b[38;5;10mrequired by this bound in `extract_argument`\u001b[0m\n\n"}
{"message":"the trait bound `aareg::NaAction: pyo3::PyClass` is not satisfied","code":{"code":"E0277","explanation":"You tried to use a type which doesn't implement some trait in a place which\nexpected that trait.\n\nErroneous code example:\n\n```compile_fail,E0277\n// here we declare the Foo trait with a bar method\ntrait Foo {\n    fn bar(&self);\n}\n\n// we now declare a function which takes an object implementing the Foo trait\nfn some_func<T: Foo>(foo: T) {\n    foo.bar();\n}\n\nfn main() {\n    // we now call the method with the i32 type, which doesn't implement\n    // the Foo trait\n    some_func(5i32); // error: the trait bound `i32 : Foo` is not satisfied\n}\n```\n\nIn order to fix this error, verify that the type you're using does implement\nthe trait. Example:\n\n```\ntrait Foo {\n    fn bar(&self);\n}\n\n// we implement the trait on the i32 type\nimpl Foo for i32 {\n    fn bar(&self) {}\n}\n\nfn some_func<T: Foo>(foo: T) {\n    foo.bar(); // we can now use this method since i32 implements the\n               // Foo trait\n}\n\nfn main() {\n    some_func(5i32); // ok!\n}\n```\n\nOr in a generic context, an erroneous code example would look like:\n\n```compile_fail,E0277\nfn some_func<T>(foo: T) {\n    println!(\"{:?}\", foo); // error: the trait `core::fmt::Debug` is not\n                           //        implemented for the type `T`\n}\n\nfn main() {\n    // We now call the method with the i32 type,\n    // which *does* implement the Debug trait.\n    some_func(5i32);\n}\n```\n\nNote that the error here is in the definition of the generic function. Although\nwe only call it with a parameter that does implement `Debug`, the compiler\nstill rejects the function. It must work with all possible input types. In\norder to make this example compile, we need to restrict the generic type we're\naccepting:\n\n```\nuse std::fmt;\n\n// Restrict the input type to types that implement Debug.\nfn some_func<T: fmt::Debug>(foo: T) {\n    println!(\"{:?}\", foo);\n}\n\nfn main() {\n    // Calling the method is still fine, as i32 implements Debug.\n    some_func(5i32);\n\n    // This would fail to compile now:\n    // struct WithoutDebug;\n    // some_func(WithoutDebug);\n}\n```\n\nRust only looks at the signature of the called function, as such it must\nalready specify all requirements that will be used for every type parameter.\n"},"level":"error","spans":[{"file_name":"src/aareg.rs","byte_start":8985,"byte_end":8998,"line_start":249,"line_end":249,"column_start":1,"column_end":14,"is_primary":true,"text":[{"text":"#[pyfunction]","highlight_start":1,"highlight_end":14}],"label":"the trait `pyo3::PyClass` is not implemented for `aareg::NaAction`","suggested_replacement":null,"suggestion_applicability":null,"expansion":null},{"file_name":"src/aareg.rs","byte_start":9061,"byte_end":9067,"line_start":252,"line_end":252,"column_start":16,"column_end":22,"is_primary":false,"text":[{"text":"    na_action: Option<NaAction>,","highlight_start":16,"highlight_end":22}],"label":"required by a bound introduced by this call","suggested_replacement":null,"suggestion_applicability":null,"expansion":null}],"children":[{"message":"the following other types implement trait `pyo3::PyClass`:\n  aareg::AaregOptions\n  aareg::Surv\n  aareg::AaregResult\n  aareg::ConfidenceInterval\n  aareg::FitDetails\n  aareg::Diagnostics","code":null,"level":"help","spans":[],"children":[],"rendered":null},{"message":"required for `aareg::NaAction` to implement `pyo3::FromPyObject<'_>`","code":null,"level":"note","spans":[],"children":[],"rendered":null},{"message":"required for `aareg::NaAction` to implement `pyo3::impl_::extract_argument::PyFunctionArgument<'_, '_>`","code":null,"level":"note","spans":[],"children":[],"rendered":null},{"message":"required by a bound in `pyo3::impl_::extract_argument::extract_optional_argument`","code":null,"level":"note","spans":[{"file_name":"/home/cameron/.cargo/registry/src/index.crates.io-6f17d22bba15001f/pyo3-0.20.0/src/impl_/extract_argument.rs","byte_start":2501,"byte_end":2526,"line_start":83,"line_end":83,"column_start":8,"column_end":33,"is_primary":false,"text":[{"text":"pub fn extract_optional_argument<'a, 'py, T>(","highlight_start":8,"highlight_end":33}],"label":"required by a bound in this function","suggested_replacement":null,"suggestion_applicability":null,"expansion":null},{"file_name":"/home/cameron/.cargo/registry/src/index.crates.io-6f17d22bba15001f/pyo3-0.20.0/src/impl_/extract_argument.rs","byte_start":2690,"byte_end":2717,"line_start":90,"line_end":90,"column_start":8,"column_end":35,"is_primary":true,"text":[{"text":"    T: PyFunctionArgument<'a, 'py>,","highlight_start":8,"highlight_end":35}],"label":"required by this bound in `extract_optional_argument`","suggested_replacement":null,"suggestion_applicability":null,"expansion":null}],"children":[],"rendered":null}],"rendered":"\u001b[0m\u001b[1m\u001b[38;5;9merror[E0277]\u001b[0m\u001b[0m\u001b[1m: the trait bound `aareg::NaAction: pyo3::PyClass` is not satisfied\u001b[0m\n\u001b[0m   \u001b[0m\u001b[0m\u001b[1m\u001b[38;5;12m--> \u001b[0m\u001b[0msrc/aareg.rs:249:1\u001b[0m\n\u001b[0m    \u001b[0m\u001b[0m\u001b[1m\u001b[38;5;12m|\u001b[0m\n\u001b[0m\u001b[1m\u001b[38;5;12m249\u001b[0m\u001b[0m \u001b[0m\u001b[0m\u001b[1m\u001b[38;5;12m|\u001b[0m\u001b[0m \u001b[0m\u001b[0m#[pyfunction]\u001b[0m\n\u001b[0m    \u001b[0m\u001b[0m\u001b[1m\u001b[38;5;12m| \u001b[0m\u001b[0m\u001b[1m\u001b[38;5;9m^^^^^^^^^^^^^\u001b[0m\u001b[0m \u001b[0m\u001b[0m\u001b[1m\u001b[38;5;9mthe trait `pyo3::PyClass` is not implemented for `aareg::NaAction`\u001b[0m\n\u001b[0m\u001b[1m\u001b[38;5;12m...\u001b[0m\n\u001b[0m\u001b[1m\u001b[38;5;12m252\u001b[0m\u001b[0m \u001b[0m\u001b[0m\u001b[1m\u001b[38;5;12m|\u001b[0m\u001b[0m \u001b[0m\u001b[0m    na_action: Option<NaAction>,\u001b[0m\n\u001b[0m    \u001b[0m\u001b[0m\u001b[1m\u001b[38;5;12m| \u001b[0m\u001b[0m               \u001b[0m\u001b[0m\u001b[1m\u001b[38;5;12m------\u001b[0m\u001b[0m \u001b[0m\u001b[0m\u001b[1m\u001b[38;5;12mrequired by a bound introduced by this call\u001b[0m\n\u001b[0m    \u001b[0m\u001b[0m\u001b[1m\u001b[38;5;12m|\u001b[0m\n\u001b[0m    \u001b[0m\u001b[0m\u001b[1m\u001b[38;5;12m= \u001b[0m\u001b[0m\u001b[1mhelp\u001b[0m\u001b[0m: the following other types implement trait `pyo3::PyClass`:\u001b[0m\n\u001b[0m              aareg::AaregOptions\u001b[0m\n\u001b[0m              aareg::Surv\u001b[0m\n\u001b[0m              aareg::AaregResult\u001b[0m\n\u001b[0m              aareg::ConfidenceInterval\u001b[0m\n\u001b[0m              aareg::FitDetails\u001b[0m\n\u001b[0m              aareg::Diagnostics\u001b[0m\n\u001b[0m    \u001b[0m\u001b[0m\u001b[1m\u001b[38;5;12m= \u001b[0m\u001b[0m\u001b[1mnote\u001b[0m\u001b[0m: required for `aareg::NaAction` to implement `pyo3::FromPyObject<'_>`\u001b[0m\n\u001b[0m    \u001b[0m\u001b[0m\u001b[1m\u001b[38;5;12m= \u001b[0m\u001b[0m\u001b[1mnote\u001b[0m\u001b[0m: required for `aareg::NaAction` to implement `pyo3::impl_::extract_argument::PyFunctionArgument<'_, '_>`\u001b[0m\n\u001b[0m\u001b[1m\u001b[38;5;10mnote\u001b[0m\u001b[0m: required by a bound in `pyo3::impl_::extract_argument::extract_optional_argument`\u001b[0m\n\u001b[0m   \u001b[0m\u001b[0m\u001b[1m\u001b[38;5;12m--> \u001b[0m\u001b[0m/home/cameron/.cargo/registry/src/index.crates.io-6f17d22bba15001f/pyo3-0.20.0/src/impl_/extract_argument.rs:90:8\u001b[0m\n\u001b[0m    \u001b[0m\u001b[0m\u001b[1m\u001b[38;5;12m|\u001b[0m\n\u001b[0m\u001b[1m\u001b[38;5;12m83\u001b[0m\u001b[0m  \u001b[0m\u001b[0m\u001b[1m\u001b[38;5;12m|\u001b[0m\u001b[0m \u001b[0m\u001b[0mpub fn extract_optional_argument<'a, 'py, T>(\u001b[0m\n\u001b[0m    \u001b[0m\u001b[0m\u001b[1m\u001b[38;5;12m| \u001b[0m\u001b[0m       \u001b[0m\u001b[0m\u001b[1m\u001b[38;5;12m-------------------------\u001b[0m\u001b[0m \u001b[0m\u001b[0m\u001b[1m\u001b[38;5;12mrequired by a bound in this function\u001b[0m\n\u001b[0m\u001b[1m\u001b[38;5;12m...\u001b[0m\n\u001b[0m\u001b[1m\u001b[38;5;12m90\u001b[0m\u001b[0m  \u001b[0m\u001b[0m\u001b[1m\u001b[38;5;12m|\u001b[0m\u001b[0m \u001b[0m\u001b[0m    T: PyFunctionArgument<'a, 'py>,\u001b[0m\n\u001b[0m    \u001b[0m\u001b[0m\u001b[1m\u001b[38;5;12m| \u001b[0m\u001b[0m       \u001b[0m\u001b[0m\u001b[1m\u001b[38;5;10m^^^^^^^^^^^^^^^^^^^^^^^^^^^\u001b[0m\u001b[0m \u001b[0m\u001b[0m\u001b[1m\u001b[38;5;10mrequired by this bound in `extract_optional_argument`\u001b[0m\n\n"}
{"message":"the trait bound `aareg::NaAction: std::clone::Clone` is not satisfied","code":{"code":"E0277","explanation":"You tried to use a type which doesn't implement some trait in a place which\nexpected that trait.\n\nErroneous code example:\n\n```compile_fail,E0277\n// here we declare the Foo trait with a bar method\ntrait Foo {\n    fn bar(&self);\n}\n\n// we now declare a function which takes an object implementing the Foo trait\nfn some_func<T: Foo>(foo: T) {\n    foo.bar();\n}\n\nfn main() {\n    // we now call the method with the i32 type, which doesn't implement\n    // the Foo trait\n    some_func(5i32); // error: the trait bound `i32 : Foo` is not satisfied\n}\n```\n\nIn order to fix this error, verify that the type you're using does implement\nthe trait. Example:\n\n```\ntrait Foo {\n    fn bar(&self);\n}\n\n// we implement the trait on the i32 type\nimpl Foo for i32 {\n    fn bar(&self) {}\n}\n\nfn some_func<T: Foo>(foo: T) {\n    foo.bar(); // we can now use this method since i32 implements the\n               // Foo trait\n}\n\nfn main() {\n    some_func(5i32); // ok!\n}\n```\n\nOr in a generic context, an erroneous code example would look like:\n\n```compile_fail,E0277\nfn some_func<T>(foo: T) {\n    println!(\"{:?}\", foo); // error: the trait `core::fmt::Debug` is not\n                           //        implemented for the type `T`\n}\n\nfn main() {\n    // We now call the method with the i32 type,\n    // which *does* implement the Debug trait.\n    some_func(5i32);\n}\n```\n\nNote that the error here is in the definition of the generic function. Although\nwe only call it with a parameter that does implement `Debug`, the compiler\nstill rejects the function. It must work with all possible input types. In\norder to make this example compile, we need to restrict the generic type we're\naccepting:\n\n```\nuse std::fmt;\n\n// Restrict the input type to types that implement Debug.\nfn some_func<T: fmt::Debug>(foo: T) {\n    println!(\"{:?}\", foo);\n}\n\nfn main() {\n    // Calling the method is still fine, as i32 implements Debug.\n    some_func(5i32);\n\n    // This would fail to compile now:\n    // struct WithoutDebug;\n    // some_func(WithoutDebug);\n}\n```\n\nRust only looks at the signature of the called function, as such it must\nalready specify all requirements that will be used for every type parameter.\n"},"level":"error","spans":[{"file_name":"src/aareg.rs","byte_start":8985,"byte_end":8998,"line_start":249,"line_end":249,"column_start":1,"column_end":14,"is_primary":true,"text":[{"text":"#[pyfunction]","highlight_start":1,"highlight_end":14}],"label":"the trait `std::clone::Clone` is not implemented for `aareg::NaAction`","suggested_replacement":null,"suggestion_applicability":null,"expansion":null},{"file_name":"src/aareg.rs","byte_start":9061,"byte_end":9067,"line_start":252,"line_end":252,"column_start":16,"column_end":22,"is_primary":false,"text":[{"text":"    na_action: Option<NaAction>,","highlight_start":16,"highlight_end":22}],"label":"required by a bound introduced by this call","suggested_replacement":null,"suggestion_applicability":null,"expansion":null}],"children":[{"message":"the following other types implement trait `pyo3::impl_::extract_argument::PyFunctionArgument<'a, 'py>`:\n  &'a aareg::AaregOptions\n  &'a mut aareg::AaregOptions\n  &'a aareg::Surv\n  &'a mut aareg::Surv\n  &'a aareg::AaregResult\n  &'a mut aareg::AaregResult\n  &'a aareg::ConfidenceInterval\n  &'a mut aareg::ConfidenceInterval\nand 4 others","code":null,"level":"help","spans":[],"children":[],"rendered":null},{"message":"required for `aareg::NaAction` to implement `pyo3::FromPyObject<'_>`","code":null,"level":"note","spans":[],"children":[],"rendered":null},{"message":"required for `aareg::NaAction` to implement `pyo3::impl_::extract_argument::PyFunctionArgument<'_, '_>`","code":null,"level":"note","spans":[],"children":[],"rendered":null},{"message":"required by a bound in `pyo3::impl_::extract_argument::extract_optional_argument`","code":null,"level":"note","spans":[{"file_name":"/home/cameron/.cargo/registry/src/index.crates.io-6f17d22bba15001f/pyo3-0.20.0/src/impl_/extract_argument.rs","byte_start":2501,"byte_end":2526,"line_start":83,"line_end":83,"column_start":8,"column_end":33,"is_primary":false,"text":[{"text":"pub fn extract_optional_argument<'a, 'py, T>(","highlight_start":8,"highlight_end":33}],"label":"required by a bound in this function","suggested_replacement":null,"suggestion_applicability":null,"expansion":null},{"file_name":"/home/cameron/.cargo/registry/src/index.crates.io-6f17d22bba15001f/pyo3-0.20.0/src/impl_/extract_argument.rs","byte_start":2690,"byte_end":2717,"line_start":90,"line_end":90,"column_start":8,"column_end":35,"is_primary":true,"text":[{"text":"    T: PyFunctionArgument<'a, 'py>,","highlight_start":8,"highlight_end":35}],"label":"required by this bound in `extract_optional_argument`","suggested_replacement":null,"suggestion_applicability":null,"expansion":null}],"children":[],"rendered":null},{"message":"consider annotating `aareg::NaAction` with `#[derive(Clone)]`","code":null,"level":"help","spans":[{"file_name":"src/aareg.rs","byte_start":194,"byte_end":194,"line_start":8,"line_end":8,"column_start":1,"column_end":1,"is_primary":true,"text":[{"text":"enum NaAction {","highlight_start":1,"highlight_end":1}],"label":null,"suggested_replacement":"#[derive(Clone)]\n","suggestion_applicability":"MaybeIncorrect","expansion":null}],"children":[],"rendered":null}],"rendered":"\u001b[0m\u001b[1m\u001b[38;5;9merror[E0277]\u001b[0m\u001b[0m\u001b[1m: the trait bound `aareg::NaAction: std::clone::Clone` is not satisfied\u001b[0m\n\u001b[0m   \u001b[0m\u001b[0m\u001b[1m\u001b[38;5;12m--> \u001b[0m\u001b[0msrc/aareg.rs:249:1\u001b[0m\n\u001b[0m    \u001b[0m\u001b[0m\u001b[1m\u001b[38;5;12m|\u001b[0m\n\u001b[0m\u001b[1m\u001b[38;5;12m249\u001b[0m\u001b[0m \u001b[0m\u001b[0m\u001b[1m\u001b[38;5;12m|\u001b[0m\u001b[0m \u001b[0m\u001b[0m#[pyfunction]\u001b[0m\n\u001b[0m    \u001b[0m\u001b[0m\u001b[1m\u001b[38;5;12m| \u001b[0m\u001b[0m\u001b[1m\u001b[38;5;9m^^^^^^^^^^^^^\u001b[0m\u001b[0m \u001b[0m\u001b[0m\u001b[1m\u001b[38;5;9mthe trait `std::clone::Clone` is not implemented for `aareg::NaAction`\u001b[0m\n\u001b[0m\u001b[1m\u001b[38;5;12m...\u001b[0m\n\u001b[0m\u001b[1m\u001b[38;5;12m252\u001b[0m\u001b[0m \u001b[0m\u001b[0m\u001b[1m\u001b[38;5;12m|\u001b[0m\u001b[0m \u001b[0m\u001b[0m    na_action: Option<NaAction>,\u001b[0m\n\u001b[0m    \u001b[0m\u001b[0m\u001b[1m\u001b[38;5;12m| \u001b[0m\u001b[0m               \u001b[0m\u001b[0m\u001b[1m\u001b[38;5;12m------\u001b[0m\u001b[0m \u001b[0m\u001b[0m\u001b[1m\u001b[38;5;12mrequired by a bound introduced by this call\u001b[0m\n\u001b[0m    \u001b[0m\u001b[0m\u001b[1m\u001b[38;5;12m|\u001b[0m\n\u001b[0m    \u001b[0m\u001b[0m\u001b[1m\u001b[38;5;12m= \u001b[0m\u001b[0m\u001b[1mhelp\u001b[0m\u001b[0m: the following other types implement trait `pyo3::impl_::extract_argument::PyFunctionArgument<'a, 'py>`:\u001b[0m\n\u001b[0m              &'a aareg::AaregOptions\u001b[0m\n\u001b[0m              &'a mut aareg::AaregOptions\u001b[0m\n\u001b[0m              &'a aareg::Surv\u001b[0m\n\u001b[0m              &'a mut aareg::Surv\u001b[0m\n\u001b[0m              &'a aareg::AaregResult\u001b[0m\n\u001b[0m              &'a mut aareg::AaregResult\u001b[0m\n\u001b[0m              &'a aareg::ConfidenceInterval\u001b[0m\n\u001b[0m              &'a mut aareg::ConfidenceInterval\u001b[0m\n\u001b[0m            and 4 others\u001b[0m\n\u001b[0m    \u001b[0m\u001b[0m\u001b[1m\u001b[38;5;12m= \u001b[0m\u001b[0m\u001b[1mnote\u001b[0m\u001b[0m: required for `aareg::NaAction` to implement `pyo3::FromPyObject<'_>`\u001b[0m\n\u001b[0m    \u001b[0m\u001b[0m\u001b[1m\u001b[38;5;12m= \u001b[0m\u001b[0m\u001b[1mnote\u001b[0m\u001b[0m: required for `aareg::NaAction` to implement `pyo3::impl_::extract_argument::PyFunctionArgument<'_, '_>`\u001b[0m\n\u001b[0m\u001b[1m\u001b[38;5;10mnote\u001b[0m\u001b[0m: required by a bound in `pyo3::impl_::extract_argument::extract_optional_argument`\u001b[0m\n\u001b[0m   \u001b[0m\u001b[0m\u001b[1m\u001b[38;5;12m--> \u001b[0m\u001b[0m/home/cameron/.cargo/registry/src/index.crates.io-6f17d22bba15001f/pyo3-0.20.0/src/impl_/extract_argument.rs:90:8\u001b[0m\n\u001b[0m    \u001b[0m\u001b[0m\u001b[1m\u001b[38;5;12m|\u001b[0m\n\u001b[0m\u001b[1m\u001b[38;5;12m83\u001b[0m\u001b[0m  \u001b[0m\u001b[0m\u001b[1m\u001b[38;5;12m|\u001b[0m\u001b[0m \u001b[0m\u001b[0mpub fn extract_optional_argument<'a, 'py, T>(\u001b[0m\n\u001b[0m    \u001b[0m\u001b[0m\u001b[1m\u001b[38;5;12m| \u001b[0m\u001b[0m       \u001b[0m\u001b[0m\u001b[1m\u001b[38;5;12m-------------------------\u001b[0m\u001b[0m \u001b[0m\u001b[0m\u001b[1m\u001b[38;5;12mrequired by a bound in this function\u001b[0m\n\u001b[0m\u001b[1m\u001b[38;5;12m...\u001b[0m\n\u001b[0m\u001b[1m\u001b[38;5;12m90\u001b[0m\u001b[0m  \u001b[0m\u001b[0m\u001b[1m\u001b[38;5;12m|\u001b[0m\u001b[0m \u001b[0m\u001b[0m    T: PyFunctionArgument<'a, 'py>,\u001b[0m\n\u001b[0m    \u001b[0m\u001b[0m\u001b[1m\u001b[38;5;12m| \u001b[0m\u001b[0m       \u001b[0m\u001b[0m\u001b[1m\u001b[38;5;10m^^^^^^^^^^^^^^^^^^^^^^^^^^^\u001b[0m\u001b[0m \u001b[0m\u001b[0m\u001b[1m\u001b[38;5;10mrequired by this bound in `extract_optional_argument`\u001b[0m\n\u001b[0m\u001b[1m\u001b[38;5;14mhelp\u001b[0m\u001b[0m: consider annotating `aareg::NaAction` with `#[derive(Clone)]`\u001b[0m\n\u001b[0m    \u001b[0m\u001b[0m\u001b[1m\u001b[38;5;12m|\u001b[0m\n\u001b[0m\u001b[1m\u001b[38;5;12m8\u001b[0m\u001b[0m   \u001b[0m\u001b[0m\u001b[38;5;10m+ #[derive(Clone)]\u001b[0m\n\u001b[0m\u001b[1m\u001b[38;5;12m9\u001b[0m\u001b[0m   \u001b[0m\u001b[0m\u001b[1m\u001b[38;5;12m| \u001b[0m\u001b[0menum NaAction {\u001b[0m\n\u001b[0m    \u001b[0m\u001b[0m\u001b[1m\u001b[38;5;12m|\u001b[0m\n\n"}
{"message":"the trait bound `std::result::Result<ndarray::ArrayBase<ndarray::OwnedRepr<f64>, ndarray::Dim<[usize; 2]>>, aareg::AaregError>: pyo3::impl_::wrap::OkWrap<_>` is not satisfied","code":{"code":"E0277","explanation":"You tried to use a type which doesn't implement some trait in a place which\nexpected that trait.\n\nErroneous code example:\n\n```compile_fail,E0277\n// here we declare the Foo trait with a bar method\ntrait Foo {\n    fn bar(&self);\n}\n\n// we now declare a function which takes an object implementing the Foo trait\nfn some_func<T: Foo>(foo: T) {\n    foo.bar();\n}\n\nfn main() {\n    // we now call the method with the i32 type, which doesn't implement\n    // the Foo trait\n    some_func(5i32); // error: the trait bound `i32 : Foo` is not satisfied\n}\n```\n\nIn order to fix this error, verify that the type you're using does implement\nthe trait. Example:\n\n```\ntrait Foo {\n    fn bar(&self);\n}\n\n// we implement the trait on the i32 type\nimpl Foo for i32 {\n    fn bar(&self) {}\n}\n\nfn some_func<T: Foo>(foo: T) {\n    foo.bar(); // we can now use this method since i32 implements the\n               // Foo trait\n}\n\nfn main() {\n    some_func(5i32); // ok!\n}\n```\n\nOr in a generic context, an erroneous code example would look like:\n\n```compile_fail,E0277\nfn some_func<T>(foo: T) {\n    println!(\"{:?}\", foo); // error: the trait `core::fmt::Debug` is not\n                           //        implemented for the type `T`\n}\n\nfn main() {\n    // We now call the method with the i32 type,\n    // which *does* implement the Debug trait.\n    some_func(5i32);\n}\n```\n\nNote that the error here is in the definition of the generic function. Although\nwe only call it with a parameter that does implement `Debug`, the compiler\nstill rejects the function. It must work with all possible input types. In\norder to make this example compile, we need to restrict the generic type we're\naccepting:\n\n```\nuse std::fmt;\n\n// Restrict the input type to types that implement Debug.\nfn some_func<T: fmt::Debug>(foo: T) {\n    println!(\"{:?}\", foo);\n}\n\nfn main() {\n    // Calling the method is still fine, as i32 implements Debug.\n    some_func(5i32);\n\n    // This would fail to compile now:\n    // struct WithoutDebug;\n    // some_func(WithoutDebug);\n}\n```\n\nRust only looks at the signature of the called function, as such it must\nalready specify all requirements that will be used for every type parameter.\n"},"level":"error","spans":[{"file_name":"src/aareg.rs","byte_start":8985,"byte_end":8998,"line_start":249,"line_end":249,"column_start":1,"column_end":14,"is_primary":true,"text":[{"text":"#[pyfunction]","highlight_start":1,"highlight_end":14}],"label":"the trait `pyo3::impl_::wrap::OkWrap<_>` is not implemented for `std::result::Result<ndarray::ArrayBase<ndarray::OwnedRepr<f64>, ndarray::Dim<[usize; 2]>>, aareg::AaregError>`","suggested_replacement":null,"suggestion_applicability":null,"expansion":{"span":{"file_name":"src/aareg.rs","byte_start":8985,"byte_end":8998,"line_start":249,"line_end":249,"column_start":1,"column_end":14,"is_primary":false,"text":[{"text":"#[pyfunction]","highlight_start":1,"highlight_end":14}],"label":null,"suggested_replacement":null,"suggestion_applicability":null,"expansion":null},"macro_decl_name":"#[pyfunction]","def_site_span":{"file_name":"/home/cameron/.cargo/registry/src/index.crates.io-6f17d22bba15001f/pyo3-macros-0.20.0/src/lib.rs","byte_start":6437,"byte_end":6508,"line_start":140,"line_end":140,"column_start":1,"column_end":72,"is_primary":false,"text":[{"text":"pub fn pyfunction(attr: TokenStream, input: TokenStream) -> TokenStream {","highlight_start":1,"highlight_end":72}],"label":null,"suggested_replacement":null,"suggestion_applicability":null,"expansion":null}}}],"children":[{"message":"the trait `pyo3::impl_::wrap::OkWrap<T>` is implemented for `std::result::Result<T, E>`","code":null,"level":"help","spans":[],"children":[],"rendered":null}],"rendered":"\u001b[0m\u001b[1m\u001b[38;5;9merror[E0277]\u001b[0m\u001b[0m\u001b[1m: the trait bound `std::result::Result<ndarray::ArrayBase<ndarray::OwnedRepr<f64>, ndarray::Dim<[usize; 2]>>, aareg::AaregError>: pyo3::impl_::wrap::OkWrap<_>` is not satisfied\u001b[0m\n\u001b[0m   \u001b[0m\u001b[0m\u001b[1m\u001b[38;5;12m--> \u001b[0m\u001b[0msrc/aareg.rs:249:1\u001b[0m\n\u001b[0m    \u001b[0m\u001b[0m\u001b[1m\u001b[38;5;12m|\u001b[0m\n\u001b[0m\u001b[1m\u001b[38;5;12m249\u001b[0m\u001b[0m \u001b[0m\u001b[0m\u001b[1m\u001b[38;5;12m|\u001b[0m\u001b[0m \u001b[0m\u001b[0m#[pyfunction]\u001b[0m\n\u001b[0m    \u001b[0m\u001b[0m\u001b[1m\u001b[38;5;12m| \u001b[0m\u001b[0m\u001b[1m\u001b[38;5;9m^^^^^^^^^^^^^\u001b[0m\u001b[0m \u001b[0m\u001b[0m\u001b[1m\u001b[38;5;9mthe trait `pyo3::impl_::wrap::OkWrap<_>` is not implemented for `std::result::Result<ndarray::ArrayBase<ndarray::OwnedRepr<f64>, ndarray::Dim<[usize; 2]>>, aareg::AaregError>`\u001b[0m\n\u001b[0m    \u001b[0m\u001b[0m\u001b[1m\u001b[38;5;12m|\u001b[0m\n\u001b[0m    \u001b[0m\u001b[0m\u001b[1m\u001b[38;5;12m= \u001b[0m\u001b[0m\u001b[1mhelp\u001b[0m\u001b[0m: the trait `pyo3::impl_::wrap::OkWrap<T>` \u001b[0m\u001b[0m\u001b[1mis\u001b[0m\u001b[0m implemented for `\u001b[0m\u001b[0m\u001b[1mstd::result::Result<T, E>\u001b[0m\u001b[0m`\u001b[0m\n\u001b[0m    \u001b[0m\u001b[0m\u001b[1m\u001b[38;5;12m= \u001b[0m\u001b[0m\u001b[1mnote\u001b[0m\u001b[0m: this error originates in the attribute macro `pyfunction` (in Nightly builds, run with -Z macro-backtrace for more info)\u001b[0m\n\n"}
{"message":"the trait bound `aareg::NaAction: pyo3::PyClass` is not satisfied","code":{"code":"E0277","explanation":"You tried to use a type which doesn't implement some trait in a place which\nexpected that trait.\n\nErroneous code example:\n\n```compile_fail,E0277\n// here we declare the Foo trait with a bar method\ntrait Foo {\n    fn bar(&self);\n}\n\n// we now declare a function which takes an object implementing the Foo trait\nfn some_func<T: Foo>(foo: T) {\n    foo.bar();\n}\n\nfn main() {\n    // we now call the method with the i32 type, which doesn't implement\n    // the Foo trait\n    some_func(5i32); // error: the trait bound `i32 : Foo` is not satisfied\n}\n```\n\nIn order to fix this error, verify that the type you're using does implement\nthe trait. Example:\n\n```\ntrait Foo {\n    fn bar(&self);\n}\n\n// we implement the trait on the i32 type\nimpl Foo for i32 {\n    fn bar(&self) {}\n}\n\nfn some_func<T: Foo>(foo: T) {\n    foo.bar(); // we can now use this method since i32 implements the\n               // Foo trait\n}\n\nfn main() {\n    some_func(5i32); // ok!\n}\n```\n\nOr in a generic context, an erroneous code example would look like:\n\n```compile_fail,E0277\nfn some_func<T>(foo: T) {\n    println!(\"{:?}\", foo); // error: the trait `core::fmt::Debug` is not\n                           //        implemented for the type `T`\n}\n\nfn main() {\n    // We now call the method with the i32 type,\n    // which *does* implement the Debug trait.\n    some_func(5i32);\n}\n```\n\nNote that the error here is in the definition of the generic function. Although\nwe only call it with a parameter that does implement `Debug`, the compiler\nstill rejects the function. It must work with all possible input types. In\norder to make this example compile, we need to restrict the generic type we're\naccepting:\n\n```\nuse std::fmt;\n\n// Restrict the input type to types that implement Debug.\nfn some_func<T: fmt::Debug>(foo: T) {\n    println!(\"{:?}\", foo);\n}\n\nfn main() {\n    // Calling the method is still fine, as i32 implements Debug.\n    some_func(5i32);\n\n    // This would fail to compile now:\n    // struct WithoutDebug;\n    // some_func(WithoutDebug);\n}\n```\n\nRust only looks at the signature of the called function, as such it must\nalready specify all requirements that will be used for every type parameter.\n"},"level":"error","spans":[{"file_name":"src/aareg.rs","byte_start":9061,"byte_end":9067,"line_start":252,"line_end":252,"column_start":16,"column_end":22,"is_primary":true,"text":[{"text":"    na_action: Option<NaAction>,","highlight_start":16,"highlight_end":22}],"label":"the trait `pyo3::PyClass` is not implemented for `aareg::NaAction`","suggested_replacement":null,"suggestion_applicability":null,"expansion":null}],"children":[{"message":"the following other types implement trait `pyo3::PyClass`:\n  aareg::AaregOptions\n  aareg::Surv\n  aareg::AaregResult\n  aareg::ConfidenceInterval\n  aareg::FitDetails\n  aareg::Diagnostics","code":null,"level":"help","spans":[],"children":[],"rendered":null},{"message":"required for `aareg::NaAction` to implement `pyo3::FromPyObject<'_>`","code":null,"level":"note","spans":[],"children":[],"rendered":null},{"message":"required for `aareg::NaAction` to implement `pyo3::impl_::extract_argument::PyFunctionArgument<'_, '_>`","code":null,"level":"note","spans":[],"children":[],"rendered":null}],"rendered":"\u001b[0m\u001b[1m\u001b[38;5;9merror[E0277]\u001b[0m\u001b[0m\u001b[1m: the trait bound `aareg::NaAction: pyo3::PyClass` is not satisfied\u001b[0m\n\u001b[0m   \u001b[0m\u001b[0m\u001b[1m\u001b[38;5;12m--> \u001b[0m\u001b[0msrc/aareg.rs:252:16\u001b[0m\n\u001b[0m    \u001b[0m\u001b[0m\u001b[1m\u001b[38;5;12m|\u001b[0m\n\u001b[0m\u001b[1m\u001b[38;5;12m252\u001b[0m\u001b[0m \u001b[0m\u001b[0m\u001b[1m\u001b[38;5;12m|\u001b[0m\u001b[0m \u001b[0m\u001b[0m    na_action: Option<NaAction>,\u001b[0m\n\u001b[0m    \u001b[0m\u001b[0m\u001b[1m\u001b[38;5;12m| \u001b[0m\u001b[0m               \u001b[0m\u001b[0m\u001b[1m\u001b[38;5;9m^^^^^^\u001b[0m\u001b[0m \u001b[0m\u001b[0m\u001b[1m\u001b[38;5;9mthe trait `pyo3::PyClass` is not implemented for `aareg::NaAction`\u001b[0m\n\u001b[0m    \u001b[0m\u001b[0m\u001b[1m\u001b[38;5;12m|\u001b[0m\n\u001b[0m    \u001b[0m\u001b[0m\u001b[1m\u001b[38;5;12m= \u001b[0m\u001b[0m\u001b[1mhelp\u001b[0m\u001b[0m: the following other types implement trait `pyo3::PyClass`:\u001b[0m\n\u001b[0m              aareg::AaregOptions\u001b[0m\n\u001b[0m              aareg::Surv\u001b[0m\n\u001b[0m              aareg::AaregResult\u001b[0m\n\u001b[0m              aareg::ConfidenceInterval\u001b[0m\n\u001b[0m              aareg::FitDetails\u001b[0m\n\u001b[0m              aareg::Diagnostics\u001b[0m\n\u001b[0m    \u001b[0m\u001b[0m\u001b[1m\u001b[38;5;12m= \u001b[0m\u001b[0m\u001b[1mnote\u001b[0m\u001b[0m: required for `aareg::NaAction` to implement `pyo3::FromPyObject<'_>`\u001b[0m\n\u001b[0m    \u001b[0m\u001b[0m\u001b[1m\u001b[38;5;12m= \u001b[0m\u001b[0m\u001b[1mnote\u001b[0m\u001b[0m: required for `aareg::NaAction` to implement `pyo3::impl_::extract_argument::PyFunctionArgument<'_, '_>`\u001b[0m\n\n"}
{"message":"the trait bound `aareg::NaAction: std::clone::Clone` is not satisfied","code":{"code":"E0277","explanation":"You tried to use a type which doesn't implement some trait in a place which\nexpected that trait.\n\nErroneous code example:\n\n```compile_fail,E0277\n// here we declare the Foo trait with a bar method\ntrait Foo {\n    fn bar(&self);\n}\n\n// we now declare a function which takes an object implementing the Foo trait\nfn some_func<T: Foo>(foo: T) {\n    foo.bar();\n}\n\nfn main() {\n    // we now call the method with the i32 type, which doesn't implement\n    // the Foo trait\n    some_func(5i32); // error: the trait bound `i32 : Foo` is not satisfied\n}\n```\n\nIn order to fix this error, verify that the type you're using does implement\nthe trait. Example:\n\n```\ntrait Foo {\n    fn bar(&self);\n}\n\n// we implement the trait on the i32 type\nimpl Foo for i32 {\n    fn bar(&self) {}\n}\n\nfn some_func<T: Foo>(foo: T) {\n    foo.bar(); // we can now use this method since i32 implements the\n               // Foo trait\n}\n\nfn main() {\n    some_func(5i32); // ok!\n}\n```\n\nOr in a generic context, an erroneous code example would look like:\n\n```compile_fail,E0277\nfn some_func<T>(foo: T) {\n    println!(\"{:?}\", foo); // error: the trait `core::fmt::Debug` is not\n                           //        implemented for the type `T`\n}\n\nfn main() {\n    // We now call the method with the i32 type,\n    // which *does* implement the Debug trait.\n    some_func(5i32);\n}\n```\n\nNote that the error here is in the definition of the generic function. Although\nwe only call it with a parameter that does implement `Debug`, the compiler\nstill rejects the function. It must work with all possible input types. In\norder to make this example compile, we need to restrict the generic type we're\naccepting:\n\n```\nuse std::fmt;\n\n// Restrict the input type to types that implement Debug.\nfn some_func<T: fmt::Debug>(foo: T) {\n    println!(\"{:?}\", foo);\n}\n\nfn main() {\n    // Calling the method is still fine, as i32 implements Debug.\n    some_func(5i32);\n\n    // This would fail to compile now:\n    // struct WithoutDebug;\n    // some_func(WithoutDebug);\n}\n```\n\nRust only looks at the signature of the called function, as such it must\nalready specify all requirements that will be used for every type parameter.\n"},"level":"error","spans":[{"file_name":"src/aareg.rs","byte_start":9061,"byte_end":9067,"line_start":252,"line_end":252,"column_start":16,"column_end":22,"is_primary":true,"text":[{"text":"    na_action: Option<NaAction>,","highlight_start":16,"highlight_end":22}],"label":"the trait `std::clone::Clone` is not implemented for `aareg::NaAction`","suggested_replacement":null,"suggestion_applicability":null,"expansion":null}],"children":[{"message":"the following other types implement trait `pyo3::impl_::extract_argument::PyFunctionArgument<'a, 'py>`:\n  &'a aareg::AaregOptions\n  &'a mut aareg::AaregOptions\n  &'a aareg::Surv\n  &'a mut aareg::Surv\n  &'a aareg::AaregResult\n  &'a mut aareg::AaregResult\n  &'a aareg::ConfidenceInterval\n  &'a mut aareg::ConfidenceInterval\nand 4 others","code":null,"level":"help","spans":[],"children":[],"rendered":null},{"message":"required for `aareg::NaAction` to implement `pyo3::FromPyObject<'_>`","code":null,"level":"note","spans":[],"children":[],"rendered":null},{"message":"required for `aareg::NaAction` to implement `pyo3::impl_::extract_argument::PyFunctionArgument<'_, '_>`","code":null,"level":"note","spans":[],"children":[],"rendered":null},{"message":"consider annotating `aareg::NaAction` with `#[derive(Clone)]`","code":null,"level":"help","spans":[{"file_name":"src/aareg.rs","byte_start":194,"byte_end":194,"line_start":8,"line_end":8,"column_start":1,"column_end":1,"is_primary":true,"text":[{"text":"enum NaAction {","highlight_start":1,"highlight_end":1}],"label":null,"suggested_replacement":"#[derive(Clone)]\n","suggestion_applicability":"MaybeIncorrect","expansion":null}],"children":[],"rendered":null}],"rendered":"\u001b[0m\u001b[1m\u001b[38;5;9merror[E0277]\u001b[0m\u001b[0m\u001b[1m: the trait bound `aareg::NaAction: std::clone::Clone` is not satisfied\u001b[0m\n\u001b[0m   \u001b[0m\u001b[0m\u001b[1m\u001b[38;5;12m--> \u001b[0m\u001b[0msrc/aareg.rs:252:16\u001b[0m\n\u001b[0m    \u001b[0m\u001b[0m\u001b[1m\u001b[38;5;12m|\u001b[0m\n\u001b[0m\u001b[1m\u001b[38;5;12m252\u001b[0m\u001b[0m \u001b[0m\u001b[0m\u001b[1m\u001b[38;5;12m|\u001b[0m\u001b[0m \u001b[0m\u001b[0m    na_action: Option<NaAction>,\u001b[0m\n\u001b[0m    \u001b[0m\u001b[0m\u001b[1m\u001b[38;5;12m| \u001b[0m\u001b[0m               \u001b[0m\u001b[0m\u001b[1m\u001b[38;5;9m^^^^^^\u001b[0m\u001b[0m \u001b[0m\u001b[0m\u001b[1m\u001b[38;5;9mthe trait `std::clone::Clone` is not implemented for `aareg::NaAction`\u001b[0m\n\u001b[0m    \u001b[0m\u001b[0m\u001b[1m\u001b[38;5;12m|\u001b[0m\n\u001b[0m    \u001b[0m\u001b[0m\u001b[1m\u001b[38;5;12m= \u001b[0m\u001b[0m\u001b[1mhelp\u001b[0m\u001b[0m: the following other types implement trait `pyo3::impl_::extract_argument::PyFunctionArgument<'a, 'py>`:\u001b[0m\n\u001b[0m              &'a aareg::AaregOptions\u001b[0m\n\u001b[0m              &'a mut aareg::AaregOptions\u001b[0m\n\u001b[0m              &'a aareg::Surv\u001b[0m\n\u001b[0m              &'a mut aareg::Surv\u001b[0m\n\u001b[0m              &'a aareg::AaregResult\u001b[0m\n\u001b[0m              &'a mut aareg::AaregResult\u001b[0m\n\u001b[0m              &'a aareg::ConfidenceInterval\u001b[0m\n\u001b[0m              &'a mut aareg::ConfidenceInterval\u001b[0m\n\u001b[0m            and 4 others\u001b[0m\n\u001b[0m    \u001b[0m\u001b[0m\u001b[1m\u001b[38;5;12m= \u001b[0m\u001b[0m\u001b[1mnote\u001b[0m\u001b[0m: required for `aareg::NaAction` to implement `pyo3::FromPyObject<'_>`\u001b[0m\n\u001b[0m    \u001b[0m\u001b[0m\u001b[1m\u001b[38;5;12m= \u001b[0m\u001b[0m\u001b[1mnote\u001b[0m\u001b[0m: required for `aareg::NaAction` to implement `pyo3::impl_::extract_argument::PyFunctionArgument<'_, '_>`\u001b[0m\n\u001b[0m\u001b[1m\u001b[38;5;14mhelp\u001b[0m\u001b[0m: consider annotating `aareg::NaAction` with `#[derive(Clone)]`\u001b[0m\n\u001b[0m    \u001b[0m\u001b[0m\u001b[1m\u001b[38;5;12m|\u001b[0m\n\u001b[0m\u001b[1m\u001b[38;5;12m8\u001b[0m\u001b[0m   \u001b[0m\u001b[0m\u001b[38;5;10m+ #[derive(Clone)]\u001b[0m\n\u001b[0m\u001b[1m\u001b[38;5;12m9\u001b[0m\u001b[0m   \u001b[0m\u001b[0m\u001b[1m\u001b[38;5;12m| \u001b[0m\u001b[0menum NaAction {\u001b[0m\n\u001b[0m    \u001b[0m\u001b[0m\u001b[1m\u001b[38;5;12m|\u001b[0m\n\n"}
{"message":"no method named `column_names` found for reference `&ndarray::ArrayBase<ndarray::OwnedRepr<f64>, ndarray::Dim<[usize; 2]>>` in the current scope","code":{"code":"E0599","explanation":"This error occurs when a method is used on a type which doesn't implement it:\n\nErroneous code example:\n\n```compile_fail,E0599\nstruct Mouth;\n\nlet x = Mouth;\nx.chocolate(); // error: no method named `chocolate` found for type `Mouth`\n               //        in the current scope\n```\n\nIn this case, you need to implement the `chocolate` method to fix the error:\n\n```\nstruct Mouth;\n\nimpl Mouth {\n    fn chocolate(&self) { // We implement the `chocolate` method here.\n        println!(\"Hmmm! I love chocolate!\");\n    }\n}\n\nlet x = Mouth;\nx.chocolate(); // ok!\n```\n"},"level":"error","spans":[{"file_name":"src/aareg.rs","byte_start":9830,"byte_end":9842,"line_start":278,"line_end":278,"column_start":37,"column_end":49,"is_primary":true,"text":[{"text":"    let response_index = match data.column_names().iter().position(|s| s == response) {","highlight_start":37,"highlight_end":49}],"label":null,"suggested_replacement":null,"suggestion_applicability":null,"expansion":null}],"children":[{"message":"there is a method with a similar name","code":null,"level":"help","spans":[{"file_name":"src/aareg.rs","byte_start":9830,"byte_end":9842,"line_start":278,"line_end":278,"column_start":37,"column_end":49,"is_primary":true,"text":[{"text":"    let response_index = match data.column_names().iter().position(|s| s == response) {","highlight_start":37,"highlight_end":49}],"label":null,"suggested_replacement":"columns","suggestion_applicability":"MaybeIncorrect","expansion":null}],"children":[],"rendered":null}],"rendered":"\u001b[0m\u001b[1m\u001b[38;5;9merror[E0599]\u001b[0m\u001b[0m\u001b[1m: no method named `column_names` found for reference `&ndarray::ArrayBase<ndarray::OwnedRepr<f64>, ndarray::Dim<[usize; 2]>>` in the current scope\u001b[0m\n\u001b[0m   \u001b[0m\u001b[0m\u001b[1m\u001b[38;5;12m--> \u001b[0m\u001b[0msrc/aareg.rs:278:37\u001b[0m\n\u001b[0m    \u001b[0m\u001b[0m\u001b[1m\u001b[38;5;12m|\u001b[0m\n\u001b[0m\u001b[1m\u001b[38;5;12m278\u001b[0m\u001b[0m \u001b[0m\u001b[0m\u001b[1m\u001b[38;5;12m|\u001b[0m\u001b[0m \u001b[0m\u001b[0m    let response_index = match data.column_names().iter().position(|s| s == response) {\u001b[0m\n\u001b[0m    \u001b[0m\u001b[0m\u001b[1m\u001b[38;5;12m| \u001b[0m\u001b[0m                                    \u001b[0m\u001b[0m\u001b[1m\u001b[38;5;9m^^^^^^^^^^^^\u001b[0m\u001b[0m \u001b[0m\u001b[0m\u001b[1m\u001b[38;5;9mhelp: there is a method with a similar name: `columns`\u001b[0m\n\n"}
{"message":"no method named `column_names` found for reference `&ndarray::ArrayBase<ndarray::OwnedRepr<f64>, ndarray::Dim<[usize; 2]>>` in the current scope","code":{"code":"E0599","explanation":"This error occurs when a method is used on a type which doesn't implement it:\n\nErroneous code example:\n\n```compile_fail,E0599\nstruct Mouth;\n\nlet x = Mouth;\nx.chocolate(); // error: no method named `chocolate` found for type `Mouth`\n               //        in the current scope\n```\n\nIn this case, you need to implement the `chocolate` method to fix the error:\n\n```\nstruct Mouth;\n\nimpl Mouth {\n    fn chocolate(&self) { // We implement the `chocolate` method here.\n        println!(\"Hmmm! I love chocolate!\");\n    }\n}\n\nlet x = Mouth;\nx.chocolate(); // ok!\n```\n"},"level":"error","spans":[{"file_name":"src/aareg.rs","byte_start":10153,"byte_end":10165,"line_start":288,"line_end":288,"column_start":29,"column_end":41,"is_primary":true,"text":[{"text":"        .map(|c| match data.column_names().iter().position(|s| s == c) {","highlight_start":29,"highlight_end":41}],"label":null,"suggested_replacement":null,"suggestion_applicability":null,"expansion":null}],"children":[{"message":"there is a method with a similar name","code":null,"level":"help","spans":[{"file_name":"src/aareg.rs","byte_start":10153,"byte_end":10165,"line_start":288,"line_end":288,"column_start":29,"column_end":41,"is_primary":true,"text":[{"text":"        .map(|c| match data.column_names().iter().position(|s| s == c) {","highlight_start":29,"highlight_end":41}],"label":null,"suggested_replacement":"columns","suggestion_applicability":"MaybeIncorrect","expansion":null}],"children":[],"rendered":null}],"rendered":"\u001b[0m\u001b[1m\u001b[38;5;9merror[E0599]\u001b[0m\u001b[0m\u001b[1m: no method named `column_names` found for reference `&ndarray::ArrayBase<ndarray::OwnedRepr<f64>, ndarray::Dim<[usize; 2]>>` in the current scope\u001b[0m\n\u001b[0m   \u001b[0m\u001b[0m\u001b[1m\u001b[38;5;12m--> \u001b[0m\u001b[0msrc/aareg.rs:288:29\u001b[0m\n\u001b[0m    \u001b[0m\u001b[0m\u001b[1m\u001b[38;5;12m|\u001b[0m\n\u001b[0m\u001b[1m\u001b[38;5;12m288\u001b[0m\u001b[0m \u001b[0m\u001b[0m\u001b[1m\u001b[38;5;12m|\u001b[0m\u001b[0m \u001b[0m\u001b[0m        .map(|c| match data.column_names().iter().position(|s| s == c) {\u001b[0m\n\u001b[0m    \u001b[0m\u001b[0m\u001b[1m\u001b[38;5;12m| \u001b[0m\u001b[0m                            \u001b[0m\u001b[0m\u001b[1m\u001b[38;5;9m^^^^^^^^^^^^\u001b[0m\u001b[0m \u001b[0m\u001b[0m\u001b[1m\u001b[38;5;9mhelp: there is a method with a similar name: `columns`\u001b[0m\n\n"}
{"message":"the trait bound `&ndarray::ArrayBase<ndarray::OwnedRepr<f64>, ndarray::Dim<[usize; 2]>>: pyo3::PyClass` is not satisfied","code":{"code":"E0277","explanation":"You tried to use a type which doesn't implement some trait in a place which\nexpected that trait.\n\nErroneous code example:\n\n```compile_fail,E0277\n// here we declare the Foo trait with a bar method\ntrait Foo {\n    fn bar(&self);\n}\n\n// we now declare a function which takes an object implementing the Foo trait\nfn some_func<T: Foo>(foo: T) {\n    foo.bar();\n}\n\nfn main() {\n    // we now call the method with the i32 type, which doesn't implement\n    // the Foo trait\n    some_func(5i32); // error: the trait bound `i32 : Foo` is not satisfied\n}\n```\n\nIn order to fix this error, verify that the type you're using does implement\nthe trait. Example:\n\n```\ntrait Foo {\n    fn bar(&self);\n}\n\n// we implement the trait on the i32 type\nimpl Foo for i32 {\n    fn bar(&self) {}\n}\n\nfn some_func<T: Foo>(foo: T) {\n    foo.bar(); // we can now use this method since i32 implements the\n               // Foo trait\n}\n\nfn main() {\n    some_func(5i32); // ok!\n}\n```\n\nOr in a generic context, an erroneous code example would look like:\n\n```compile_fail,E0277\nfn some_func<T>(foo: T) {\n    println!(\"{:?}\", foo); // error: the trait `core::fmt::Debug` is not\n                           //        implemented for the type `T`\n}\n\nfn main() {\n    // We now call the method with the i32 type,\n    // which *does* implement the Debug trait.\n    some_func(5i32);\n}\n```\n\nNote that the error here is in the definition of the generic function. Although\nwe only call it with a parameter that does implement `Debug`, the compiler\nstill rejects the function. It must work with all possible input types. In\norder to make this example compile, we need to restrict the generic type we're\naccepting:\n\n```\nuse std::fmt;\n\n// Restrict the input type to types that implement Debug.\nfn some_func<T: fmt::Debug>(foo: T) {\n    println!(\"{:?}\", foo);\n}\n\nfn main() {\n    // Calling the method is still fine, as i32 implements Debug.\n    some_func(5i32);\n\n    // This would fail to compile now:\n    // struct WithoutDebug;\n    // some_func(WithoutDebug);\n}\n```\n\nRust only looks at the signature of the called function, as such it must\nalready specify all requirements that will be used for every type parameter.\n"},"level":"error","spans":[{"file_name":"src/aareg.rs","byte_start":9679,"byte_end":9680,"line_start":274,"line_end":274,"column_start":11,"column_end":12,"is_primary":true,"text":[{"text":"    data: &Array2<f64>,","highlight_start":11,"highlight_end":12}],"label":"the trait `pyo3::PyClass` is not implemented for `&ndarray::ArrayBase<ndarray::OwnedRepr<f64>, ndarray::Dim<[usize; 2]>>`","suggested_replacement":null,"suggestion_applicability":null,"expansion":null}],"children":[{"message":"the following other types implement trait `pyo3::PyClass`:\n  aareg::AaregOptions\n  aareg::Surv\n  aareg::AaregResult\n  aareg::ConfidenceInterval\n  aareg::FitDetails\n  aareg::Diagnostics","code":null,"level":"help","spans":[],"children":[],"rendered":null},{"message":"required for `&ndarray::ArrayBase<ndarray::OwnedRepr<f64>, ndarray::Dim<[usize; 2]>>` to implement `pyo3::FromPyObject<'_>`","code":null,"level":"note","spans":[],"children":[],"rendered":null},{"message":"required for `&ndarray::ArrayBase<ndarray::OwnedRepr<f64>, ndarray::Dim<[usize; 2]>>` to implement `pyo3::impl_::extract_argument::PyFunctionArgument<'_, '_>`","code":null,"level":"note","spans":[],"children":[],"rendered":null},{"message":"required by a bound in `pyo3::impl_::extract_argument::extract_argument`","code":null,"level":"note","spans":[{"file_name":"/home/cameron/.cargo/registry/src/index.crates.io-6f17d22bba15001f/pyo3-0.20.0/src/impl_/extract_argument.rs","byte_start":1978,"byte_end":1994,"line_start":66,"line_end":66,"column_start":8,"column_end":24,"is_primary":false,"text":[{"text":"pub fn extract_argument<'a, 'py, T>(","highlight_start":8,"highlight_end":24}],"label":"required by a bound in this function","suggested_replacement":null,"suggestion_applicability":null,"expansion":null},{"file_name":"/home/cameron/.cargo/registry/src/index.crates.io-6f17d22bba15001f/pyo3-0.20.0/src/impl_/extract_argument.rs","byte_start":2110,"byte_end":2137,"line_start":72,"line_end":72,"column_start":8,"column_end":35,"is_primary":true,"text":[{"text":"    T: PyFunctionArgument<'a, 'py>,","highlight_start":8,"highlight_end":35}],"label":"required by this bound in `extract_argument`","suggested_replacement":null,"suggestion_applicability":null,"expansion":null}],"children":[],"rendered":null}],"rendered":"\u001b[0m\u001b[1m\u001b[38;5;9merror[E0277]\u001b[0m\u001b[0m\u001b[1m: the trait bound `&ndarray::ArrayBase<ndarray::OwnedRepr<f64>, ndarray::Dim<[usize; 2]>>: pyo3::PyClass` is not satisfied\u001b[0m\n\u001b[0m   \u001b[0m\u001b[0m\u001b[1m\u001b[38;5;12m--> \u001b[0m\u001b[0msrc/aareg.rs:274:11\u001b[0m\n\u001b[0m    \u001b[0m\u001b[0m\u001b[1m\u001b[38;5;12m|\u001b[0m\n\u001b[0m\u001b[1m\u001b[38;5;12m274\u001b[0m\u001b[0m \u001b[0m\u001b[0m\u001b[1m\u001b[38;5;12m|\u001b[0m\u001b[0m \u001b[0m\u001b[0m    data: &Array2<f64>,\u001b[0m\n\u001b[0m    \u001b[0m\u001b[0m\u001b[1m\u001b[38;5;12m| \u001b[0m\u001b[0m          \u001b[0m\u001b[0m\u001b[1m\u001b[38;5;9m^\u001b[0m\u001b[0m \u001b[0m\u001b[0m\u001b[1m\u001b[38;5;9mthe trait `pyo3::PyClass` is not implemented for `&ndarray::ArrayBase<ndarray::OwnedRepr<f64>, ndarray::Dim<[usize; 2]>>`\u001b[0m\n\u001b[0m    \u001b[0m\u001b[0m\u001b[1m\u001b[38;5;12m|\u001b[0m\n\u001b[0m    \u001b[0m\u001b[0m\u001b[1m\u001b[38;5;12m= \u001b[0m\u001b[0m\u001b[1mhelp\u001b[0m\u001b[0m: the following other types implement trait `pyo3::PyClass`:\u001b[0m\n\u001b[0m              aareg::AaregOptions\u001b[0m\n\u001b[0m              aareg::Surv\u001b[0m\n\u001b[0m              aareg::AaregResult\u001b[0m\n\u001b[0m              aareg::ConfidenceInterval\u001b[0m\n\u001b[0m              aareg::FitDetails\u001b[0m\n\u001b[0m              aareg::Diagnostics\u001b[0m\n\u001b[0m    \u001b[0m\u001b[0m\u001b[1m\u001b[38;5;12m= \u001b[0m\u001b[0m\u001b[1mnote\u001b[0m\u001b[0m: required for `&ndarray::ArrayBase<ndarray::OwnedRepr<f64>, ndarray::Dim<[usize; 2]>>` to implement `pyo3::FromPyObject<'_>`\u001b[0m\n\u001b[0m    \u001b[0m\u001b[0m\u001b[1m\u001b[38;5;12m= \u001b[0m\u001b[0m\u001b[1mnote\u001b[0m\u001b[0m: required for `&ndarray::ArrayBase<ndarray::OwnedRepr<f64>, ndarray::Dim<[usize; 2]>>` to implement `pyo3::impl_::extract_argument::PyFunctionArgument<'_, '_>`\u001b[0m\n\u001b[0m\u001b[1m\u001b[38;5;10mnote\u001b[0m\u001b[0m: required by a bound in `pyo3::impl_::extract_argument::extract_argument`\u001b[0m\n\u001b[0m   \u001b[0m\u001b[0m\u001b[1m\u001b[38;5;12m--> \u001b[0m\u001b[0m/home/cameron/.cargo/registry/src/index.crates.io-6f17d22bba15001f/pyo3-0.20.0/src/impl_/extract_argument.rs:72:8\u001b[0m\n\u001b[0m    \u001b[0m\u001b[0m\u001b[1m\u001b[38;5;12m|\u001b[0m\n\u001b[0m\u001b[1m\u001b[38;5;12m66\u001b[0m\u001b[0m  \u001b[0m\u001b[0m\u001b[1m\u001b[38;5;12m|\u001b[0m\u001b[0m \u001b[0m\u001b[0mpub fn extract_argument<'a, 'py, T>(\u001b[0m\n\u001b[0m    \u001b[0m\u001b[0m\u001b[1m\u001b[38;5;12m| \u001b[0m\u001b[0m       \u001b[0m\u001b[0m\u001b[1m\u001b[38;5;12m----------------\u001b[0m\u001b[0m \u001b[0m\u001b[0m\u001b[1m\u001b[38;5;12mrequired by a bound in this function\u001b[0m\n\u001b[0m\u001b[1m\u001b[38;5;12m...\u001b[0m\n\u001b[0m\u001b[1m\u001b[38;5;12m72\u001b[0m\u001b[0m  \u001b[0m\u001b[0m\u001b[1m\u001b[38;5;12m|\u001b[0m\u001b[0m \u001b[0m\u001b[0m    T: PyFunctionArgument<'a, 'py>,\u001b[0m\n\u001b[0m    \u001b[0m\u001b[0m\u001b[1m\u001b[38;5;12m| \u001b[0m\u001b[0m       \u001b[0m\u001b[0m\u001b[1m\u001b[38;5;10m^^^^^^^^^^^^^^^^^^^^^^^^^^^\u001b[0m\u001b[0m \u001b[0m\u001b[0m\u001b[1m\u001b[38;5;10mrequired by this bound in `extract_argument`\u001b[0m\n\n"}
{"message":"the trait bound `&[std::string::String]: pyo3::PyClass` is not satisfied","code":{"code":"E0277","explanation":"You tried to use a type which doesn't implement some trait in a place which\nexpected that trait.\n\nErroneous code example:\n\n```compile_fail,E0277\n// here we declare the Foo trait with a bar method\ntrait Foo {\n    fn bar(&self);\n}\n\n// we now declare a function which takes an object implementing the Foo trait\nfn some_func<T: Foo>(foo: T) {\n    foo.bar();\n}\n\nfn main() {\n    // we now call the method with the i32 type, which doesn't implement\n    // the Foo trait\n    some_func(5i32); // error: the trait bound `i32 : Foo` is not satisfied\n}\n```\n\nIn order to fix this error, verify that the type you're using does implement\nthe trait. Example:\n\n```\ntrait Foo {\n    fn bar(&self);\n}\n\n// we implement the trait on the i32 type\nimpl Foo for i32 {\n    fn bar(&self) {}\n}\n\nfn some_func<T: Foo>(foo: T) {\n    foo.bar(); // we can now use this method since i32 implements the\n               // Foo trait\n}\n\nfn main() {\n    some_func(5i32); // ok!\n}\n```\n\nOr in a generic context, an erroneous code example would look like:\n\n```compile_fail,E0277\nfn some_func<T>(foo: T) {\n    println!(\"{:?}\", foo); // error: the trait `core::fmt::Debug` is not\n                           //        implemented for the type `T`\n}\n\nfn main() {\n    // We now call the method with the i32 type,\n    // which *does* implement the Debug trait.\n    some_func(5i32);\n}\n```\n\nNote that the error here is in the definition of the generic function. Although\nwe only call it with a parameter that does implement `Debug`, the compiler\nstill rejects the function. It must work with all possible input types. In\norder to make this example compile, we need to restrict the generic type we're\naccepting:\n\n```\nuse std::fmt;\n\n// Restrict the input type to types that implement Debug.\nfn some_func<T: fmt::Debug>(foo: T) {\n    println!(\"{:?}\", foo);\n}\n\nfn main() {\n    // Calling the method is still fine, as i32 implements Debug.\n    some_func(5i32);\n\n    // This would fail to compile now:\n    // struct WithoutDebug;\n    // some_func(WithoutDebug);\n}\n```\n\nRust only looks at the signature of the called function, as such it must\nalready specify all requirements that will be used for every type parameter.\n"},"level":"error","spans":[{"file_name":"src/aareg.rs","byte_start":9729,"byte_end":9730,"line_start":276,"line_end":276,"column_start":17,"column_end":18,"is_primary":true,"text":[{"text":"    covariates: &[String],","highlight_start":17,"highlight_end":18}],"label":"the trait `pyo3::PyClass` is not implemented for `&[std::string::String]`","suggested_replacement":null,"suggestion_applicability":null,"expansion":null}],"children":[{"message":"the following other types implement trait `pyo3::PyClass`:\n  aareg::AaregOptions\n  aareg::Surv\n  aareg::AaregResult\n  aareg::ConfidenceInterval\n  aareg::FitDetails\n  aareg::Diagnostics","code":null,"level":"help","spans":[],"children":[],"rendered":null},{"message":"required for `&[std::string::String]` to implement `pyo3::FromPyObject<'_>`","code":null,"level":"note","spans":[],"children":[],"rendered":null},{"message":"required for `&[std::string::String]` to implement `pyo3::impl_::extract_argument::PyFunctionArgument<'_, '_>`","code":null,"level":"note","spans":[],"children":[],"rendered":null},{"message":"required by a bound in `pyo3::impl_::extract_argument::extract_argument`","code":null,"level":"note","spans":[{"file_name":"/home/cameron/.cargo/registry/src/index.crates.io-6f17d22bba15001f/pyo3-0.20.0/src/impl_/extract_argument.rs","byte_start":1978,"byte_end":1994,"line_start":66,"line_end":66,"column_start":8,"column_end":24,"is_primary":false,"text":[{"text":"pub fn extract_argument<'a, 'py, T>(","highlight_start":8,"highlight_end":24}],"label":"required by a bound in this function","suggested_replacement":null,"suggestion_applicability":null,"expansion":null},{"file_name":"/home/cameron/.cargo/registry/src/index.crates.io-6f17d22bba15001f/pyo3-0.20.0/src/impl_/extract_argument.rs","byte_start":2110,"byte_end":2137,"line_start":72,"line_end":72,"column_start":8,"column_end":35,"is_primary":true,"text":[{"text":"    T: PyFunctionArgument<'a, 'py>,","highlight_start":8,"highlight_end":35}],"label":"required by this bound in `extract_argument`","suggested_replacement":null,"suggestion_applicability":null,"expansion":null}],"children":[],"rendered":null}],"rendered":"\u001b[0m\u001b[1m\u001b[38;5;9merror[E0277]\u001b[0m\u001b[0m\u001b[1m: the trait bound `&[std::string::String]: pyo3::PyClass` is not satisfied\u001b[0m\n\u001b[0m   \u001b[0m\u001b[0m\u001b[1m\u001b[38;5;12m--> \u001b[0m\u001b[0msrc/aareg.rs:276:17\u001b[0m\n\u001b[0m    \u001b[0m\u001b[0m\u001b[1m\u001b[38;5;12m|\u001b[0m\n\u001b[0m\u001b[1m\u001b[38;5;12m276\u001b[0m\u001b[0m \u001b[0m\u001b[0m\u001b[1m\u001b[38;5;12m|\u001b[0m\u001b[0m \u001b[0m\u001b[0m    covariates: &[String],\u001b[0m\n\u001b[0m    \u001b[0m\u001b[0m\u001b[1m\u001b[38;5;12m| \u001b[0m\u001b[0m                \u001b[0m\u001b[0m\u001b[1m\u001b[38;5;9m^\u001b[0m\u001b[0m \u001b[0m\u001b[0m\u001b[1m\u001b[38;5;9mthe trait `pyo3::PyClass` is not implemented for `&[std::string::String]`\u001b[0m\n\u001b[0m    \u001b[0m\u001b[0m\u001b[1m\u001b[38;5;12m|\u001b[0m\n\u001b[0m    \u001b[0m\u001b[0m\u001b[1m\u001b[38;5;12m= \u001b[0m\u001b[0m\u001b[1mhelp\u001b[0m\u001b[0m: the following other types implement trait `pyo3::PyClass`:\u001b[0m\n\u001b[0m              aareg::AaregOptions\u001b[0m\n\u001b[0m              aareg::Surv\u001b[0m\n\u001b[0m              aareg::AaregResult\u001b[0m\n\u001b[0m              aareg::ConfidenceInterval\u001b[0m\n\u001b[0m              aareg::FitDetails\u001b[0m\n\u001b[0m              aareg::Diagnostics\u001b[0m\n\u001b[0m    \u001b[0m\u001b[0m\u001b[1m\u001b[38;5;12m= \u001b[0m\u001b[0m\u001b[1mnote\u001b[0m\u001b[0m: required for `&[std::string::String]` to implement `pyo3::FromPyObject<'_>`\u001b[0m\n\u001b[0m    \u001b[0m\u001b[0m\u001b[1m\u001b[38;5;12m= \u001b[0m\u001b[0m\u001b[1mnote\u001b[0m\u001b[0m: required for `&[std::string::String]` to implement `pyo3::impl_::extract_argument::PyFunctionArgument<'_, '_>`\u001b[0m\n\u001b[0m\u001b[1m\u001b[38;5;10mnote\u001b[0m\u001b[0m: required by a bound in `pyo3::impl_::extract_argument::extract_argument`\u001b[0m\n\u001b[0m   \u001b[0m\u001b[0m\u001b[1m\u001b[38;5;12m--> \u001b[0m\u001b[0m/home/cameron/.cargo/registry/src/index.crates.io-6f17d22bba15001f/pyo3-0.20.0/src/impl_/extract_argument.rs:72:8\u001b[0m\n\u001b[0m    \u001b[0m\u001b[0m\u001b[1m\u001b[38;5;12m|\u001b[0m\n\u001b[0m\u001b[1m\u001b[38;5;12m66\u001b[0m\u001b[0m  \u001b[0m\u001b[0m\u001b[1m\u001b[38;5;12m|\u001b[0m\u001b[0m \u001b[0m\u001b[0mpub fn extract_argument<'a, 'py, T>(\u001b[0m\n\u001b[0m    \u001b[0m\u001b[0m\u001b[1m\u001b[38;5;12m| \u001b[0m\u001b[0m       \u001b[0m\u001b[0m\u001b[1m\u001b[38;5;12m----------------\u001b[0m\u001b[0m \u001b[0m\u001b[0m\u001b[1m\u001b[38;5;12mrequired by a bound in this function\u001b[0m\n\u001b[0m\u001b[1m\u001b[38;5;12m...\u001b[0m\n\u001b[0m\u001b[1m\u001b[38;5;12m72\u001b[0m\u001b[0m  \u001b[0m\u001b[0m\u001b[1m\u001b[38;5;12m|\u001b[0m\u001b[0m \u001b[0m\u001b[0m    T: PyFunctionArgument<'a, 'py>,\u001b[0m\n\u001b[0m    \u001b[0m\u001b[0m\u001b[1m\u001b[38;5;12m| \u001b[0m\u001b[0m       \u001b[0m\u001b[0m\u001b[1m\u001b[38;5;10m^^^^^^^^^^^^^^^^^^^^^^^^^^^\u001b[0m\u001b[0m \u001b[0m\u001b[0m\u001b[1m\u001b[38;5;10mrequired by this bound in `extract_argument`\u001b[0m\n\n"}
{"message":"the trait bound `std::result::Result<(ndarray::ArrayBase<ndarray::OwnedRepr<f64>, ndarray::Dim<[usize; 2]>>, ndarray::ArrayBase<ndarray::OwnedRepr<f64>, ndarray::Dim<[usize; 2]>>), aareg::AaregError>: pyo3::impl_::wrap::OkWrap<_>` is not satisfied","code":{"code":"E0277","explanation":"You tried to use a type which doesn't implement some trait in a place which\nexpected that trait.\n\nErroneous code example:\n\n```compile_fail,E0277\n// here we declare the Foo trait with a bar method\ntrait Foo {\n    fn bar(&self);\n}\n\n// we now declare a function which takes an object implementing the Foo trait\nfn some_func<T: Foo>(foo: T) {\n    foo.bar();\n}\n\nfn main() {\n    // we now call the method with the i32 type, which doesn't implement\n    // the Foo trait\n    some_func(5i32); // error: the trait bound `i32 : Foo` is not satisfied\n}\n```\n\nIn order to fix this error, verify that the type you're using does implement\nthe trait. Example:\n\n```\ntrait Foo {\n    fn bar(&self);\n}\n\n// we implement the trait on the i32 type\nimpl Foo for i32 {\n    fn bar(&self) {}\n}\n\nfn some_func<T: Foo>(foo: T) {\n    foo.bar(); // we can now use this method since i32 implements the\n               // Foo trait\n}\n\nfn main() {\n    some_func(5i32); // ok!\n}\n```\n\nOr in a generic context, an erroneous code example would look like:\n\n```compile_fail,E0277\nfn some_func<T>(foo: T) {\n    println!(\"{:?}\", foo); // error: the trait `core::fmt::Debug` is not\n                           //        implemented for the type `T`\n}\n\nfn main() {\n    // We now call the method with the i32 type,\n    // which *does* implement the Debug trait.\n    some_func(5i32);\n}\n```\n\nNote that the error here is in the definition of the generic function. Although\nwe only call it with a parameter that does implement `Debug`, the compiler\nstill rejects the function. It must work with all possible input types. In\norder to make this example compile, we need to restrict the generic type we're\naccepting:\n\n```\nuse std::fmt;\n\n// Restrict the input type to types that implement Debug.\nfn some_func<T: fmt::Debug>(foo: T) {\n    println!(\"{:?}\", foo);\n}\n\nfn main() {\n    // Calling the method is still fine, as i32 implements Debug.\n    some_func(5i32);\n\n    // This would fail to compile now:\n    // struct WithoutDebug;\n    // some_func(WithoutDebug);\n}\n```\n\nRust only looks at the signature of the called function, as such it must\nalready specify all requirements that will be used for every type parameter.\n"},"level":"error","spans":[{"file_name":"src/aareg.rs","byte_start":9623,"byte_end":9636,"line_start":272,"line_end":272,"column_start":1,"column_end":14,"is_primary":true,"text":[{"text":"#[pyfunction]","highlight_start":1,"highlight_end":14}],"label":"the trait `pyo3::impl_::wrap::OkWrap<_>` is not implemented for `std::result::Result<(ndarray::ArrayBase<ndarray::OwnedRepr<f64>, ndarray::Dim<[usize; 2]>>, ndarray::ArrayBase<ndarray::OwnedRepr<f64>, ndarray::Dim<[usize; 2]>>), aareg::AaregError>`","suggested_replacement":null,"suggestion_applicability":null,"expansion":{"span":{"file_name":"src/aareg.rs","byte_start":9623,"byte_end":9636,"line_start":272,"line_end":272,"column_start":1,"column_end":14,"is_primary":false,"text":[{"text":"#[pyfunction]","highlight_start":1,"highlight_end":14}],"label":null,"suggested_replacement":null,"suggestion_applicability":null,"expansion":null},"macro_decl_name":"#[pyfunction]","def_site_span":{"file_name":"/home/cameron/.cargo/registry/src/index.crates.io-6f17d22bba15001f/pyo3-macros-0.20.0/src/lib.rs","byte_start":6437,"byte_end":6508,"line_start":140,"line_end":140,"column_start":1,"column_end":72,"is_primary":false,"text":[{"text":"pub fn pyfunction(attr: TokenStream, input: TokenStream) -> TokenStream {","highlight_start":1,"highlight_end":72}],"label":null,"suggested_replacement":null,"suggestion_applicability":null,"expansion":null}}}],"children":[{"message":"the trait `pyo3::impl_::wrap::OkWrap<T>` is implemented for `std::result::Result<T, E>`","code":null,"level":"help","spans":[],"children":[],"rendered":null}],"rendered":"\u001b[0m\u001b[1m\u001b[38;5;9merror[E0277]\u001b[0m\u001b[0m\u001b[1m: the trait bound `std::result::Result<(ndarray::ArrayBase<ndarray::OwnedRepr<f64>, ndarray::Dim<[usize; 2]>>, ndarray::ArrayBase<ndarray::OwnedRepr<f64>, ndarray::Dim<[usize; 2]>>), aareg::AaregError>: pyo3::impl_::wrap::OkWrap<_>` is not satisfied\u001b[0m\n\u001b[0m   \u001b[0m\u001b[0m\u001b[1m\u001b[38;5;12m--> \u001b[0m\u001b[0msrc/aareg.rs:272:1\u001b[0m\n\u001b[0m    \u001b[0m\u001b[0m\u001b[1m\u001b[38;5;12m|\u001b[0m\n\u001b[0m\u001b[1m\u001b[38;5;12m272\u001b[0m\u001b[0m \u001b[0m\u001b[0m\u001b[1m\u001b[38;5;12m|\u001b[0m\u001b[0m \u001b[0m\u001b[0m#[pyfunction]\u001b[0m\n\u001b[0m    \u001b[0m\u001b[0m\u001b[1m\u001b[38;5;12m| \u001b[0m\u001b[0m\u001b[1m\u001b[38;5;9m^^^^^^^^^^^^^\u001b[0m\u001b[0m \u001b[0m\u001b[0m\u001b[1m\u001b[38;5;9mthe trait `pyo3::impl_::wrap::OkWrap<_>` is not implemented for `std::result::Result<(ndarray::ArrayBase<ndarray::OwnedRepr<f64>, ndarray::Dim<[usize; 2]>>, ndarray::ArrayBase<ndarray::OwnedRepr<f64>, ndarray::Dim<[usize; 2]>>), aareg::AaregError>`\u001b[0m\n\u001b[0m    \u001b[0m\u001b[0m\u001b[1m\u001b[38;5;12m|\u001b[0m\n\u001b[0m    \u001b[0m\u001b[0m\u001b[1m\u001b[38;5;12m= \u001b[0m\u001b[0m\u001b[1mhelp\u001b[0m\u001b[0m: the trait `pyo3::impl_::wrap::OkWrap<T>` \u001b[0m\u001b[0m\u001b[1mis\u001b[0m\u001b[0m implemented for `\u001b[0m\u001b[0m\u001b[1mstd::result::Result<T, E>\u001b[0m\u001b[0m`\u001b[0m\n\u001b[0m    \u001b[0m\u001b[0m\u001b[1m\u001b[38;5;12m= \u001b[0m\u001b[0m\u001b[1mnote\u001b[0m\u001b[0m: this error originates in the attribute macro `pyfunction` (in Nightly builds, run with -Z macro-backtrace for more info)\u001b[0m\n\n"}
{"message":"the trait bound `&ndarray::ArrayBase<ndarray::OwnedRepr<f64>, ndarray::Dim<[usize; 2]>>: pyo3::PyClass` is not satisfied","code":{"code":"E0277","explanation":"You tried to use a type which doesn't implement some trait in a place which\nexpected that trait.\n\nErroneous code example:\n\n```compile_fail,E0277\n// here we declare the Foo trait with a bar method\ntrait Foo {\n    fn bar(&self);\n}\n\n// we now declare a function which takes an object implementing the Foo trait\nfn some_func<T: Foo>(foo: T) {\n    foo.bar();\n}\n\nfn main() {\n    // we now call the method with the i32 type, which doesn't implement\n    // the Foo trait\n    some_func(5i32); // error: the trait bound `i32 : Foo` is not satisfied\n}\n```\n\nIn order to fix this error, verify that the type you're using does implement\nthe trait. Example:\n\n```\ntrait Foo {\n    fn bar(&self);\n}\n\n// we implement the trait on the i32 type\nimpl Foo for i32 {\n    fn bar(&self) {}\n}\n\nfn some_func<T: Foo>(foo: T) {\n    foo.bar(); // we can now use this method since i32 implements the\n               // Foo trait\n}\n\nfn main() {\n    some_func(5i32); // ok!\n}\n```\n\nOr in a generic context, an erroneous code example would look like:\n\n```compile_fail,E0277\nfn some_func<T>(foo: T) {\n    println!(\"{:?}\", foo); // error: the trait `core::fmt::Debug` is not\n                           //        implemented for the type `T`\n}\n\nfn main() {\n    // We now call the method with the i32 type,\n    // which *does* implement the Debug trait.\n    some_func(5i32);\n}\n```\n\nNote that the error here is in the definition of the generic function. Although\nwe only call it with a parameter that does implement `Debug`, the compiler\nstill rejects the function. It must work with all possible input types. In\norder to make this example compile, we need to restrict the generic type we're\naccepting:\n\n```\nuse std::fmt;\n\n// Restrict the input type to types that implement Debug.\nfn some_func<T: fmt::Debug>(foo: T) {\n    println!(\"{:?}\", foo);\n}\n\nfn main() {\n    // Calling the method is still fine, as i32 implements Debug.\n    some_func(5i32);\n\n    // This would fail to compile now:\n    // struct WithoutDebug;\n    // some_func(WithoutDebug);\n}\n```\n\nRust only looks at the signature of the called function, as such it must\nalready specify all requirements that will be used for every type parameter.\n"},"level":"error","spans":[{"file_name":"src/aareg.rs","byte_start":10609,"byte_end":10610,"line_start":302,"line_end":302,"column_start":8,"column_end":9,"is_primary":true,"text":[{"text":"    y: &Array2<f64>,","highlight_start":8,"highlight_end":9}],"label":"the trait `pyo3::PyClass` is not implemented for `&ndarray::ArrayBase<ndarray::OwnedRepr<f64>, ndarray::Dim<[usize; 2]>>`","suggested_replacement":null,"suggestion_applicability":null,"expansion":null}],"children":[{"message":"the following other types implement trait `pyo3::PyClass`:\n  aareg::AaregOptions\n  aareg::Surv\n  aareg::AaregResult\n  aareg::ConfidenceInterval\n  aareg::FitDetails\n  aareg::Diagnostics","code":null,"level":"help","spans":[],"children":[],"rendered":null},{"message":"required for `&ndarray::ArrayBase<ndarray::OwnedRepr<f64>, ndarray::Dim<[usize; 2]>>` to implement `pyo3::FromPyObject<'_>`","code":null,"level":"note","spans":[],"children":[],"rendered":null},{"message":"required for `&ndarray::ArrayBase<ndarray::OwnedRepr<f64>, ndarray::Dim<[usize; 2]>>` to implement `pyo3::impl_::extract_argument::PyFunctionArgument<'_, '_>`","code":null,"level":"note","spans":[],"children":[],"rendered":null},{"message":"required by a bound in `pyo3::impl_::extract_argument::extract_argument`","code":null,"level":"note","spans":[{"file_name":"/home/cameron/.cargo/registry/src/index.crates.io-6f17d22bba15001f/pyo3-0.20.0/src/impl_/extract_argument.rs","byte_start":1978,"byte_end":1994,"line_start":66,"line_end":66,"column_start":8,"column_end":24,"is_primary":false,"text":[{"text":"pub fn extract_argument<'a, 'py, T>(","highlight_start":8,"highlight_end":24}],"label":"required by a bound in this function","suggested_replacement":null,"suggestion_applicability":null,"expansion":null},{"file_name":"/home/cameron/.cargo/registry/src/index.crates.io-6f17d22bba15001f/pyo3-0.20.0/src/impl_/extract_argument.rs","byte_start":2110,"byte_end":2137,"line_start":72,"line_end":72,"column_start":8,"column_end":35,"is_primary":true,"text":[{"text":"    T: PyFunctionArgument<'a, 'py>,","highlight_start":8,"highlight_end":35}],"label":"required by this bound in `extract_argument`","suggested_replacement":null,"suggestion_applicability":null,"expansion":null}],"children":[],"rendered":null}],"rendered":"\u001b[0m\u001b[1m\u001b[38;5;9merror[E0277]\u001b[0m\u001b[0m\u001b[1m: the trait bound `&ndarray::ArrayBase<ndarray::OwnedRepr<f64>, ndarray::Dim<[usize; 2]>>: pyo3::PyClass` is not satisfied\u001b[0m\n\u001b[0m   \u001b[0m\u001b[0m\u001b[1m\u001b[38;5;12m--> \u001b[0m\u001b[0msrc/aareg.rs:302:8\u001b[0m\n\u001b[0m    \u001b[0m\u001b[0m\u001b[1m\u001b[38;5;12m|\u001b[0m\n\u001b[0m\u001b[1m\u001b[38;5;12m302\u001b[0m\u001b[0m \u001b[0m\u001b[0m\u001b[1m\u001b[38;5;12m|\u001b[0m\u001b[0m \u001b[0m\u001b[0m    y: &Array2<f64>,\u001b[0m\n\u001b[0m    \u001b[0m\u001b[0m\u001b[1m\u001b[38;5;12m| \u001b[0m\u001b[0m       \u001b[0m\u001b[0m\u001b[1m\u001b[38;5;9m^\u001b[0m\u001b[0m \u001b[0m\u001b[0m\u001b[1m\u001b[38;5;9mthe trait `pyo3::PyClass` is not implemented for `&ndarray::ArrayBase<ndarray::OwnedRepr<f64>, ndarray::Dim<[usize; 2]>>`\u001b[0m\n\u001b[0m    \u001b[0m\u001b[0m\u001b[1m\u001b[38;5;12m|\u001b[0m\n\u001b[0m    \u001b[0m\u001b[0m\u001b[1m\u001b[38;5;12m= \u001b[0m\u001b[0m\u001b[1mhelp\u001b[0m\u001b[0m: the following other types implement trait `pyo3::PyClass`:\u001b[0m\n\u001b[0m              aareg::AaregOptions\u001b[0m\n\u001b[0m              aareg::Surv\u001b[0m\n\u001b[0m              aareg::AaregResult\u001b[0m\n\u001b[0m              aareg::ConfidenceInterval\u001b[0m\n\u001b[0m              aareg::FitDetails\u001b[0m\n\u001b[0m              aareg::Diagnostics\u001b[0m\n\u001b[0m    \u001b[0m\u001b[0m\u001b[1m\u001b[38;5;12m= \u001b[0m\u001b[0m\u001b[1mnote\u001b[0m\u001b[0m: required for `&ndarray::ArrayBase<ndarray::OwnedRepr<f64>, ndarray::Dim<[usize; 2]>>` to implement `pyo3::FromPyObject<'_>`\u001b[0m\n\u001b[0m    \u001b[0m\u001b[0m\u001b[1m\u001b[38;5;12m= \u001b[0m\u001b[0m\u001b[1mnote\u001b[0m\u001b[0m: required for `&ndarray::ArrayBase<ndarray::OwnedRepr<f64>, ndarray::Dim<[usize; 2]>>` to implement `pyo3::impl_::extract_argument::PyFunctionArgument<'_, '_>`\u001b[0m\n\u001b[0m\u001b[1m\u001b[38;5;10mnote\u001b[0m\u001b[0m: required by a bound in `pyo3::impl_::extract_argument::extract_argument`\u001b[0m\n\u001b[0m   \u001b[0m\u001b[0m\u001b[1m\u001b[38;5;12m--> \u001b[0m\u001b[0m/home/cameron/.cargo/registry/src/index.crates.io-6f17d22bba15001f/pyo3-0.20.0/src/impl_/extract_argument.rs:72:8\u001b[0m\n\u001b[0m    \u001b[0m\u001b[0m\u001b[1m\u001b[38;5;12m|\u001b[0m\n\u001b[0m\u001b[1m\u001b[38;5;12m66\u001b[0m\u001b[0m  \u001b[0m\u001b[0m\u001b[1m\u001b[38;5;12m|\u001b[0m\u001b[0m \u001b[0m\u001b[0mpub fn extract_argument<'a, 'py, T>(\u001b[0m\n\u001b[0m    \u001b[0m\u001b[0m\u001b[1m\u001b[38;5;12m| \u001b[0m\u001b[0m       \u001b[0m\u001b[0m\u001b[1m\u001b[38;5;12m----------------\u001b[0m\u001b[0m \u001b[0m\u001b[0m\u001b[1m\u001b[38;5;12mrequired by a bound in this function\u001b[0m\n\u001b[0m\u001b[1m\u001b[38;5;12m...\u001b[0m\n\u001b[0m\u001b[1m\u001b[38;5;12m72\u001b[0m\u001b[0m  \u001b[0m\u001b[0m\u001b[1m\u001b[38;5;12m|\u001b[0m\u001b[0m \u001b[0m\u001b[0m    T: PyFunctionArgument<'a, 'py>,\u001b[0m\n\u001b[0m    \u001b[0m\u001b[0m\u001b[1m\u001b[38;5;12m| \u001b[0m\u001b[0m       \u001b[0m\u001b[0m\u001b[1m\u001b[38;5;10m^^^^^^^^^^^^^^^^^^^^^^^^^^^\u001b[0m\u001b[0m \u001b[0m\u001b[0m\u001b[1m\u001b[38;5;10mrequired by this bound in `extract_argument`\u001b[0m\n\n"}
{"message":"the trait bound `&ndarray::ArrayBase<ndarray::OwnedRepr<f64>, ndarray::Dim<[usize; 2]>>: pyo3::PyClass` is not satisfied","code":{"code":"E0277","explanation":"You tried to use a type which doesn't implement some trait in a place which\nexpected that trait.\n\nErroneous code example:\n\n```compile_fail,E0277\n// here we declare the Foo trait with a bar method\ntrait Foo {\n    fn bar(&self);\n}\n\n// we now declare a function which takes an object implementing the Foo trait\nfn some_func<T: Foo>(foo: T) {\n    foo.bar();\n}\n\nfn main() {\n    // we now call the method with the i32 type, which doesn't implement\n    // the Foo trait\n    some_func(5i32); // error: the trait bound `i32 : Foo` is not satisfied\n}\n```\n\nIn order to fix this error, verify that the type you're using does implement\nthe trait. Example:\n\n```\ntrait Foo {\n    fn bar(&self);\n}\n\n// we implement the trait on the i32 type\nimpl Foo for i32 {\n    fn bar(&self) {}\n}\n\nfn some_func<T: Foo>(foo: T) {\n    foo.bar(); // we can now use this method since i32 implements the\n               // Foo trait\n}\n\nfn main() {\n    some_func(5i32); // ok!\n}\n```\n\nOr in a generic context, an erroneous code example would look like:\n\n```compile_fail,E0277\nfn some_func<T>(foo: T) {\n    println!(\"{:?}\", foo); // error: the trait `core::fmt::Debug` is not\n                           //        implemented for the type `T`\n}\n\nfn main() {\n    // We now call the method with the i32 type,\n    // which *does* implement the Debug trait.\n    some_func(5i32);\n}\n```\n\nNote that the error here is in the definition of the generic function. Although\nwe only call it with a parameter that does implement `Debug`, the compiler\nstill rejects the function. It must work with all possible input types. In\norder to make this example compile, we need to restrict the generic type we're\naccepting:\n\n```\nuse std::fmt;\n\n// Restrict the input type to types that implement Debug.\nfn some_func<T: fmt::Debug>(foo: T) {\n    println!(\"{:?}\", foo);\n}\n\nfn main() {\n    // Calling the method is still fine, as i32 implements Debug.\n    some_func(5i32);\n\n    // This would fail to compile now:\n    // struct WithoutDebug;\n    // some_func(WithoutDebug);\n}\n```\n\nRust only looks at the signature of the called function, as such it must\nalready specify all requirements that will be used for every type parameter.\n"},"level":"error","spans":[{"file_name":"src/aareg.rs","byte_start":10630,"byte_end":10631,"line_start":303,"line_end":303,"column_start":8,"column_end":9,"is_primary":true,"text":[{"text":"    x: &Array2<f64>,","highlight_start":8,"highlight_end":9}],"label":"the trait `pyo3::PyClass` is not implemented for `&ndarray::ArrayBase<ndarray::OwnedRepr<f64>, ndarray::Dim<[usize; 2]>>`","suggested_replacement":null,"suggestion_applicability":null,"expansion":null}],"children":[{"message":"the following other types implement trait `pyo3::PyClass`:\n  aareg::AaregOptions\n  aareg::Surv\n  aareg::AaregResult\n  aareg::ConfidenceInterval\n  aareg::FitDetails\n  aareg::Diagnostics","code":null,"level":"help","spans":[],"children":[],"rendered":null},{"message":"required for `&ndarray::ArrayBase<ndarray::OwnedRepr<f64>, ndarray::Dim<[usize; 2]>>` to implement `pyo3::FromPyObject<'_>`","code":null,"level":"note","spans":[],"children":[],"rendered":null},{"message":"required for `&ndarray::ArrayBase<ndarray::OwnedRepr<f64>, ndarray::Dim<[usize; 2]>>` to implement `pyo3::impl_::extract_argument::PyFunctionArgument<'_, '_>`","code":null,"level":"note","spans":[],"children":[],"rendered":null},{"message":"required by a bound in `pyo3::impl_::extract_argument::extract_argument`","code":null,"level":"note","spans":[{"file_name":"/home/cameron/.cargo/registry/src/index.crates.io-6f17d22bba15001f/pyo3-0.20.0/src/impl_/extract_argument.rs","byte_start":1978,"byte_end":1994,"line_start":66,"line_end":66,"column_start":8,"column_end":24,"is_primary":false,"text":[{"text":"pub fn extract_argument<'a, 'py, T>(","highlight_start":8,"highlight_end":24}],"label":"required by a bound in this function","suggested_replacement":null,"suggestion_applicability":null,"expansion":null},{"file_name":"/home/cameron/.cargo/registry/src/index.crates.io-6f17d22bba15001f/pyo3-0.20.0/src/impl_/extract_argument.rs","byte_start":2110,"byte_end":2137,"line_start":72,"line_end":72,"column_start":8,"column_end":35,"is_primary":true,"text":[{"text":"    T: PyFunctionArgument<'a, 'py>,","highlight_start":8,"highlight_end":35}],"label":"required by this bound in `extract_argument`","suggested_replacement":null,"suggestion_applicability":null,"expansion":null}],"children":[],"rendered":null}],"rendered":"\u001b[0m\u001b[1m\u001b[38;5;9merror[E0277]\u001b[0m\u001b[0m\u001b[1m: the trait bound `&ndarray::ArrayBase<ndarray::OwnedRepr<f64>, ndarray::Dim<[usize; 2]>>: pyo3::PyClass` is not satisfied\u001b[0m\n\u001b[0m   \u001b[0m\u001b[0m\u001b[1m\u001b[38;5;12m--> \u001b[0m\u001b[0msrc/aareg.rs:303:8\u001b[0m\n\u001b[0m    \u001b[0m\u001b[0m\u001b[1m\u001b[38;5;12m|\u001b[0m\n\u001b[0m\u001b[1m\u001b[38;5;12m303\u001b[0m\u001b[0m \u001b[0m\u001b[0m\u001b[1m\u001b[38;5;12m|\u001b[0m\u001b[0m \u001b[0m\u001b[0m    x: &Array2<f64>,\u001b[0m\n\u001b[0m    \u001b[0m\u001b[0m\u001b[1m\u001b[38;5;12m| \u001b[0m\u001b[0m       \u001b[0m\u001b[0m\u001b[1m\u001b[38;5;9m^\u001b[0m\u001b[0m \u001b[0m\u001b[0m\u001b[1m\u001b[38;5;9mthe trait `pyo3::PyClass` is not implemented for `&ndarray::ArrayBase<ndarray::OwnedRepr<f64>, ndarray::Dim<[usize; 2]>>`\u001b[0m\n\u001b[0m    \u001b[0m\u001b[0m\u001b[1m\u001b[38;5;12m|\u001b[0m\n\u001b[0m    \u001b[0m\u001b[0m\u001b[1m\u001b[38;5;12m= \u001b[0m\u001b[0m\u001b[1mhelp\u001b[0m\u001b[0m: the following other types implement trait `pyo3::PyClass`:\u001b[0m\n\u001b[0m              aareg::AaregOptions\u001b[0m\n\u001b[0m              aareg::Surv\u001b[0m\n\u001b[0m              aareg::AaregResult\u001b[0m\n\u001b[0m              aareg::ConfidenceInterval\u001b[0m\n\u001b[0m              aareg::FitDetails\u001b[0m\n\u001b[0m              aareg::Diagnostics\u001b[0m\n\u001b[0m    \u001b[0m\u001b[0m\u001b[1m\u001b[38;5;12m= \u001b[0m\u001b[0m\u001b[1mnote\u001b[0m\u001b[0m: required for `&ndarray::ArrayBase<ndarray::OwnedRepr<f64>, ndarray::Dim<[usize; 2]>>` to implement `pyo3::FromPyObject<'_>`\u001b[0m\n\u001b[0m    \u001b[0m\u001b[0m\u001b[1m\u001b[38;5;12m= \u001b[0m\u001b[0m\u001b[1mnote\u001b[0m\u001b[0m: required for `&ndarray::ArrayBase<ndarray::OwnedRepr<f64>, ndarray::Dim<[usize; 2]>>` to implement `pyo3::impl_::extract_argument::PyFunctionArgument<'_, '_>`\u001b[0m\n\u001b[0m\u001b[1m\u001b[38;5;10mnote\u001b[0m\u001b[0m: required by a bound in `pyo3::impl_::extract_argument::extract_argument`\u001b[0m\n\u001b[0m   \u001b[0m\u001b[0m\u001b[1m\u001b[38;5;12m--> \u001b[0m\u001b[0m/home/cameron/.cargo/registry/src/index.crates.io-6f17d22bba15001f/pyo3-0.20.0/src/impl_/extract_argument.rs:72:8\u001b[0m\n\u001b[0m    \u001b[0m\u001b[0m\u001b[1m\u001b[38;5;12m|\u001b[0m\n\u001b[0m\u001b[1m\u001b[38;5;12m66\u001b[0m\u001b[0m  \u001b[0m\u001b[0m\u001b[1m\u001b[38;5;12m|\u001b[0m\u001b[0m \u001b[0m\u001b[0mpub fn extract_argument<'a, 'py, T>(\u001b[0m\n\u001b[0m    \u001b[0m\u001b[0m\u001b[1m\u001b[38;5;12m| \u001b[0m\u001b[0m       \u001b[0m\u001b[0m\u001b[1m\u001b[38;5;12m----------------\u001b[0m\u001b[0m \u001b[0m\u001b[0m\u001b[1m\u001b[38;5;12mrequired by a bound in this function\u001b[0m\n\u001b[0m\u001b[1m\u001b[38;5;12m...\u001b[0m\n\u001b[0m\u001b[1m\u001b[38;5;12m72\u001b[0m\u001b[0m  \u001b[0m\u001b[0m\u001b[1m\u001b[38;5;12m|\u001b[0m\u001b[0m \u001b[0m\u001b[0m    T: PyFunctionArgument<'a, 'py>,\u001b[0m\n\u001b[0m    \u001b[0m\u001b[0m\u001b[1m\u001b[38;5;12m| \u001b[0m\u001b[0m       \u001b[0m\u001b[0m\u001b[1m\u001b[38;5;10m^^^^^^^^^^^^^^^^^^^^^^^^^^^\u001b[0m\u001b[0m \u001b[0m\u001b[0m\u001b[1m\u001b[38;5;10mrequired by this bound in `extract_argument`\u001b[0m\n\n"}
{"message":"cannot find function `calculate_dfbetas` in this scope","code":{"code":"E0425","explanation":"An unresolved name was used.\n\nErroneous code examples:\n\n```compile_fail,E0425\nsomething_that_doesnt_exist::foo;\n// error: unresolved name `something_that_doesnt_exist::foo`\n\n// or:\n\ntrait Foo {\n    fn bar() {\n        Self; // error: unresolved name `Self`\n    }\n}\n\n// or:\n\nlet x = unknown_variable;  // error: unresolved name `unknown_variable`\n```\n\nPlease verify that the name wasn't misspelled and ensure that the\nidentifier being referred to is valid for the given situation. Example:\n\n```\nenum something_that_does_exist {\n    Foo,\n}\n```\n\nOr:\n\n```\nmod something_that_does_exist {\n    pub static foo : i32 = 0i32;\n}\n\nsomething_that_does_exist::foo; // ok!\n```\n\nOr:\n\n```\nlet unknown_variable = 12u32;\nlet x = unknown_variable; // ok!\n```\n\nIf the item is not defined in the current module, it must be imported using a\n`use` statement, like so:\n\n```\n# mod foo { pub fn bar() {} }\n# fn main() {\nuse foo::bar;\nbar();\n# }\n```\n\nIf the item you are importing is not defined in some super-module of the\ncurrent module, then it must also be declared as public (e.g., `pub fn`).\n"},"level":"error","spans":[{"file_name":"src/aareg.rs","byte_start":11437,"byte_end":11454,"line_start":333,"line_end":333,"column_start":23,"column_end":40,"is_primary":true,"text":[{"text":"        let dfbetas = calculate_dfbetas(&regression_result);","highlight_start":23,"highlight_end":40}],"label":"not found in this scope","suggested_replacement":null,"suggestion_applicability":null,"expansion":null}],"children":[],"rendered":"\u001b[0m\u001b[1m\u001b[38;5;9merror[E0425]\u001b[0m\u001b[0m\u001b[1m: cannot find function `calculate_dfbetas` in this scope\u001b[0m\n\u001b[0m   \u001b[0m\u001b[0m\u001b[1m\u001b[38;5;12m--> \u001b[0m\u001b[0msrc/aareg.rs:333:23\u001b[0m\n\u001b[0m    \u001b[0m\u001b[0m\u001b[1m\u001b[38;5;12m|\u001b[0m\n\u001b[0m\u001b[1m\u001b[38;5;12m333\u001b[0m\u001b[0m \u001b[0m\u001b[0m\u001b[1m\u001b[38;5;12m|\u001b[0m\u001b[0m \u001b[0m\u001b[0m        let dfbetas = calculate_dfbetas(&regression_result);\u001b[0m\n\u001b[0m    \u001b[0m\u001b[0m\u001b[1m\u001b[38;5;12m| \u001b[0m\u001b[0m                      \u001b[0m\u001b[0m\u001b[1m\u001b[38;5;9m^^^^^^^^^^^^^^^^^\u001b[0m\u001b[0m \u001b[0m\u001b[0m\u001b[1m\u001b[38;5;9mnot found in this scope\u001b[0m\n\n"}
{"message":"the trait bound `aareg::AaregResult: std::clone::Clone` is not satisfied","code":{"code":"E0277","explanation":"You tried to use a type which doesn't implement some trait in a place which\nexpected that trait.\n\nErroneous code example:\n\n```compile_fail,E0277\n// here we declare the Foo trait with a bar method\ntrait Foo {\n    fn bar(&self);\n}\n\n// we now declare a function which takes an object implementing the Foo trait\nfn some_func<T: Foo>(foo: T) {\n    foo.bar();\n}\n\nfn main() {\n    // we now call the method with the i32 type, which doesn't implement\n    // the Foo trait\n    some_func(5i32); // error: the trait bound `i32 : Foo` is not satisfied\n}\n```\n\nIn order to fix this error, verify that the type you're using does implement\nthe trait. Example:\n\n```\ntrait Foo {\n    fn bar(&self);\n}\n\n// we implement the trait on the i32 type\nimpl Foo for i32 {\n    fn bar(&self) {}\n}\n\nfn some_func<T: Foo>(foo: T) {\n    foo.bar(); // we can now use this method since i32 implements the\n               // Foo trait\n}\n\nfn main() {\n    some_func(5i32); // ok!\n}\n```\n\nOr in a generic context, an erroneous code example would look like:\n\n```compile_fail,E0277\nfn some_func<T>(foo: T) {\n    println!(\"{:?}\", foo); // error: the trait `core::fmt::Debug` is not\n                           //        implemented for the type `T`\n}\n\nfn main() {\n    // We now call the method with the i32 type,\n    // which *does* implement the Debug trait.\n    some_func(5i32);\n}\n```\n\nNote that the error here is in the definition of the generic function. Although\nwe only call it with a parameter that does implement `Debug`, the compiler\nstill rejects the function. It must work with all possible input types. In\norder to make this example compile, we need to restrict the generic type we're\naccepting:\n\n```\nuse std::fmt;\n\n// Restrict the input type to types that implement Debug.\nfn some_func<T: fmt::Debug>(foo: T) {\n    println!(\"{:?}\", foo);\n}\n\nfn main() {\n    // Calling the method is still fine, as i32 implements Debug.\n    some_func(5i32);\n\n    // This would fail to compile now:\n    // struct WithoutDebug;\n    // some_func(WithoutDebug);\n}\n```\n\nRust only looks at the signature of the called function, as such it must\nalready specify all requirements that will be used for every type parameter.\n"},"level":"error","spans":[{"file_name":"src/aareg.rs","byte_start":11261,"byte_end":11272,"line_start":328,"line_end":328,"column_start":24,"column_end":35,"is_primary":true,"text":[{"text":"    regression_result: AaregResult,","highlight_start":24,"highlight_end":35}],"label":"the trait `std::clone::Clone` is not implemented for `aareg::AaregResult`","suggested_replacement":null,"suggestion_applicability":null,"expansion":null}],"children":[{"message":"the following other types implement trait `pyo3::impl_::extract_argument::PyFunctionArgument<'a, 'py>`:\n  &'a aareg::AaregResult\n  &'a mut aareg::AaregResult","code":null,"level":"help","spans":[],"children":[],"rendered":null},{"message":"required for `aareg::AaregResult` to implement `pyo3::FromPyObject<'_>`","code":null,"level":"note","spans":[],"children":[],"rendered":null},{"message":"required for `aareg::AaregResult` to implement `pyo3::impl_::extract_argument::PyFunctionArgument<'_, '_>`","code":null,"level":"note","spans":[],"children":[],"rendered":null},{"message":"required by a bound in `pyo3::impl_::extract_argument::extract_argument`","code":null,"level":"note","spans":[{"file_name":"/home/cameron/.cargo/registry/src/index.crates.io-6f17d22bba15001f/pyo3-0.20.0/src/impl_/extract_argument.rs","byte_start":1978,"byte_end":1994,"line_start":66,"line_end":66,"column_start":8,"column_end":24,"is_primary":false,"text":[{"text":"pub fn extract_argument<'a, 'py, T>(","highlight_start":8,"highlight_end":24}],"label":"required by a bound in this function","suggested_replacement":null,"suggestion_applicability":null,"expansion":null},{"file_name":"/home/cameron/.cargo/registry/src/index.crates.io-6f17d22bba15001f/pyo3-0.20.0/src/impl_/extract_argument.rs","byte_start":2110,"byte_end":2137,"line_start":72,"line_end":72,"column_start":8,"column_end":35,"is_primary":true,"text":[{"text":"    T: PyFunctionArgument<'a, 'py>,","highlight_start":8,"highlight_end":35}],"label":"required by this bound in `extract_argument`","suggested_replacement":null,"suggestion_applicability":null,"expansion":null}],"children":[],"rendered":null}],"rendered":"\u001b[0m\u001b[1m\u001b[38;5;9merror[E0277]\u001b[0m\u001b[0m\u001b[1m: the trait bound `aareg::AaregResult: std::clone::Clone` is not satisfied\u001b[0m\n\u001b[0m   \u001b[0m\u001b[0m\u001b[1m\u001b[38;5;12m--> \u001b[0m\u001b[0msrc/aareg.rs:328:24\u001b[0m\n\u001b[0m    \u001b[0m\u001b[0m\u001b[1m\u001b[38;5;12m|\u001b[0m\n\u001b[0m\u001b[1m\u001b[38;5;12m328\u001b[0m\u001b[0m \u001b[0m\u001b[0m\u001b[1m\u001b[38;5;12m|\u001b[0m\u001b[0m \u001b[0m\u001b[0m    regression_result: AaregResult,\u001b[0m\n\u001b[0m    \u001b[0m\u001b[0m\u001b[1m\u001b[38;5;12m| \u001b[0m\u001b[0m                       \u001b[0m\u001b[0m\u001b[1m\u001b[38;5;9m^^^^^^^^^^^\u001b[0m\u001b[0m \u001b[0m\u001b[0m\u001b[1m\u001b[38;5;9mthe trait `std::clone::Clone` is not implemented for `aareg::AaregResult`\u001b[0m\n\u001b[0m    \u001b[0m\u001b[0m\u001b[1m\u001b[38;5;12m|\u001b[0m\n\u001b[0m    \u001b[0m\u001b[0m\u001b[1m\u001b[38;5;12m= \u001b[0m\u001b[0m\u001b[1mhelp\u001b[0m\u001b[0m: the following other types implement trait `pyo3::impl_::extract_argument::PyFunctionArgument<'a, 'py>`:\u001b[0m\n\u001b[0m              &'a aareg::AaregResult\u001b[0m\n\u001b[0m              &'a mut aareg::AaregResult\u001b[0m\n\u001b[0m    \u001b[0m\u001b[0m\u001b[1m\u001b[38;5;12m= \u001b[0m\u001b[0m\u001b[1mnote\u001b[0m\u001b[0m: required for `aareg::AaregResult` to implement `pyo3::FromPyObject<'_>`\u001b[0m\n\u001b[0m    \u001b[0m\u001b[0m\u001b[1m\u001b[38;5;12m= \u001b[0m\u001b[0m\u001b[1mnote\u001b[0m\u001b[0m: required for `aareg::AaregResult` to implement `pyo3::impl_::extract_argument::PyFunctionArgument<'_, '_>`\u001b[0m\n\u001b[0m\u001b[1m\u001b[38;5;10mnote\u001b[0m\u001b[0m: required by a bound in `pyo3::impl_::extract_argument::extract_argument`\u001b[0m\n\u001b[0m   \u001b[0m\u001b[0m\u001b[1m\u001b[38;5;12m--> \u001b[0m\u001b[0m/home/cameron/.cargo/registry/src/index.crates.io-6f17d22bba15001f/pyo3-0.20.0/src/impl_/extract_argument.rs:72:8\u001b[0m\n\u001b[0m    \u001b[0m\u001b[0m\u001b[1m\u001b[38;5;12m|\u001b[0m\n\u001b[0m\u001b[1m\u001b[38;5;12m66\u001b[0m\u001b[0m  \u001b[0m\u001b[0m\u001b[1m\u001b[38;5;12m|\u001b[0m\u001b[0m \u001b[0m\u001b[0mpub fn extract_argument<'a, 'py, T>(\u001b[0m\n\u001b[0m    \u001b[0m\u001b[0m\u001b[1m\u001b[38;5;12m| \u001b[0m\u001b[0m       \u001b[0m\u001b[0m\u001b[1m\u001b[38;5;12m----------------\u001b[0m\u001b[0m \u001b[0m\u001b[0m\u001b[1m\u001b[38;5;12mrequired by a bound in this function\u001b[0m\n\u001b[0m\u001b[1m\u001b[38;5;12m...\u001b[0m\n\u001b[0m\u001b[1m\u001b[38;5;12m72\u001b[0m\u001b[0m  \u001b[0m\u001b[0m\u001b[1m\u001b[38;5;12m|\u001b[0m\u001b[0m \u001b[0m\u001b[0m    T: PyFunctionArgument<'a, 'py>,\u001b[0m\n\u001b[0m    \u001b[0m\u001b[0m\u001b[1m\u001b[38;5;12m| \u001b[0m\u001b[0m       \u001b[0m\u001b[0m\u001b[1m\u001b[38;5;10m^^^^^^^^^^^^^^^^^^^^^^^^^^^\u001b[0m\u001b[0m \u001b[0m\u001b[0m\u001b[1m\u001b[38;5;10mrequired by this bound in `extract_argument`\u001b[0m\n\n"}
{"message":"the trait bound `aareg::AaregError: pyo3::PyClass` is not satisfied","code":{"code":"E0277","explanation":"You tried to use a type which doesn't implement some trait in a place which\nexpected that trait.\n\nErroneous code example:\n\n```compile_fail,E0277\n// here we declare the Foo trait with a bar method\ntrait Foo {\n    fn bar(&self);\n}\n\n// we now declare a function which takes an object implementing the Foo trait\nfn some_func<T: Foo>(foo: T) {\n    foo.bar();\n}\n\nfn main() {\n    // we now call the method with the i32 type, which doesn't implement\n    // the Foo trait\n    some_func(5i32); // error: the trait bound `i32 : Foo` is not satisfied\n}\n```\n\nIn order to fix this error, verify that the type you're using does implement\nthe trait. Example:\n\n```\ntrait Foo {\n    fn bar(&self);\n}\n\n// we implement the trait on the i32 type\nimpl Foo for i32 {\n    fn bar(&self) {}\n}\n\nfn some_func<T: Foo>(foo: T) {\n    foo.bar(); // we can now use this method since i32 implements the\n               // Foo trait\n}\n\nfn main() {\n    some_func(5i32); // ok!\n}\n```\n\nOr in a generic context, an erroneous code example would look like:\n\n```compile_fail,E0277\nfn some_func<T>(foo: T) {\n    println!(\"{:?}\", foo); // error: the trait `core::fmt::Debug` is not\n                           //        implemented for the type `T`\n}\n\nfn main() {\n    // We now call the method with the i32 type,\n    // which *does* implement the Debug trait.\n    some_func(5i32);\n}\n```\n\nNote that the error here is in the definition of the generic function. Although\nwe only call it with a parameter that does implement `Debug`, the compiler\nstill rejects the function. It must work with all possible input types. In\norder to make this example compile, we need to restrict the generic type we're\naccepting:\n\n```\nuse std::fmt;\n\n// Restrict the input type to types that implement Debug.\nfn some_func<T: fmt::Debug>(foo: T) {\n    println!(\"{:?}\", foo);\n}\n\nfn main() {\n    // Calling the method is still fine, as i32 implements Debug.\n    some_func(5i32);\n\n    // This would fail to compile now:\n    // struct WithoutDebug;\n    // some_func(WithoutDebug);\n}\n```\n\nRust only looks at the signature of the called function, as such it must\nalready specify all requirements that will be used for every type parameter.\n"},"level":"error","spans":[{"file_name":"src/aareg.rs","byte_start":11960,"byte_end":11970,"line_start":350,"line_end":350,"column_start":19,"column_end":29,"is_primary":true,"text":[{"text":"    m.add_class::<AaregError>()?;","highlight_start":19,"highlight_end":29}],"label":"the trait `pyo3::PyClass` is not implemented for `aareg::AaregError`","suggested_replacement":null,"suggestion_applicability":null,"expansion":null},{"file_name":"src/aareg.rs","byte_start":11948,"byte_end":11957,"line_start":350,"line_end":350,"column_start":7,"column_end":16,"is_primary":false,"text":[{"text":"    m.add_class::<AaregError>()?;","highlight_start":7,"highlight_end":16}],"label":"required by a bound introduced by this call","suggested_replacement":null,"suggestion_applicability":null,"expansion":null}],"children":[{"message":"the following other types implement trait `pyo3::PyClass`:\n  aareg::AaregOptions\n  aareg::Surv\n  aareg::AaregResult\n  aareg::ConfidenceInterval\n  aareg::FitDetails\n  aareg::Diagnostics","code":null,"level":"help","spans":[],"children":[],"rendered":null},{"message":"required by a bound in `pyo3::prelude::PyModule::add_class`","code":null,"level":"note","spans":[{"file_name":"/home/cameron/.cargo/registry/src/index.crates.io-6f17d22bba15001f/pyo3-0.20.0/src/types/module.rs","byte_start":9351,"byte_end":9360,"line_start":286,"line_end":286,"column_start":12,"column_end":21,"is_primary":false,"text":[{"text":"    pub fn add_class<T>(&self) -> PyResult<()>","highlight_start":12,"highlight_end":21}],"label":"required by a bound in this associated function","suggested_replacement":null,"suggestion_applicability":null,"expansion":null},{"file_name":"/home/cameron/.cargo/registry/src/index.crates.io-6f17d22bba15001f/pyo3-0.20.0/src/types/module.rs","byte_start":9408,"byte_end":9415,"line_start":288,"line_end":288,"column_start":12,"column_end":19,"is_primary":true,"text":[{"text":"        T: PyClass,","highlight_start":12,"highlight_end":19}],"label":"required by this bound in `PyModule::add_class`","suggested_replacement":null,"suggestion_applicability":null,"expansion":null}],"children":[],"rendered":null}],"rendered":"\u001b[0m\u001b[1m\u001b[38;5;9merror[E0277]\u001b[0m\u001b[0m\u001b[1m: the trait bound `aareg::AaregError: pyo3::PyClass` is not satisfied\u001b[0m\n\u001b[0m   \u001b[0m\u001b[0m\u001b[1m\u001b[38;5;12m--> \u001b[0m\u001b[0msrc/aareg.rs:350:19\u001b[0m\n\u001b[0m    \u001b[0m\u001b[0m\u001b[1m\u001b[38;5;12m|\u001b[0m\n\u001b[0m\u001b[1m\u001b[38;5;12m350\u001b[0m\u001b[0m \u001b[0m\u001b[0m\u001b[1m\u001b[38;5;12m|\u001b[0m\u001b[0m \u001b[0m\u001b[0m    m.add_class::<AaregError>()?;\u001b[0m\n\u001b[0m    \u001b[0m\u001b[0m\u001b[1m\u001b[38;5;12m| \u001b[0m\u001b[0m      \u001b[0m\u001b[0m\u001b[1m\u001b[38;5;12m---------\u001b[0m\u001b[0m   \u001b[0m\u001b[0m\u001b[1m\u001b[38;5;9m^^^^^^^^^^\u001b[0m\u001b[0m \u001b[0m\u001b[0m\u001b[1m\u001b[38;5;9mthe trait `pyo3::PyClass` is not implemented for `aareg::AaregError`\u001b[0m\n\u001b[0m    \u001b[0m\u001b[0m\u001b[1m\u001b[38;5;12m| \u001b[0m\u001b[0m      \u001b[0m\u001b[0m\u001b[1m\u001b[38;5;12m|\u001b[0m\n\u001b[0m    \u001b[0m\u001b[0m\u001b[1m\u001b[38;5;12m| \u001b[0m\u001b[0m      \u001b[0m\u001b[0m\u001b[1m\u001b[38;5;12mrequired by a bound introduced by this call\u001b[0m\n\u001b[0m    \u001b[0m\u001b[0m\u001b[1m\u001b[38;5;12m|\u001b[0m\n\u001b[0m    \u001b[0m\u001b[0m\u001b[1m\u001b[38;5;12m= \u001b[0m\u001b[0m\u001b[1mhelp\u001b[0m\u001b[0m: the following other types implement trait `pyo3::PyClass`:\u001b[0m\n\u001b[0m              aareg::AaregOptions\u001b[0m\n\u001b[0m              aareg::Surv\u001b[0m\n\u001b[0m              aareg::AaregResult\u001b[0m\n\u001b[0m              aareg::ConfidenceInterval\u001b[0m\n\u001b[0m              aareg::FitDetails\u001b[0m\n\u001b[0m              aareg::Diagnostics\u001b[0m\n\u001b[0m\u001b[1m\u001b[38;5;10mnote\u001b[0m\u001b[0m: required by a bound in `pyo3::prelude::PyModule::add_class`\u001b[0m\n\u001b[0m   \u001b[0m\u001b[0m\u001b[1m\u001b[38;5;12m--> \u001b[0m\u001b[0m/home/cameron/.cargo/registry/src/index.crates.io-6f17d22bba15001f/pyo3-0.20.0/src/types/module.rs:288:12\u001b[0m\n\u001b[0m    \u001b[0m\u001b[0m\u001b[1m\u001b[38;5;12m|\u001b[0m\n\u001b[0m\u001b[1m\u001b[38;5;12m286\u001b[0m\u001b[0m \u001b[0m\u001b[0m\u001b[1m\u001b[38;5;12m|\u001b[0m\u001b[0m \u001b[0m\u001b[0m    pub fn add_class<T>(&self) -> PyResult<()>\u001b[0m\n\u001b[0m    \u001b[0m\u001b[0m\u001b[1m\u001b[38;5;12m| \u001b[0m\u001b[0m           \u001b[0m\u001b[0m\u001b[1m\u001b[38;5;12m---------\u001b[0m\u001b[0m \u001b[0m\u001b[0m\u001b[1m\u001b[38;5;12mrequired by a bound in this associated function\u001b[0m\n\u001b[0m\u001b[1m\u001b[38;5;12m287\u001b[0m\u001b[0m \u001b[0m\u001b[0m\u001b[1m\u001b[38;5;12m|\u001b[0m\u001b[0m \u001b[0m\u001b[0m    where\u001b[0m\n\u001b[0m\u001b[1m\u001b[38;5;12m288\u001b[0m\u001b[0m \u001b[0m\u001b[0m\u001b[1m\u001b[38;5;12m|\u001b[0m\u001b[0m \u001b[0m\u001b[0m        T: PyClass,\u001b[0m\n\u001b[0m    \u001b[0m\u001b[0m\u001b[1m\u001b[38;5;12m| \u001b[0m\u001b[0m           \u001b[0m\u001b[0m\u001b[1m\u001b[38;5;10m^^^^^^^\u001b[0m\u001b[0m \u001b[0m\u001b[0m\u001b[1m\u001b[38;5;10mrequired by this bound in `PyModule::add_class`\u001b[0m\n\n"}
{"message":"this method takes 0 arguments but 1 argument was supplied","code":{"code":"E0061","explanation":"An invalid number of arguments was passed when calling a function.\n\nErroneous code example:\n\n```compile_fail,E0061\nfn f(u: i32) {}\n\nf(); // error!\n```\n\nThe number of arguments passed to a function must match the number of arguments\nspecified in the function signature.\n\nFor example, a function like:\n\n```\nfn f(a: u16, b: &str) {}\n```\n\nMust always be called with exactly two arguments, e.g., `f(2, \"test\")`.\n\nNote that Rust does not have a notion of optional function arguments or\nvariadic functions (except for its C-FFI).\n"},"level":"error","spans":[{"file_name":"src/agexact.rs","byte_start":4870,"byte_end":4883,"line_start":174,"line_end":174,"column_start":28,"column_end":41,"is_primary":false,"text":[{"text":"        if !self.cholesky2(&mut cholesky) {","highlight_start":28,"highlight_end":41}],"label":"unexpected argument of type `&mut std::vec::Vec<std::vec::Vec<f64>>`","suggested_replacement":null,"suggestion_applicability":null,"expansion":null},{"file_name":"src/agexact.rs","byte_start":4860,"byte_end":4869,"line_start":174,"line_end":174,"column_start":18,"column_end":27,"is_primary":true,"text":[{"text":"        if !self.cholesky2(&mut cholesky) {","highlight_start":18,"highlight_end":27}],"label":null,"suggested_replacement":null,"suggestion_applicability":null,"expansion":null}],"children":[{"message":"method defined here","code":null,"level":"note","spans":[{"file_name":"src/agexact.rs","byte_start":5085,"byte_end":5094,"line_start":183,"line_end":183,"column_start":8,"column_end":17,"is_primary":true,"text":[{"text":"    fn cholesky2(&mut self) -> Result<(), &'static str> {","highlight_start":8,"highlight_end":17}],"label":null,"suggested_replacement":null,"suggestion_applicability":null,"expansion":null}],"children":[],"rendered":null},{"message":"remove the extra argument","code":null,"level":"help","spans":[{"file_name":"src/agexact.rs","byte_start":4870,"byte_end":4883,"line_start":174,"line_end":174,"column_start":28,"column_end":41,"is_primary":true,"text":[{"text":"        if !self.cholesky2(&mut cholesky) {","highlight_start":28,"highlight_end":41}],"label":null,"suggested_replacement":"","suggestion_applicability":"HasPlaceholders","expansion":null}],"children":[],"rendered":null}],"rendered":"\u001b[0m\u001b[1m\u001b[38;5;9merror[E0061]\u001b[0m\u001b[0m\u001b[1m: this method takes 0 arguments but 1 argument was supplied\u001b[0m\n\u001b[0m   \u001b[0m\u001b[0m\u001b[1m\u001b[38;5;12m--> \u001b[0m\u001b[0msrc/agexact.rs:174:18\u001b[0m\n\u001b[0m    \u001b[0m\u001b[0m\u001b[1m\u001b[38;5;12m|\u001b[0m\n\u001b[0m\u001b[1m\u001b[38;5;12m174\u001b[0m\u001b[0m \u001b[0m\u001b[0m\u001b[1m\u001b[38;5;12m|\u001b[0m\u001b[0m \u001b[0m\u001b[0m        if !self.cholesky2(&mut cholesky) {\u001b[0m\n\u001b[0m    \u001b[0m\u001b[0m\u001b[1m\u001b[38;5;12m| \u001b[0m\u001b[0m                 \u001b[0m\u001b[0m\u001b[1m\u001b[38;5;9m^^^^^^^^^\u001b[0m\u001b[0m \u001b[0m\u001b[0m\u001b[1m\u001b[38;5;12m-------------\u001b[0m\n\u001b[0m    \u001b[0m\u001b[0m\u001b[1m\u001b[38;5;12m| \u001b[0m\u001b[0m                           \u001b[0m\u001b[0m\u001b[1m\u001b[38;5;12m|\u001b[0m\n\u001b[0m    \u001b[0m\u001b[0m\u001b[1m\u001b[38;5;12m| \u001b[0m\u001b[0m                           \u001b[0m\u001b[0m\u001b[1m\u001b[38;5;12munexpected argument of type `&mut std::vec::Vec<std::vec::Vec<f64>>`\u001b[0m\n\u001b[0m    \u001b[0m\u001b[0m\u001b[1m\u001b[38;5;12m| \u001b[0m\u001b[0m                           \u001b[0m\u001b[0m\u001b[1m\u001b[38;5;12mhelp: remove the extra argument\u001b[0m\n\u001b[0m    \u001b[0m\u001b[0m\u001b[1m\u001b[38;5;12m|\u001b[0m\n\u001b[0m\u001b[1m\u001b[38;5;10mnote\u001b[0m\u001b[0m: method defined here\u001b[0m\n\u001b[0m   \u001b[0m\u001b[0m\u001b[1m\u001b[38;5;12m--> \u001b[0m\u001b[0msrc/agexact.rs:183:8\u001b[0m\n\u001b[0m    \u001b[0m\u001b[0m\u001b[1m\u001b[38;5;12m|\u001b[0m\n\u001b[0m\u001b[1m\u001b[38;5;12m183\u001b[0m\u001b[0m \u001b[0m\u001b[0m\u001b[1m\u001b[38;5;12m|\u001b[0m\u001b[0m \u001b[0m\u001b[0m    fn cholesky2(&mut self) -> Result<(), &'static str> {\u001b[0m\n\u001b[0m    \u001b[0m\u001b[0m\u001b[1m\u001b[38;5;12m| \u001b[0m\u001b[0m       \u001b[0m\u001b[0m\u001b[1m\u001b[38;5;10m^^^^^^^^^\u001b[0m\n\n"}
{"message":"cannot apply unary operator `!` to type `std::result::Result<(), &'static str>`","code":{"code":"E0600","explanation":"An unary operator was used on a type which doesn't implement it.\n\nErroneous code example:\n\n```compile_fail,E0600\nenum Question {\n    Yes,\n    No,\n}\n\n!Question::Yes; // error: cannot apply unary operator `!` to type `Question`\n```\n\nIn this case, `Question` would need to implement the `std::ops::Not` trait in\norder to be able to use `!` on it. Let's implement it:\n\n```\nuse std::ops::Not;\n\nenum Question {\n    Yes,\n    No,\n}\n\n// We implement the `Not` trait on the enum.\nimpl Not for Question {\n    type Output = bool;\n\n    fn not(self) -> bool {\n        match self {\n            Question::Yes => false, // If the `Answer` is `Yes`, then it\n                                    // returns false.\n            Question::No => true, // And here we do the opposite.\n        }\n    }\n}\n\nassert_eq!(!Question::Yes, false);\nassert_eq!(!Question::No, true);\n```\n"},"level":"error","spans":[{"file_name":"src/agexact.rs","byte_start":4854,"byte_end":4884,"line_start":174,"line_end":174,"column_start":12,"column_end":42,"is_primary":true,"text":[{"text":"        if !self.cholesky2(&mut cholesky) {","highlight_start":12,"highlight_end":42}],"label":"cannot apply unary operator `!`","suggested_replacement":null,"suggestion_applicability":null,"expansion":null}],"children":[],"rendered":"\u001b[0m\u001b[1m\u001b[38;5;9merror[E0600]\u001b[0m\u001b[0m\u001b[1m: cannot apply unary operator `!` to type `std::result::Result<(), &'static str>`\u001b[0m\n\u001b[0m   \u001b[0m\u001b[0m\u001b[1m\u001b[38;5;12m--> \u001b[0m\u001b[0msrc/agexact.rs:174:12\u001b[0m\n\u001b[0m    \u001b[0m\u001b[0m\u001b[1m\u001b[38;5;12m|\u001b[0m\n\u001b[0m\u001b[1m\u001b[38;5;12m174\u001b[0m\u001b[0m \u001b[0m\u001b[0m\u001b[1m\u001b[38;5;12m|\u001b[0m\u001b[0m \u001b[0m\u001b[0m        if !self.cholesky2(&mut cholesky) {\u001b[0m\n\u001b[0m    \u001b[0m\u001b[0m\u001b[1m\u001b[38;5;12m| \u001b[0m\u001b[0m           \u001b[0m\u001b[0m\u001b[1m\u001b[38;5;9m^^^^^^^^^^^^^^^^^^^^^^^^^^^^^^\u001b[0m\u001b[0m \u001b[0m\u001b[0m\u001b[1m\u001b[38;5;9mcannot apply unary operator `!`\u001b[0m\n\n"}
{"message":"this method takes 1 argument but 2 arguments were supplied","code":{"code":"E0061","explanation":"An invalid number of arguments was passed when calling a function.\n\nErroneous code example:\n\n```compile_fail,E0061\nfn f(u: i32) {}\n\nf(); // error!\n```\n\nThe number of arguments passed to a function must match the number of arguments\nspecified in the function signature.\n\nFor example, a function like:\n\n```\nfn f(a: u16, b: &str) {}\n```\n\nMust always be called with exactly two arguments, e.g., `f(2, \"test\")`.\n\nNote that Rust does not have a notion of optional function arguments or\nvariadic functions (except for its C-FFI).\n"},"level":"error","spans":[{"file_name":"src/agexact.rs","byte_start":5030,"byte_end":5039,"line_start":178,"line_end":178,"column_start":40,"column_end":49,"is_primary":false,"text":[{"text":"        let delta_beta = self.chsolve2(&cholesky, &self.u);","highlight_start":40,"highlight_end":49}],"label":"unexpected argument of type `&std::vec::Vec<std::vec::Vec<f64>>`","suggested_replacement":null,"suggestion_applicability":null,"expansion":null},{"file_name":"src/agexact.rs","byte_start":5021,"byte_end":5029,"line_start":178,"line_end":178,"column_start":31,"column_end":39,"is_primary":true,"text":[{"text":"        let delta_beta = self.chsolve2(&cholesky, &self.u);","highlight_start":31,"highlight_end":39}],"label":null,"suggested_replacement":null,"suggestion_applicability":null,"expansion":null}],"children":[{"message":"method defined here","code":null,"level":"note","spans":[{"file_name":"src/agexact.rs","byte_start":5741,"byte_end":5750,"line_start":203,"line_end":203,"column_start":24,"column_end":33,"is_primary":false,"text":[{"text":"    fn chsolve2(&self, b: &[f64]) -> Vec<f64> {","highlight_start":24,"highlight_end":33}],"label":"","suggested_replacement":null,"suggestion_applicability":null,"expansion":null},{"file_name":"src/agexact.rs","byte_start":5725,"byte_end":5733,"line_start":203,"line_end":203,"column_start":8,"column_end":16,"is_primary":true,"text":[{"text":"    fn chsolve2(&self, b: &[f64]) -> Vec<f64> {","highlight_start":8,"highlight_end":16}],"label":null,"suggested_replacement":null,"suggestion_applicability":null,"expansion":null}],"children":[],"rendered":null},{"message":"remove the extra argument","code":null,"level":"help","spans":[{"file_name":"src/agexact.rs","byte_start":5030,"byte_end":5041,"line_start":178,"line_end":178,"column_start":40,"column_end":51,"is_primary":true,"text":[{"text":"        let delta_beta = self.chsolve2(&cholesky, &self.u);","highlight_start":40,"highlight_end":51}],"label":null,"suggested_replacement":"","suggestion_applicability":"HasPlaceholders","expansion":null}],"children":[],"rendered":null}],"rendered":"\u001b[0m\u001b[1m\u001b[38;5;9merror[E0061]\u001b[0m\u001b[0m\u001b[1m: this method takes 1 argument but 2 arguments were supplied\u001b[0m\n\u001b[0m   \u001b[0m\u001b[0m\u001b[1m\u001b[38;5;12m--> \u001b[0m\u001b[0msrc/agexact.rs:178:31\u001b[0m\n\u001b[0m    \u001b[0m\u001b[0m\u001b[1m\u001b[38;5;12m|\u001b[0m\n\u001b[0m\u001b[1m\u001b[38;5;12m178\u001b[0m\u001b[0m \u001b[0m\u001b[0m\u001b[1m\u001b[38;5;12m|\u001b[0m\u001b[0m \u001b[0m\u001b[0m        let delta_beta = self.chsolve2(&cholesky, &self.u);\u001b[0m\n\u001b[0m    \u001b[0m\u001b[0m\u001b[1m\u001b[38;5;12m| \u001b[0m\u001b[0m                              \u001b[0m\u001b[0m\u001b[1m\u001b[38;5;9m^^^^^^^^\u001b[0m\u001b[0m \u001b[0m\u001b[0m\u001b[1m\u001b[38;5;12m-----------\u001b[0m\n\u001b[0m    \u001b[0m\u001b[0m\u001b[1m\u001b[38;5;12m| \u001b[0m\u001b[0m                                       \u001b[0m\u001b[0m\u001b[1m\u001b[38;5;12m|\u001b[0m\n\u001b[0m    \u001b[0m\u001b[0m\u001b[1m\u001b[38;5;12m| \u001b[0m\u001b[0m                                       \u001b[0m\u001b[0m\u001b[1m\u001b[38;5;12munexpected argument of type `&std::vec::Vec<std::vec::Vec<f64>>`\u001b[0m\n\u001b[0m    \u001b[0m\u001b[0m\u001b[1m\u001b[38;5;12m| \u001b[0m\u001b[0m                                       \u001b[0m\u001b[0m\u001b[1m\u001b[38;5;12mhelp: remove the extra argument\u001b[0m\n\u001b[0m    \u001b[0m\u001b[0m\u001b[1m\u001b[38;5;12m|\u001b[0m\n\u001b[0m\u001b[1m\u001b[38;5;10mnote\u001b[0m\u001b[0m: method defined here\u001b[0m\n\u001b[0m   \u001b[0m\u001b[0m\u001b[1m\u001b[38;5;12m--> \u001b[0m\u001b[0msrc/agexact.rs:203:8\u001b[0m\n\u001b[0m    \u001b[0m\u001b[0m\u001b[1m\u001b[38;5;12m|\u001b[0m\n\u001b[0m\u001b[1m\u001b[38;5;12m203\u001b[0m\u001b[0m \u001b[0m\u001b[0m\u001b[1m\u001b[38;5;12m|\u001b[0m\u001b[0m \u001b[0m\u001b[0m    fn chsolve2(&self, b: &[f64]) -> Vec<f64> {\u001b[0m\n\u001b[0m    \u001b[0m\u001b[0m\u001b[1m\u001b[38;5;12m| \u001b[0m\u001b[0m       \u001b[0m\u001b[0m\u001b[1m\u001b[38;5;10m^^^^^^^^\u001b[0m\u001b[0m        \u001b[0m\u001b[0m\u001b[1m\u001b[38;5;12m---------\u001b[0m\n\n"}
{"message":"mismatched types","code":{"code":"E0308","explanation":"Expected type did not match the received type.\n\nErroneous code examples:\n\n```compile_fail,E0308\nfn plus_one(x: i32) -> i32 {\n    x + 1\n}\n\nplus_one(\"Not a number\");\n//       ^^^^^^^^^^^^^^ expected `i32`, found `&str`\n\nif \"Not a bool\" {\n// ^^^^^^^^^^^^ expected `bool`, found `&str`\n}\n\nlet x: f32 = \"Not a float\";\n//     ---   ^^^^^^^^^^^^^ expected `f32`, found `&str`\n//     |\n//     expected due to this\n```\n\nThis error occurs when an expression was used in a place where the compiler\nexpected an expression of a different type. It can occur in several cases, the\nmost common being when calling a function and passing an argument which has a\ndifferent type than the matching type in the function declaration.\n"},"level":"error","spans":[{"file_name":"src/agexact.rs","byte_start":8224,"byte_end":8238,"line_start":289,"line_end":289,"column_start":16,"column_end":30,"is_primary":true,"text":[{"text":"        if let Some(imat_inv) = self.invert_information_matrix() {","highlight_start":16,"highlight_end":30}],"label":"expected `Result<Vec<Vec<f64>>, &str>`, found `Option<_>`","suggested_replacement":null,"suggestion_applicability":null,"expansion":null},{"file_name":"src/agexact.rs","byte_start":8241,"byte_end":8273,"line_start":289,"line_end":289,"column_start":33,"column_end":65,"is_primary":false,"text":[{"text":"        if let Some(imat_inv) = self.invert_information_matrix() {","highlight_start":33,"highlight_end":65}],"label":"this expression has type `std::result::Result<std::vec::Vec<std::vec::Vec<f64>>, &str>`","suggested_replacement":null,"suggestion_applicability":null,"expansion":null}],"children":[{"message":"expected enum `std::result::Result<std::vec::Vec<std::vec::Vec<f64>>, &str>`\n   found enum `std::option::Option<_>`","code":null,"level":"note","spans":[],"children":[],"rendered":null}],"rendered":"\u001b[0m\u001b[1m\u001b[38;5;9merror[E0308]\u001b[0m\u001b[0m\u001b[1m: mismatched types\u001b[0m\n\u001b[0m   \u001b[0m\u001b[0m\u001b[1m\u001b[38;5;12m--> \u001b[0m\u001b[0msrc/agexact.rs:289:16\u001b[0m\n\u001b[0m    \u001b[0m\u001b[0m\u001b[1m\u001b[38;5;12m|\u001b[0m\n\u001b[0m\u001b[1m\u001b[38;5;12m289\u001b[0m\u001b[0m \u001b[0m\u001b[0m\u001b[1m\u001b[38;5;12m|\u001b[0m\u001b[0m \u001b[0m\u001b[0m        if let Some(imat_inv) = self.invert_information_matrix() {\u001b[0m\n\u001b[0m    \u001b[0m\u001b[0m\u001b[1m\u001b[38;5;12m| \u001b[0m\u001b[0m               \u001b[0m\u001b[0m\u001b[1m\u001b[38;5;9m^^^^^^^^^^^^^^\u001b[0m\u001b[0m   \u001b[0m\u001b[0m\u001b[1m\u001b[38;5;12m--------------------------------\u001b[0m\u001b[0m \u001b[0m\u001b[0m\u001b[1m\u001b[38;5;12mthis expression has type `std::result::Result<std::vec::Vec<std::vec::Vec<f64>>, &str>`\u001b[0m\n\u001b[0m    \u001b[0m\u001b[0m\u001b[1m\u001b[38;5;12m| \u001b[0m\u001b[0m               \u001b[0m\u001b[0m\u001b[1m\u001b[38;5;9m|\u001b[0m\n\u001b[0m    \u001b[0m\u001b[0m\u001b[1m\u001b[38;5;12m| \u001b[0m\u001b[0m               \u001b[0m\u001b[0m\u001b[1m\u001b[38;5;9mexpected `Result<Vec<Vec<f64>>, &str>`, found `Option<_>`\u001b[0m\n\u001b[0m    \u001b[0m\u001b[0m\u001b[1m\u001b[38;5;12m|\u001b[0m\n\u001b[0m    \u001b[0m\u001b[0m\u001b[1m\u001b[38;5;12m= \u001b[0m\u001b[0m\u001b[1mnote\u001b[0m\u001b[0m: expected enum `std::\u001b[0m\u001b[0m\u001b[1mresult::Result<std::vec::Vec<std::vec::Vec<f64>>, &str>\u001b[0m\u001b[0m`\u001b[0m\n\u001b[0m               found enum `std::\u001b[0m\u001b[0m\u001b[1moption::Option<_>\u001b[0m\u001b[0m`\u001b[0m\n\n"}
{"message":"aborting due to 26 previous errors","code":null,"level":"error","spans":[],"children":[],"rendered":"\u001b[0m\u001b[1m\u001b[38;5;9merror\u001b[0m\u001b[0m\u001b[1m: aborting due to 26 previous errors\u001b[0m\n\n"}
{"message":"Some errors have detailed explanations: E0061, E0277, E0282, E0308, E0425, E0599, E0600.","code":null,"level":"failure-note","spans":[],"children":[],"rendered":"\u001b[0m\u001b[1mSome errors have detailed explanations: E0061, E0277, E0282, E0308, E0425, E0599, E0600.\u001b[0m\n"}
{"message":"For more information about an error, try `rustc --explain E0061`.","code":null,"level":"failure-note","spans":[],"children":[],"rendered":"\u001b[0m\u001b[1mFor more information about an error, try `rustc --explain E0061`.\u001b[0m\n"}
